name: simple_realexpr
description: Tests imported from yosys
files: /home/travis/build/SymbiFlow/sv-tests/third_party/tools/yosys/tests/simple/realexpr.v
should_fail: 0
tags: yosys
incdirs: 
top_module: 
rc: 0


-- Executing script file `scr.ys' --

1. Executing Verilog-2005 frontend.
Parsing SystemVerilog input from `/home/travis/build/SymbiFlow/sv-tests/third_party/tools/yosys/tests/simple/realexpr.v' to AST representation.
Generating RTLIL representation for module `\demo_001'.
Warning: converting real value 1.234500e+02 to binary 8'01111011 at /home/travis/build/SymbiFlow/sv-tests/third_party/tools/yosys/tests/simple/realexpr.v:4.
Warning: converting real value 1.232000e+02 to binary 123 at /home/travis/build/SymbiFlow/sv-tests/third_party/tools/yosys/tests/simple/realexpr.v:9.
Warning: converting real value 1.236500e+02 to binary 124 at /home/travis/build/SymbiFlow/sv-tests/third_party/tools/yosys/tests/simple/realexpr.v:10.
Warning: converting real value 1.232000e+02 to binary 123 at /home/travis/build/SymbiFlow/sv-tests/third_party/tools/yosys/tests/simple/realexpr.v:11.
Warning: converting real value 1.236500e+02 to binary 124 at /home/travis/build/SymbiFlow/sv-tests/third_party/tools/yosys/tests/simple/realexpr.v:12.
Generating RTLIL representation for module `\demo_002'.
Warning: converting real value 4.294967e+09 to binary 64'0000000000000000000000000000000011111111111111111111111111111111 at /home/travis/build/SymbiFlow/sv-tests/third_party/tools/yosys/tests/simple/realexpr.v:19.
Warning: converting real value -1.000000e+00 to binary 64'1111111111111111111111111111111111111111111111111111111111111111 at /home/travis/build/SymbiFlow/sv-tests/third_party/tools/yosys/tests/simple/realexpr.v:20.
Generating RTLIL representation for module `\demo_003'.
Generating RTLIL representation for module `\demo_004'.
Warning: Replacing floating point parameter demo_real.$1 = 1.000000 with string at /home/travis/build/SymbiFlow/sv-tests/third_party/tools/yosys/tests/simple/realexpr.v:31.
Successfully finished Verilog frontend.
