name: wait_fork
description: wait fork test
should_fail: 0
tags: 9.6.1
files: /home/travis/build/SymbiFlow/sv-tests/tests/chapter-9/9.6.1--wait_fork.sv
incdirs: 
top_module: 
rc: 10

%Error: /home/travis/build/SymbiFlow/sv-tests/tests/chapter-9/9.6.1--wait_fork.sv:11: Unsupported: Verilog 1995 reserved word not implemented: fork
%Warning-STMTDLY: /home/travis/build/SymbiFlow/sv-tests/tests/chapter-9/9.6.1--wait_fork.sv:13: Unsupported: Ignoring delay on this delayed statement.
%Warning-STMTDLY: Use "/* verilator lint_off STMTDLY */" and lint_on around source to disable this message.
%Warning-STMTDLY: /home/travis/build/SymbiFlow/sv-tests/tests/chapter-9/9.6.1--wait_fork.sv:14: Unsupported: Ignoring delay on this delayed statement.
%Warning-STMTDLY: /home/travis/build/SymbiFlow/sv-tests/tests/chapter-9/9.6.1--wait_fork.sv:15: Unsupported: Ignoring delay on this delayed statement.
%Warning-STMTDLY: /home/travis/build/SymbiFlow/sv-tests/tests/chapter-9/9.6.1--wait_fork.sv:18: Unsupported: Ignoring delay on this delayed statement.
%Warning-STMTDLY: /home/travis/build/SymbiFlow/sv-tests/tests/chapter-9/9.6.1--wait_fork.sv:19: Unsupported: Ignoring delay on this delayed statement.
%Warning-STMTDLY: /home/travis/build/SymbiFlow/sv-tests/tests/chapter-9/9.6.1--wait_fork.sv:20: Unsupported: Ignoring delay on this delayed statement.
%Error: /home/travis/build/SymbiFlow/sv-tests/tests/chapter-9/9.6.1--wait_fork.sv:22: Unsupported: SystemVerilog 2005 reserved word not implemented: join_none
%Error: /home/travis/build/SymbiFlow/sv-tests/tests/chapter-9/9.6.1--wait_fork.sv:23: Unsupported: Verilog 1995 reserved word not implemented: wait
%Error: /home/travis/build/SymbiFlow/sv-tests/tests/chapter-9/9.6.1--wait_fork.sv:23: Unsupported: Verilog 1995 reserved word not implemented: fork
%Error: Exiting due to 4 error(s)
%Error: See the manual and http://www.veripool.org/verilator for more assistance.
%Error: Command Failed /usr/bin/verilator_bin -Wno-fatal --cc /home/travis/build/SymbiFlow/sv-tests/tests/chapter-9/9.6.1--wait_fork.sv
