name: process_cls_await
description: process class await method
should_fail: 0
tags: 9.7
files: /home/travis/build/SymbiFlow/sv-tests/tests/chapter-9/9.7--process_cls_await.sv
incdirs: 
top_module: 
rc: 10

%Error: /home/travis/build/SymbiFlow/sv-tests/tests/chapter-9/9.7--process_cls_await.sv:9: syntax error, unexpected IDENTIFIER
%Error: /home/travis/build/SymbiFlow/sv-tests/tests/chapter-9/9.7--process_cls_await.sv:9: Unsupported: SystemVerilog 2005 reserved word not implemented: new
%Error: /home/travis/build/SymbiFlow/sv-tests/tests/chapter-9/9.7--process_cls_await.sv:12: Unsupported: Verilog 1995 reserved word not implemented: fork
%Error: /home/travis/build/SymbiFlow/sv-tests/tests/chapter-9/9.7--process_cls_await.sv:13: syntax error, unexpected automatic
%Error: /home/travis/build/SymbiFlow/sv-tests/tests/chapter-9/9.7--process_cls_await.sv:15: syntax error, unexpected ::, expecting ';'
%Error: /home/travis/build/SymbiFlow/sv-tests/tests/chapter-9/9.7--process_cls_await.sv:15: Perhaps 'process' is a package which needs to be predeclared? (IEEE 2012 26.3)
%Error: /home/travis/build/SymbiFlow/sv-tests/tests/chapter-9/9.7--process_cls_await.sv:18: Unsupported: SystemVerilog 2005 reserved word not implemented: join_none
%Error: /home/travis/build/SymbiFlow/sv-tests/tests/chapter-9/9.7--process_cls_await.sv:21: Unsupported: Verilog 1995 reserved word not implemented: wait
%Error: /home/travis/build/SymbiFlow/sv-tests/tests/chapter-9/9.7--process_cls_await.sv:21: Unsupported: SystemVerilog 2005 reserved word not implemented: null
%Error: /home/travis/build/SymbiFlow/sv-tests/tests/chapter-9/9.7--process_cls_await.sv:21: syntax error, unexpected ')', expecting TYPE-IDENTIFIER
%Error: Exiting due to 10 error(s)
%Error: Command Failed /usr/bin/verilator_bin -Wno-fatal --cc /home/travis/build/SymbiFlow/sv-tests/tests/chapter-9/9.7--process_cls_await.sv
