name: ibex
description: Full ibex core test
files: /home/travis/build/SymbiFlow/sv-tests/third_party/cores/ibex/examples/sim/rtl/prim_clock_gating.sv /home/travis/build/SymbiFlow/sv-tests/third_party/cores/ibex/rtl/ibex_pkg.sv /home/travis/build/SymbiFlow/sv-tests/third_party/cores/ibex/rtl/ibex_alu.sv /home/travis/build/SymbiFlow/sv-tests/third_party/cores/ibex/rtl/ibex_compressed_decoder.sv /home/travis/build/SymbiFlow/sv-tests/third_party/cores/ibex/rtl/ibex_controller.sv /home/travis/build/SymbiFlow/sv-tests/third_party/cores/ibex/rtl/ibex_cs_registers.sv /home/travis/build/SymbiFlow/sv-tests/third_party/cores/ibex/rtl/ibex_decoder.sv /home/travis/build/SymbiFlow/sv-tests/third_party/cores/ibex/rtl/ibex_ex_block.sv /home/travis/build/SymbiFlow/sv-tests/third_party/cores/ibex/rtl/ibex_id_stage.sv /home/travis/build/SymbiFlow/sv-tests/third_party/cores/ibex/rtl/ibex_if_stage.sv /home/travis/build/SymbiFlow/sv-tests/third_party/cores/ibex/rtl/ibex_load_store_unit.sv /home/travis/build/SymbiFlow/sv-tests/third_party/cores/ibex/rtl/ibex_multdiv_slow.sv /home/travis/build/SymbiFlow/sv-tests/third_party/cores/ibex/rtl/ibex_multdiv_fast.sv /home/travis/build/SymbiFlow/sv-tests/third_party/cores/ibex/rtl/ibex_prefetch_buffer.sv /home/travis/build/SymbiFlow/sv-tests/third_party/cores/ibex/rtl/ibex_fetch_fifo.sv /home/travis/build/SymbiFlow/sv-tests/third_party/cores/ibex/rtl/ibex_pmp.sv /home/travis/build/SymbiFlow/sv-tests/third_party/cores/ibex/rtl/ibex_core.sv /home/travis/build/SymbiFlow/sv-tests/third_party/cores/ibex/rtl/ibex_register_file_ff.sv
incdirs: /home/travis/build/SymbiFlow/sv-tests/third_party/cores/ibex/rtl
should_fail: 0
tags: ibex
top_module: 
rc: 1

/home/travis/build/SymbiFlow/sv-tests/third_party/cores/ibex/rtl/ibex_pkg.sv:13:13: error: node type: endpackage
/home/travis/build/SymbiFlow/sv-tests/third_party/cores/ibex/rtl/ibex_pkg.sv:303:0: error: node type: ERROR
/home/travis/build/SymbiFlow/sv-tests/third_party/cores/ibex/rtl/ibex_cs_registers.sv:100:5: error: node type: ERROR
/home/travis/build/SymbiFlow/sv-tests/third_party/cores/ibex/rtl/ibex_cs_registers.sv:103:5: error: node type: ERROR
/home/travis/build/SymbiFlow/sv-tests/third_party/cores/ibex/rtl/ibex_cs_registers.sv:108:4: error: node type: ERROR
/home/travis/build/SymbiFlow/sv-tests/third_party/cores/ibex/rtl/ibex_cs_registers.sv:391:16: error: node type: ERROR
/home/travis/build/SymbiFlow/sv-tests/third_party/cores/ibex/rtl/ibex_cs_registers.sv:391:57: error: node type: ERROR
/home/travis/build/SymbiFlow/sv-tests/third_party/cores/ibex/rtl/ibex_cs_registers.sv:392:16: error: node type: ERROR
/home/travis/build/SymbiFlow/sv-tests/third_party/cores/ibex/rtl/ibex_cs_registers.sv:392:57: error: node type: ERROR
/home/travis/build/SymbiFlow/sv-tests/third_party/cores/ibex/rtl/ibex_cs_registers.sv:393:16: error: node type: ERROR
/home/travis/build/SymbiFlow/sv-tests/third_party/cores/ibex/rtl/ibex_cs_registers.sv:393:57: error: node type: ERROR
/home/travis/build/SymbiFlow/sv-tests/third_party/cores/ibex/rtl/ibex_cs_registers.sv:394:16: error: node type: ERROR
/home/travis/build/SymbiFlow/sv-tests/third_party/cores/ibex/rtl/ibex_cs_registers.sv:394:62: error: node type: ERROR
/home/travis/build/SymbiFlow/sv-tests/third_party/cores/ibex/rtl/ibex_cs_registers.sv:417:17: error: node type: ERROR
/home/travis/build/SymbiFlow/sv-tests/third_party/cores/ibex/rtl/ibex_cs_registers.sv:418:17: error: node type: ERROR
/home/travis/build/SymbiFlow/sv-tests/third_party/cores/ibex/rtl/ibex_cs_registers.sv:421:22: error: node type: ERROR
/home/travis/build/SymbiFlow/sv-tests/third_party/cores/ibex/rtl/ibex_cs_registers.sv:422:24: error: node type: ERROR
/home/travis/build/SymbiFlow/sv-tests/third_party/cores/ibex/rtl/ibex_cs_registers.sv:423:27: error: node type: ERROR
/home/travis/build/SymbiFlow/sv-tests/third_party/cores/ibex/rtl/ibex_cs_registers.sv:424:26: error: node type: ERROR
/home/travis/build/SymbiFlow/sv-tests/third_party/cores/ibex/rtl/ibex_cs_registers.sv:427:23: error: node type: ERROR
/home/travis/build/SymbiFlow/sv-tests/third_party/cores/ibex/rtl/ibex_cs_registers.sv:428:23: error: node type: ERROR
/home/travis/build/SymbiFlow/sv-tests/third_party/cores/ibex/rtl/ibex_cs_registers.sv:429:23: error: node type: ERROR
/home/travis/build/SymbiFlow/sv-tests/third_party/cores/ibex/rtl/ibex_cs_registers.sv:511:17: error: node type: ERROR
/home/travis/build/SymbiFlow/sv-tests/third_party/cores/ibex/rtl/ibex_cs_registers.sv:512:17: error: node type: ERROR
/home/travis/build/SymbiFlow/sv-tests/third_party/cores/ibex/rtl/ibex_cs_registers.sv:516:25: error: node type: ERROR
/home/travis/build/SymbiFlow/sv-tests/third_party/cores/ibex/rtl/ibex_cs_registers.sv:518:20: error: node type: ERROR
/home/travis/build/SymbiFlow/sv-tests/third_party/cores/ibex/rtl/ibex_cs_registers.sv:519:20: error: node type: ERROR
/home/travis/build/SymbiFlow/sv-tests/third_party/cores/ibex/rtl/ibex_cs_registers.sv:523:19: error: node type: ERROR
/home/travis/build/SymbiFlow/sv-tests/third_party/cores/ibex/rtl/ibex_cs_registers.sv:524:19: error: node type: ERROR
/home/travis/build/SymbiFlow/sv-tests/third_party/cores/ibex/rtl/ibex_cs_registers.sv:531:18: error: node type: ERROR
/home/travis/build/SymbiFlow/sv-tests/third_party/cores/ibex/rtl/ibex_cs_registers.sv:533:18: error: node type: ERROR
/home/travis/build/SymbiFlow/sv-tests/third_party/cores/ibex/rtl/ibex_cs_registers.sv:534:18: error: node type: ERROR
/home/travis/build/SymbiFlow/sv-tests/third_party/cores/ibex/rtl/ibex_cs_registers.sv:667:48: error: node type: ERROR
/home/travis/build/SymbiFlow/sv-tests/third_party/cores/ibex/rtl/ibex_cs_registers.sv:677:48: error: node type: ERROR
/home/travis/build/SymbiFlow/sv-tests/third_party/cores/ibex/rtl/ibex_cs_registers.sv:680:48: error: node type: ERROR
/home/travis/build/SymbiFlow/sv-tests/third_party/cores/ibex/rtl/ibex_cs_registers.sv:701:29: error: node type: ERROR
/home/travis/build/SymbiFlow/sv-tests/third_party/cores/ibex/rtl/ibex_cs_registers.sv:705:37: error: node type: ERROR
/home/travis/build/SymbiFlow/sv-tests/third_party/cores/ibex/rtl/ibex_cs_registers.sv:706:37: error: node type: ERROR
/home/travis/build/SymbiFlow/sv-tests/third_party/cores/ibex/rtl/ibex_cs_registers.sv:707:42: error: node type: ERROR
/home/travis/build/SymbiFlow/sv-tests/third_party/cores/ibex/rtl/ibex_cs_registers.sv:709:37: error: node type: ERROR
/home/travis/build/SymbiFlow/sv-tests/third_party/cores/ibex/rtl/ibex_cs_registers.sv:710:37: error: node type: ERROR
/home/travis/build/SymbiFlow/sv-tests/third_party/cores/ibex/rtl/ibex_cs_registers.sv:713:29: error: node type: ERROR
/home/travis/build/SymbiFlow/sv-tests/third_party/cores/ibex/rtl/ibex_cs_registers.sv:715:29: error: node type: ERROR
/home/travis/build/SymbiFlow/sv-tests/third_party/cores/ibex/rtl/ibex_cs_registers.sv:716:29: error: node type: ERROR
/home/travis/build/SymbiFlow/sv-tests/third_party/cores/ibex/rtl/ibex_id_stage.sv:114:0: error: node type: ERROR
/home/travis/build/SymbiFlow/sv-tests/third_party/cores/ibex/rtl/ibex_id_stage.sv:122:0: error: node type: ERROR
/home/travis/build/SymbiFlow/sv-tests/third_party/cores/ibex/rtl/ibex_id_stage.sv:604:5: error: node type: simple_identifier
/home/travis/build/SymbiFlow/sv-tests/third_party/cores/ibex/rtl/ibex_id_stage.sv:604:14: error: node type: ERROR
/home/travis/build/SymbiFlow/sv-tests/third_party/cores/ibex/rtl/ibex_id_stage.sv:609:5: error: node type: simple_identifier
/home/travis/build/SymbiFlow/sv-tests/third_party/cores/ibex/rtl/ibex_id_stage.sv:609:14: error: node type: ERROR
/home/travis/build/SymbiFlow/sv-tests/third_party/cores/ibex/rtl/ibex_id_stage.sv:615:5: error: node type: simple_identifier
/home/travis/build/SymbiFlow/sv-tests/third_party/cores/ibex/rtl/ibex_id_stage.sv:615:14: error: node type: ERROR
/home/travis/build/SymbiFlow/sv-tests/third_party/cores/ibex/rtl/ibex_id_stage.sv:621:5: error: node type: simple_identifier
/home/travis/build/SymbiFlow/sv-tests/third_party/cores/ibex/rtl/ibex_id_stage.sv:621:14: error: node type: ERROR
/home/travis/build/SymbiFlow/sv-tests/third_party/cores/ibex/rtl/ibex_if_stage.sv:260:5: error: node type: simple_identifier
/home/travis/build/SymbiFlow/sv-tests/third_party/cores/ibex/rtl/ibex_if_stage.sv:260:14: error: node type: ERROR
/home/travis/build/SymbiFlow/sv-tests/third_party/cores/ibex/rtl/ibex_if_stage.sv:265:5: error: node type: simple_identifier
/home/travis/build/SymbiFlow/sv-tests/third_party/cores/ibex/rtl/ibex_if_stage.sv:265:14: error: node type: ERROR
/home/travis/build/SymbiFlow/sv-tests/third_party/cores/ibex/rtl/ibex_if_stage.sv:270:5: error: node type: simple_identifier
/home/travis/build/SymbiFlow/sv-tests/third_party/cores/ibex/rtl/ibex_if_stage.sv:270:14: error: node type: ERROR
/home/travis/build/SymbiFlow/sv-tests/third_party/cores/ibex/rtl/ibex_load_store_unit.sv:510:5: error: node type: simple_identifier
/home/travis/build/SymbiFlow/sv-tests/third_party/cores/ibex/rtl/ibex_load_store_unit.sv:510:14: error: node type: ERROR
/home/travis/build/SymbiFlow/sv-tests/third_party/cores/ibex/rtl/ibex_load_store_unit.sv:516:5: error: node type: simple_identifier
/home/travis/build/SymbiFlow/sv-tests/third_party/cores/ibex/rtl/ibex_load_store_unit.sv:516:14: error: node type: ERROR
/home/travis/build/SymbiFlow/sv-tests/third_party/cores/ibex/rtl/ibex_load_store_unit.sv:521:5: error: node type: simple_identifier
/home/travis/build/SymbiFlow/sv-tests/third_party/cores/ibex/rtl/ibex_load_store_unit.sv:521:14: error: node type: ERROR
/home/travis/build/SymbiFlow/sv-tests/third_party/cores/ibex/rtl/ibex_load_store_unit.sv:526:5: error: node type: simple_identifier
/home/travis/build/SymbiFlow/sv-tests/third_party/cores/ibex/rtl/ibex_load_store_unit.sv:526:14: error: node type: ERROR
/home/travis/build/SymbiFlow/sv-tests/third_party/cores/ibex/rtl/ibex_load_store_unit.sv:531:5: error: node type: simple_identifier
/home/travis/build/SymbiFlow/sv-tests/third_party/cores/ibex/rtl/ibex_load_store_unit.sv:531:14: error: node type: ERROR
/home/travis/build/SymbiFlow/sv-tests/third_party/cores/ibex/rtl/ibex_prefetch_buffer.sv:169:64: error: node type: ]
/home/travis/build/SymbiFlow/sv-tests/third_party/cores/ibex/rtl/ibex_prefetch_buffer.sv:169:66: error: node type: ERROR
/home/travis/build/SymbiFlow/sv-tests/third_party/cores/ibex/rtl/ibex_prefetch_buffer.sv:169:71: error: node type: ERROR
/home/travis/build/SymbiFlow/sv-tests/third_party/cores/ibex/rtl/ibex_prefetch_buffer.sv:171:36: error: node type: ERROR
/home/travis/build/SymbiFlow/sv-tests/third_party/cores/ibex/rtl/ibex_prefetch_buffer.sv:171:72: error: node type: ERROR
/home/travis/build/SymbiFlow/sv-tests/third_party/cores/ibex/rtl/ibex_prefetch_buffer.sv:171:93: error: node type: ERROR
/home/travis/build/SymbiFlow/sv-tests/third_party/cores/ibex/rtl/ibex_prefetch_buffer.sv:176:2: error: node type: ERROR
/home/travis/build/SymbiFlow/sv-tests/third_party/cores/ibex/rtl/ibex_prefetch_buffer.sv:176:87: error: node type: ERROR
/home/travis/build/SymbiFlow/sv-tests/third_party/cores/ibex/rtl/ibex_prefetch_buffer.sv:176:93: error: node type: ERROR
/home/travis/build/SymbiFlow/sv-tests/third_party/cores/ibex/rtl/ibex_prefetch_buffer.sv:178:82: error: node type: ERROR
/home/travis/build/SymbiFlow/sv-tests/third_party/cores/ibex/rtl/ibex_prefetch_buffer.sv:179:65: error: node type: ERROR
/home/travis/build/SymbiFlow/sv-tests/third_party/cores/ibex/rtl/ibex_prefetch_buffer.sv:182:85: error: node type: ERROR
/home/travis/build/SymbiFlow/sv-tests/third_party/cores/ibex/rtl/ibex_prefetch_buffer.sv:188:2: error: node type: ERROR
/home/travis/build/SymbiFlow/sv-tests/third_party/cores/ibex/rtl/ibex_prefetch_buffer.sv:190:29: error: node type: ERROR
/home/travis/build/SymbiFlow/sv-tests/third_party/cores/ibex/rtl/ibex_prefetch_buffer.sv:191:29: error: node type: ERROR
/home/travis/build/SymbiFlow/sv-tests/third_party/cores/ibex/rtl/ibex_prefetch_buffer.sv:192:29: error: node type: ERROR
/home/travis/build/SymbiFlow/sv-tests/third_party/cores/ibex/rtl/ibex_prefetch_buffer.sv:194:29: error: node type: ERROR
/home/travis/build/SymbiFlow/sv-tests/third_party/cores/ibex/rtl/ibex_prefetch_buffer.sv:195:29: error: node type: ERROR
/home/travis/build/SymbiFlow/sv-tests/third_party/cores/ibex/rtl/ibex_prefetch_buffer.sv:196:44: error: node type: ERROR
/home/travis/build/SymbiFlow/sv-tests/third_party/cores/ibex/rtl/ibex_prefetch_buffer.sv:203:21: error: node type: ERROR
/home/travis/build/SymbiFlow/sv-tests/third_party/cores/ibex/rtl/ibex_prefetch_buffer.sv:204:37: error: node type: ERROR
/home/travis/build/SymbiFlow/sv-tests/third_party/cores/ibex/rtl/ibex_prefetch_buffer.sv:212:2: error: node type: ERROR
/home/travis/build/SymbiFlow/sv-tests/third_party/cores/ibex/rtl/ibex_prefetch_buffer.sv:219:0: error: node type: ERROR
/home/travis/build/SymbiFlow/sv-tests/third_party/cores/ibex/rtl/ibex_prefetch_buffer.sv:221:2: error: node type: ERROR
/home/travis/build/SymbiFlow/sv-tests/third_party/cores/ibex/rtl/ibex_fetch_fifo.sv:154:23: error: node type: ERROR
/home/travis/build/SymbiFlow/sv-tests/third_party/cores/ibex/rtl/ibex_fetch_fifo.sv:159:63: error: node type: ]
/home/travis/build/SymbiFlow/sv-tests/third_party/cores/ibex/rtl/ibex_fetch_fifo.sv:159:65: error: node type: ERROR
/home/travis/build/SymbiFlow/sv-tests/third_party/cores/ibex/rtl/ibex_fetch_fifo.sv:163:27: error: node type: ERROR
/home/travis/build/SymbiFlow/sv-tests/third_party/cores/ibex/rtl/ibex_fetch_fifo.sv:163:63: error: node type: ERROR
/home/travis/build/SymbiFlow/sv-tests/third_party/cores/ibex/rtl/ibex_fetch_fifo.sv:181:75: error: node type: ]
/home/travis/build/SymbiFlow/sv-tests/third_party/cores/ibex/rtl/ibex_fetch_fifo.sv:181:76: error: node type: ERROR
/home/travis/build/SymbiFlow/sv-tests/third_party/cores/ibex/rtl/ibex_fetch_fifo.sv:182:36: error: node type: ERROR
/home/travis/build/SymbiFlow/sv-tests/third_party/cores/ibex/rtl/ibex_fetch_fifo.sv:182:56: error: node type: ERROR
/home/travis/build/SymbiFlow/sv-tests/third_party/cores/ibex/rtl/ibex_fetch_fifo.sv:183:36: error: node type: ERROR
/home/travis/build/SymbiFlow/sv-tests/third_party/cores/ibex/rtl/ibex_fetch_fifo.sv:183:55: error: node type: ERROR
/home/travis/build/SymbiFlow/sv-tests/third_party/cores/ibex/rtl/ibex_fetch_fifo.sv:184:36: error: node type: ERROR
/home/travis/build/SymbiFlow/sv-tests/third_party/cores/ibex/rtl/ibex_fetch_fifo.sv:184:61: error: node type: ERROR
/home/travis/build/SymbiFlow/sv-tests/third_party/cores/ibex/rtl/ibex_fetch_fifo.sv:185:36: error: node type: ERROR
/home/travis/build/SymbiFlow/sv-tests/third_party/cores/ibex/rtl/ibex_fetch_fifo.sv:186:36: error: node type: ERROR
/home/travis/build/SymbiFlow/sv-tests/third_party/cores/ibex/rtl/ibex_fetch_fifo.sv:187:36: error: node type: ERROR
/home/travis/build/SymbiFlow/sv-tests/third_party/cores/ibex/rtl/ibex_fetch_fifo.sv:188:36: error: node type: ERROR
/home/travis/build/SymbiFlow/sv-tests/third_party/cores/ibex/rtl/ibex_fetch_fifo.sv:194:22: error: node type: ERROR
/home/travis/build/SymbiFlow/sv-tests/third_party/cores/ibex/rtl/ibex_fetch_fifo.sv:196:27: error: node type: ERROR
/home/travis/build/SymbiFlow/sv-tests/third_party/cores/ibex/rtl/ibex_fetch_fifo.sv:197:27: error: node type: ERROR
/home/travis/build/SymbiFlow/sv-tests/third_party/cores/ibex/rtl/ibex_fetch_fifo.sv:199:27: error: node type: ERROR
/home/travis/build/SymbiFlow/sv-tests/third_party/cores/ibex/rtl/ibex_fetch_fifo.sv:200:27: error: node type: ERROR
/home/travis/build/SymbiFlow/sv-tests/third_party/cores/ibex/rtl/ibex_fetch_fifo.sv:204:14: error: node type: ERROR
/home/travis/build/SymbiFlow/sv-tests/third_party/cores/ibex/rtl/ibex_fetch_fifo.sv:204:24: error: node type: ERROR
/home/travis/build/SymbiFlow/sv-tests/third_party/cores/ibex/rtl/ibex_fetch_fifo.sv:204:37: error: node type: ERROR
/home/travis/build/SymbiFlow/sv-tests/third_party/cores/ibex/rtl/ibex_fetch_fifo.sv:205:4: error: node type: ERROR
/home/travis/build/SymbiFlow/sv-tests/third_party/cores/ibex/rtl/ibex_fetch_fifo.sv:205:24: error: node type: ERROR
/home/travis/build/SymbiFlow/sv-tests/third_party/cores/ibex/rtl/ibex_fetch_fifo.sv:207:33: error: node type: )
/home/travis/build/SymbiFlow/sv-tests/third_party/cores/ibex/rtl/ibex_fetch_fifo.sv:208:15: error: node type: ERROR
/home/travis/build/SymbiFlow/sv-tests/third_party/cores/ibex/rtl/ibex_fetch_fifo.sv:209:21: error: node type: ERROR
/home/travis/build/SymbiFlow/sv-tests/third_party/cores/ibex/rtl/ibex_fetch_fifo.sv:216:18: error: node type: ;
/home/travis/build/SymbiFlow/sv-tests/third_party/cores/ibex/rtl/ibex_fetch_fifo.sv:219:5: error: node type: simple_identifier
/home/travis/build/SymbiFlow/sv-tests/third_party/cores/ibex/rtl/ibex_fetch_fifo.sv:219:14: error: node type: ERROR
/home/travis/build/SymbiFlow/sv-tests/third_party/cores/ibex/rtl/ibex_pmp.sv:70:62: error: node type: ERROR
/home/travis/build/SymbiFlow/sv-tests/third_party/cores/ibex/rtl/ibex_pmp.sv:103:73: error: node type: ERROR
/home/travis/build/SymbiFlow/sv-tests/third_party/cores/ibex/rtl/ibex_core.sv:64:0: error: node type: ERROR
/home/travis/build/SymbiFlow/sv-tests/third_party/cores/ibex/rtl/ibex_core.sv:85:0: error: node type: ERROR
/home/travis/build/SymbiFlow/sv-tests/third_party/cores/ibex/rtl/ibex_core.sv:450:0: error: node type: ERROR
/home/travis/build/SymbiFlow/sv-tests/third_party/cores/ibex/rtl/ibex_core.sv:458:0: error: node type: ERROR
/home/travis/build/SymbiFlow/sv-tests/third_party/cores/ibex/rtl/ibex_register_file_ff.sv:38:47: error: node type: ERROR
/home/travis/build/SymbiFlow/sv-tests/third_party/cores/ibex/rtl/ibex_register_file_ff.sv:64:27: error: node type: ERROR
/home/travis/build/SymbiFlow/sv-tests/third_party/cores/ibex/rtl/ibex_register_file_ff.sv:64:55: error: node type: ERROR
