name: basic-tagged-packed-union
description: Test tagged packed union support
should_fail: 0
tags: 7.3.2
files: /home/travis/build/SymbiFlow/sv-tests/tests/chapter-7/unions/tagged/packed.sv
incdirs: 
top_module: 
rc: -6

--------------
Odin has decided you MAY fail ... :

WARNING (1)::ARG_ERROR Permissive flag is ON. Undefined behaviour may occur

WARNING (2)::ARG_ERROR /home/travis/build/SymbiFlow/sv-tests/tests/chapter-7/unions/tagged/packed.sv::1 File (/home/travis/build/SymbiFlow/sv-tests/tests/chapter-7/unions/tagged/packed.sv) has an unsupported extension (.sv), Odin only supports {  .v .vh }

PARSE_ERROR /home/travis/build/SymbiFlow/sv-tests/tests/chapter-7/unions/tagged/packed.sv::9 error in parsing: (syntax error, unexpected vSYMBOL_ID, expecting '(')
union tagged packed {
PARSE_ERROR /home/travis/build/SymbiFlow/sv-tests/tests/chapter-7/unions/tagged/packed.sv::15 error in parsing: (syntax error, unexpected vSYMBOL_ID, expecting ';')
    un = tagged v2 (10);
PARSE_ERROR /home/travis/build/SymbiFlow/sv-tests/tests/chapter-7/unions/tagged/packed.sv::18 error in parsing: (syntax error, unexpected vEND)
end
ERROR (6)::NETLIST_ERROR Could not find a top level module

Assertion failed()@[/home/travis/build/SymbiFlow/sv-tests/third_party/tools/odin_ii/ODIN_II/SRC/netlist_create_from_ast.cpp]find_top_module::295 
