name: expr_short_circuit
description: expression short circuiting test
should_fail: 0
tags: 11.3.5
files: /home/travis/build/SymbiFlow/sv-tests/tests/chapter-11/11.3.5--expr_short_circuit.sv
incdirs: 
top_module: 
rc: -6

--------------
Odin has decided you MAY fail ... :

WARNING (1)::ARG_ERROR Permissive flag is ON. Undefined behaviour may occur

WARNING (2)::ARG_ERROR /home/travis/build/SymbiFlow/sv-tests/tests/chapter-11/11.3.5--expr_short_circuit.sv::1 File (/home/travis/build/SymbiFlow/sv-tests/tests/chapter-11/11.3.5--expr_short_circuit.sv) has an unsupported extension (.sv), Odin only supports {  .v .vh }

PARSE_ERROR /home/travis/build/SymbiFlow/sv-tests/tests/chapter-11/11.3.5--expr_short_circuit.sv::9 error in parsing: (syntax error, unexpected '=', expecting '(')
int a = 1;
PARSE_ERROR /home/travis/build/SymbiFlow/sv-tests/tests/chapter-11/11.3.5--expr_short_circuit.sv::10 error in parsing: (syntax error, unexpected ';', expecting '(')
int b;
PARSE_ERROR /home/travis/build/SymbiFlow/sv-tests/tests/chapter-11/11.3.5--expr_short_circuit.sv::12 error in parsing: (syntax error, unexpected vSYMBOL_ID, expecting '(' or ';')
function int fun1();
PARSE_ERROR /home/travis/build/SymbiFlow/sv-tests/tests/chapter-11/11.3.5--expr_short_circuit.sv::14 error in parsing: (syntax error, unexpected vNUMBER, expecting vSYMBOL_ID or '#')
	return 1;
PARSE_ERROR /home/travis/build/SymbiFlow/sv-tests/tests/chapter-11/11.3.5--expr_short_circuit.sv::19 error in parsing: (syntax error, unexpected vNUMBER, expecting vSYMBOL_ID or '#')
	return 2;
ERROR (8)::NETLIST_ERROR Could not find a top level module

Assertion failed()@[/home/travis/build/SymbiFlow/sv-tests/third_party/tools/odin_ii/ODIN_II/SRC/netlist_create_from_ast.cpp]find_top_module::295 
