name: assign_in_expr_inv
description: invalid assignment in expression test
should_fail: 1
tags: 11.3.6
files: /home/travis/build/SymbiFlow/sv-tests/tests/chapter-11/11.3.6--assign_in_expr_inv.sv
incdirs: 
top_module: 
rc: -6

--------------
Odin has decided you MAY fail ... :

WARNING (1)::ARG_ERROR Permissive flag is ON. Undefined behaviour may occur

WARNING (2)::ARG_ERROR /home/travis/build/SymbiFlow/sv-tests/tests/chapter-11/11.3.6--assign_in_expr_inv.sv::1 File (/home/travis/build/SymbiFlow/sv-tests/tests/chapter-11/11.3.6--assign_in_expr_inv.sv) has an unsupported extension (.sv), Odin only supports {  .v .vh }

PARSE_ERROR /home/travis/build/SymbiFlow/sv-tests/tests/chapter-11/11.3.6--assign_in_expr_inv.sv::9 error in parsing: (syntax error, unexpected ';', expecting '(')
int a;
PARSE_ERROR /home/travis/build/SymbiFlow/sv-tests/tests/chapter-11/11.3.6--assign_in_expr_inv.sv::10 error in parsing: (syntax error, unexpected ';', expecting '(')
int b;
PARSE_ERROR /home/travis/build/SymbiFlow/sv-tests/tests/chapter-11/11.3.6--assign_in_expr_inv.sv::11 error in parsing: (syntax error, unexpected ';', expecting '(')
int c;
PARSE_ERROR /home/travis/build/SymbiFlow/sv-tests/tests/chapter-11/11.3.6--assign_in_expr_inv.sv::14 error in parsing: (syntax error, unexpected '=', expecting ';')
	a = b = c = 5;	
ERROR (7)::NETLIST_ERROR Could not find a top level module

Assertion failed()@[/home/travis/build/SymbiFlow/sv-tests/third_party/tools/odin_ii/ODIN_II/SRC/netlist_create_from_ast.cpp]find_top_module::295 
