name: set_member
description: inside operator test
should_fail: 0
tags: 11.4.13
files: /home/travis/build/SymbiFlow/sv-tests/tests/chapter-11/11.4.13--set_member.sv
incdirs: 
top_module: 
rc: -6

--------------
Odin has decided you MAY fail ... :

WARNING (1)::ARG_ERROR Permissive flag is ON. Undefined behaviour may occur

WARNING (2)::ARG_ERROR /home/travis/build/SymbiFlow/sv-tests/tests/chapter-11/11.4.13--set_member.sv::1 File (/home/travis/build/SymbiFlow/sv-tests/tests/chapter-11/11.4.13--set_member.sv) has an unsupported extension (.sv), Odin only supports {  .v .vh }

PARSE_ERROR /home/travis/build/SymbiFlow/sv-tests/tests/chapter-11/11.4.13--set_member.sv::9 error in parsing: (syntax error, unexpected ';', expecting '(')
int a;
PARSE_ERROR /home/travis/build/SymbiFlow/sv-tests/tests/chapter-11/11.4.13--set_member.sv::10 error in parsing: (syntax error, unexpected '=', expecting '(')
int b = 12;
PARSE_ERROR /home/travis/build/SymbiFlow/sv-tests/tests/chapter-11/11.4.13--set_member.sv::11 error in parsing: (syntax error, unexpected '=', expecting '(')
int c = 5;
PARSE_ERROR /home/travis/build/SymbiFlow/sv-tests/tests/chapter-11/11.4.13--set_member.sv::12 error in parsing: (syntax error, unexpected '=', expecting '(')
int d = 7;
PARSE_ERROR /home/travis/build/SymbiFlow/sv-tests/tests/chapter-11/11.4.13--set_member.sv::15 error in parsing: (syntax error, unexpected vSYMBOL_ID, expecting ';')
	a = b inside {c, d};
ERROR (8)::NETLIST_ERROR Could not find a top level module

Assertion failed()@[/home/travis/build/SymbiFlow/sv-tests/third_party/tools/odin_ii/ODIN_II/SRC/netlist_create_from_ast.cpp]find_top_module::295 
