name: tagged_union
description: tagged union test
should_fail: 0
tags: 11.9
files: /home/travis/build/SymbiFlow/sv-tests/tests/chapter-11/11.9--tagged_union.sv
incdirs: 
top_module: 
rc: -6

--------------
Odin has decided you MAY fail ... :

WARNING (1)::ARG_ERROR Permissive flag is ON. Undefined behaviour may occur

WARNING (2)::ARG_ERROR /home/travis/build/SymbiFlow/sv-tests/tests/chapter-11/11.9--tagged_union.sv::1 File (/home/travis/build/SymbiFlow/sv-tests/tests/chapter-11/11.9--tagged_union.sv) has an unsupported extension (.sv), Odin only supports {  .v .vh }

PARSE_ERROR /home/travis/build/SymbiFlow/sv-tests/tests/chapter-11/11.9--tagged_union.sv::9 error in parsing: (syntax error, unexpected vSYMBOL_ID, expecting '(')
typedef union tagged {
PARSE_ERROR /home/travis/build/SymbiFlow/sv-tests/tests/chapter-11/11.9--tagged_union.sv::11 error in parsing: (syntax error, unexpected ';', expecting '(')
	int Valid;
PARSE_ERROR /home/travis/build/SymbiFlow/sv-tests/tests/chapter-11/11.9--tagged_union.sv::14 error in parsing: (syntax error, unexpected ',', expecting '(')
u_int a, b;
PARSE_ERROR /home/travis/build/SymbiFlow/sv-tests/tests/chapter-11/11.9--tagged_union.sv::17 error in parsing: (syntax error, unexpected vSYMBOL_ID, expecting ';')
	a = tagged Invalid;
ERROR (7)::NETLIST_ERROR Could not find a top level module

Assertion failed()@[/home/travis/build/SymbiFlow/sv-tests/third_party/tools/odin_ii/ODIN_II/SRC/netlist_create_from_ast.cpp]find_top_module::295 
