name: simple_paramods
description: Tests imported from yosys
files: /home/travis/build/SymbiFlow/sv-tests/third_party/tools/yosys/tests/simple/paramods.v
should_fail: 0
tags: yosys
incdirs: 
top_module: 
rc: 0

/home/travis/build/SymbiFlow/sv-tests/third_party/tools/yosys/tests/simple/paramods.v:8: warning: Port 1 (in) of inc expects 4 bits, got 8.
/home/travis/build/SymbiFlow/sv-tests/third_party/tools/yosys/tests/simple/paramods.v:8:        : Pruning 4 high bits of the expression.
/home/travis/build/SymbiFlow/sv-tests/third_party/tools/yosys/tests/simple/paramods.v:8: warning: Port 2 (out) of inc expects 4 bits, got 8.
/home/travis/build/SymbiFlow/sv-tests/third_party/tools/yosys/tests/simple/paramods.v:8:        : Padding 4 high bits of the expression.
/home/travis/build/SymbiFlow/sv-tests/third_party/tools/yosys/tests/simple/paramods.v:19: warning: Port 1 (in) of inc expects 5 bits, got 8.
/home/travis/build/SymbiFlow/sv-tests/third_party/tools/yosys/tests/simple/paramods.v:19:        : Pruning 3 high bits of the expression.
/home/travis/build/SymbiFlow/sv-tests/third_party/tools/yosys/tests/simple/paramods.v:19: warning: Port 2 (out) of inc expects 5 bits, got 8.
/home/travis/build/SymbiFlow/sv-tests/third_party/tools/yosys/tests/simple/paramods.v:19:        : Padding 3 high bits of the expression.
/home/travis/build/SymbiFlow/sv-tests/third_party/tools/yosys/tests/simple/paramods.v:20: warning: Port 1 (in) of inc expects 4 bits, got 8.
/home/travis/build/SymbiFlow/sv-tests/third_party/tools/yosys/tests/simple/paramods.v:20:        : Pruning 4 high bits of the expression.
/home/travis/build/SymbiFlow/sv-tests/third_party/tools/yosys/tests/simple/paramods.v:20: warning: Port 2 (out) of inc expects 4 bits, got 8.
/home/travis/build/SymbiFlow/sv-tests/third_party/tools/yosys/tests/simple/paramods.v:20:        : Padding 4 high bits of the expression.
/home/travis/build/SymbiFlow/sv-tests/third_party/tools/yosys/tests/simple/paramods.v:32: warning: Port 1 (in) of inc expects 4 bits, got 8.
/home/travis/build/SymbiFlow/sv-tests/third_party/tools/yosys/tests/simple/paramods.v:32:        : Pruning 4 high bits of the expression.
/home/travis/build/SymbiFlow/sv-tests/third_party/tools/yosys/tests/simple/paramods.v:32: warning: Port 2 (out) of inc expects 4 bits, got 8.
/home/travis/build/SymbiFlow/sv-tests/third_party/tools/yosys/tests/simple/paramods.v:32:        : Padding 4 high bits of the expression.
