name: unpack_stream
description: stream unpack test
should_fail: 0
tags: 11.4.14.3
files: /home/travis/build/SymbiFlow/sv-tests/tests/chapter-11/11.4.14.3--unpack_stream.sv
incdirs: 
top_module: 
rc: 1

(0, 0) source_file
(6, 0) module_declaration
(12, 0) module_or_generate_item
(12, 0) initial_construct
(12, 7) statement_or_null
(12, 7) statement
(12, 7) statement_item
(12, 7) seq_block
(12, 13) block_item_declaration
(12, 13) data_declaration
(13, 12) list_of_variable_decl_assignments
(13, 12) variable_decl_assignment
(13, 15) expression
(13, 15) primary
(13, 15) empty_unpacked_array_concatenation
(13, 17) ERROR
