name: static_methods
description: static class methods test
should_fail: 0
tags: 8.10
files: /home/travis/build/SymbiFlow/sv-tests/tests/chapter-8/8.10--static_methods.sv
incdirs: 
top_module: 
rc: -6

--------------
Odin has decided you MAY fail ... :

WARNING (1)::ARG_ERROR Permissive flag is ON. Undefined behaviour may occur

WARNING (2)::ARG_ERROR /home/travis/build/SymbiFlow/sv-tests/tests/chapter-8/8.10--static_methods.sv::1 File (/home/travis/build/SymbiFlow/sv-tests/tests/chapter-8/8.10--static_methods.sv) has an unsupported extension (.sv), Odin only supports {  .v .vh }

PARSE_ERROR /home/travis/build/SymbiFlow/sv-tests/tests/chapter-8/8.10--static_methods.sv::8 error in parsing: (syntax error, unexpected ';', expecting '(')
	class test_cls;
PARSE_ERROR /home/travis/build/SymbiFlow/sv-tests/tests/chapter-8/8.10--static_methods.sv::9 error in parsing: (syntax error, unexpected vSYMBOL_ID, expecting '(')
		static int id = 0;
PARSE_ERROR /home/travis/build/SymbiFlow/sv-tests/tests/chapter-8/8.10--static_methods.sv::16 error in parsing: (syntax error, unexpected ';', expecting '(')
	test_cls test_obj1;
PARSE_ERROR /home/travis/build/SymbiFlow/sv-tests/tests/chapter-8/8.10--static_methods.sv::22 error in parsing: (syntax error, unexpected ')')
		$display(test_obj0.next_id());
PARSE_ERROR /home/travis/build/SymbiFlow/sv-tests/tests/chapter-8/8.10--static_methods.sv::23 error in parsing: (syntax error, unexpected ')')
		$display(test_obj1.next_id());
ERROR (8)::NETLIST_ERROR Could not find a top level module

Assertion failed()@[/home/travis/build/SymbiFlow/sv-tests/third_party/tools/odin_ii/ODIN_II/SRC/netlist_create_from_ast.cpp]find_top_module::295 
