name: this
description: this keyword test
should_fail: 0
tags: 8.11
files: /home/travis/build/SymbiFlow/sv-tests/tests/chapter-8/8.11--this.sv
incdirs: 
top_module: 
rc: -6

--------------
Odin has decided you MAY fail ... :

WARNING (1)::ARG_ERROR Permissive flag is ON. Undefined behaviour may occur

WARNING (2)::ARG_ERROR /home/travis/build/SymbiFlow/sv-tests/tests/chapter-8/8.11--this.sv::1 File (/home/travis/build/SymbiFlow/sv-tests/tests/chapter-8/8.11--this.sv) has an unsupported extension (.sv), Odin only supports {  .v .vh }

PARSE_ERROR /home/travis/build/SymbiFlow/sv-tests/tests/chapter-8/8.11--this.sv::8 error in parsing: (syntax error, unexpected ';', expecting '(')
	class test_cls;
PARSE_ERROR /home/travis/build/SymbiFlow/sv-tests/tests/chapter-8/8.11--this.sv::9 error in parsing: (syntax error, unexpected ';', expecting '(')
		int a;
PARSE_ERROR /home/travis/build/SymbiFlow/sv-tests/tests/chapter-8/8.11--this.sv::10 error in parsing: (syntax error, unexpected vSYMBOL_ID, expecting ')' or ',')
		task test_method(int a);
PARSE_ERROR /home/travis/build/SymbiFlow/sv-tests/tests/chapter-8/8.11--this.sv::12 error in parsing: (syntax error, unexpected '+', expecting vSYMBOL_ID or '#')
			this.a += a;
ERROR (7)::NETLIST_ERROR Could not find a top level module

Assertion failed()@[/home/travis/build/SymbiFlow/sv-tests/third_party/tools/odin_ii/ODIN_II/SRC/netlist_create_from_ast.cpp]find_top_module::295 
