name: assignment
description: object assignment
should_fail: 0
tags: 8.12
files: /home/travis/build/SymbiFlow/sv-tests/tests/chapter-8/8.12--assignment.sv
incdirs: 
top_module: 
rc: -11

--------------
Odin has decided you MAY fail ... :

WARNING (1)::ARG_ERROR Permissive flag is ON. Undefined behaviour may occur

WARNING (2)::ARG_ERROR /home/travis/build/SymbiFlow/sv-tests/tests/chapter-8/8.12--assignment.sv::1 File (/home/travis/build/SymbiFlow/sv-tests/tests/chapter-8/8.12--assignment.sv) has an unsupported extension (.sv), Odin only supports {  .v .vh }

PARSE_ERROR /home/travis/build/SymbiFlow/sv-tests/tests/chapter-8/8.12--assignment.sv::8 error in parsing: (syntax error, unexpected ';', expecting '(')
	class test_cls;
PARSE_ERROR /home/travis/build/SymbiFlow/sv-tests/tests/chapter-8/8.12--assignment.sv::9 error in parsing: (syntax error, unexpected ';', expecting '(')
		int a;
PARSE_ERROR /home/travis/build/SymbiFlow/sv-tests/tests/chapter-8/8.12--assignment.sv::10 error in parsing: (syntax error, unexpected vSYMBOL_ID, expecting ')' or ',')
		task test_method(int val);
PARSE_ERROR /home/travis/build/SymbiFlow/sv-tests/tests/chapter-8/8.12--assignment.sv::12 error in parsing: (syntax error, unexpected '+', expecting vSYMBOL_ID or '#')
			a += val;
PARSE_ERROR /home/travis/build/SymbiFlow/sv-tests/tests/chapter-8/8.12--assignment.sv::17 error in parsing: (syntax error, unexpected ';', expecting '(')
	test_cls test_obj1;
