name: inheritance
description: class inheritance test
should_fail: 0
tags: 8.13
files: /home/travis/build/SymbiFlow/sv-tests/tests/chapter-8/8.13--inheritance.sv
incdirs: 
top_module: 
rc: -6

--------------
Odin has decided you MAY fail ... :

WARNING (1)::ARG_ERROR Permissive flag is ON. Undefined behaviour may occur

WARNING (2)::ARG_ERROR /home/travis/build/SymbiFlow/sv-tests/tests/chapter-8/8.13--inheritance.sv::1 File (/home/travis/build/SymbiFlow/sv-tests/tests/chapter-8/8.13--inheritance.sv) has an unsupported extension (.sv), Odin only supports {  .v .vh }

PARSE_ERROR /home/travis/build/SymbiFlow/sv-tests/tests/chapter-8/8.13--inheritance.sv::8 error in parsing: (syntax error, unexpected ';', expecting '(')
	class super_cls;
PARSE_ERROR /home/travis/build/SymbiFlow/sv-tests/tests/chapter-8/8.13--inheritance.sv::9 error in parsing: (syntax error, unexpected '=', expecting '(')
		int s = 2;
PARSE_ERROR /home/travis/build/SymbiFlow/sv-tests/tests/chapter-8/8.13--inheritance.sv::10 error in parsing: (syntax error, unexpected vSYMBOL_ID, expecting '(' or ';')
		function int incs();
PARSE_ERROR /home/travis/build/SymbiFlow/sv-tests/tests/chapter-8/8.13--inheritance.sv::19 error in parsing: (syntax error, unexpected ';', expecting '(')
		int a;
PARSE_ERROR /home/travis/build/SymbiFlow/sv-tests/tests/chapter-8/8.13--inheritance.sv::20 error in parsing: (syntax error, unexpected vSYMBOL_ID, expecting vINPUT or ')')
		function new(int def = 42);
PARSE_ERROR /home/travis/build/SymbiFlow/sv-tests/tests/chapter-8/8.13--inheritance.sv::31 error in parsing: (syntax error, unexpected ')')
		$display(test_obj.incs());
PARSE_ERROR /home/travis/build/SymbiFlow/sv-tests/tests/chapter-8/8.13--inheritance.sv::33 error in parsing: (syntax error, unexpected vEND)
	end
ERROR (10)::NETLIST_ERROR Could not find a top level module

Assertion failed()@[/home/travis/build/SymbiFlow/sv-tests/third_party/tools/odin_ii/ODIN_II/SRC/netlist_create_from_ast.cpp]find_top_module::295 
