name: super
description: accessing superclass methods via super
should_fail: 0
tags: 8.15
files: /home/travis/build/SymbiFlow/sv-tests/tests/chapter-8/8.15--super.sv
incdirs: 
top_module: 
rc: -6

--------------
Odin has decided you MAY fail ... :

WARNING (1)::ARG_ERROR Permissive flag is ON. Undefined behaviour may occur

WARNING (2)::ARG_ERROR /home/travis/build/SymbiFlow/sv-tests/tests/chapter-8/8.15--super.sv::1 File (/home/travis/build/SymbiFlow/sv-tests/tests/chapter-8/8.15--super.sv) has an unsupported extension (.sv), Odin only supports {  .v .vh }

PARSE_ERROR /home/travis/build/SymbiFlow/sv-tests/tests/chapter-8/8.15--super.sv::8 error in parsing: (syntax error, unexpected ';', expecting '(')
	class super_cls;
PARSE_ERROR /home/travis/build/SymbiFlow/sv-tests/tests/chapter-8/8.15--super.sv::9 error in parsing: (syntax error, unexpected '=', expecting '(')
		int s = 2;
PARSE_ERROR /home/travis/build/SymbiFlow/sv-tests/tests/chapter-8/8.15--super.sv::10 error in parsing: (syntax error, unexpected vSYMBOL_ID, expecting '(' or ';')
		function int incs();
PARSE_ERROR /home/travis/build/SymbiFlow/sv-tests/tests/chapter-8/8.15--super.sv::19 error in parsing: (syntax error, unexpected ';', expecting '(')
		int a;
ERROR (7)::PARSE_ERROR /home/travis/build/SymbiFlow/sv-tests/tests/chapter-8/8.15--super.sv::20 Function already has output with this name int
		function int incs();
Assertion failed()@[/home/travis/build/SymbiFlow/sv-tests/third_party/tools/odin_ii/ODIN_II/SRC/parse_making_ast.cpp]markAndProcessPortWith::522 
