name: cast_func
description: $cast function test
should_fail: 0
tags: 8.16
files: /home/travis/build/SymbiFlow/sv-tests/tests/chapter-8/8.16--cast_func.sv
incdirs: 
top_module: 
rc: -6

--------------
Odin has decided you MAY fail ... :

WARNING (1)::ARG_ERROR Permissive flag is ON. Undefined behaviour may occur

WARNING (2)::ARG_ERROR /home/travis/build/SymbiFlow/sv-tests/tests/chapter-8/8.16--cast_func.sv::1 File (/home/travis/build/SymbiFlow/sv-tests/tests/chapter-8/8.16--cast_func.sv) has an unsupported extension (.sv), Odin only supports {  .v .vh }

PARSE_ERROR /home/travis/build/SymbiFlow/sv-tests/tests/chapter-8/8.16--cast_func.sv::8 error in parsing: (syntax error, unexpected '{', expecting '(')
	typedef enum { aaa, bbb, ccc, ddd, eee } values;
PARSE_ERROR /home/travis/build/SymbiFlow/sv-tests/tests/chapter-8/8.16--cast_func.sv::10 error in parsing: (syntax error, unexpected vSYMBOL_ID, expecting voLTE or '=')
		values val;
PARSE_ERROR /home/travis/build/SymbiFlow/sv-tests/tests/chapter-8/8.16--cast_func.sv::14 error in parsing: (syntax error, unexpected vEND)
	end
ERROR (6)::NETLIST_ERROR Could not find a top level module

Assertion failed()@[/home/travis/build/SymbiFlow/sv-tests/third_party/tools/odin_ii/ODIN_II/SRC/netlist_create_from_ast.cpp]find_top_module::295 
