name: virtual_method
description: class with virtual methods
should_fail: 0
tags: 8.20
files: /home/travis/build/SymbiFlow/sv-tests/tests/chapter-8/8.20--virtual_method.sv
incdirs: 
top_module: 
rc: -11

--------------
Odin has decided you MAY fail ... :

WARNING (1)::ARG_ERROR Permissive flag is ON. Undefined behaviour may occur

WARNING (2)::ARG_ERROR /home/travis/build/SymbiFlow/sv-tests/tests/chapter-8/8.20--virtual_method.sv::1 File (/home/travis/build/SymbiFlow/sv-tests/tests/chapter-8/8.20--virtual_method.sv) has an unsupported extension (.sv), Odin only supports {  .v .vh }

PARSE_ERROR /home/travis/build/SymbiFlow/sv-tests/tests/chapter-8/8.20--virtual_method.sv::8 error in parsing: (syntax error, unexpected ';', expecting '(')
	class super_cls;
PARSE_ERROR /home/travis/build/SymbiFlow/sv-tests/tests/chapter-8/8.20--virtual_method.sv::9 error in parsing: (syntax error, unexpected '=', expecting '(')
		int a = 1;
PARSE_ERROR /home/travis/build/SymbiFlow/sv-tests/tests/chapter-8/8.20--virtual_method.sv::12 error in parsing: (syntax error, unexpected vENDFUNCTION)
		endfunction
PARSE_ERROR /home/travis/build/SymbiFlow/sv-tests/tests/chapter-8/8.20--virtual_method.sv::16 error in parsing: (syntax error, unexpected '=', expecting '(')
		int a = 2;
PARSE_ERROR /home/travis/build/SymbiFlow/sv-tests/tests/chapter-8/8.20--virtual_method.sv::19 error in parsing: (syntax error, unexpected vENDFUNCTION)
		endfunction
PARSE_ERROR /home/travis/build/SymbiFlow/sv-tests/tests/chapter-8/8.20--virtual_method.sv::23 error in parsing: (syntax error, unexpected ';', expecting '(')
	super_cls super_obj;
