name: abstract_class_inst
description: instantiating abstract class
should_fail: 1
tags: 8.21
files: /home/travis/build/SymbiFlow/sv-tests/tests/chapter-8/8.21--abstract_class_inst.sv
incdirs: 
top_module: 
rc: -11

--------------
Odin has decided you MAY fail ... :

WARNING (1)::ARG_ERROR Permissive flag is ON. Undefined behaviour may occur

WARNING (2)::ARG_ERROR /home/travis/build/SymbiFlow/sv-tests/tests/chapter-8/8.21--abstract_class_inst.sv::1 File (/home/travis/build/SymbiFlow/sv-tests/tests/chapter-8/8.21--abstract_class_inst.sv) has an unsupported extension (.sv), Odin only supports {  .v .vh }

PARSE_ERROR /home/travis/build/SymbiFlow/sv-tests/tests/chapter-8/8.21--abstract_class_inst.sv::8 error in parsing: (syntax error, unexpected vSYMBOL_ID, expecting '(')
	virtual class base_cls;
PARSE_ERROR /home/travis/build/SymbiFlow/sv-tests/tests/chapter-8/8.21--abstract_class_inst.sv::9 error in parsing: (syntax error, unexpected vFUNCTION, expecting '(')
		pure virtual function void print();
PARSE_ERROR /home/travis/build/SymbiFlow/sv-tests/tests/chapter-8/8.21--abstract_class_inst.sv::12 error in parsing: (syntax error, unexpected vSYMBOL_ID, expecting '(')
	class test_cls extends base_cls;
PARSE_ERROR /home/travis/build/SymbiFlow/sv-tests/tests/chapter-8/8.21--abstract_class_inst.sv::13 error in parsing: (syntax error, unexpected '=', expecting '(')
		int a = 2;
PARSE_ERROR /home/travis/build/SymbiFlow/sv-tests/tests/chapter-8/8.21--abstract_class_inst.sv::16 error in parsing: (syntax error, unexpected vENDFUNCTION)
		endfunction
