name: dynamic_method_lookup
description: dynamic method selection with abstract base class
should_fail: 0
tags: 8.22
files: /home/travis/build/SymbiFlow/sv-tests/tests/chapter-8/8.22--dynamic_method_lookup.sv
incdirs: 
top_module: 
rc: -6

--------------
Odin has decided you MAY fail ... :

WARNING (1)::ARG_ERROR Permissive flag is ON. Undefined behaviour may occur

WARNING (2)::ARG_ERROR /home/travis/build/SymbiFlow/sv-tests/tests/chapter-8/8.22--dynamic_method_lookup.sv::1 File (/home/travis/build/SymbiFlow/sv-tests/tests/chapter-8/8.22--dynamic_method_lookup.sv) has an unsupported extension (.sv), Odin only supports {  .v .vh }

PARSE_ERROR /home/travis/build/SymbiFlow/sv-tests/tests/chapter-8/8.22--dynamic_method_lookup.sv::8 error in parsing: (syntax error, unexpected vSYMBOL_ID, expecting '(')
	virtual class base_cls;
PARSE_ERROR /home/travis/build/SymbiFlow/sv-tests/tests/chapter-8/8.22--dynamic_method_lookup.sv::9 error in parsing: (syntax error, unexpected vFUNCTION, expecting '(')
		pure virtual function void print();
PARSE_ERROR /home/travis/build/SymbiFlow/sv-tests/tests/chapter-8/8.22--dynamic_method_lookup.sv::12 error in parsing: (syntax error, unexpected vSYMBOL_ID, expecting '(')
	class a_cls extends base_cls;
PARSE_ERROR /home/travis/build/SymbiFlow/sv-tests/tests/chapter-8/8.22--dynamic_method_lookup.sv::15 error in parsing: (syntax error, unexpected vENDFUNCTION)
		endfunction
PARSE_ERROR /home/travis/build/SymbiFlow/sv-tests/tests/chapter-8/8.22--dynamic_method_lookup.sv::21 error in parsing: (syntax error, unexpected vENDFUNCTION)
		endfunction
PARSE_ERROR /home/travis/build/SymbiFlow/sv-tests/tests/chapter-8/8.22--dynamic_method_lookup.sv::27 error in parsing: (syntax error, unexpected vENDFUNCTION)
		endfunction
PARSE_ERROR /home/travis/build/SymbiFlow/sv-tests/tests/chapter-8/8.22--dynamic_method_lookup.sv::31 error in parsing: (syntax error, unexpected ';', expecting '(')
	a_cls a;
PARSE_ERROR /home/travis/build/SymbiFlow/sv-tests/tests/chapter-8/8.22--dynamic_method_lookup.sv::32 error in parsing: (syntax error, unexpected ';', expecting '(')
	b_cls b;
PARSE_ERROR /home/travis/build/SymbiFlow/sv-tests/tests/chapter-8/8.22--dynamic_method_lookup.sv::33 error in parsing: (syntax error, unexpected ';', expecting '(')
	c_cls c;
PARSE_ERROR /home/travis/build/SymbiFlow/sv-tests/tests/chapter-8/8.22--dynamic_method_lookup.sv::43 error in parsing: (syntax error, unexpected '.', expecting voLTE or '=')
		arr[0].print();
ERROR (13)::NETLIST_ERROR Could not find a top level module

Assertion failed()@[/home/travis/build/SymbiFlow/sv-tests/third_party/tools/odin_ii/ODIN_II/SRC/netlist_create_from_ast.cpp]find_top_module::295 
