name: scope_resolution
description: access static method using scope resolution operator
should_fail: 0
tags: 8.23
files: /home/travis/build/SymbiFlow/sv-tests/tests/chapter-8/8.23--scope_resolution.sv
incdirs: 
top_module: 
rc: -6

--------------
Odin has decided you MAY fail ... :

WARNING (1)::ARG_ERROR Permissive flag is ON. Undefined behaviour may occur

WARNING (2)::ARG_ERROR /home/travis/build/SymbiFlow/sv-tests/tests/chapter-8/8.23--scope_resolution.sv::1 File (/home/travis/build/SymbiFlow/sv-tests/tests/chapter-8/8.23--scope_resolution.sv) has an unsupported extension (.sv), Odin only supports {  .v .vh }

PARSE_ERROR /home/travis/build/SymbiFlow/sv-tests/tests/chapter-8/8.23--scope_resolution.sv::8 error in parsing: (syntax error, unexpected ';', expecting '(')
	class test_cls;
PARSE_ERROR /home/travis/build/SymbiFlow/sv-tests/tests/chapter-8/8.23--scope_resolution.sv::9 error in parsing: (syntax error, unexpected vSYMBOL_ID, expecting '(')
		static int id = 0;
PARSE_ERROR /home/travis/build/SymbiFlow/sv-tests/tests/chapter-8/8.23--scope_resolution.sv::17 error in parsing: (syntax error, unexpected ':', expecting ')')
		$display(test_cls::next_id());
ERROR (6)::NETLIST_ERROR Could not find a top level module

Assertion failed()@[/home/travis/build/SymbiFlow/sv-tests/third_party/tools/odin_ii/ODIN_II/SRC/netlist_create_from_ast.cpp]find_top_module::295 
