name: parametrized_class_extend
description: parametrized class extending another parametrized class
should_fail: 0
tags: 8.25
files: /home/travis/build/SymbiFlow/sv-tests/tests/chapter-8/8.25--parametrized_class_extend.sv
incdirs: 
top_module: 
rc: -11

--------------
Odin has decided you MAY fail ... :

WARNING (1)::ARG_ERROR Permissive flag is ON. Undefined behaviour may occur

WARNING (2)::ARG_ERROR /home/travis/build/SymbiFlow/sv-tests/tests/chapter-8/8.25--parametrized_class_extend.sv::1 File (/home/travis/build/SymbiFlow/sv-tests/tests/chapter-8/8.25--parametrized_class_extend.sv) has an unsupported extension (.sv), Odin only supports {  .v .vh }

PARSE_ERROR /home/travis/build/SymbiFlow/sv-tests/tests/chapter-8/8.25--parametrized_class_extend.sv::8 error in parsing: (syntax error, unexpected '#', expecting '(')
	class base_cls #(int b = 20);
PARSE_ERROR /home/travis/build/SymbiFlow/sv-tests/tests/chapter-8/8.25--parametrized_class_extend.sv::9 error in parsing: (syntax error, unexpected ';', expecting '(')
		int a;
PARSE_ERROR /home/travis/build/SymbiFlow/sv-tests/tests/chapter-8/8.25--parametrized_class_extend.sv::12 error in parsing: (syntax error, unexpected vSYMBOL_ID, expecting '(')
	class ext_cls #(int e = 25) extends base_cls(5);
PARSE_ERROR /home/travis/build/SymbiFlow/sv-tests/tests/chapter-8/8.25--parametrized_class_extend.sv::13 error in parsing: (syntax error, unexpected ';', expecting '(')
		int c;
PARSE_ERROR /home/travis/build/SymbiFlow/sv-tests/tests/chapter-8/8.25--parametrized_class_extend.sv::16 error in parsing: (syntax error, unexpected '#', expecting '(')
	ext_cls #(15) inst;
