name: parametrized_class_invalid_scope_resolution
description: parametrized class invalid scope resolution
should_fail: 1
tags: 8.25.1
files: /home/travis/build/SymbiFlow/sv-tests/tests/chapter-8/8.25.1--parametrized_class_invalid_scope_resolution.sv
incdirs: 
top_module: 
rc: -6

--------------
Odin has decided you MAY fail ... :

WARNING (1)::ARG_ERROR Permissive flag is ON. Undefined behaviour may occur

WARNING (2)::ARG_ERROR /home/travis/build/SymbiFlow/sv-tests/tests/chapter-8/8.25.1--parametrized_class_invalid_scope_resolution.sv::1 File (/home/travis/build/SymbiFlow/sv-tests/tests/chapter-8/8.25.1--parametrized_class_invalid_scope_resolution.sv) has an unsupported extension (.sv), Odin only supports {  .v .vh }

PARSE_ERROR /home/travis/build/SymbiFlow/sv-tests/tests/chapter-8/8.25.1--parametrized_class_invalid_scope_resolution.sv::9 error in parsing: (syntax error, unexpected '#', expecting '(')
	class par_cls #(int a = 25);
PARSE_ERROR /home/travis/build/SymbiFlow/sv-tests/tests/chapter-8/8.25.1--parametrized_class_invalid_scope_resolution.sv::10 error in parsing: (syntax error, unexpected vSYMBOL_ID, expecting ';' or ',')
		parameter int b = 23;
PARSE_ERROR /home/travis/build/SymbiFlow/sv-tests/tests/chapter-8/8.25.1--parametrized_class_invalid_scope_resolution.sv::13 error in parsing: (syntax error, unexpected '#', expecting '(')
	par_cls #(15) inst;
PARSE_ERROR /home/travis/build/SymbiFlow/sv-tests/tests/chapter-8/8.25.1--parametrized_class_invalid_scope_resolution.sv::18 error in parsing: (syntax error, unexpected ':', expecting ')')
		$display(par_cls::b);
ERROR (7)::NETLIST_ERROR Could not find a top level module

Assertion failed()@[/home/travis/build/SymbiFlow/sv-tests/third_party/tools/odin_ii/ODIN_II/SRC/netlist_create_from_ast.cpp]find_top_module::295 
