name: cast_between_interface_classes
description: it should be possible to cast between implemented interface classes
should_fail: 0
tags: 8.26.2
files: /home/travis/build/SymbiFlow/sv-tests/tests/chapter-8/8.26.5--cast_between_interface_classes.sv
incdirs: 
top_module: 
rc: -11

--------------
Odin has decided you MAY fail ... :

WARNING (1)::ARG_ERROR Permissive flag is ON. Undefined behaviour may occur

WARNING (2)::ARG_ERROR /home/travis/build/SymbiFlow/sv-tests/tests/chapter-8/8.26.5--cast_between_interface_classes.sv::1 File (/home/travis/build/SymbiFlow/sv-tests/tests/chapter-8/8.26.5--cast_between_interface_classes.sv) has an unsupported extension (.sv), Odin only supports {  .v .vh }

PARSE_ERROR /home/travis/build/SymbiFlow/sv-tests/tests/chapter-8/8.26.5--cast_between_interface_classes.sv::8 error in parsing: (syntax error, unexpected vSYMBOL_ID, expecting '(')
	interface class ihello;
PARSE_ERROR /home/travis/build/SymbiFlow/sv-tests/tests/chapter-8/8.26.5--cast_between_interface_classes.sv::9 error in parsing: (syntax error, unexpected vFUNCTION, expecting '(')
		pure virtual function void hello();
PARSE_ERROR /home/travis/build/SymbiFlow/sv-tests/tests/chapter-8/8.26.5--cast_between_interface_classes.sv::12 error in parsing: (syntax error, unexpected vSYMBOL_ID, expecting '(')
	interface class itest;
PARSE_ERROR /home/travis/build/SymbiFlow/sv-tests/tests/chapter-8/8.26.5--cast_between_interface_classes.sv::13 error in parsing: (syntax error, unexpected vFUNCTION, expecting '(')
		pure virtual function void test();
PARSE_ERROR /home/travis/build/SymbiFlow/sv-tests/tests/chapter-8/8.26.5--cast_between_interface_classes.sv::16 error in parsing: (syntax error, unexpected vSYMBOL_ID, expecting '(')
	class Hello implements ihello, itest;
PARSE_ERROR /home/travis/build/SymbiFlow/sv-tests/tests/chapter-8/8.26.5--cast_between_interface_classes.sv::19 error in parsing: (syntax error, unexpected vENDFUNCTION)
		endfunction
PARSE_ERROR /home/travis/build/SymbiFlow/sv-tests/tests/chapter-8/8.26.5--cast_between_interface_classes.sv::22 error in parsing: (syntax error, unexpected vENDFUNCTION)
		endfunction
PARSE_ERROR /home/travis/build/SymbiFlow/sv-tests/tests/chapter-8/8.26.5--cast_between_interface_classes.sv::26 error in parsing: (syntax error, unexpected ';', expecting '(')
	ihello ih_ref;
PARSE_ERROR /home/travis/build/SymbiFlow/sv-tests/tests/chapter-8/8.26.5--cast_between_interface_classes.sv::27 error in parsing: (syntax error, unexpected ';', expecting '(')
	itest it_ref;
