name: type_access_extends
description: accessing types from extended interface class
should_fail: 0
tags: 8.26.3
files: /home/travis/build/SymbiFlow/sv-tests/tests/chapter-8/8.26.3--type_access_extends.sv
incdirs: 
top_module: 
rc: -6

--------------
Odin has decided you MAY fail ... :

WARNING (1)::ARG_ERROR Permissive flag is ON. Undefined behaviour may occur

WARNING (2)::ARG_ERROR /home/travis/build/SymbiFlow/sv-tests/tests/chapter-8/8.26.3--type_access_extends.sv::1 File (/home/travis/build/SymbiFlow/sv-tests/tests/chapter-8/8.26.3--type_access_extends.sv) has an unsupported extension (.sv), Odin only supports {  .v .vh }

PARSE_ERROR /home/travis/build/SymbiFlow/sv-tests/tests/chapter-8/8.26.3--type_access_extends.sv::8 error in parsing: (syntax error, unexpected vSYMBOL_ID, expecting '(')
	interface class ihello;
PARSE_ERROR /home/travis/build/SymbiFlow/sv-tests/tests/chapter-8/8.26.3--type_access_extends.sv::9 error in parsing: (syntax error, unexpected vSYMBOL_ID, expecting '(')
		typedef int int_t;
PARSE_ERROR /home/travis/build/SymbiFlow/sv-tests/tests/chapter-8/8.26.3--type_access_extends.sv::10 error in parsing: (syntax error, unexpected vFUNCTION, expecting '(')
		pure virtual function void hello(int_t val);
PARSE_ERROR /home/travis/build/SymbiFlow/sv-tests/tests/chapter-8/8.26.3--type_access_extends.sv::13 error in parsing: (syntax error, unexpected vSYMBOL_ID, expecting '(')
	interface class ihello_ex extends ihello;
PARSE_ERROR /home/travis/build/SymbiFlow/sv-tests/tests/chapter-8/8.26.3--type_access_extends.sv::14 error in parsing: (syntax error, unexpected vFUNCTION, expecting '(')
		pure virtual function void hello_ex(int_t v1, int_t v2);
ERROR (8)::NETLIST_ERROR Could not find a top level module

Assertion failed()@[/home/travis/build/SymbiFlow/sv-tests/third_party/tools/odin_ii/ODIN_II/SRC/netlist_create_from_ast.cpp]find_top_module::295 
