name: implements_extends
description: class both implementing and extending
should_fail: 0
tags: 8.26.2
files: /home/travis/build/SymbiFlow/sv-tests/tests/chapter-8/8.26.2--implements_extends.sv
incdirs: 
top_module: 
rc: -11

--------------
Odin has decided you MAY fail ... :

WARNING (1)::ARG_ERROR Permissive flag is ON. Undefined behaviour may occur

WARNING (2)::ARG_ERROR /home/travis/build/SymbiFlow/sv-tests/tests/chapter-8/8.26.2--implements_extends.sv::1 File (/home/travis/build/SymbiFlow/sv-tests/tests/chapter-8/8.26.2--implements_extends.sv) has an unsupported extension (.sv), Odin only supports {  .v .vh }

PARSE_ERROR /home/travis/build/SymbiFlow/sv-tests/tests/chapter-8/8.26.2--implements_extends.sv::8 error in parsing: (syntax error, unexpected vSYMBOL_ID, expecting '(')
	interface class ihello;
PARSE_ERROR /home/travis/build/SymbiFlow/sv-tests/tests/chapter-8/8.26.2--implements_extends.sv::9 error in parsing: (syntax error, unexpected vFUNCTION, expecting '(')
		pure virtual function void hello();
PARSE_ERROR /home/travis/build/SymbiFlow/sv-tests/tests/chapter-8/8.26.2--implements_extends.sv::12 error in parsing: (syntax error, unexpected vSYMBOL_ID, expecting '(')
	interface class itest;
PARSE_ERROR /home/travis/build/SymbiFlow/sv-tests/tests/chapter-8/8.26.2--implements_extends.sv::13 error in parsing: (syntax error, unexpected vFUNCTION, expecting '(')
		pure virtual function void test();
PARSE_ERROR /home/travis/build/SymbiFlow/sv-tests/tests/chapter-8/8.26.2--implements_extends.sv::16 error in parsing: (syntax error, unexpected vSYMBOL_ID, expecting '(')
	class base;
PARSE_ERROR /home/travis/build/SymbiFlow/sv-tests/tests/chapter-8/8.26.2--implements_extends.sv::22 error in parsing: (syntax error, unexpected vSYMBOL_ID, expecting '(')
	class Hello extends base implements ihello, itest;
PARSE_ERROR /home/travis/build/SymbiFlow/sv-tests/tests/chapter-8/8.26.2--implements_extends.sv::25 error in parsing: (syntax error, unexpected vENDFUNCTION)
		endfunction
PARSE_ERROR /home/travis/build/SymbiFlow/sv-tests/tests/chapter-8/8.26.2--implements_extends.sv::28 error in parsing: (syntax error, unexpected vENDFUNCTION)
		endfunction
