name: implements
description: implements keyword test
should_fail: 0
tags: 8.26.2
files: /home/travis/build/SymbiFlow/sv-tests/tests/chapter-8/8.26.2--implements.sv
incdirs: 
top_module: 
rc: -11

--------------
Odin has decided you MAY fail ... :

WARNING (1)::ARG_ERROR Permissive flag is ON. Undefined behaviour may occur

WARNING (2)::ARG_ERROR /home/travis/build/SymbiFlow/sv-tests/tests/chapter-8/8.26.2--implements.sv::1 File (/home/travis/build/SymbiFlow/sv-tests/tests/chapter-8/8.26.2--implements.sv) has an unsupported extension (.sv), Odin only supports {  .v .vh }

PARSE_ERROR /home/travis/build/SymbiFlow/sv-tests/tests/chapter-8/8.26.2--implements.sv::8 error in parsing: (syntax error, unexpected vSYMBOL_ID, expecting '(')
	interface class ihello;
PARSE_ERROR /home/travis/build/SymbiFlow/sv-tests/tests/chapter-8/8.26.2--implements.sv::9 error in parsing: (syntax error, unexpected vFUNCTION, expecting '(')
		pure virtual function void hello();
PARSE_ERROR /home/travis/build/SymbiFlow/sv-tests/tests/chapter-8/8.26.2--implements.sv::12 error in parsing: (syntax error, unexpected vSYMBOL_ID, expecting '(')
	class Hello implements ihello;
PARSE_ERROR /home/travis/build/SymbiFlow/sv-tests/tests/chapter-8/8.26.2--implements.sv::15 error in parsing: (syntax error, unexpected vENDFUNCTION)
		endfunction
