name: illegal_implements_parameter
description: implementing parameter that resolves to an interface class is not allowed
should_fail: 1
tags: 8.26.4
files: /home/travis/build/SymbiFlow/sv-tests/tests/chapter-8/8.26.4--illegal_implements_parameter.sv
incdirs: 
top_module: 
rc: -11

--------------
Odin has decided you MAY fail ... :

WARNING (1)::ARG_ERROR Permissive flag is ON. Undefined behaviour may occur

WARNING (2)::ARG_ERROR /home/travis/build/SymbiFlow/sv-tests/tests/chapter-8/8.26.4--illegal_implements_parameter.sv::1 File (/home/travis/build/SymbiFlow/sv-tests/tests/chapter-8/8.26.4--illegal_implements_parameter.sv) has an unsupported extension (.sv), Odin only supports {  .v .vh }

PARSE_ERROR /home/travis/build/SymbiFlow/sv-tests/tests/chapter-8/8.26.4--illegal_implements_parameter.sv::8 error in parsing: (syntax error, unexpected vSYMBOL_ID, expecting '(')
	interface class ihello;
PARSE_ERROR /home/travis/build/SymbiFlow/sv-tests/tests/chapter-8/8.26.4--illegal_implements_parameter.sv::9 error in parsing: (syntax error, unexpected vSYMBOL_ID, expecting '(')
		typedef int int_t;
PARSE_ERROR /home/travis/build/SymbiFlow/sv-tests/tests/chapter-8/8.26.4--illegal_implements_parameter.sv::10 error in parsing: (syntax error, unexpected vFUNCTION, expecting '(')
		pure virtual function void hello(int_t val);
PARSE_ERROR /home/travis/build/SymbiFlow/sv-tests/tests/chapter-8/8.26.4--illegal_implements_parameter.sv::13 error in parsing: (syntax error, unexpected vSYMBOL_ID, expecting '(')
	class Hello #(type T = ihello) implements T;
PARSE_ERROR /home/travis/build/SymbiFlow/sv-tests/tests/chapter-8/8.26.4--illegal_implements_parameter.sv::16 error in parsing: (syntax error, unexpected vENDFUNCTION)
		endfunction
