name: implemented_class_handle
description: it should be possible to assign object handle to a variable of an implemented class type
should_fail: 0
tags: 8.26.5
files: /home/travis/build/SymbiFlow/sv-tests/tests/chapter-8/8.26.5--implemented_class_handle.sv
incdirs: 
top_module: 
rc: -11

--------------
Odin has decided you MAY fail ... :

WARNING (1)::ARG_ERROR Permissive flag is ON. Undefined behaviour may occur

WARNING (2)::ARG_ERROR /home/travis/build/SymbiFlow/sv-tests/tests/chapter-8/8.26.5--implemented_class_handle.sv::1 File (/home/travis/build/SymbiFlow/sv-tests/tests/chapter-8/8.26.5--implemented_class_handle.sv) has an unsupported extension (.sv), Odin only supports {  .v .vh }

PARSE_ERROR /home/travis/build/SymbiFlow/sv-tests/tests/chapter-8/8.26.5--implemented_class_handle.sv::8 error in parsing: (syntax error, unexpected vSYMBOL_ID, expecting '(')
	interface class ihello;
PARSE_ERROR /home/travis/build/SymbiFlow/sv-tests/tests/chapter-8/8.26.5--implemented_class_handle.sv::9 error in parsing: (syntax error, unexpected vFUNCTION, expecting '(')
		pure virtual function void hello();
PARSE_ERROR /home/travis/build/SymbiFlow/sv-tests/tests/chapter-8/8.26.5--implemented_class_handle.sv::12 error in parsing: (syntax error, unexpected vSYMBOL_ID, expecting '(')
	class Hello implements ihello;
PARSE_ERROR /home/travis/build/SymbiFlow/sv-tests/tests/chapter-8/8.26.5--implemented_class_handle.sv::15 error in parsing: (syntax error, unexpected vENDFUNCTION)
		endfunction
PARSE_ERROR /home/travis/build/SymbiFlow/sv-tests/tests/chapter-8/8.26.5--implemented_class_handle.sv::19 error in parsing: (syntax error, unexpected ';', expecting '(')
	ihello iobj;
