name: forward_declaration
description: class forward declaration test
should_fail: 0
tags: 8.27
files: /home/travis/build/SymbiFlow/sv-tests/tests/chapter-8/8.27--forward_declaration.sv
incdirs: 
top_module: 
rc: -6

--------------
Odin has decided you MAY fail ... :

WARNING (1)::ARG_ERROR Permissive flag is ON. Undefined behaviour may occur

WARNING (2)::ARG_ERROR /home/travis/build/SymbiFlow/sv-tests/tests/chapter-8/8.27--forward_declaration.sv::1 File (/home/travis/build/SymbiFlow/sv-tests/tests/chapter-8/8.27--forward_declaration.sv) has an unsupported extension (.sv), Odin only supports {  .v .vh }

PARSE_ERROR /home/travis/build/SymbiFlow/sv-tests/tests/chapter-8/8.27--forward_declaration.sv::8 error in parsing: (syntax error, unexpected vSYMBOL_ID, expecting '(')
	typedef class C2;
PARSE_ERROR /home/travis/build/SymbiFlow/sv-tests/tests/chapter-8/8.27--forward_declaration.sv::10 error in parsing: (syntax error, unexpected ';', expecting '(')
	class C1;
PARSE_ERROR /home/travis/build/SymbiFlow/sv-tests/tests/chapter-8/8.27--forward_declaration.sv::11 error in parsing: (syntax error, unexpected ';', expecting '(')
		C2 c;
PARSE_ERROR /home/travis/build/SymbiFlow/sv-tests/tests/chapter-8/8.27--forward_declaration.sv::14 error in parsing: (syntax error, unexpected vSYMBOL_ID, expecting '(')
	class C2;
PARSE_ERROR /home/travis/build/SymbiFlow/sv-tests/tests/chapter-8/8.27--forward_declaration.sv::15 error in parsing: (syntax error, unexpected ';', expecting '(')
		C1 c;
ERROR (8)::NETLIST_ERROR Could not find a top level module

Assertion failed()@[/home/travis/build/SymbiFlow/sv-tests/third_party/tools/odin_ii/ODIN_II/SRC/netlist_create_from_ast.cpp]find_top_module::295 
