name: constructor
description: class constructor test
should_fail: 0
tags: 8.7
files: /home/travis/build/SymbiFlow/sv-tests/tests/chapter-8/8.7--constructor.sv
incdirs: 
top_module: 
rc: -6

--------------
Odin has decided you MAY fail ... :

WARNING (1)::ARG_ERROR Permissive flag is ON. Undefined behaviour may occur

WARNING (2)::ARG_ERROR /home/travis/build/SymbiFlow/sv-tests/tests/chapter-8/8.7--constructor.sv::1 File (/home/travis/build/SymbiFlow/sv-tests/tests/chapter-8/8.7--constructor.sv) has an unsupported extension (.sv), Odin only supports {  .v .vh }

PARSE_ERROR /home/travis/build/SymbiFlow/sv-tests/tests/chapter-8/8.7--constructor.sv::8 error in parsing: (syntax error, unexpected ';', expecting '(')
	class test_cls;
PARSE_ERROR /home/travis/build/SymbiFlow/sv-tests/tests/chapter-8/8.7--constructor.sv::9 error in parsing: (syntax error, unexpected ';', expecting '(')
		int a;
PARSE_ERROR /home/travis/build/SymbiFlow/sv-tests/tests/chapter-8/8.7--constructor.sv::15 error in parsing: (syntax error, unexpected vINITIAL, expecting vSYMBOL_ID or '#')
	initial begin
PARSE_ERROR /home/travis/build/SymbiFlow/sv-tests/tests/chapter-8/8.7--constructor.sv::19 error in parsing: (syntax error, unexpected vEND)
	end
ERROR (7)::NETLIST_ERROR Could not find a top level module

Assertion failed()@[/home/travis/build/SymbiFlow/sv-tests/third_party/tools/odin_ii/ODIN_II/SRC/netlist_create_from_ast.cpp]find_top_module::295 
