name: constructor_super
description: class constructor super test
should_fail: 0
tags: 8.7 8.17
files: /home/travis/build/SymbiFlow/sv-tests/tests/chapter-8/8.7--constructor_super.sv
incdirs: 
top_module: 
rc: -6

--------------
Odin has decided you MAY fail ... :

WARNING (1)::ARG_ERROR Permissive flag is ON. Undefined behaviour may occur

WARNING (2)::ARG_ERROR /home/travis/build/SymbiFlow/sv-tests/tests/chapter-8/8.7--constructor_super.sv::1 File (/home/travis/build/SymbiFlow/sv-tests/tests/chapter-8/8.7--constructor_super.sv) has an unsupported extension (.sv), Odin only supports {  .v .vh }

PARSE_ERROR /home/travis/build/SymbiFlow/sv-tests/tests/chapter-8/8.7--constructor_super.sv::8 error in parsing: (syntax error, unexpected ';', expecting '(')
	class super_cls;
PARSE_ERROR /home/travis/build/SymbiFlow/sv-tests/tests/chapter-8/8.7--constructor_super.sv::9 error in parsing: (syntax error, unexpected '=', expecting '(')
		int s = 2;
PARSE_ERROR /home/travis/build/SymbiFlow/sv-tests/tests/chapter-8/8.7--constructor_super.sv::10 error in parsing: (syntax error, unexpected vSYMBOL_ID, expecting vINPUT or ')')
		function new(int def = 3);
PARSE_ERROR /home/travis/build/SymbiFlow/sv-tests/tests/chapter-8/8.7--constructor_super.sv::15 error in parsing: (syntax error, unexpected ';', expecting '(')
		int a;
ERROR (7)::PARSE_ERROR /home/travis/build/SymbiFlow/sv-tests/tests/chapter-8/8.7--constructor_super.sv::16 Function already has output with this name new
		function new(int def = 42);
Assertion failed()@[/home/travis/build/SymbiFlow/sv-tests/third_party/tools/odin_ii/ODIN_II/SRC/parse_making_ast.cpp]markAndProcessPortWith::522 
