name: static_properties
description: static class properties test
should_fail: 0
tags: 8.9
files: /home/travis/build/SymbiFlow/sv-tests/tests/chapter-8/8.9--static_properties.sv
incdirs: 
top_module: 
rc: -11

--------------
Odin has decided you MAY fail ... :

WARNING (1)::ARG_ERROR Permissive flag is ON. Undefined behaviour may occur

WARNING (2)::ARG_ERROR /home/travis/build/SymbiFlow/sv-tests/tests/chapter-8/8.9--static_properties.sv::1 File (/home/travis/build/SymbiFlow/sv-tests/tests/chapter-8/8.9--static_properties.sv) has an unsupported extension (.sv), Odin only supports {  .v .vh }

PARSE_ERROR /home/travis/build/SymbiFlow/sv-tests/tests/chapter-8/8.9--static_properties.sv::8 error in parsing: (syntax error, unexpected ';', expecting '(')
	class test_cls;
PARSE_ERROR /home/travis/build/SymbiFlow/sv-tests/tests/chapter-8/8.9--static_properties.sv::9 error in parsing: (syntax error, unexpected vSYMBOL_ID, expecting '(')
		static int s = 24;
PARSE_ERROR /home/travis/build/SymbiFlow/sv-tests/tests/chapter-8/8.9--static_properties.sv::12 error in parsing: (syntax error, unexpected vSYMBOL_ID, expecting '(')
	test_cls test_obj0;
PARSE_ERROR /home/travis/build/SymbiFlow/sv-tests/tests/chapter-8/8.9--static_properties.sv::13 error in parsing: (syntax error, unexpected ';', expecting '(')
	test_cls test_obj1;
