name: inheritance
description: class inheritance test
should_fail: 0
tags: 8.13
files: /home/travis/build/SymbiFlow/sv-tests/tests/chapter-8/8.13--inheritance.sv
incdirs: 
top_module: 
rc: 10

%Error: /home/travis/build/SymbiFlow/sv-tests/tests/chapter-8/8.13--inheritance.sv:8: Unsupported: SystemVerilog 2005 reserved word not implemented: class
%Error: /home/travis/build/SymbiFlow/sv-tests/tests/chapter-8/8.13--inheritance.sv:8: syntax error, unexpected ';', expecting IDENTIFIER
%Error: /home/travis/build/SymbiFlow/sv-tests/tests/chapter-8/8.13--inheritance.sv:11: syntax error, unexpected ++, expecting TYPE-IDENTIFIER
%Error: /home/travis/build/SymbiFlow/sv-tests/tests/chapter-8/8.13--inheritance.sv:13: Unsupported: SystemVerilog 2005 reserved word not implemented: new
%Error: /home/travis/build/SymbiFlow/sv-tests/tests/chapter-8/8.13--inheritance.sv:13: syntax error, unexpected '(', expecting '['
%Error: /home/travis/build/SymbiFlow/sv-tests/tests/chapter-8/8.13--inheritance.sv:16: Unsupported: SystemVerilog 2005 reserved word not implemented: endclass
%Error: /home/travis/build/SymbiFlow/sv-tests/tests/chapter-8/8.13--inheritance.sv:18: Unsupported: SystemVerilog 2005 reserved word not implemented: class
%Error: /home/travis/build/SymbiFlow/sv-tests/tests/chapter-8/8.13--inheritance.sv:18: Unsupported: SystemVerilog 2005 reserved word not implemented: extends
%Error: /home/travis/build/SymbiFlow/sv-tests/tests/chapter-8/8.13--inheritance.sv:20: Unsupported: SystemVerilog 2005 reserved word not implemented: new
%Error: /home/travis/build/SymbiFlow/sv-tests/tests/chapter-8/8.13--inheritance.sv:20: syntax error, unexpected '(', expecting '['
%Error: /home/travis/build/SymbiFlow/sv-tests/tests/chapter-8/8.13--inheritance.sv:21: Unsupported: SystemVerilog 2005 reserved word not implemented: super
%Error: /home/travis/build/SymbiFlow/sv-tests/tests/chapter-8/8.13--inheritance.sv:21: Unsupported: SystemVerilog 2005 reserved word not implemented: new
%Error: /home/travis/build/SymbiFlow/sv-tests/tests/chapter-8/8.13--inheritance.sv:24: Unsupported: SystemVerilog 2005 reserved word not implemented: endclass
%Error: /home/travis/build/SymbiFlow/sv-tests/tests/chapter-8/8.13--inheritance.sv:29: Unsupported: SystemVerilog 2005 reserved word not implemented: new
%Error: Exiting due to 14 error(s)
%Error: See the manual and http://www.veripool.org/verilator for more assistance.
%Error: Command Failed /usr/bin/verilator_bin -Wno-fatal --cc /home/travis/build/SymbiFlow/sv-tests/tests/chapter-8/8.13--inheritance.sv
