name: parametrized_class_extend
description: parametrized class extending another parametrized class
should_fail: 0
tags: 8.25
files: /home/travis/build/SymbiFlow/sv-tests/tests/chapter-8/8.25--parametrized_class_extend.sv
incdirs: 
top_module: 
rc: 10

%Error: /home/travis/build/SymbiFlow/sv-tests/tests/chapter-8/8.25--parametrized_class_extend.sv:8: Unsupported: SystemVerilog 2005 reserved word not implemented: class
%Error: /home/travis/build/SymbiFlow/sv-tests/tests/chapter-8/8.25--parametrized_class_extend.sv:8: syntax error, unexpected IDENTIFIER, expecting ')'
%Error: /home/travis/build/SymbiFlow/sv-tests/tests/chapter-8/8.25--parametrized_class_extend.sv:10: Unsupported: SystemVerilog 2005 reserved word not implemented: endclass
%Error: /home/travis/build/SymbiFlow/sv-tests/tests/chapter-8/8.25--parametrized_class_extend.sv:12: Unsupported: SystemVerilog 2005 reserved word not implemented: class
%Error: /home/travis/build/SymbiFlow/sv-tests/tests/chapter-8/8.25--parametrized_class_extend.sv:12: syntax error, unexpected IDENTIFIER, expecting ')'
%Error: /home/travis/build/SymbiFlow/sv-tests/tests/chapter-8/8.25--parametrized_class_extend.sv:12: Unsupported: SystemVerilog 2005 reserved word not implemented: extends
%Error: /home/travis/build/SymbiFlow/sv-tests/tests/chapter-8/8.25--parametrized_class_extend.sv:14: Unsupported: SystemVerilog 2005 reserved word not implemented: endclass
%Error: /home/travis/build/SymbiFlow/sv-tests/tests/chapter-8/8.25--parametrized_class_extend.sv:19: Unsupported: SystemVerilog 2005 reserved word not implemented: new
%Error: /home/travis/build/SymbiFlow/sv-tests/tests/chapter-8/8.25--parametrized_class_extend.sv:19: syntax error, unexpected ';', expecting TYPE-IDENTIFIER
%Error: Exiting due to 9 error(s)
%Error: See the manual and http://www.veripool.org/verilator for more assistance.
%Error: Command Failed /usr/bin/verilator_bin -Wno-fatal --cc /home/travis/build/SymbiFlow/sv-tests/tests/chapter-8/8.25--parametrized_class_extend.sv
