name: type_access_implements
description: access interface class type with scope resolution operator
should_fail: 0
tags: 8.26.3
files: /home/travis/build/SymbiFlow/sv-tests/tests/chapter-8/8.26.3--type_access_implements.sv
incdirs: 
top_module: 
rc: 10

%Error: /home/travis/build/SymbiFlow/sv-tests/tests/chapter-8/8.26.3--type_access_implements.sv:8: syntax error, unexpected interface
%Error: /home/travis/build/SymbiFlow/sv-tests/tests/chapter-8/8.26.3--type_access_implements.sv:8: Unsupported: SystemVerilog 2005 reserved word not implemented: class
%Error: /home/travis/build/SymbiFlow/sv-tests/tests/chapter-8/8.26.3--type_access_implements.sv:10: syntax error, unexpected pure
%Error: /home/travis/build/SymbiFlow/sv-tests/tests/chapter-8/8.26.3--type_access_implements.sv:10: Unsupported: SystemVerilog 2005 reserved word not implemented: virtual
%Error: /home/travis/build/SymbiFlow/sv-tests/tests/chapter-8/8.26.3--type_access_implements.sv:11: Unsupported: SystemVerilog 2005 reserved word not implemented: endclass
%Error: /home/travis/build/SymbiFlow/sv-tests/tests/chapter-8/8.26.3--type_access_implements.sv:13: Unsupported: SystemVerilog 2005 reserved word not implemented: class
%Error: /home/travis/build/SymbiFlow/sv-tests/tests/chapter-8/8.26.3--type_access_implements.sv:13: Unsupported: SystemVerilog 2012 reserved word not implemented: implements
%Error: /home/travis/build/SymbiFlow/sv-tests/tests/chapter-8/8.26.3--type_access_implements.sv:14: Unsupported: SystemVerilog 2005 reserved word not implemented: virtual
%Error: /home/travis/build/SymbiFlow/sv-tests/tests/chapter-8/8.26.3--type_access_implements.sv:14: syntax error, unexpected ::, expecting ')'
%Error: /home/travis/build/SymbiFlow/sv-tests/tests/chapter-8/8.26.3--type_access_implements.sv:14: Perhaps 'ihello' is a package which needs to be predeclared? (IEEE 2012 26.3)
%Error: /home/travis/build/SymbiFlow/sv-tests/tests/chapter-8/8.26.3--type_access_implements.sv:17: Unsupported: SystemVerilog 2005 reserved word not implemented: endclass
%Error: /home/travis/build/SymbiFlow/sv-tests/tests/chapter-8/8.26.3--type_access_implements.sv:22: Unsupported: SystemVerilog 2005 reserved word not implemented: new
%Error: /home/travis/build/SymbiFlow/sv-tests/tests/chapter-8/8.26.3--type_access_implements.sv:22: syntax error, unexpected ';', expecting TYPE-IDENTIFIER
%Error: Internal Error: /home/travis/build/SymbiFlow/sv-tests/tests/chapter-8/8.26.3--type_access_implements.sv:7: ../V3ParseSym.h:112: Symbols suggest ending TASK 'hello' but parser thinks ending MODULE 'class_tb'
%Error: Command Failed /usr/bin/verilator_bin -Wno-fatal --cc /home/travis/build/SymbiFlow/sv-tests/tests/chapter-8/8.26.3--type_access_implements.sv
