name: illegal_forward_def_implements
description: implementing forward typedef for an interface class should fail
should_fail: 1
tags: 8.26.4
files: /home/travis/build/SymbiFlow/sv-tests/tests/chapter-8/8.26.4--illegal_forward_def_implements.sv
incdirs: 
top_module: 
rc: 10

%Error: /home/travis/build/SymbiFlow/sv-tests/tests/chapter-8/8.26.4--illegal_forward_def_implements.sv:8: syntax error, unexpected interface, expecting TYPE-IDENTIFIER
%Error: /home/travis/build/SymbiFlow/sv-tests/tests/chapter-8/8.26.4--illegal_forward_def_implements.sv:8: Unsupported: SystemVerilog 2005 reserved word not implemented: class
%Error: /home/travis/build/SymbiFlow/sv-tests/tests/chapter-8/8.26.4--illegal_forward_def_implements.sv:10: Unsupported: SystemVerilog 2005 reserved word not implemented: class
%Error: /home/travis/build/SymbiFlow/sv-tests/tests/chapter-8/8.26.4--illegal_forward_def_implements.sv:10: Unsupported: SystemVerilog 2012 reserved word not implemented: implements
%Error: /home/travis/build/SymbiFlow/sv-tests/tests/chapter-8/8.26.4--illegal_forward_def_implements.sv:11: Unsupported: SystemVerilog 2005 reserved word not implemented: virtual
%Error: /home/travis/build/SymbiFlow/sv-tests/tests/chapter-8/8.26.4--illegal_forward_def_implements.sv:11: syntax error, unexpected ::, expecting ')'
%Error: /home/travis/build/SymbiFlow/sv-tests/tests/chapter-8/8.26.4--illegal_forward_def_implements.sv:11: Perhaps 'ihello' is a package which needs to be predeclared? (IEEE 2012 26.3)
%Error: /home/travis/build/SymbiFlow/sv-tests/tests/chapter-8/8.26.4--illegal_forward_def_implements.sv:14: Unsupported: SystemVerilog 2005 reserved word not implemented: endclass
%Error: /home/travis/build/SymbiFlow/sv-tests/tests/chapter-8/8.26.4--illegal_forward_def_implements.sv:16: Unsupported: SystemVerilog 2005 reserved word not implemented: class
%Error: /home/travis/build/SymbiFlow/sv-tests/tests/chapter-8/8.26.4--illegal_forward_def_implements.sv:18: syntax error, unexpected pure
%Error: /home/travis/build/SymbiFlow/sv-tests/tests/chapter-8/8.26.4--illegal_forward_def_implements.sv:18: Unsupported: SystemVerilog 2005 reserved word not implemented: virtual
%Error: /home/travis/build/SymbiFlow/sv-tests/tests/chapter-8/8.26.4--illegal_forward_def_implements.sv:19: Unsupported: SystemVerilog 2005 reserved word not implemented: endclass
%Error: /home/travis/build/SymbiFlow/sv-tests/tests/chapter-8/8.26.4--illegal_forward_def_implements.sv:24: Unsupported: SystemVerilog 2005 reserved word not implemented: new
%Error: /home/travis/build/SymbiFlow/sv-tests/tests/chapter-8/8.26.4--illegal_forward_def_implements.sv:24: syntax error, unexpected ';', expecting TYPE-IDENTIFIER
%Error: Internal Error: /home/travis/build/SymbiFlow/sv-tests/tests/chapter-8/8.26.4--illegal_forward_def_implements.sv:7: ../V3ParseSym.h:112: Symbols suggest ending TASK 'hello' but parser thinks ending MODULE 'class_tb'
%Error: Command Failed /usr/bin/verilator_bin -Wno-fatal --cc /home/travis/build/SymbiFlow/sv-tests/tests/chapter-8/8.26.4--illegal_forward_def_implements.sv
