name: implemented_class_handle
description: it should be possible to assign object handle to a variable of an implemented class type
should_fail: 0
tags: 8.26.5
files: /home/travis/build/SymbiFlow/sv-tests/tests/chapter-8/8.26.5--implemented_class_handle.sv
incdirs: 
top_module: 
rc: 10

%Error: /home/travis/build/SymbiFlow/sv-tests/tests/chapter-8/8.26.5--implemented_class_handle.sv:8: syntax error, unexpected interface
%Error: /home/travis/build/SymbiFlow/sv-tests/tests/chapter-8/8.26.5--implemented_class_handle.sv:8: Unsupported: SystemVerilog 2005 reserved word not implemented: class
%Error: /home/travis/build/SymbiFlow/sv-tests/tests/chapter-8/8.26.5--implemented_class_handle.sv:9: Unsupported: SystemVerilog 2005 reserved word not implemented: virtual
%Error: /home/travis/build/SymbiFlow/sv-tests/tests/chapter-8/8.26.5--implemented_class_handle.sv:10: Unsupported: SystemVerilog 2005 reserved word not implemented: endclass
%Error: /home/travis/build/SymbiFlow/sv-tests/tests/chapter-8/8.26.5--implemented_class_handle.sv:12: Unsupported: SystemVerilog 2005 reserved word not implemented: class
%Error: /home/travis/build/SymbiFlow/sv-tests/tests/chapter-8/8.26.5--implemented_class_handle.sv:12: Unsupported: SystemVerilog 2012 reserved word not implemented: implements
%Error: /home/travis/build/SymbiFlow/sv-tests/tests/chapter-8/8.26.5--implemented_class_handle.sv:13: Unsupported: SystemVerilog 2005 reserved word not implemented: virtual
%Error: /home/travis/build/SymbiFlow/sv-tests/tests/chapter-8/8.26.5--implemented_class_handle.sv:16: Unsupported: SystemVerilog 2005 reserved word not implemented: endclass
%Error: /home/travis/build/SymbiFlow/sv-tests/tests/chapter-8/8.26.5--implemented_class_handle.sv:22: Unsupported: SystemVerilog 2005 reserved word not implemented: new
%Error: /home/travis/build/SymbiFlow/sv-tests/tests/chapter-8/8.26.5--implemented_class_handle.sv:22: syntax error, unexpected ';', expecting TYPE-IDENTIFIER
%Error: Exiting due to 10 error(s)
%Error: Command Failed /usr/bin/verilator_bin -Wno-fatal --cc /home/travis/build/SymbiFlow/sv-tests/tests/chapter-8/8.26.5--implemented_class_handle.sv
