name: typed_constructor
description: class typed constructor test
should_fail: 0
tags: 8.8
files: /home/travis/build/SymbiFlow/sv-tests/tests/chapter-8/8.8--typed_constructor.sv
incdirs: 
top_module: 
rc: 10

%Error: /home/travis/build/SymbiFlow/sv-tests/tests/chapter-8/8.8--typed_constructor.sv:8: Unsupported: SystemVerilog 2005 reserved word not implemented: class
%Error: /home/travis/build/SymbiFlow/sv-tests/tests/chapter-8/8.8--typed_constructor.sv:8: syntax error, unexpected ';', expecting IDENTIFIER
%Error: /home/travis/build/SymbiFlow/sv-tests/tests/chapter-8/8.8--typed_constructor.sv:10: Unsupported: SystemVerilog 2005 reserved word not implemented: new
%Error: /home/travis/build/SymbiFlow/sv-tests/tests/chapter-8/8.8--typed_constructor.sv:10: syntax error, unexpected '(', expecting '['
%Error: /home/travis/build/SymbiFlow/sv-tests/tests/chapter-8/8.8--typed_constructor.sv:13: Unsupported: SystemVerilog 2005 reserved word not implemented: endclass
%Error: /home/travis/build/SymbiFlow/sv-tests/tests/chapter-8/8.8--typed_constructor.sv:15: Unsupported: SystemVerilog 2005 reserved word not implemented: class
%Error: /home/travis/build/SymbiFlow/sv-tests/tests/chapter-8/8.8--typed_constructor.sv:15: Unsupported: SystemVerilog 2005 reserved word not implemented: extends
%Error: /home/travis/build/SymbiFlow/sv-tests/tests/chapter-8/8.8--typed_constructor.sv:17: Unsupported: SystemVerilog 2005 reserved word not implemented: new
%Error: /home/travis/build/SymbiFlow/sv-tests/tests/chapter-8/8.8--typed_constructor.sv:17: syntax error, unexpected '(', expecting '['
%Error: /home/travis/build/SymbiFlow/sv-tests/tests/chapter-8/8.8--typed_constructor.sv:18: Unsupported: SystemVerilog 2005 reserved word not implemented: super
%Error: /home/travis/build/SymbiFlow/sv-tests/tests/chapter-8/8.8--typed_constructor.sv:18: Unsupported: SystemVerilog 2005 reserved word not implemented: new
%Error: /home/travis/build/SymbiFlow/sv-tests/tests/chapter-8/8.8--typed_constructor.sv:21: Unsupported: SystemVerilog 2005 reserved word not implemented: endclass
%Error: /home/travis/build/SymbiFlow/sv-tests/tests/chapter-8/8.8--typed_constructor.sv:26: syntax error, unexpected ::, expecting ';'
%Error: /home/travis/build/SymbiFlow/sv-tests/tests/chapter-8/8.8--typed_constructor.sv:26: Perhaps 'test_cls' is a package which needs to be predeclared? (IEEE 2012 26.3)
%Error: /home/travis/build/SymbiFlow/sv-tests/tests/chapter-8/8.8--typed_constructor.sv:26: Unsupported: SystemVerilog 2005 reserved word not implemented: new
%Error: Exiting due to 15 error(s)
%Error: See the manual and http://www.veripool.org/verilator for more assistance.
%Error: Command Failed /usr/bin/verilator_bin -Wno-fatal --cc /home/travis/build/SymbiFlow/sv-tests/tests/chapter-8/8.8--typed_constructor.sv
