name: fx68k
description: Full fx68k core test
files: /home/travis/build/SymbiFlow/sv-tests/third_party/cores/fx68k/fx68k.sv /home/travis/build/SymbiFlow/sv-tests/third_party/cores/fx68k/fx68kAlu.sv /home/travis/build/SymbiFlow/sv-tests/third_party/cores/fx68k/uaddrPla.sv
should_fail: 0
tags: fx68k
incdirs: 
top_module: 
rc: 10

%Warning-WIDTH: /home/travis/build/SymbiFlow/sv-tests/third_party/cores/fx68k/fx68kAlu.sv:467: Operator COND expects 9 bits on the Conditional True, but Conditional True's CONST '4'h6' generates 4 bits.
%Warning-WIDTH: Use "/* verilator lint_off WIDTH */" and lint_on around source to disable this message.
%Warning-WIDTH: /home/travis/build/SymbiFlow/sv-tests/third_party/cores/fx68k/fx68kAlu.sv:467: Operator COND expects 9 bits on the Conditional False, but Conditional False's CONST '4'h0' generates 4 bits.
%Warning-WIDTH: /home/travis/build/SymbiFlow/sv-tests/third_party/cores/fx68k/fx68kAlu.sv:468: Operator COND expects 5 bits on the Conditional True, but Conditional True's CONST '4'h6' generates 4 bits.
%Warning-WIDTH: /home/travis/build/SymbiFlow/sv-tests/third_party/cores/fx68k/fx68kAlu.sv:468: Operator COND expects 5 bits on the Conditional False, but Conditional False's CONST '4'h0' generates 4 bits.
%Warning-WIDTH: /home/travis/build/SymbiFlow/sv-tests/third_party/cores/fx68k/fx68kAlu.sv:472: Operator COND expects 9 bits on the Conditional True, but Conditional True's CONST '4'h6' generates 4 bits.
%Warning-WIDTH: /home/travis/build/SymbiFlow/sv-tests/third_party/cores/fx68k/fx68kAlu.sv:472: Operator COND expects 9 bits on the Conditional False, but Conditional False's CONST '4'h0' generates 4 bits.
%Warning-WIDTH: /home/travis/build/SymbiFlow/sv-tests/third_party/cores/fx68k/fx68kAlu.sv:473: Operator COND expects 5 bits on the Conditional True, but Conditional True's CONST '4'h6' generates 4 bits.
%Warning-WIDTH: /home/travis/build/SymbiFlow/sv-tests/third_party/cores/fx68k/fx68kAlu.sv:473: Operator COND expects 5 bits on the Conditional False, but Conditional False's CONST '4'h0' generates 4 bits.
%Warning-WIDTH: /home/travis/build/SymbiFlow/sv-tests/third_party/cores/fx68k/fx68kAlu.sv:278: Operator ADD expects 17 bits on the LHS, but LHS's REPLICATE generates 9 bits.
%Warning-WIDTH: /home/travis/build/SymbiFlow/sv-tests/third_party/cores/fx68k/fx68kAlu.sv:278: Operator ADD expects 17 bits on the RHS, but RHS's REPLICATE generates 9 bits.
%Warning-WIDTH: /home/travis/build/SymbiFlow/sv-tests/third_party/cores/fx68k/fx68kAlu.sv:278: Operator ADD expects 17 bits on the RHS, but RHS's VARREF 'cin' generates 1 bits.
%Warning-WIDTH: /home/travis/build/SymbiFlow/sv-tests/third_party/cores/fx68k/fx68kAlu.sv:279: Operator SUB expects 17 bits on the LHS, but LHS's REPLICATE generates 9 bits.
%Warning-WIDTH: /home/travis/build/SymbiFlow/sv-tests/third_party/cores/fx68k/fx68kAlu.sv:279: Operator SUB expects 17 bits on the RHS, but RHS's REPLICATE generates 9 bits.
%Warning-WIDTH: /home/travis/build/SymbiFlow/sv-tests/third_party/cores/fx68k/fx68kAlu.sv:279: Operator SUB expects 17 bits on the RHS, but RHS's VARREF 'cin' generates 1 bits.
%Warning-WIDTH: /home/travis/build/SymbiFlow/sv-tests/third_party/cores/fx68k/fx68kAlu.sv:284: Operator ADD expects 17 bits on the RHS, but RHS's VARREF 'cin' generates 1 bits.
%Warning-WIDTH: /home/travis/build/SymbiFlow/sv-tests/third_party/cores/fx68k/fx68kAlu.sv:285: Operator SUB expects 17 bits on the RHS, but RHS's VARREF 'cin' generates 1 bits.
%Warning-WIDTH: /home/travis/build/SymbiFlow/sv-tests/third_party/cores/fx68k/fx68k.sv:1904: Operator ASSIGN expects 4 bits on the Assign RHS, but Assign RHS's VARREF 'i' generates 32 bits.
%Warning-UNPACKED: /home/travis/build/SymbiFlow/sv-tests/third_party/cores/fx68k/fx68k.sv:41: Unsupported: Unpacked struct/union
%Warning-UNPACKED: /home/travis/build/SymbiFlow/sv-tests/third_party/cores/fx68k/fx68k.sv:66: Unsupported: Unpacked struct/union
%Warning-UNPACKED: /home/travis/build/SymbiFlow/sv-tests/third_party/cores/fx68k/fx68k.sv:49: Unsupported: Unpacked struct/union
%Warning-WIDTH: /home/travis/build/SymbiFlow/sv-tests/third_party/cores/fx68k/fx68k.sv:2371: Operator AND expects 32 bits on the LHS, but LHS's SEL generates 1 bits.
%Warning-WIDTH: /home/travis/build/SymbiFlow/sv-tests/third_party/cores/fx68k/fx68k.sv:2371: Operator AND expects 32 bits on the RHS, but RHS's VARREF 'bcComplete' generates 1 bits.
%Warning-WIDTH: /home/travis/build/SymbiFlow/sv-tests/third_party/cores/fx68k/fx68k.sv:2371: Logical Operator IF expects 1 bit on the If, but If's AND generates 32 bits.
%Warning-WIDTH: /home/travis/build/SymbiFlow/sv-tests/third_party/cores/fx68k/fx68k.sv:2116: Operator ASSIGN expects 4 bits on the Assign RHS, but Assign RHS's REPLICATE generates 2 bits.
%Warning-WIDTH: /home/travis/build/SymbiFlow/sv-tests/third_party/cores/fx68k/fx68k.sv:1815: Operator ASSIGN expects 4 bits on the Assign RHS, but Assign RHS's SEL generates 3 bits.
%Warning-WIDTH: /home/travis/build/SymbiFlow/sv-tests/third_party/cores/fx68k/fx68k.sv:1226: Operator ASSIGN expects 4 bits on the Assign RHS, but Assign RHS's CONST '1'bx' generates 1 bits.
%Warning-WIDTH: /home/travis/build/SymbiFlow/sv-tests/third_party/cores/fx68k/fx68k.sv:1231: Operator ASSIGN expects 4 bits on the Assign RHS, but Assign RHS's CONST '1'bx' generates 1 bits.
%Warning-WIDTH: /home/travis/build/SymbiFlow/sv-tests/third_party/cores/fx68k/fx68k.sv:1236: Operator ASSIGN expects 4 bits on the Assign RHS, but Assign RHS's CONST '1'bx' generates 1 bits.
%Warning-WIDTH: /home/travis/build/SymbiFlow/sv-tests/third_party/cores/fx68k/fx68k.sv:1480: Operator ADD expects 16 bits on the RHS, but RHS's SEL generates 1 bits.
%Warning-INITIALDLY: /home/travis/build/SymbiFlow/sv-tests/third_party/cores/fx68k/fx68k.sv:1165: Delayed assignments (<=) in initial or final block; suggest blocking assignments (=).
%Warning-INITIALDLY: /home/travis/build/SymbiFlow/sv-tests/third_party/cores/fx68k/fx68k.sv:1166: Delayed assignments (<=) in initial or final block; suggest blocking assignments (=).
%Error-BLKANDNBLK: /home/travis/build/SymbiFlow/sv-tests/third_party/cores/fx68k/fx68k.sv:274: Unsupported: Blocked and non-blocking assignments to same variable: fx68k.Nanod
%Warning-MULTIDRIVEN: /home/travis/build/SymbiFlow/sv-tests/third_party/cores/fx68k/fx68k.sv:274: Signal has multiple driving blocks with different clocking: fx68k.Nanod
%Warning-MULTIDRIVEN: /home/travis/build/SymbiFlow/sv-tests/third_party/cores/fx68k/fx68k.sv:874: ... Location of first driving block
%Warning-MULTIDRIVEN: /home/travis/build/SymbiFlow/sv-tests/third_party/cores/fx68k/fx68k.sv:719: ... Location of other driving block
%Warning-UNOPTFLAT: /home/travis/build/SymbiFlow/sv-tests/third_party/cores/fx68k/fx68kAlu.sv:459: Signal unoptimizable: Feedback to clock or circular logic: fx68k.excUnit.alu.aluCorf.htemp
%Warning-UNOPTFLAT:      Example path: /home/travis/build/SymbiFlow/sv-tests/third_party/cores/fx68k/fx68kAlu.sv:459:  fx68k.excUnit.alu.aluCorf.htemp
%Warning-UNOPTFLAT:      Example path: /home/travis/build/SymbiFlow/sv-tests/third_party/cores/fx68k/fx68kAlu.sv:463:  ALWAYS
%Warning-UNOPTFLAT:      Example path: /home/travis/build/SymbiFlow/sv-tests/third_party/cores/fx68k/fx68kAlu.sv:463:  fx68k.excUnit.alu.aluCorf.highC
%Warning-UNOPTFLAT:      Example path: /home/travis/build/SymbiFlow/sv-tests/third_party/cores/fx68k/fx68kAlu.sv:465:  ALWAYS
%Warning-UNOPTFLAT:      Example path: /home/travis/build/SymbiFlow/sv-tests/third_party/cores/fx68k/fx68kAlu.sv:459:  fx68k.excUnit.alu.aluCorf.htemp
%Warning-UNOPTFLAT: /home/travis/build/SymbiFlow/sv-tests/third_party/cores/fx68k/fx68k.sv:857: Signal unoptimizable: Feedback to clock or circular logic: fx68k.nDecoder.isPcRel
%Warning-UNOPTFLAT:      Example path: /home/travis/build/SymbiFlow/sv-tests/third_party/cores/fx68k/fx68k.sv:857:  fx68k.nDecoder.isPcRel
%Warning-UNOPTFLAT:      Example path: /home/travis/build/SymbiFlow/sv-tests/third_party/cores/fx68k/fx68k.sv:863:  ASSIGNW
%Warning-UNOPTFLAT:      Example path: /home/travis/build/SymbiFlow/sv-tests/third_party/cores/fx68k/fx68k.sv:274:  fx68k.Nanod
%Warning-UNOPTFLAT:      Example path: /home/travis/build/SymbiFlow/sv-tests/third_party/cores/fx68k/fx68k.sv:857:  ASSIGNW
%Warning-UNOPTFLAT:      Example path: /home/travis/build/SymbiFlow/sv-tests/third_party/cores/fx68k/fx68k.sv:857:  fx68k.nDecoder.isPcRel
%Warning-UNOPTFLAT: /home/travis/build/SymbiFlow/sv-tests/third_party/cores/fx68k/fx68k.sv:151: Signal unoptimizable: Feedback to clock or circular logic: fx68k.Clks
%Warning-UNOPTFLAT:      Example path: /home/travis/build/SymbiFlow/sv-tests/third_party/cores/fx68k/fx68k.sv:151:  fx68k.Clks
%Warning-UNOPTFLAT:      Example path: /home/travis/build/SymbiFlow/sv-tests/third_party/cores/fx68k/fx68k.sv:2218:  ASSIGNW
%Warning-UNOPTFLAT:      Example path: /home/travis/build/SymbiFlow/sv-tests/third_party/cores/fx68k/fx68k.sv:2218:  fx68k.busArbiter.__Vsenitemexpr1
%Warning-UNOPTFLAT:      Example path: /home/travis/build/SymbiFlow/sv-tests/third_party/cores/fx68k/fx68k.sv:2220:  ACTIVE
%Warning-UNOPTFLAT:      Example path: /home/travis/build/SymbiFlow/sv-tests/third_party/cores/fx68k/fx68k.sv:2220:  ASSIGNPRE
%Warning-UNOPTFLAT:      Example path: /home/travis/build/SymbiFlow/sv-tests/third_party/cores/fx68k/fx68k.sv:2160:  __Vdly__fx68k.busArbiter.dmaPhase
%Warning-UNOPTFLAT:      Example path: /home/travis/build/SymbiFlow/sv-tests/third_party/cores/fx68k/fx68k.sv:2219:  ALWAYS
%Warning-UNOPTFLAT:      Example path: /home/travis/build/SymbiFlow/sv-tests/third_party/cores/fx68k/fx68k.sv:151:  fx68k.Clks
%Warning-UNOPTFLAT:      Example path: /home/travis/build/SymbiFlow/sv-tests/third_party/cores/fx68k/fx68k.sv:153:  ASSIGNW
%Warning-UNOPTFLAT:      Example path: /home/travis/build/SymbiFlow/sv-tests/third_party/cores/fx68k/fx68k.sv:151:  fx68k.Clks
%Warning-UNOPTFLAT: /home/travis/build/SymbiFlow/sv-tests/third_party/cores/fx68k/fx68k.sv:276: Signal unoptimizable: Feedback to clock or circular logic: fx68k.Irdecod
%Warning-UNOPTFLAT:      Example path: /home/travis/build/SymbiFlow/sv-tests/third_party/cores/fx68k/fx68k.sv:276:  fx68k.Irdecod
%Warning-UNOPTFLAT:      Example path: /home/travis/build/SymbiFlow/sv-tests/third_party/cores/fx68k/fx68k.sv:937:  ALWAYS
%Warning-UNOPTFLAT:      Example path: /home/travis/build/SymbiFlow/sv-tests/third_party/cores/fx68k/fx68k.sv:276:  fx68k.Irdecod
%Warning-UNOPTFLAT: /home/travis/build/SymbiFlow/sv-tests/third_party/cores/fx68k/fx68k.sv:274: Signal unoptimizable: Feedback to clock or circular logic: fx68k.Nanod
%Warning-UNOPTFLAT:      Example path: /home/travis/build/SymbiFlow/sv-tests/third_party/cores/fx68k/fx68k.sv:274:  fx68k.Nanod
%Warning-UNOPTFLAT:      Example path: /home/travis/build/SymbiFlow/sv-tests/third_party/cores/fx68k/fx68k.sv:766:  ASSIGNW
%Warning-UNOPTFLAT:      Example path: /home/travis/build/SymbiFlow/sv-tests/third_party/cores/fx68k/fx68k.sv:274:  fx68k.Nanod
%Error: Exiting due to 1 error(s)
%Error: Command Failed /usr/bin/verilator_bin -Wno-fatal --cc /home/travis/build/SymbiFlow/sv-tests/third_party/cores/fx68k/fx68k.sv /home/travis/build/SymbiFlow/sv-tests/third_party/cores/fx68k/fx68kAlu.sv /home/travis/build/SymbiFlow/sv-tests/third_party/cores/fx68k/uaddrPla.sv
