name: hdlconvertor_p612
description: Tests imported from hdlconv
files: /home/travis/build/SymbiFlow/sv-tests/third_party/tests/hdlconvertor/tests/sv_test/std2017/p612.sv
should_fail: 0
tags: hdlconv
incdirs: 
top_module: 
rc: 1

../../home/travis/build/SymbiFlow/sv-tests/third_party/tests/hdlconvertor/tests/sv_test/std2017/p612.sv:6:3: error: language feature not yet supported
  let LOCK = 1;
  ^~~~~~~~~~~~~
../../home/travis/build/SymbiFlow/sv-tests/third_party/tests/hdlconvertor/tests/sv_test/std2017/p612.sv:6:12: error: expected expression
  let LOCK = 1;
           ^
../../home/travis/build/SymbiFlow/sv-tests/third_party/tests/hdlconvertor/tests/sv_test/std2017/p612.sv:6:15: error: expected '='
  let LOCK = 1;
              ^
../../home/travis/build/SymbiFlow/sv-tests/third_party/tests/hdlconvertor/tests/sv_test/std2017/p612.sv:7:3: error: language feature not yet supported
  let UNLOCK = 2;
  ^~~~~~~~~~~~~~~
../../home/travis/build/SymbiFlow/sv-tests/third_party/tests/hdlconvertor/tests/sv_test/std2017/p612.sv:7:14: error: expected expression
  let UNLOCK = 2;
             ^
../../home/travis/build/SymbiFlow/sv-tests/third_party/tests/hdlconvertor/tests/sv_test/std2017/p612.sv:7:17: error: expected '='
  let UNLOCK = 2;
                ^
../../home/travis/build/SymbiFlow/sv-tests/third_party/tests/hdlconvertor/tests/sv_test/std2017/p612.sv:8:3: error: language feature not yet supported
  let ON = 3;
  ^~~~~~~~~~~
../../home/travis/build/SymbiFlow/sv-tests/third_party/tests/hdlconvertor/tests/sv_test/std2017/p612.sv:8:10: error: expected expression
  let ON = 3;
         ^
../../home/travis/build/SymbiFlow/sv-tests/third_party/tests/hdlconvertor/tests/sv_test/std2017/p612.sv:8:13: error: expected '='
  let ON = 3;
            ^
../../home/travis/build/SymbiFlow/sv-tests/third_party/tests/hdlconvertor/tests/sv_test/std2017/p612.sv:9:3: error: language feature not yet supported
  let OFF = 4;
  ^~~~~~~~~~~~
../../home/travis/build/SymbiFlow/sv-tests/third_party/tests/hdlconvertor/tests/sv_test/std2017/p612.sv:9:11: error: expected expression
  let OFF = 4;
          ^
../../home/travis/build/SymbiFlow/sv-tests/third_party/tests/hdlconvertor/tests/sv_test/std2017/p612.sv:9:14: error: expected '='
  let OFF = 4;
             ^
../../home/travis/build/SymbiFlow/sv-tests/third_party/tests/hdlconvertor/tests/sv_test/std2017/p612.sv:10:3: error: language feature not yet supported
  let KILL = 5;
  ^~~~~~~~~~~~~
../../home/travis/build/SymbiFlow/sv-tests/third_party/tests/hdlconvertor/tests/sv_test/std2017/p612.sv:10:12: error: expected expression
  let KILL = 5;
           ^
../../home/travis/build/SymbiFlow/sv-tests/third_party/tests/hdlconvertor/tests/sv_test/std2017/p612.sv:10:15: error: expected '='
  let KILL = 5;
              ^
../../home/travis/build/SymbiFlow/sv-tests/third_party/tests/hdlconvertor/tests/sv_test/std2017/p612.sv:11:3: error: language feature not yet supported
  let CONCURRENT = 1;
  ^~~~~~~~~~~~~~~~~~~
../../home/travis/build/SymbiFlow/sv-tests/third_party/tests/hdlconvertor/tests/sv_test/std2017/p612.sv:11:18: error: expected expression
  let CONCURRENT = 1;
                 ^
../../home/travis/build/SymbiFlow/sv-tests/third_party/tests/hdlconvertor/tests/sv_test/std2017/p612.sv:11:21: error: expected '='
  let CONCURRENT = 1;
                    ^
../../home/travis/build/SymbiFlow/sv-tests/third_party/tests/hdlconvertor/tests/sv_test/std2017/p612.sv:12:3: error: language feature not yet supported
  let S_IMMEDIATE = 2; // simple immediate
  ^~~~~~~~~~~~~~~~~~~~
../../home/travis/build/SymbiFlow/sv-tests/third_party/tests/hdlconvertor/tests/sv_test/std2017/p612.sv:12:19: error: expected expression
  let S_IMMEDIATE = 2; // simple immediate
                  ^
../../home/travis/build/SymbiFlow/sv-tests/third_party/tests/hdlconvertor/tests/sv_test/std2017/p612.sv:12:22: error: expected '='
  let S_IMMEDIATE = 2; // simple immediate
                     ^
../../home/travis/build/SymbiFlow/sv-tests/third_party/tests/hdlconvertor/tests/sv_test/std2017/p612.sv:13:3: error: language feature not yet supported
  let D_IMMEDIATE = 12; // Final and Observed deferred immediate
  ^~~~~~~~~~~~~~~~~~~~~
../../home/travis/build/SymbiFlow/sv-tests/third_party/tests/hdlconvertor/tests/sv_test/std2017/p612.sv:13:19: error: expected expression
  let D_IMMEDIATE = 12; // Final and Observed deferred immediate
                  ^
../../home/travis/build/SymbiFlow/sv-tests/third_party/tests/hdlconvertor/tests/sv_test/std2017/p612.sv:13:23: error: expected '='
  let D_IMMEDIATE = 12; // Final and Observed deferred immediate
                      ^
../../home/travis/build/SymbiFlow/sv-tests/third_party/tests/hdlconvertor/tests/sv_test/std2017/p612.sv:14:3: error: language feature not yet supported
  let EXPECT = 16;
  ^~~~~~~~~~~~~~~~
../../home/travis/build/SymbiFlow/sv-tests/third_party/tests/hdlconvertor/tests/sv_test/std2017/p612.sv:14:14: error: expected expression
  let EXPECT = 16;
             ^
../../home/travis/build/SymbiFlow/sv-tests/third_party/tests/hdlconvertor/tests/sv_test/std2017/p612.sv:14:18: error: expected '='
  let EXPECT = 16;
                 ^
../../home/travis/build/SymbiFlow/sv-tests/third_party/tests/hdlconvertor/tests/sv_test/std2017/p612.sv:15:3: error: language feature not yet supported
  let UNIQUE = 32; // unique if and case violation
  ^~~~~~~~~~~~~~~~
../../home/travis/build/SymbiFlow/sv-tests/third_party/tests/hdlconvertor/tests/sv_test/std2017/p612.sv:15:14: error: expected expression
  let UNIQUE = 32; // unique if and case violation
             ^
../../home/travis/build/SymbiFlow/sv-tests/third_party/tests/hdlconvertor/tests/sv_test/std2017/p612.sv:15:18: error: expected '='
  let UNIQUE = 32; // unique if and case violation
                 ^
../../home/travis/build/SymbiFlow/sv-tests/third_party/tests/hdlconvertor/tests/sv_test/std2017/p612.sv:16:3: error: language feature not yet supported
  let UNIQUE0 = 64; // unique0 if and case violation
  ^~~~~~~~~~~~~~~~~
../../home/travis/build/SymbiFlow/sv-tests/third_party/tests/hdlconvertor/tests/sv_test/std2017/p612.sv:16:15: error: expected expression
  let UNIQUE0 = 64; // unique0 if and case violation
              ^
../../home/travis/build/SymbiFlow/sv-tests/third_party/tests/hdlconvertor/tests/sv_test/std2017/p612.sv:16:19: error: expected '='
  let UNIQUE0 = 64; // unique0 if and case violation
                  ^
../../home/travis/build/SymbiFlow/sv-tests/third_party/tests/hdlconvertor/tests/sv_test/std2017/p612.sv:17:3: error: language feature not yet supported
  let PRIORITY = 128; // priority if and case violation
  ^~~~~~~~~~~~~~~~~~~
../../home/travis/build/SymbiFlow/sv-tests/third_party/tests/hdlconvertor/tests/sv_test/std2017/p612.sv:17:16: error: expected expression
  let PRIORITY = 128; // priority if and case violation
               ^
../../home/travis/build/SymbiFlow/sv-tests/third_party/tests/hdlconvertor/tests/sv_test/std2017/p612.sv:17:21: error: expected '='
  let PRIORITY = 128; // priority if and case violation
                    ^
../../home/travis/build/SymbiFlow/sv-tests/third_party/tests/hdlconvertor/tests/sv_test/std2017/p612.sv:18:3: error: language feature not yet supported
  let ASSERT = 1;
  ^~~~~~~~~~~~~~~
../../home/travis/build/SymbiFlow/sv-tests/third_party/tests/hdlconvertor/tests/sv_test/std2017/p612.sv:18:14: error: expected expression
  let ASSERT = 1;
             ^
../../home/travis/build/SymbiFlow/sv-tests/third_party/tests/hdlconvertor/tests/sv_test/std2017/p612.sv:18:17: error: expected '='
  let ASSERT = 1;
                ^
../../home/travis/build/SymbiFlow/sv-tests/third_party/tests/hdlconvertor/tests/sv_test/std2017/p612.sv:19:3: error: language feature not yet supported
  let COVER = 2;
  ^~~~~~~~~~~~~~
../../home/travis/build/SymbiFlow/sv-tests/third_party/tests/hdlconvertor/tests/sv_test/std2017/p612.sv:19:13: error: expected expression
  let COVER = 2;
            ^
../../home/travis/build/SymbiFlow/sv-tests/third_party/tests/hdlconvertor/tests/sv_test/std2017/p612.sv:19:16: error: expected '='
  let COVER = 2;
               ^
../../home/travis/build/SymbiFlow/sv-tests/third_party/tests/hdlconvertor/tests/sv_test/std2017/p612.sv:20:3: error: language feature not yet supported
  let ASSUME = 4;
  ^~~~~~~~~~~~~~~
../../home/travis/build/SymbiFlow/sv-tests/third_party/tests/hdlconvertor/tests/sv_test/std2017/p612.sv:20:14: error: expected expression
  let ASSUME = 4;
             ^
../../home/travis/build/SymbiFlow/sv-tests/third_party/tests/hdlconvertor/tests/sv_test/std2017/p612.sv:20:17: error: expected '='
  let ASSUME = 4;
                ^
../../home/travis/build/SymbiFlow/sv-tests/third_party/tests/hdlconvertor/tests/sv_test/std2017/p612.sv:21:3: error: language feature not yet supported
  let ALL_DIRECTIVES = (ASSERT|COVER|ASSUME);
  ^~~~~~~~~~~~~~~~~~~~~~~~~~~~~~~~~~~~~~~~~~~
../../home/travis/build/SymbiFlow/sv-tests/third_party/tests/hdlconvertor/tests/sv_test/std2017/p612.sv:21:22: error: expected expression
  let ALL_DIRECTIVES = (ASSERT|COVER|ASSUME);
                     ^
../../home/travis/build/SymbiFlow/sv-tests/third_party/tests/hdlconvertor/tests/sv_test/std2017/p612.sv:21:45: error: expected '='
  let ALL_DIRECTIVES = (ASSERT|COVER|ASSUME);
                                            ^
../../home/travis/build/SymbiFlow/sv-tests/third_party/tests/hdlconvertor/tests/sv_test/std2017/p612.sv:22:3: error: language feature not yet supported
  let ALL_ASSERTS = (CONCURRENT|S_IMMEDIATE|D_IMMEDIATE|EXPECT);
  ^~~~~~~~~~~~~~~~~~~~~~~~~~~~~~~~~~~~~~~~~~~~~~~~~~~~~~~~~~~~~~
../../home/travis/build/SymbiFlow/sv-tests/third_party/tests/hdlconvertor/tests/sv_test/std2017/p612.sv:22:19: error: expected expression
  let ALL_ASSERTS = (CONCURRENT|S_IMMEDIATE|D_IMMEDIATE|EXPECT);
                  ^
../../home/travis/build/SymbiFlow/sv-tests/third_party/tests/hdlconvertor/tests/sv_test/std2017/p612.sv:22:64: error: expected '='
  let ALL_ASSERTS = (CONCURRENT|S_IMMEDIATE|D_IMMEDIATE|EXPECT);
                                                               ^
../../home/travis/build/SymbiFlow/sv-tests/third_party/tests/hdlconvertor/tests/sv_test/std2017/p612.sv:23:3: error: language feature not yet supported
  let VACUOUSOFF = 11;
  ^~~~~~~~~~~~~~~~~~~~
../../home/travis/build/SymbiFlow/sv-tests/third_party/tests/hdlconvertor/tests/sv_test/std2017/p612.sv:23:18: error: expected expression
  let VACUOUSOFF = 11;
                 ^
../../home/travis/build/SymbiFlow/sv-tests/third_party/tests/hdlconvertor/tests/sv_test/std2017/p612.sv:23:22: error: expected '='
  let VACUOUSOFF = 11;
                     ^
../../home/travis/build/SymbiFlow/sv-tests/third_party/tests/hdlconvertor/tests/sv_test/std2017/p612.sv:25:3: error: language feature not yet supported
  a1: assert property (@(posedge clk) a |=> b) $info("assert passed");
  ^~~~~~~~~~~~~~~~~~~~~~~~~~~~~~~~~~~~~~~~~~~~~~~~~~~~~~~~~~~~~~~~~~~~
../../home/travis/build/SymbiFlow/sv-tests/third_party/tests/hdlconvertor/tests/sv_test/std2017/p612.sv:28:3: error: language feature not yet supported
  c1: cover property (@(posedge clk) a ##1 b);
  ^~~~~~~~~~~~~~~~~~~~~~~~~~~~~~~~~~~~~~~~~~~~
../../home/travis/build/SymbiFlow/sv-tests/third_party/tests/hdlconvertor/tests/sv_test/std2017/p612.sv:49:3: error: use of undeclared identifier '$assertcontrol'
  $assertcontrol(VACUOUSOFF, CONCURRENT | EXPECT);
  ^~~~~~~~~~~~~~
../../home/travis/build/SymbiFlow/sv-tests/third_party/tests/hdlconvertor/tests/sv_test/std2017/p612.sv:54:3: error: use of undeclared identifier '$assertcontrol'
  $assertcontrol(OFF); // using default values of all the
  ^~~~~~~~~~~~~~
../../home/travis/build/SymbiFlow/sv-tests/third_party/tests/hdlconvertor/tests/sv_test/std2017/p612.sv:60:7: error: use of undeclared identifier '$assertcontrol'
  #20 $assertcontrol(ON, CONCURRENT|S_IMMEDIATE|D_IMMEDIATE,
      ^~~~~~~~~~~~~~
../../home/travis/build/SymbiFlow/sv-tests/third_party/tests/hdlconvertor/tests/sv_test/std2017/p612.sv:63:7: error: use of undeclared identifier '$assertcontrol'
  #20 $assertcontrol(ON, UNIQUE|UNIQUE0|PRIORITY);
      ^~~~~~~~~~~~~~
../../home/travis/build/SymbiFlow/sv-tests/third_party/tests/hdlconvertor/tests/sv_test/std2017/p612.sv:68:8: error: use of undeclared identifier '$assertcontrol'
  #100 $assertcontrol(KILL, CONCURRENT, ASSERT, 0);
       ^~~~~~~~~~~~~~
../../home/travis/build/SymbiFlow/sv-tests/third_party/tests/hdlconvertor/tests/sv_test/std2017/p612.sv:71:7: error: use of undeclared identifier '$assertcontrol'
  #10 $assertcontrol(ON, CONCURRENT|S_IMMEDIATE|D_IMMEDIATE, ASSERT, 0,
      ^~~~~~~~~~~~~~
../../home/travis/build/SymbiFlow/sv-tests/third_party/tests/hdlconvertor/tests/sv_test/std2017/p612.sv:77:7: error: use of undeclared identifier '$assertcontrol'
  #10 $assertcontrol(LOCK, ALL_ASSERTS, ALL_DIRECTIVES, 0, a1);
      ^~~~~~~~~~~~~~
../../home/travis/build/SymbiFlow/sv-tests/third_party/tests/hdlconvertor/tests/sv_test/std2017/p612.sv:78:3: error: use of undeclared identifier '$assertcontrol'
  $assertcontrol(ON); // enable all the assertions except a1
  ^~~~~~~~~~~~~~
../../home/travis/build/SymbiFlow/sv-tests/third_party/tests/hdlconvertor/tests/sv_test/std2017/p612.sv:79:3: error: use of undeclared identifier '$assertcontrol'
  $assertcontrol(UNLOCK, ALL_ASSERTS, ALL_DIRECTIVES, 0, a1);
  ^~~~~~~~~~~~~~
