name: hdlconvertor_p573
description: Tests imported from hdlconv
files: /home/travis/build/SymbiFlow/sv-tests/third_party/tests/hdlconvertor/tests/sv_test/std2017/p573.sv
should_fail: 0
tags: hdlconv
incdirs: 
top_module: 
rc: 1

../../home/travis/build/SymbiFlow/sv-tests/third_party/tests/hdlconvertor/tests/sv_test/std2017/p573.sv:3:2: error: language feature not yet supported
	covergroup cg @(posedge clk);
	^~~~~~~~~~~~~~~~~~~~~~~~~~~~~
../../home/travis/build/SymbiFlow/sv-tests/third_party/tests/hdlconvertor/tests/sv_test/std2017/p573.sv:18:5: error: expected 'coverpoint'
	c : cross a, b
	   ^
../../home/travis/build/SymbiFlow/sv-tests/third_party/tests/hdlconvertor/tests/sv_test/std2017/p573.sv:18:5: error: expected ';'
	c : cross a, b
	   ^
../../home/travis/build/SymbiFlow/sv-tests/third_party/tests/hdlconvertor/tests/sv_test/std2017/p573.sv:18:6: error: expected expression
	c : cross a, b
	    ^
../../home/travis/build/SymbiFlow/sv-tests/third_party/tests/hdlconvertor/tests/sv_test/std2017/p573.sv:18:6: error: expected member
	c : cross a, b
	    ^~~~~
../../home/travis/build/SymbiFlow/sv-tests/third_party/tests/hdlconvertor/tests/sv_test/std2017/p573.sv:18:13: error: expected expression
	c : cross a, b
	           ^
../../home/travis/build/SymbiFlow/sv-tests/third_party/tests/hdlconvertor/tests/sv_test/std2017/p573.sv:18:13: error: expected ':'
	c : cross a, b
	           ^
../../home/travis/build/SymbiFlow/sv-tests/third_party/tests/hdlconvertor/tests/sv_test/std2017/p573.sv:18:13: error: expected ';'
	c : cross a, b
	           ^
../../home/travis/build/SymbiFlow/sv-tests/third_party/tests/hdlconvertor/tests/sv_test/std2017/p573.sv:18:13: error: expected member
	c : cross a, b
	           ^
../../home/travis/build/SymbiFlow/sv-tests/third_party/tests/hdlconvertor/tests/sv_test/std2017/p573.sv:18:16: error: expected ':'
	c : cross a, b
	              ^
../../home/travis/build/SymbiFlow/sv-tests/third_party/tests/hdlconvertor/tests/sv_test/std2017/p573.sv:19:3: error: expected ','
	{
	 ^
../../home/travis/build/SymbiFlow/sv-tests/third_party/tests/hdlconvertor/tests/sv_test/std2017/p573.sv:20:3: error: expected expression
		bins c1 = ! binsof(a) intersect {[100:200]};// 4 cross products
		^
../../home/travis/build/SymbiFlow/sv-tests/third_party/tests/hdlconvertor/tests/sv_test/std2017/p573.sv:20:3: error: expected member
		bins c1 = ! binsof(a) intersect {[100:200]};// 4 cross products
		^~~~
../../home/travis/build/SymbiFlow/sv-tests/third_party/tests/hdlconvertor/tests/sv_test/std2017/p573.sv:20:10: error: expected ':'
		bins c1 = ! binsof(a) intersect {[100:200]};// 4 cross products
		       ^
../../home/travis/build/SymbiFlow/sv-tests/third_party/tests/hdlconvertor/tests/sv_test/std2017/p573.sv:20:11: error: expected expression
		bins c1 = ! binsof(a) intersect {[100:200]};// 4 cross products
		        ^
../../home/travis/build/SymbiFlow/sv-tests/third_party/tests/hdlconvertor/tests/sv_test/std2017/p573.sv:20:14: error: expected ';'
		bins c1 = ! binsof(a) intersect {[100:200]};// 4 cross products
		           ^
../../home/travis/build/SymbiFlow/sv-tests/third_party/tests/hdlconvertor/tests/sv_test/std2017/p573.sv:20:15: error: expected expression
		bins c1 = ! binsof(a) intersect {[100:200]};// 4 cross products
		            ^
../../home/travis/build/SymbiFlow/sv-tests/third_party/tests/hdlconvertor/tests/sv_test/std2017/p573.sv:20:15: error: expected member
		bins c1 = ! binsof(a) intersect {[100:200]};// 4 cross products
		            ^~~~~~
../../home/travis/build/SymbiFlow/sv-tests/third_party/tests/hdlconvertor/tests/sv_test/std2017/p573.sv:20:23: error: expected expression
		bins c1 = ! binsof(a) intersect {[100:200]};// 4 cross products
		                    ^
../../home/travis/build/SymbiFlow/sv-tests/third_party/tests/hdlconvertor/tests/sv_test/std2017/p573.sv:20:23: error: expected ':'
		bins c1 = ! binsof(a) intersect {[100:200]};// 4 cross products
		                    ^
../../home/travis/build/SymbiFlow/sv-tests/third_party/tests/hdlconvertor/tests/sv_test/std2017/p573.sv:20:23: error: expected ';'
		bins c1 = ! binsof(a) intersect {[100:200]};// 4 cross products
		                    ^
../../home/travis/build/SymbiFlow/sv-tests/third_party/tests/hdlconvertor/tests/sv_test/std2017/p573.sv:20:23: error: expected member
		bins c1 = ! binsof(a) intersect {[100:200]};// 4 cross products
		                    ^
../../home/travis/build/SymbiFlow/sv-tests/third_party/tests/hdlconvertor/tests/sv_test/std2017/p573.sv:20:45: error: expected identifier
		bins c1 = ! binsof(a) intersect {[100:200]};// 4 cross products
		                                          ^
../../home/travis/build/SymbiFlow/sv-tests/third_party/tests/hdlconvertor/tests/sv_test/std2017/p573.sv:20:45: error: expected expression
		bins c1 = ! binsof(a) intersect {[100:200]};// 4 cross products
		                                          ^
../../home/travis/build/SymbiFlow/sv-tests/third_party/tests/hdlconvertor/tests/sv_test/std2017/p573.sv:20:45: error: expected ';'
		bins c1 = ! binsof(a) intersect {[100:200]};// 4 cross products
		                                          ^
../../home/travis/build/SymbiFlow/sv-tests/third_party/tests/hdlconvertor/tests/sv_test/std2017/p573.sv:20:45: error: expected member
		bins c1 = ! binsof(a) intersect {[100:200]};// 4 cross products
		                                          ^
../../home/travis/build/SymbiFlow/sv-tests/third_party/tests/hdlconvertor/tests/sv_test/std2017/p573.sv:21:10: error: expected ':'
		bins c2 = binsof(a.a2) || binsof(b.b2);// 7 cross products
		       ^
../../home/travis/build/SymbiFlow/sv-tests/third_party/tests/hdlconvertor/tests/sv_test/std2017/p573.sv:21:11: error: expected expression
		bins c2 = binsof(a.a2) || binsof(b.b2);// 7 cross products
		        ^
../../home/travis/build/SymbiFlow/sv-tests/third_party/tests/hdlconvertor/tests/sv_test/std2017/p573.sv:21:12: error: expected ';'
		bins c2 = binsof(a.a2) || binsof(b.b2);// 7 cross products
		         ^
../../home/travis/build/SymbiFlow/sv-tests/third_party/tests/hdlconvertor/tests/sv_test/std2017/p573.sv:21:13: error: expected expression
		bins c2 = binsof(a.a2) || binsof(b.b2);// 7 cross products
		          ^
../../home/travis/build/SymbiFlow/sv-tests/third_party/tests/hdlconvertor/tests/sv_test/std2017/p573.sv:21:13: error: expected member
		bins c2 = binsof(a.a2) || binsof(b.b2);// 7 cross products
		          ^~~~~~
../../home/travis/build/SymbiFlow/sv-tests/third_party/tests/hdlconvertor/tests/sv_test/std2017/p573.sv:21:21: error: expected ':'
		bins c2 = binsof(a.a2) || binsof(b.b2);// 7 cross products
		                  ^
../../home/travis/build/SymbiFlow/sv-tests/third_party/tests/hdlconvertor/tests/sv_test/std2017/p573.sv:21:24: error: expected ';'
		bins c2 = binsof(a.a2) || binsof(b.b2);// 7 cross products
		                     ^
../../home/travis/build/SymbiFlow/sv-tests/third_party/tests/hdlconvertor/tests/sv_test/std2017/p573.sv:21:24: error: expected member
		bins c2 = binsof(a.a2) || binsof(b.b2);// 7 cross products
		                     ^
../../home/travis/build/SymbiFlow/sv-tests/third_party/tests/hdlconvertor/tests/sv_test/std2017/p573.sv:21:37: error: expected ':'
		bins c2 = binsof(a.a2) || binsof(b.b2);// 7 cross products
		                                  ^
../../home/travis/build/SymbiFlow/sv-tests/third_party/tests/hdlconvertor/tests/sv_test/std2017/p573.sv:21:40: error: expected ';'
		bins c2 = binsof(a.a2) || binsof(b.b2);// 7 cross products
		                                     ^
../../home/travis/build/SymbiFlow/sv-tests/third_party/tests/hdlconvertor/tests/sv_test/std2017/p573.sv:21:40: error: expected member
		bins c2 = binsof(a.a2) || binsof(b.b2);// 7 cross products
		                                     ^
../../home/travis/build/SymbiFlow/sv-tests/third_party/tests/hdlconvertor/tests/sv_test/std2017/p573.sv:22:10: error: expected ':'
		bins c3 = binsof(a.a1) && binsof(b.b4);// 1 cross product
		       ^
../../home/travis/build/SymbiFlow/sv-tests/third_party/tests/hdlconvertor/tests/sv_test/std2017/p573.sv:22:11: error: expected expression
		bins c3 = binsof(a.a1) && binsof(b.b4);// 1 cross product
		        ^
../../home/travis/build/SymbiFlow/sv-tests/third_party/tests/hdlconvertor/tests/sv_test/std2017/p573.sv:22:12: error: expected ';'
		bins c3 = binsof(a.a1) && binsof(b.b4);// 1 cross product
		         ^
../../home/travis/build/SymbiFlow/sv-tests/third_party/tests/hdlconvertor/tests/sv_test/std2017/p573.sv:22:13: error: expected expression
		bins c3 = binsof(a.a1) && binsof(b.b4);// 1 cross product
		          ^
../../home/travis/build/SymbiFlow/sv-tests/third_party/tests/hdlconvertor/tests/sv_test/std2017/p573.sv:22:13: error: expected member
		bins c3 = binsof(a.a1) && binsof(b.b4);// 1 cross product
		          ^~~~~~
../../home/travis/build/SymbiFlow/sv-tests/third_party/tests/hdlconvertor/tests/sv_test/std2017/p573.sv:22:21: error: expected ':'
		bins c3 = binsof(a.a1) && binsof(b.b4);// 1 cross product
		                  ^
../../home/travis/build/SymbiFlow/sv-tests/third_party/tests/hdlconvertor/tests/sv_test/std2017/p573.sv:22:24: error: expected ';'
		bins c3 = binsof(a.a1) && binsof(b.b4);// 1 cross product
		                     ^
../../home/travis/build/SymbiFlow/sv-tests/third_party/tests/hdlconvertor/tests/sv_test/std2017/p573.sv:22:24: error: expected member
		bins c3 = binsof(a.a1) && binsof(b.b4);// 1 cross product
		                     ^
../../home/travis/build/SymbiFlow/sv-tests/third_party/tests/hdlconvertor/tests/sv_test/std2017/p573.sv:22:37: error: expected ':'
		bins c3 = binsof(a.a1) && binsof(b.b4);// 1 cross product
		                                  ^
../../home/travis/build/SymbiFlow/sv-tests/third_party/tests/hdlconvertor/tests/sv_test/std2017/p573.sv:22:40: error: expected ';'
		bins c3 = binsof(a.a1) && binsof(b.b4);// 1 cross product
		                                     ^
../../home/travis/build/SymbiFlow/sv-tests/third_party/tests/hdlconvertor/tests/sv_test/std2017/p573.sv:22:40: error: expected member
		bins c3 = binsof(a.a1) && binsof(b.b4);// 1 cross product
		                                     ^
