name: hdlconvertor_p577
description: Tests imported from hdlconv
files: /home/travis/build/SymbiFlow/sv-tests/third_party/tests/hdlconvertor/tests/sv_test/std2017/p577.sv
should_fail: 0
tags: hdlconv
incdirs: 
top_module: 
rc: 1

../../home/travis/build/SymbiFlow/sv-tests/third_party/tests/hdlconvertor/tests/sv_test/std2017/p577.sv:3:2: error: language feature not yet supported
	covergroup cg(int cg_lim);
	^~~~~~~~~~~~~~~~~~~~~~~~~~
../../home/travis/build/SymbiFlow/sv-tests/third_party/tests/hdlconvertor/tests/sv_test/std2017/p577.sv:6:7: error: expected 'coverpoint'
	aXb : cross a, b
	     ^
../../home/travis/build/SymbiFlow/sv-tests/third_party/tests/hdlconvertor/tests/sv_test/std2017/p577.sv:6:7: error: expected ';'
	aXb : cross a, b
	     ^
../../home/travis/build/SymbiFlow/sv-tests/third_party/tests/hdlconvertor/tests/sv_test/std2017/p577.sv:6:8: error: expected expression
	aXb : cross a, b
	      ^
../../home/travis/build/SymbiFlow/sv-tests/third_party/tests/hdlconvertor/tests/sv_test/std2017/p577.sv:6:8: error: expected member
	aXb : cross a, b
	      ^~~~~
../../home/travis/build/SymbiFlow/sv-tests/third_party/tests/hdlconvertor/tests/sv_test/std2017/p577.sv:6:15: error: expected expression
	aXb : cross a, b
	             ^
../../home/travis/build/SymbiFlow/sv-tests/third_party/tests/hdlconvertor/tests/sv_test/std2017/p577.sv:6:15: error: expected ':'
	aXb : cross a, b
	             ^
../../home/travis/build/SymbiFlow/sv-tests/third_party/tests/hdlconvertor/tests/sv_test/std2017/p577.sv:6:15: error: expected ';'
	aXb : cross a, b
	             ^
../../home/travis/build/SymbiFlow/sv-tests/third_party/tests/hdlconvertor/tests/sv_test/std2017/p577.sv:6:15: error: expected member
	aXb : cross a, b
	             ^
../../home/travis/build/SymbiFlow/sv-tests/third_party/tests/hdlconvertor/tests/sv_test/std2017/p577.sv:6:18: error: expected ':'
	aXb : cross a, b
	                ^
../../home/travis/build/SymbiFlow/sv-tests/third_party/tests/hdlconvertor/tests/sv_test/std2017/p577.sv:7:3: error: expected ','
	{
	 ^
../../home/travis/build/SymbiFlow/sv-tests/third_party/tests/hdlconvertor/tests/sv_test/std2017/p577.sv:8:3: error: expected expression
		function CrossQueueType myFunc1(int f_lim);
		^
../../home/travis/build/SymbiFlow/sv-tests/third_party/tests/hdlconvertor/tests/sv_test/std2017/p577.sv:8:3: error: expected member
		function CrossQueueType myFunc1(int f_lim);
		^~~~~~~~
../../home/travis/build/SymbiFlow/sv-tests/third_party/tests/hdlconvertor/tests/sv_test/std2017/p577.sv:8:34: error: expected ':'
		function CrossQueueType myFunc1(int f_lim);
		                               ^
../../home/travis/build/SymbiFlow/sv-tests/third_party/tests/hdlconvertor/tests/sv_test/std2017/p577.sv:8:38: error: expected ')'
		function CrossQueueType myFunc1(int f_lim);
		                                   ^
../../home/travis/build/SymbiFlow/sv-tests/third_party/tests/hdlconvertor/tests/sv_test/std2017/p577.sv:8:44: error: expected expression
		function CrossQueueType myFunc1(int f_lim);
		                                         ^
../../home/travis/build/SymbiFlow/sv-tests/third_party/tests/hdlconvertor/tests/sv_test/std2017/p577.sv:8:44: error: expected ':'
		function CrossQueueType myFunc1(int f_lim);
		                                         ^
../../home/travis/build/SymbiFlow/sv-tests/third_party/tests/hdlconvertor/tests/sv_test/std2017/p577.sv:8:44: error: expected ';'
		function CrossQueueType myFunc1(int f_lim);
		                                         ^
../../home/travis/build/SymbiFlow/sv-tests/third_party/tests/hdlconvertor/tests/sv_test/std2017/p577.sv:8:44: error: expected member
		function CrossQueueType myFunc1(int f_lim);
		                                         ^
../../home/travis/build/SymbiFlow/sv-tests/third_party/tests/hdlconvertor/tests/sv_test/std2017/p577.sv:9:14: error: expected ':'
			for (int i = 0; i < f_lim; ++i)
			          ^
../../home/travis/build/SymbiFlow/sv-tests/third_party/tests/hdlconvertor/tests/sv_test/std2017/p577.sv:9:15: error: expected expression
			for (int i = 0; i < f_lim; ++i)
			           ^
../../home/travis/build/SymbiFlow/sv-tests/third_party/tests/hdlconvertor/tests/sv_test/std2017/p577.sv:9:21: error: expected ':'
			for (int i = 0; i < f_lim; ++i)
			                 ^
../../home/travis/build/SymbiFlow/sv-tests/third_party/tests/hdlconvertor/tests/sv_test/std2017/p577.sv:9:22: error: expected expression
			for (int i = 0; i < f_lim; ++i)
			                  ^
../../home/travis/build/SymbiFlow/sv-tests/third_party/tests/hdlconvertor/tests/sv_test/std2017/p577.sv:9:31: error: expected member
			for (int i = 0; i < f_lim; ++i)
			                           ^~
../../home/travis/build/SymbiFlow/sv-tests/third_party/tests/hdlconvertor/tests/sv_test/std2017/p577.sv:9:34: error: expected expression
			for (int i = 0; i < f_lim; ++i)
			                              ^
../../home/travis/build/SymbiFlow/sv-tests/third_party/tests/hdlconvertor/tests/sv_test/std2017/p577.sv:9:34: error: expected ':'
			for (int i = 0; i < f_lim; ++i)
			                              ^
../../home/travis/build/SymbiFlow/sv-tests/third_party/tests/hdlconvertor/tests/sv_test/std2017/p577.sv:9:34: error: expected ';'
			for (int i = 0; i < f_lim; ++i)
			                              ^
../../home/travis/build/SymbiFlow/sv-tests/third_party/tests/hdlconvertor/tests/sv_test/std2017/p577.sv:9:34: error: expected member
			for (int i = 0; i < f_lim; ++i)
			                              ^
../../home/travis/build/SymbiFlow/sv-tests/third_party/tests/hdlconvertor/tests/sv_test/std2017/p577.sv:10:11: error: expected ':'
			myFunc1.push_back('{i,i});
			       ^
../../home/travis/build/SymbiFlow/sv-tests/third_party/tests/hdlconvertor/tests/sv_test/std2017/p577.sv:11:3: error: expected member
		endfunction
		^~~~~~~~~~~
../../home/travis/build/SymbiFlow/sv-tests/third_party/tests/hdlconvertor/tests/sv_test/std2017/p577.sv:12:11: error: expected ':'
		bins one = myFunc1(cg_lim);
		        ^
../../home/travis/build/SymbiFlow/sv-tests/third_party/tests/hdlconvertor/tests/sv_test/std2017/p577.sv:12:12: error: expected expression
		bins one = myFunc1(cg_lim);
		         ^
../../home/travis/build/SymbiFlow/sv-tests/third_party/tests/hdlconvertor/tests/sv_test/std2017/p577.sv:13:3: error: expected member
		bins two = myFunc2(cg_lim);
		^~~~
../../home/travis/build/SymbiFlow/sv-tests/third_party/tests/hdlconvertor/tests/sv_test/std2017/p577.sv:13:11: error: expected ':'
		bins two = myFunc2(cg_lim);
		        ^
../../home/travis/build/SymbiFlow/sv-tests/third_party/tests/hdlconvertor/tests/sv_test/std2017/p577.sv:13:12: error: expected expression
		bins two = myFunc2(cg_lim);
		         ^
../../home/travis/build/SymbiFlow/sv-tests/third_party/tests/hdlconvertor/tests/sv_test/std2017/p577.sv:14:3: error: expected member
		function CrossQueueType myFunc2(logic [31:0] f_lim);
		^~~~~~~~
../../home/travis/build/SymbiFlow/sv-tests/third_party/tests/hdlconvertor/tests/sv_test/std2017/p577.sv:14:34: error: expected ':'
		function CrossQueueType myFunc2(logic [31:0] f_lim);
		                               ^
../../home/travis/build/SymbiFlow/sv-tests/third_party/tests/hdlconvertor/tests/sv_test/std2017/p577.sv:14:47: error: expected ')'
		function CrossQueueType myFunc2(logic [31:0] f_lim);
		                                            ^
../../home/travis/build/SymbiFlow/sv-tests/third_party/tests/hdlconvertor/tests/sv_test/std2017/p577.sv:14:53: error: expected expression
		function CrossQueueType myFunc2(logic [31:0] f_lim);
		                                                  ^
../../home/travis/build/SymbiFlow/sv-tests/third_party/tests/hdlconvertor/tests/sv_test/std2017/p577.sv:14:53: error: expected ':'
		function CrossQueueType myFunc2(logic [31:0] f_lim);
		                                                  ^
../../home/travis/build/SymbiFlow/sv-tests/third_party/tests/hdlconvertor/tests/sv_test/std2017/p577.sv:14:53: error: expected ';'
		function CrossQueueType myFunc2(logic [31:0] f_lim);
		                                                  ^
../../home/travis/build/SymbiFlow/sv-tests/third_party/tests/hdlconvertor/tests/sv_test/std2017/p577.sv:14:53: error: expected member
		function CrossQueueType myFunc2(logic [31:0] f_lim);
		                                                  ^
../../home/travis/build/SymbiFlow/sv-tests/third_party/tests/hdlconvertor/tests/sv_test/std2017/p577.sv:15:23: error: expected ':'
			for (logic [31:0] i = 0; i < f_lim; ++i)
			                   ^
../../home/travis/build/SymbiFlow/sv-tests/third_party/tests/hdlconvertor/tests/sv_test/std2017/p577.sv:15:24: error: expected expression
			for (logic [31:0] i = 0; i < f_lim; ++i)
			                    ^
../../home/travis/build/SymbiFlow/sv-tests/third_party/tests/hdlconvertor/tests/sv_test/std2017/p577.sv:15:30: error: expected ':'
			for (logic [31:0] i = 0; i < f_lim; ++i)
			                          ^
../../home/travis/build/SymbiFlow/sv-tests/third_party/tests/hdlconvertor/tests/sv_test/std2017/p577.sv:15:31: error: expected expression
			for (logic [31:0] i = 0; i < f_lim; ++i)
			                           ^
../../home/travis/build/SymbiFlow/sv-tests/third_party/tests/hdlconvertor/tests/sv_test/std2017/p577.sv:15:40: error: expected member
			for (logic [31:0] i = 0; i < f_lim; ++i)
			                                    ^~
../../home/travis/build/SymbiFlow/sv-tests/third_party/tests/hdlconvertor/tests/sv_test/std2017/p577.sv:15:43: error: expected expression
			for (logic [31:0] i = 0; i < f_lim; ++i)
			                                       ^
../../home/travis/build/SymbiFlow/sv-tests/third_party/tests/hdlconvertor/tests/sv_test/std2017/p577.sv:15:43: error: expected ':'
			for (logic [31:0] i = 0; i < f_lim; ++i)
			                                       ^
../../home/travis/build/SymbiFlow/sv-tests/third_party/tests/hdlconvertor/tests/sv_test/std2017/p577.sv:15:43: error: expected ';'
			for (logic [31:0] i = 0; i < f_lim; ++i)
			                                       ^
../../home/travis/build/SymbiFlow/sv-tests/third_party/tests/hdlconvertor/tests/sv_test/std2017/p577.sv:15:43: error: expected member
			for (logic [31:0] i = 0; i < f_lim; ++i)
			                                       ^
../../home/travis/build/SymbiFlow/sv-tests/third_party/tests/hdlconvertor/tests/sv_test/std2017/p577.sv:16:11: error: expected ':'
			myFunc2.push_back('{2*i,2*i});
			       ^
../../home/travis/build/SymbiFlow/sv-tests/third_party/tests/hdlconvertor/tests/sv_test/std2017/p577.sv:17:3: error: expected member
		endfunction
		^~~~~~~~~~~
../../home/travis/build/SymbiFlow/sv-tests/third_party/tests/hdlconvertor/tests/sv_test/std2017/p577.sv:20:2: error: use of undeclared identifier 'cg'
	cg cg_inst = new(3);
	^~
../../home/travis/build/SymbiFlow/sv-tests/third_party/tests/hdlconvertor/tests/sv_test/std2017/p577.sv:20:15: error: language feature not yet supported
	cg cg_inst = new(3);
	             ^~~~~~
../../home/travis/build/SymbiFlow/sv-tests/third_party/tests/hdlconvertor/tests/sv_test/std2017/p577.sv:22:2: error: language feature not yet supported
	covergroup yy;
	^~~~~~~~~~~~~~
../../home/travis/build/SymbiFlow/sv-tests/third_party/tests/hdlconvertor/tests/sv_test/std2017/p577.sv:23:2: error: expected member
	cross a, b
	^~~~~
../../home/travis/build/SymbiFlow/sv-tests/third_party/tests/hdlconvertor/tests/sv_test/std2017/p577.sv:23:9: error: expected expression
	cross a, b
	       ^
../../home/travis/build/SymbiFlow/sv-tests/third_party/tests/hdlconvertor/tests/sv_test/std2017/p577.sv:23:9: error: expected ':'
	cross a, b
	       ^
../../home/travis/build/SymbiFlow/sv-tests/third_party/tests/hdlconvertor/tests/sv_test/std2017/p577.sv:23:9: error: expected ';'
	cross a, b
	       ^
../../home/travis/build/SymbiFlow/sv-tests/third_party/tests/hdlconvertor/tests/sv_test/std2017/p577.sv:23:9: error: expected member
	cross a, b
	       ^
../../home/travis/build/SymbiFlow/sv-tests/third_party/tests/hdlconvertor/tests/sv_test/std2017/p577.sv:23:12: error: expected ':'
	cross a, b
	          ^
../../home/travis/build/SymbiFlow/sv-tests/third_party/tests/hdlconvertor/tests/sv_test/std2017/p577.sv:24:3: error: expected ','
	{
	 ^
../../home/travis/build/SymbiFlow/sv-tests/third_party/tests/hdlconvertor/tests/sv_test/std2017/p577.sv:25:2: error: expected expression
	ignore_bins ignore = binsof(a) intersect { 5, [1:3] };
	^
../../home/travis/build/SymbiFlow/sv-tests/third_party/tests/hdlconvertor/tests/sv_test/std2017/p577.sv:25:2: error: expected member
	ignore_bins ignore = binsof(a) intersect { 5, [1:3] };
	^~~~~~~~~~~
../../home/travis/build/SymbiFlow/sv-tests/third_party/tests/hdlconvertor/tests/sv_test/std2017/p577.sv:25:20: error: expected ':'
	ignore_bins ignore = binsof(a) intersect { 5, [1:3] };
	                  ^
../../home/travis/build/SymbiFlow/sv-tests/third_party/tests/hdlconvertor/tests/sv_test/std2017/p577.sv:25:21: error: expected expression
	ignore_bins ignore = binsof(a) intersect { 5, [1:3] };
	                   ^
../../home/travis/build/SymbiFlow/sv-tests/third_party/tests/hdlconvertor/tests/sv_test/std2017/p577.sv:25:22: error: expected ';'
	ignore_bins ignore = binsof(a) intersect { 5, [1:3] };
	                    ^
../../home/travis/build/SymbiFlow/sv-tests/third_party/tests/hdlconvertor/tests/sv_test/std2017/p577.sv:25:23: error: expected expression
	ignore_bins ignore = binsof(a) intersect { 5, [1:3] };
	                     ^
../../home/travis/build/SymbiFlow/sv-tests/third_party/tests/hdlconvertor/tests/sv_test/std2017/p577.sv:25:23: error: expected member
	ignore_bins ignore = binsof(a) intersect { 5, [1:3] };
	                     ^~~~~~
../../home/travis/build/SymbiFlow/sv-tests/third_party/tests/hdlconvertor/tests/sv_test/std2017/p577.sv:25:31: error: expected expression
	ignore_bins ignore = binsof(a) intersect { 5, [1:3] };
	                             ^
../../home/travis/build/SymbiFlow/sv-tests/third_party/tests/hdlconvertor/tests/sv_test/std2017/p577.sv:25:31: error: expected ':'
	ignore_bins ignore = binsof(a) intersect { 5, [1:3] };
	                             ^
../../home/travis/build/SymbiFlow/sv-tests/third_party/tests/hdlconvertor/tests/sv_test/std2017/p577.sv:25:31: error: expected ';'
	ignore_bins ignore = binsof(a) intersect { 5, [1:3] };
	                             ^
../../home/travis/build/SymbiFlow/sv-tests/third_party/tests/hdlconvertor/tests/sv_test/std2017/p577.sv:25:31: error: expected member
	ignore_bins ignore = binsof(a) intersect { 5, [1:3] };
	                             ^
../../home/travis/build/SymbiFlow/sv-tests/third_party/tests/hdlconvertor/tests/sv_test/std2017/p577.sv:25:53: error: expected identifier
	ignore_bins ignore = binsof(a) intersect { 5, [1:3] };
	                                                   ^
../../home/travis/build/SymbiFlow/sv-tests/third_party/tests/hdlconvertor/tests/sv_test/std2017/p577.sv:25:53: error: expected ';'
	ignore_bins ignore = binsof(a) intersect { 5, [1:3] };
	                                                   ^
../../home/travis/build/SymbiFlow/sv-tests/third_party/tests/hdlconvertor/tests/sv_test/std2017/p577.sv:25:54: error: expected expression
	ignore_bins ignore = binsof(a) intersect { 5, [1:3] };
	                                                    ^
../../home/travis/build/SymbiFlow/sv-tests/third_party/tests/hdlconvertor/tests/sv_test/std2017/p577.sv:25:54: error: expected member
	ignore_bins ignore = binsof(a) intersect { 5, [1:3] };
	                                                    ^
