name: hdlconvertor_p765
description: Tests imported from hdlconv
files: /home/travis/build/SymbiFlow/sv-tests/third_party/tests/hdlconvertor/tests/sv_test/std2017/p765.sv
should_fail: 0
tags: hdlconv
incdirs: 
top_module: 
rc: 1

../../home/travis/build/SymbiFlow/sv-tests/third_party/tests/hdlconvertor/tests/sv_test/std2017/p765.sv:8:1: error: expected member
extern forkjoin task countSlaves();
^~~~~~
../../home/travis/build/SymbiFlow/sv-tests/third_party/tests/hdlconvertor/tests/sv_test/std2017/p765.sv:9:1: error: expected statement
extern forkjoin task Read (input logic [7:0] raddr);
^~~~~~
../../home/travis/build/SymbiFlow/sv-tests/third_party/tests/hdlconvertor/tests/sv_test/std2017/p765.sv:9:22: error: use of undeclared identifier 'Read'
extern forkjoin task Read (input logic [7:0] raddr);
                     ^~~~
../../home/travis/build/SymbiFlow/sv-tests/third_party/tests/hdlconvertor/tests/sv_test/std2017/p765.sv:9:28: error: language feature not yet supported
extern forkjoin task Read (input logic [7:0] raddr);
                           ^~~~~~~~~~~~~~~~~~~~~~~~~
../../home/travis/build/SymbiFlow/sv-tests/third_party/tests/hdlconvertor/tests/sv_test/std2017/p765.sv:9:28: error: expected ';'
extern forkjoin task Read (input logic [7:0] raddr);
                           ^
../../home/travis/build/SymbiFlow/sv-tests/third_party/tests/hdlconvertor/tests/sv_test/std2017/p765.sv:9:28: error: expected argument
extern forkjoin task Read (input logic [7:0] raddr);
                           ^
../../home/travis/build/SymbiFlow/sv-tests/third_party/tests/hdlconvertor/tests/sv_test/std2017/p765.sv:9:51: error: expected declarator
extern forkjoin task Read (input logic [7:0] raddr);
                                                  ^
../../home/travis/build/SymbiFlow/sv-tests/third_party/tests/hdlconvertor/tests/sv_test/std2017/p765.sv:10:1: error: expected statement
extern forkjoin task Write (input logic [7:0] waddr);
^~~~~~
../../home/travis/build/SymbiFlow/sv-tests/third_party/tests/hdlconvertor/tests/sv_test/std2017/p765.sv:10:22: error: use of undeclared identifier 'Write'
extern forkjoin task Write (input logic [7:0] waddr);
                     ^~~~~
../../home/travis/build/SymbiFlow/sv-tests/third_party/tests/hdlconvertor/tests/sv_test/std2017/p765.sv:10:29: error: language feature not yet supported
extern forkjoin task Write (input logic [7:0] waddr);
                            ^~~~~~~~~~~~~~~~~~~~~~~~~
../../home/travis/build/SymbiFlow/sv-tests/third_party/tests/hdlconvertor/tests/sv_test/std2017/p765.sv:10:29: error: expected ';'
extern forkjoin task Write (input logic [7:0] waddr);
                            ^
../../home/travis/build/SymbiFlow/sv-tests/third_party/tests/hdlconvertor/tests/sv_test/std2017/p765.sv:10:29: error: expected argument
extern forkjoin task Write (input logic [7:0] waddr);
                            ^
../../home/travis/build/SymbiFlow/sv-tests/third_party/tests/hdlconvertor/tests/sv_test/std2017/p765.sv:10:52: error: expected declarator
extern forkjoin task Write (input logic [7:0] waddr);
                                                   ^
../../home/travis/build/SymbiFlow/sv-tests/third_party/tests/hdlconvertor/tests/sv_test/std2017/p765.sv:11:1: error: expected statement
modport slave (input req,addr, mode, start, clk,
^~~~~~~
../../home/travis/build/SymbiFlow/sv-tests/third_party/tests/hdlconvertor/tests/sv_test/std2017/p765.sv:11:9: error: use of undeclared identifier 'slave'
modport slave (input req,addr, mode, start, clk,
        ^~~~~
../../home/travis/build/SymbiFlow/sv-tests/third_party/tests/hdlconvertor/tests/sv_test/std2017/p765.sv:11:16: error: language feature not yet supported
modport slave (input req,addr, mode, start, clk,
               ^~~~~~~~~~~~~~~~~~~~~~~~~~~~~~~~~
../../home/travis/build/SymbiFlow/sv-tests/third_party/tests/hdlconvertor/tests/sv_test/std2017/p765.sv:11:16: error: expected ';'
modport slave (input req,addr, mode, start, clk,
               ^
../../home/travis/build/SymbiFlow/sv-tests/third_party/tests/hdlconvertor/tests/sv_test/std2017/p765.sv:11:16: error: expected argument
modport slave (input req,addr, mode, start, clk,
               ^
../../home/travis/build/SymbiFlow/sv-tests/third_party/tests/hdlconvertor/tests/sv_test/std2017/p765.sv:11:49: error: expected identifier
modport slave (input req,addr, mode, start, clk,
                                                ^
../../home/travis/build/SymbiFlow/sv-tests/third_party/tests/hdlconvertor/tests/sv_test/std2017/p765.sv:12:1: error: expected declarator
output gnt, rdy,
^~~~~~
../../home/travis/build/SymbiFlow/sv-tests/third_party/tests/hdlconvertor/tests/sv_test/std2017/p765.sv:12:7: error: expected ','
output gnt, rdy,
      ^
../../home/travis/build/SymbiFlow/sv-tests/third_party/tests/hdlconvertor/tests/sv_test/std2017/p765.sv:12:17: error: expected identifier
output gnt, rdy,
                ^
../../home/travis/build/SymbiFlow/sv-tests/third_party/tests/hdlconvertor/tests/sv_test/std2017/p765.sv:13:1: error: expected declarator
ref data, slaves,
^~~
../../home/travis/build/SymbiFlow/sv-tests/third_party/tests/hdlconvertor/tests/sv_test/std2017/p765.sv:13:4: error: expected ','
ref data, slaves,
   ^
../../home/travis/build/SymbiFlow/sv-tests/third_party/tests/hdlconvertor/tests/sv_test/std2017/p765.sv:13:18: error: expected identifier
ref data, slaves,
                 ^
../../home/travis/build/SymbiFlow/sv-tests/third_party/tests/hdlconvertor/tests/sv_test/std2017/p765.sv:14:1: error: expected declarator
export Read, Write, countSlaves);
^~~~~~
../../home/travis/build/SymbiFlow/sv-tests/third_party/tests/hdlconvertor/tests/sv_test/std2017/p765.sv:14:7: error: expected ','
export Read, Write, countSlaves);
      ^
../../home/travis/build/SymbiFlow/sv-tests/third_party/tests/hdlconvertor/tests/sv_test/std2017/p765.sv:14:32: error: expected declarator
export Read, Write, countSlaves);
                               ^
../../home/travis/build/SymbiFlow/sv-tests/third_party/tests/hdlconvertor/tests/sv_test/std2017/p765.sv:17:1: error: expected statement
modport master (
^~~~~~~
../../home/travis/build/SymbiFlow/sv-tests/third_party/tests/hdlconvertor/tests/sv_test/std2017/p765.sv:17:9: error: use of undeclared identifier 'master'
modport master (
        ^~~~~~
../../home/travis/build/SymbiFlow/sv-tests/third_party/tests/hdlconvertor/tests/sv_test/std2017/p765.sv:17:17: error: expected ';'
modport master (
                ^
../../home/travis/build/SymbiFlow/sv-tests/third_party/tests/hdlconvertor/tests/sv_test/std2017/p765.sv:17:17: error: expected argument
modport master (
                ^
../../home/travis/build/SymbiFlow/sv-tests/third_party/tests/hdlconvertor/tests/sv_test/std2017/p765.sv:18:1: error: language feature not yet supported
input gnt, rdy, clk,
^~~~~~~~~~~~~~~~~~~~
../../home/travis/build/SymbiFlow/sv-tests/third_party/tests/hdlconvertor/tests/sv_test/std2017/p765.sv:18:21: error: expected identifier
input gnt, rdy, clk,
                    ^
../../home/travis/build/SymbiFlow/sv-tests/third_party/tests/hdlconvertor/tests/sv_test/std2017/p765.sv:19:1: error: expected declarator
output req, addr, mode, start,
^~~~~~
../../home/travis/build/SymbiFlow/sv-tests/third_party/tests/hdlconvertor/tests/sv_test/std2017/p765.sv:19:7: error: expected ','
output req, addr, mode, start,
      ^
../../home/travis/build/SymbiFlow/sv-tests/third_party/tests/hdlconvertor/tests/sv_test/std2017/p765.sv:19:31: error: expected identifier
output req, addr, mode, start,
                              ^
../../home/travis/build/SymbiFlow/sv-tests/third_party/tests/hdlconvertor/tests/sv_test/std2017/p765.sv:20:1: error: expected declarator
ref data,
^~~
../../home/travis/build/SymbiFlow/sv-tests/third_party/tests/hdlconvertor/tests/sv_test/std2017/p765.sv:20:4: error: expected ','
ref data,
   ^
../../home/travis/build/SymbiFlow/sv-tests/third_party/tests/hdlconvertor/tests/sv_test/std2017/p765.sv:20:10: error: expected identifier
ref data,
         ^
../../home/travis/build/SymbiFlow/sv-tests/third_party/tests/hdlconvertor/tests/sv_test/std2017/p765.sv:21:1: error: expected declarator
import task Read(input logic [7:0] raddr),
^~~~~~
../../home/travis/build/SymbiFlow/sv-tests/third_party/tests/hdlconvertor/tests/sv_test/std2017/p765.sv:21:12: error: expected ','
import task Read(input logic [7:0] raddr),
           ^
../../home/travis/build/SymbiFlow/sv-tests/third_party/tests/hdlconvertor/tests/sv_test/std2017/p765.sv:21:17: error: expected declarator
import task Read(input logic [7:0] raddr),
                ^
../../home/travis/build/SymbiFlow/sv-tests/third_party/tests/hdlconvertor/tests/sv_test/std2017/p765.sv:21:35: error: expected ','
import task Read(input logic [7:0] raddr),
                                  ^
../../home/travis/build/SymbiFlow/sv-tests/third_party/tests/hdlconvertor/tests/sv_test/std2017/p765.sv:21:41: error: expected declarator
import task Read(input logic [7:0] raddr),
                                        ^
../../home/travis/build/SymbiFlow/sv-tests/third_party/tests/hdlconvertor/tests/sv_test/std2017/p765.sv:21:43: error: expected identifier
import task Read(input logic [7:0] raddr),
                                          ^
../../home/travis/build/SymbiFlow/sv-tests/third_party/tests/hdlconvertor/tests/sv_test/std2017/p765.sv:22:1: error: expected declarator
task Write(input logic [7:0] waddr));
^~~~
../../home/travis/build/SymbiFlow/sv-tests/third_party/tests/hdlconvertor/tests/sv_test/std2017/p765.sv:22:5: error: expected ','
task Write(input logic [7:0] waddr));
    ^
../../home/travis/build/SymbiFlow/sv-tests/third_party/tests/hdlconvertor/tests/sv_test/std2017/p765.sv:22:11: error: expected declarator
task Write(input logic [7:0] waddr));
          ^
../../home/travis/build/SymbiFlow/sv-tests/third_party/tests/hdlconvertor/tests/sv_test/std2017/p765.sv:22:29: error: expected ','
task Write(input logic [7:0] waddr));
                            ^
../../home/travis/build/SymbiFlow/sv-tests/third_party/tests/hdlconvertor/tests/sv_test/std2017/p765.sv:22:35: error: expected declarator
task Write(input logic [7:0] waddr));
                                  ^
../../home/travis/build/SymbiFlow/sv-tests/third_party/tests/hdlconvertor/tests/sv_test/std2017/p765.sv:24:1: error: expected statement
initial begin
^~~~~~~
../../home/travis/build/SymbiFlow/sv-tests/third_party/tests/hdlconvertor/tests/sv_test/std2017/p765.sv:28:4: error: expected 'endtask'
end
   ^
../../home/travis/build/SymbiFlow/sv-tests/third_party/tests/hdlconvertor/tests/sv_test/std2017/p765.sv:30:54: error: unknown interface 'interface'
module memMod #(parameter int minaddr=0, maxaddr=0) (interface a);
                                                     ^~~~~~~~~
../../home/travis/build/SymbiFlow/sv-tests/third_party/tests/hdlconvertor/tests/sv_test/std2017/p765.sv:30:64: error: redefinition of 'a' as different kind of symbol
module memMod #(parameter int minaddr=0, maxaddr=0) (interface a);
                                                               ^
../../home/travis/build/SymbiFlow/sv-tests/third_party/tests/hdlconvertor/tests/sv_test/std2017/p765.sv:33:6: note: previous definition here
task a.countSlaves();
     ^
../../home/travis/build/SymbiFlow/sv-tests/third_party/tests/hdlconvertor/tests/sv_test/std2017/p765.sv:34:2: error: invalid member access for type 'logic'
a.slaves++;
~^~~~~~~
../../home/travis/build/SymbiFlow/sv-tests/third_party/tests/hdlconvertor/tests/sv_test/std2017/p765.sv:36:6: error: redefinition of 'a'
task a.Read(input logic [7:0] raddr); // Read method
     ^
../../home/travis/build/SymbiFlow/sv-tests/third_party/tests/hdlconvertor/tests/sv_test/std2017/p765.sv:33:6: note: previous definition here
task a.countSlaves();
     ^
../../home/travis/build/SymbiFlow/sv-tests/third_party/tests/hdlconvertor/tests/sv_test/std2017/p765.sv:39:6: error: invalid member access for type 'logic'
#10 a.data = mem[raddr];
    ~^~~~~
../../home/travis/build/SymbiFlow/sv-tests/third_party/tests/hdlconvertor/tests/sv_test/std2017/p765.sv:43:6: error: redefinition of 'a'
task a.Write(input logic [7:0] waddr); // Write method
     ^
../../home/travis/build/SymbiFlow/sv-tests/third_party/tests/hdlconvertor/tests/sv_test/std2017/p765.sv:33:6: note: previous definition here
task a.countSlaves();
     ^
../../home/travis/build/SymbiFlow/sv-tests/third_party/tests/hdlconvertor/tests/sv_test/std2017/p765.sv:46:19: error: invalid member access for type 'logic'
#10 mem[waddr] = a.data;
                 ~^~~~~
../../home/travis/build/SymbiFlow/sv-tests/third_party/tests/hdlconvertor/tests/sv_test/std2017/p765.sv:51:15: error: unknown interface 'interface'
module cpuMod(interface b);
              ^~~~~~~~~
../../home/travis/build/SymbiFlow/sv-tests/third_party/tests/hdlconvertor/tests/sv_test/std2017/p765.sv:57:15: error: use of undeclared identifier '$dist_uniform'
inst = instr'($dist_uniform(seed, 0, 1));
              ^~~~~~~~~~~~~
../../home/travis/build/SymbiFlow/sv-tests/third_party/tests/hdlconvertor/tests/sv_test/std2017/p765.sv:58:9: error: use of undeclared identifier '$dist_uniform'
raddr = $dist_uniform(seed, 0, 3);
        ^~~~~~~~~~~~~
../../home/travis/build/SymbiFlow/sv-tests/third_party/tests/hdlconvertor/tests/sv_test/std2017/p765.sv:60:35: error: use of undeclared identifier '$time'
$display("%t begin read %h @ %h", $time, b.data, raddr);
                                  ^~~~~
../../home/travis/build/SymbiFlow/sv-tests/third_party/tests/hdlconvertor/tests/sv_test/std2017/p765.sv:62:33: error: use of undeclared identifier '$time'
$display("%t end read %h @ %h", $time, b.data, raddr);
                                ^~~~~
../../home/travis/build/SymbiFlow/sv-tests/third_party/tests/hdlconvertor/tests/sv_test/std2017/p765.sv:65:36: error: use of undeclared identifier '$time'
$display("%t begin write %h @ %h", $time, b.data, raddr);
                                   ^~~~~
../../home/travis/build/SymbiFlow/sv-tests/third_party/tests/hdlconvertor/tests/sv_test/std2017/p765.sv:68:34: error: use of undeclared identifier '$time'
$display("%t end write %h @ %h", $time, b.data, raddr);
                                 ^~~~~
../../home/travis/build/SymbiFlow/sv-tests/third_party/tests/hdlconvertor/tests/sv_test/std2017/p765.sv:75:1: error: language feature not yet supported
disable mem1.a.Read; // task via module instance
^~~~~~~~~~~~~~~~~~~~
../../home/travis/build/SymbiFlow/sv-tests/third_party/tests/hdlconvertor/tests/sv_test/std2017/p765.sv:76:1: error: language feature not yet supported
disable sb_intf.Write; // task via interface instance
^~~~~~~~~~~~~~~~~~~~~~
../../home/travis/build/SymbiFlow/sv-tests/third_party/tests/hdlconvertor/tests/sv_test/std2017/p765.sv:87:30: error: hierarchical names are not allowed in constant expressions
memMod #(0, 127) mem1(sb_intf.slave);
                      ~~~~~~~^
../../home/travis/build/SymbiFlow/sv-tests/third_party/tests/hdlconvertor/tests/sv_test/std2017/p765.sv:87:30: error: could not resolve hierarchical path name 'slave'
memMod #(0, 127) mem1(sb_intf.slave);
                             ^~~~~~
../../home/travis/build/SymbiFlow/sv-tests/third_party/tests/hdlconvertor/tests/sv_test/std2017/p765.sv:88:32: error: hierarchical names are not allowed in constant expressions
memMod #(128, 255) mem2(sb_intf.slave);
                        ~~~~~~~^
../../home/travis/build/SymbiFlow/sv-tests/third_party/tests/hdlconvertor/tests/sv_test/std2017/p765.sv:88:32: error: could not resolve hierarchical path name 'slave'
memMod #(128, 255) mem2(sb_intf.slave);
                               ^~~~~~
../../home/travis/build/SymbiFlow/sv-tests/third_party/tests/hdlconvertor/tests/sv_test/std2017/p765.sv:89:19: error: hierarchical names are not allowed in constant expressions
cpuMod cpu(sb_intf.master);
           ~~~~~~~^
../../home/travis/build/SymbiFlow/sv-tests/third_party/tests/hdlconvertor/tests/sv_test/std2017/p765.sv:89:19: error: could not resolve hierarchical path name 'master'
cpuMod cpu(sb_intf.master);
                  ^~~~~~~
