name: hdlconvertor_p139
description: Tests imported from hdlconv
files: /home/travis/build/SymbiFlow/sv-tests/third_party/tests/hdlconvertor/tests/sv_test/std2012/p139.sv
should_fail: 0
tags: hdlconv
incdirs: 
top_module: 
rc: 1

../../home/travis/build/SymbiFlow/sv-tests/third_party/tests/hdlconvertor/tests/sv_test/std2012/p139.sv:1:1: error: language feature not yet supported
class C;
^~~~~~~~
../../home/travis/build/SymbiFlow/sv-tests/third_party/tests/hdlconvertor/tests/sv_test/std2012/p139.sv:6:13: error: expected identifier
    function new(int a);
            ^
../../home/travis/build/SymbiFlow/sv-tests/third_party/tests/hdlconvertor/tests/sv_test/std2012/p139.sv:6:14: error: expected statement
    function new(int a);
             ^~~
../../home/travis/build/SymbiFlow/sv-tests/third_party/tests/hdlconvertor/tests/sv_test/std2012/p139.sv:6:23: error: expected declarator
    function new(int a);
                      ^
../../home/travis/build/SymbiFlow/sv-tests/third_party/tests/hdlconvertor/tests/sv_test/std2012/p139.sv:12:1: error: language feature not yet supported
class D extends C;
^~~~~~~~~~~~~~~~~~
../../home/travis/build/SymbiFlow/sv-tests/third_party/tests/hdlconvertor/tests/sv_test/std2012/p139.sv:17:13: error: expected identifier
    function new;
            ^
../../home/travis/build/SymbiFlow/sv-tests/third_party/tests/hdlconvertor/tests/sv_test/std2012/p139.sv:17:14: error: expected statement
    function new;
             ^~~
