name: and_assignment
description: &= assignment test
should_fail: 0
tags: 11.4.1
files: /home/travis/build/SymbiFlow/sv-tests/tests/generated/assignment_op/11.4.1--and_assignment.sv
incdirs: 
top_module: 
rc: -6

--------------
Odin has decided you MAY fail ... :

WARNING (1)::ARG_ERROR Permissive flag is ON. Undefined behaviour may occur

WARNING (2)::ARG_ERROR /home/travis/build/SymbiFlow/sv-tests/tests/generated/assignment_op/11.4.1--and_assignment.sv::1 File (/home/travis/build/SymbiFlow/sv-tests/tests/generated/assignment_op/11.4.1--and_assignment.sv) has an unsupported extension (.sv), Odin only supports {  .v .vh }

PARSE_ERROR /home/travis/build/SymbiFlow/sv-tests/tests/generated/assignment_op/11.4.1--and_assignment.sv::8 error in parsing: (syntax error, unexpected '=', expecting '(')
int a = 12;
PARSE_ERROR /home/travis/build/SymbiFlow/sv-tests/tests/generated/assignment_op/11.4.1--and_assignment.sv::9 error in parsing: (syntax error, unexpected '=', expecting '(')
int b = 5;
PARSE_ERROR /home/travis/build/SymbiFlow/sv-tests/tests/generated/assignment_op/11.4.1--and_assignment.sv::11 error in parsing: (syntax error, unexpected '&', expecting voLTE or '=')
    a &= b;
ERROR (6)::NETLIST_ERROR Could not find a top level module

Assertion failed()@[/home/travis/build/SymbiFlow/sv-tests/third_party/tools/odin_ii/ODIN_II/SRC/netlist_create_from_ast.cpp]find_top_module::295 
