name: local_from_inside
description: encapsulation test
should_fail: 0
tags: 8.18
files: /home/travis/build/SymbiFlow/sv-tests/tests/generated/encapsulation/8.18--local_from_inside.sv
incdirs: 
top_module: 
rc: 10

%Error: /home/travis/build/SymbiFlow/sv-tests/tests/generated/encapsulation/8.18--local_from_inside.sv:8: Unsupported: SystemVerilog 2005 reserved word not implemented: class
%Error: /home/travis/build/SymbiFlow/sv-tests/tests/generated/encapsulation/8.18--local_from_inside.sv:8: syntax error, unexpected ';', expecting IDENTIFIER
%Error: /home/travis/build/SymbiFlow/sv-tests/tests/generated/encapsulation/8.18--local_from_inside.sv:9: Unsupported: SystemVerilog 2005 reserved word not implemented: local
%Error: /home/travis/build/SymbiFlow/sv-tests/tests/generated/encapsulation/8.18--local_from_inside.sv:10: Unsupported: SystemVerilog 2005 reserved word not implemented: protected
%Error: /home/travis/build/SymbiFlow/sv-tests/tests/generated/encapsulation/8.18--local_from_inside.sv:12: Unsupported: SystemVerilog 2005 reserved word not implemented: endclass
%Error: /home/travis/build/SymbiFlow/sv-tests/tests/generated/encapsulation/8.18--local_from_inside.sv:13: Unsupported: SystemVerilog 2005 reserved word not implemented: class
%Error: /home/travis/build/SymbiFlow/sv-tests/tests/generated/encapsulation/8.18--local_from_inside.sv:13: Unsupported: SystemVerilog 2005 reserved word not implemented: extends
%Error: /home/travis/build/SymbiFlow/sv-tests/tests/generated/encapsulation/8.18--local_from_inside.sv:14: Unsupported: SystemVerilog 2005 reserved word not implemented: local
%Error: /home/travis/build/SymbiFlow/sv-tests/tests/generated/encapsulation/8.18--local_from_inside.sv:15: Unsupported: SystemVerilog 2005 reserved word not implemented: protected
%Error: /home/travis/build/SymbiFlow/sv-tests/tests/generated/encapsulation/8.18--local_from_inside.sv:20: Unsupported: SystemVerilog 2005 reserved word not implemented: endclass
%Error: /home/travis/build/SymbiFlow/sv-tests/tests/generated/encapsulation/8.18--local_from_inside.sv:23: Unsupported: SystemVerilog 2005 reserved word not implemented: new
%Error: /home/travis/build/SymbiFlow/sv-tests/tests/generated/encapsulation/8.18--local_from_inside.sv:23: syntax error, unexpected ';', expecting TYPE-IDENTIFIER
%Error: Exiting due to 12 error(s)
%Error: See the manual and http://www.veripool.org/verilator for more assistance.
%Error: Command Failed /usr/bin/verilator_bin -Wno-fatal --cc /home/travis/build/SymbiFlow/sv-tests/tests/generated/encapsulation/8.18--local_from_inside.sv
