name: hdlconvertor_p492
description: Tests imported from hdlconv
files: /home/travis/build/SymbiFlow/sv-tests/third_party/tests/hdlconvertor/tests/sv_test/std2017/p492.sv
should_fail: 0
tags: hdlconv
incdirs: 
top_module: 
rc: 1

/home/travis/build/SymbiFlow/sv-tests/third_party/tests/hdlconvertor/tests/sv_test/std2017/p492.sv:3:17: error: node type: ERROR
/home/travis/build/SymbiFlow/sv-tests/third_party/tests/hdlconvertor/tests/sv_test/std2017/p492.sv:3:38: error: node type: ERROR
/home/travis/build/SymbiFlow/sv-tests/third_party/tests/hdlconvertor/tests/sv_test/std2017/p492.sv:4:10: error: node type: ERROR
/home/travis/build/SymbiFlow/sv-tests/third_party/tests/hdlconvertor/tests/sv_test/std2017/p492.sv:4:15: error: node type: ;
/home/travis/build/SymbiFlow/sv-tests/third_party/tests/hdlconvertor/tests/sv_test/std2017/p492.sv:4:21: error: node type: ERROR
/home/travis/build/SymbiFlow/sv-tests/third_party/tests/hdlconvertor/tests/sv_test/std2017/p492.sv:6:22: error: node type: ERROR
/home/travis/build/SymbiFlow/sv-tests/third_party/tests/hdlconvertor/tests/sv_test/std2017/p492.sv:8:10: error: node type: ERROR
/home/travis/build/SymbiFlow/sv-tests/third_party/tests/hdlconvertor/tests/sv_test/std2017/p492.sv:8:21: error: node type: ;
/home/travis/build/SymbiFlow/sv-tests/third_party/tests/hdlconvertor/tests/sv_test/std2017/p492.sv:8:27: error: node type: ERROR
/home/travis/build/SymbiFlow/sv-tests/third_party/tests/hdlconvertor/tests/sv_test/std2017/p492.sv:11:22: error: node type: ERROR
/home/travis/build/SymbiFlow/sv-tests/third_party/tests/hdlconvertor/tests/sv_test/std2017/p492.sv:13:10: error: node type: ERROR
/home/travis/build/SymbiFlow/sv-tests/third_party/tests/hdlconvertor/tests/sv_test/std2017/p492.sv:13:22: error: node type: ;
/home/travis/build/SymbiFlow/sv-tests/third_party/tests/hdlconvertor/tests/sv_test/std2017/p492.sv:13:28: error: node type: ERROR
/home/travis/build/SymbiFlow/sv-tests/third_party/tests/hdlconvertor/tests/sv_test/std2017/p492.sv:16:22: error: node type: ERROR
