name: hdlconvertor_p347
description: Tests imported from hdlconv
files: /home/travis/build/SymbiFlow/sv-tests/third_party/tests/hdlconvertor/tests/sv_test/std2017/p347.sv
should_fail: 0
tags: hdlconv
incdirs: 
top_module: 
rc: 1

/home/travis/build/SymbiFlow/sv-tests/third_party/tests/hdlconvertor/tests/sv_test/std2017/p347.sv:6:16: error: node type: ERROR
/home/travis/build/SymbiFlow/sv-tests/third_party/tests/hdlconvertor/tests/sv_test/std2017/p347.sv:8:14: error: node type: ERROR
/home/travis/build/SymbiFlow/sv-tests/third_party/tests/hdlconvertor/tests/sv_test/std2017/p347.sv:12:16: error: node type: ERROR
/home/travis/build/SymbiFlow/sv-tests/third_party/tests/hdlconvertor/tests/sv_test/std2017/p347.sv:14:14: error: node type: ERROR
/home/travis/build/SymbiFlow/sv-tests/third_party/tests/hdlconvertor/tests/sv_test/std2017/p347.sv:18:7: error: node type: ERROR
/home/travis/build/SymbiFlow/sv-tests/third_party/tests/hdlconvertor/tests/sv_test/std2017/p347.sv:18:33: error: node type: ERROR
/home/travis/build/SymbiFlow/sv-tests/third_party/tests/hdlconvertor/tests/sv_test/std2017/p347.sv:20:9: error: node type: ERROR
/home/travis/build/SymbiFlow/sv-tests/third_party/tests/hdlconvertor/tests/sv_test/std2017/p347.sv:20:21: error: node type: always
/home/travis/build/SymbiFlow/sv-tests/third_party/tests/hdlconvertor/tests/sv_test/std2017/p347.sv:21:21: error: node type: ERROR
/home/travis/build/SymbiFlow/sv-tests/third_party/tests/hdlconvertor/tests/sv_test/std2017/p347.sv:23:9: error: node type: ;
/home/travis/build/SymbiFlow/sv-tests/third_party/tests/hdlconvertor/tests/sv_test/std2017/p347.sv:34:16: error: node type: ERROR
/home/travis/build/SymbiFlow/sv-tests/third_party/tests/hdlconvertor/tests/sv_test/std2017/p347.sv:36:6: error: node type: ;
/home/travis/build/SymbiFlow/sv-tests/third_party/tests/hdlconvertor/tests/sv_test/std2017/p347.sv:36:23: error: node type: ERROR
/home/travis/build/SymbiFlow/sv-tests/third_party/tests/hdlconvertor/tests/sv_test/std2017/p347.sv:36:32: error: node type: ERROR
/home/travis/build/SymbiFlow/sv-tests/third_party/tests/hdlconvertor/tests/sv_test/std2017/p347.sv:40:16: error: node type: ERROR
/home/travis/build/SymbiFlow/sv-tests/third_party/tests/hdlconvertor/tests/sv_test/std2017/p347.sv:42:6: error: node type: ;
/home/travis/build/SymbiFlow/sv-tests/third_party/tests/hdlconvertor/tests/sv_test/std2017/p347.sv:42:23: error: node type: ERROR
/home/travis/build/SymbiFlow/sv-tests/third_party/tests/hdlconvertor/tests/sv_test/std2017/p347.sv:42:32: error: node type: ERROR
/home/travis/build/SymbiFlow/sv-tests/third_party/tests/hdlconvertor/tests/sv_test/std2017/p347.sv:46:7: error: node type: ERROR
/home/travis/build/SymbiFlow/sv-tests/third_party/tests/hdlconvertor/tests/sv_test/std2017/p347.sv:46:33: error: node type: ERROR
/home/travis/build/SymbiFlow/sv-tests/third_party/tests/hdlconvertor/tests/sv_test/std2017/p347.sv:47:5: error: node type: ERROR
/home/travis/build/SymbiFlow/sv-tests/third_party/tests/hdlconvertor/tests/sv_test/std2017/p347.sv:47:13: error: node type: ERROR
/home/travis/build/SymbiFlow/sv-tests/third_party/tests/hdlconvertor/tests/sv_test/std2017/p347.sv:47:24: error: node type: ERROR
/home/travis/build/SymbiFlow/sv-tests/third_party/tests/hdlconvertor/tests/sv_test/std2017/p347.sv:47:29: error: node type: always
