name: delete
description: Update queue by assignment (delete)
should_fail: 0
tags: 7.10.4
files: /home/travis/build/SymbiFlow/sv-tests/tests/chapter-7/queues/delete_assign.sv
incdirs: 
top_module: 
rc: -6

--------------
Odin has decided you MAY fail ... :

WARNING (1)::ARG_ERROR Permissive flag is ON. Undefined behaviour may occur

WARNING (2)::ARG_ERROR /home/travis/build/SymbiFlow/sv-tests/tests/chapter-7/queues/delete_assign.sv::1 File (/home/travis/build/SymbiFlow/sv-tests/tests/chapter-7/queues/delete_assign.sv) has an unsupported extension (.sv), Odin only supports {  .v .vh }

PARSE_ERROR /home/travis/build/SymbiFlow/sv-tests/tests/chapter-7/queues/delete_assign.sv::9 error in parsing: (syntax error, unexpected '[', expecting '(')
int q[$];
PARSE_ERROR /home/travis/build/SymbiFlow/sv-tests/tests/chapter-7/queues/delete_assign.sv::10 error in parsing: (syntax error, unexpected ';', expecting '(')
int r;
PARSE_ERROR /home/travis/build/SymbiFlow/sv-tests/tests/chapter-7/queues/delete_assign.sv::17 error in parsing: (syntax error, unexpected ']')
	q = q[1:$]; // q.delete(0)
PARSE_ERROR /home/travis/build/SymbiFlow/sv-tests/tests/chapter-7/queues/delete_assign.sv::19 error in parsing: (syntax error, unexpected '=', expecting vSYMBOL_ID or '#')
	q = {}; // q.delete
PARSE_ERROR /home/travis/build/SymbiFlow/sv-tests/tests/chapter-7/queues/delete_assign.sv::21 error in parsing: (syntax error, unexpected vEND)
end
ERROR (8)::NETLIST_ERROR Could not find a top level module

Assertion failed()@[/home/travis/build/SymbiFlow/sv-tests/third_party/tools/odin_ii/ODIN_II/SRC/netlist_create_from_ast.cpp]find_top_module::295 
