name: queues-elements-persistence
description: Test status of persistence of references to elements of queue
should_fail: 0
tags: 7.10.3
files: /home/travis/build/SymbiFlow/sv-tests/tests/chapter-7/queues/persistence.sv
incdirs: 
top_module: 
rc: -6

--------------
Odin has decided you MAY fail ... :

WARNING (1)::ARG_ERROR Permissive flag is ON. Undefined behaviour may occur

WARNING (2)::ARG_ERROR /home/travis/build/SymbiFlow/sv-tests/tests/chapter-7/queues/persistence.sv::1 File (/home/travis/build/SymbiFlow/sv-tests/tests/chapter-7/queues/persistence.sv) has an unsupported extension (.sv), Odin only supports {  .v .vh }

PARSE_ERROR /home/travis/build/SymbiFlow/sv-tests/tests/chapter-7/queues/persistence.sv::9 error in parsing: (syntax error, unexpected '[', expecting '(')
int q[$];
PARSE_ERROR /home/travis/build/SymbiFlow/sv-tests/tests/chapter-7/queues/persistence.sv::11 error in parsing: (syntax error, unexpected vSYMBOL_ID, expecting ')' or ',')
task automatic fun(ref int e);
PARSE_ERROR /home/travis/build/SymbiFlow/sv-tests/tests/chapter-7/queues/persistence.sv::13 error in parsing: (syntax error, unexpected vDELAY_ID)
	#100
PARSE_ERROR /home/travis/build/SymbiFlow/sv-tests/tests/chapter-7/queues/persistence.sv::16 error in parsing: (syntax error, unexpected vENDTASK)
endtask
PARSE_ERROR /home/travis/build/SymbiFlow/sv-tests/tests/chapter-7/queues/persistence.sv::22 error in parsing: (syntax error, unexpected '(', expecting vSYMBOL_ID or '#')
	fun(q[1]);
PARSE_ERROR /home/travis/build/SymbiFlow/sv-tests/tests/chapter-7/queues/persistence.sv::31 error in parsing: (syntax error, unexpected vEND)
end
ERROR (9)::NETLIST_ERROR Could not find a top level module

Assertion failed()@[/home/travis/build/SymbiFlow/sv-tests/third_party/tools/odin_ii/ODIN_II/SRC/netlist_create_from_ast.cpp]find_top_module::295 
