name: hdlconvertor_p573
description: Tests imported from hdlconv
files: /home/travis/build/SymbiFlow/sv-tests/third_party/tests/hdlconvertor/tests/sv_test/std2017/p573.sv
should_fail: 0
tags: hdlconv
incdirs: 
top_module: 
rc: -6

--------------
Odin has decided you MAY fail ... :

WARNING (1)::ARG_ERROR Permissive flag is ON. Undefined behaviour may occur

WARNING (2)::ARG_ERROR /home/travis/build/SymbiFlow/sv-tests/third_party/tests/hdlconvertor/tests/sv_test/std2017/p573.sv::1 File (/home/travis/build/SymbiFlow/sv-tests/third_party/tests/hdlconvertor/tests/sv_test/std2017/p573.sv) has an unsupported extension (.sv), Odin only supports {  .v .vh }

PARSE_ERROR /home/travis/build/SymbiFlow/sv-tests/third_party/tests/hdlconvertor/tests/sv_test/std2017/p573.sv::2 error in parsing: (syntax error, unexpected '[', expecting vSYMBOL_ID or '#')
	bit [7:0] v_a, v_b;
PARSE_ERROR /home/travis/build/SymbiFlow/sv-tests/third_party/tests/hdlconvertor/tests/sv_test/std2017/p573.sv::3 error in parsing: (syntax error, unexpected '@', expecting '(')
	covergroup cg @(posedge clk);
PARSE_ERROR /home/travis/build/SymbiFlow/sv-tests/third_party/tests/hdlconvertor/tests/sv_test/std2017/p573.sv::7 error in parsing: (syntax error, unexpected '=', expecting '(')
		bins a2 = { [64:127] };
PARSE_ERROR /home/travis/build/SymbiFlow/sv-tests/third_party/tests/hdlconvertor/tests/sv_test/std2017/p573.sv::8 error in parsing: (syntax error, unexpected '=', expecting '(')
		bins a3 = { [128:191] };
PARSE_ERROR /home/travis/build/SymbiFlow/sv-tests/third_party/tests/hdlconvertor/tests/sv_test/std2017/p573.sv::9 error in parsing: (syntax error, unexpected '=', expecting '(')
		bins a4 = { [192:255] };
PARSE_ERROR /home/travis/build/SymbiFlow/sv-tests/third_party/tests/hdlconvertor/tests/sv_test/std2017/p573.sv::14 error in parsing: (syntax error, unexpected '=', expecting '(')
		bins b2 = { [1:84] };
PARSE_ERROR /home/travis/build/SymbiFlow/sv-tests/third_party/tests/hdlconvertor/tests/sv_test/std2017/p573.sv::15 error in parsing: (syntax error, unexpected '=', expecting '(')
		bins b3 = { [85:169] };
PARSE_ERROR /home/travis/build/SymbiFlow/sv-tests/third_party/tests/hdlconvertor/tests/sv_test/std2017/p573.sv::16 error in parsing: (syntax error, unexpected '=', expecting '(')
		bins b4 = { [170:255] };
PARSE_ERROR /home/travis/build/SymbiFlow/sv-tests/third_party/tests/hdlconvertor/tests/sv_test/std2017/p573.sv::21 error in parsing: (syntax error, unexpected '=', expecting '(')
		bins c2 = binsof(a.a2) || binsof(b.b2);// 7 cross products
PARSE_ERROR /home/travis/build/SymbiFlow/sv-tests/third_party/tests/hdlconvertor/tests/sv_test/std2017/p573.sv::22 error in parsing: (syntax error, unexpected '=', expecting '(')
		bins c3 = binsof(a.a1) && binsof(b.b4);// 1 cross product
ERROR (13)::NETLIST_ERROR Could not find a top level module

Assertion failed()@[/home/travis/build/SymbiFlow/sv-tests/third_party/tools/odin_ii/ODIN_II/SRC/netlist_create_from_ast.cpp]find_top_module::295 
