name: hdlconvertor_p714
description: Tests imported from hdlconv
files: /home/travis/build/SymbiFlow/sv-tests/third_party/tests/hdlconvertor/tests/sv_test/std2017/p714.sv
should_fail: 0
tags: hdlconv
incdirs: 
top_module: 
rc: -6

--------------
Odin has decided you MAY fail ... :

WARNING (1)::ARG_ERROR Permissive flag is ON. Undefined behaviour may occur

WARNING (2)::ARG_ERROR /home/travis/build/SymbiFlow/sv-tests/third_party/tests/hdlconvertor/tests/sv_test/std2017/p714.sv::1 File (/home/travis/build/SymbiFlow/sv-tests/third_party/tests/hdlconvertor/tests/sv_test/std2017/p714.sv) has an unsupported extension (.sv), Odin only supports {  .v .vh }

PARSE_ERROR /home/travis/build/SymbiFlow/sv-tests/third_party/tests/hdlconvertor/tests/sv_test/std2017/p714.sv::9 error in parsing: (syntax error, unexpected '*', expecting vSYMBOL_ID)
(.*, .zero());
PARSE_ERROR /home/travis/build/SymbiFlow/sv-tests/third_party/tests/hdlconvertor/tests/sv_test/std2017/p714.sv::10 error in parsing: (syntax error, unexpected '*', expecting vSYMBOL_ID)
accum accum (.*, .dataout(dataout[7:0]), .datain(alu_out));
PARSE_ERROR /home/travis/build/SymbiFlow/sv-tests/third_party/tests/hdlconvertor/tests/sv_test/std2017/p714.sv::11 error in parsing: (syntax error, unexpected '*', expecting vSYMBOL_ID)
xtend xtend (.*, .dout(dataout[15:8]), .din(alu_out[7]));
PARSE_ERROR /home/travis/build/SymbiFlow/sv-tests/third_party/tests/hdlconvertor/tests/sv_test/std2017/p714.sv::22 error in parsing: (syntax error, unexpected ',', expecting '(')
alu alu (.ain(ain), .bin(bin), .alu_out, .zero(), .opcode);
PARSE_ERROR /home/travis/build/SymbiFlow/sv-tests/third_party/tests/hdlconvertor/tests/sv_test/std2017/p714.sv::26 error in parsing: (syntax error, unexpected '*', expecting vSYMBOL_ID)
xtend xtend (.dout(dataout[15:8]), .*, .din(alu_out[7]));
ERROR (8)::NETLIST_ERROR Found multiple top level modules
	alu_accum4	alu_accum5

Assertion failed()@[/home/travis/build/SymbiFlow/sv-tests/third_party/tools/odin_ii/ODIN_II/SRC/netlist_create_from_ast.cpp]find_top_module::299 
