name: hdlconvertor_p348
description: Tests imported from hdlconv
files: /home/travis/build/SymbiFlow/sv-tests/third_party/tests/hdlconvertor/tests/sv_test/std2017/p348.sv
should_fail: 0
tags: hdlconv
incdirs: 
top_module: 
rc: -11

--------------
Odin has decided you MAY fail ... :

WARNING (1)::ARG_ERROR Permissive flag is ON. Undefined behaviour may occur

WARNING (2)::ARG_ERROR /home/travis/build/SymbiFlow/sv-tests/third_party/tests/hdlconvertor/tests/sv_test/std2017/p348.sv::1 File (/home/travis/build/SymbiFlow/sv-tests/third_party/tests/hdlconvertor/tests/sv_test/std2017/p348.sv) has an unsupported extension (.sv), Odin only supports {  .v .vh }

PARSE_ERROR /home/travis/build/SymbiFlow/sv-tests/third_party/tests/hdlconvertor/tests/sv_test/std2017/p348.sv::2 error in parsing: (syntax error, unexpected ',', expecting '(')
  logic a, b, c, clk;
PARSE_ERROR /home/travis/build/SymbiFlow/sv-tests/third_party/tests/hdlconvertor/tests/sv_test/std2017/p348.sv::3 error in parsing: (syntax error, unexpected vSYMBOL_ID, expecting '(')
  global clocking top_clocking @(clk); endclocking
PARSE_ERROR /home/travis/build/SymbiFlow/sv-tests/third_party/tests/hdlconvertor/tests/sv_test/std2017/p348.sv::5 error in parsing: (syntax error, unexpected vSYMBOL_ID, expecting '(')
  property p1(req, ack);
PARSE_ERROR /home/travis/build/SymbiFlow/sv-tests/third_party/tests/hdlconvertor/tests/sv_test/std2017/p348.sv::9 error in parsing: (syntax error, unexpected vSYMBOL_ID, expecting '(')
  property p2(req, ack, interrupt);
PARSE_ERROR /home/travis/build/SymbiFlow/sv-tests/third_party/tests/hdlconvertor/tests/sv_test/std2017/p348.sv::13 error in parsing: (syntax error, unexpected vSYMBOL_ID, expecting '(')
  my_checker check( 
