name: hdlconvertor_p295
description: Tests imported from hdlconv
files: /home/travis/build/SymbiFlow/sv-tests/third_party/tests/hdlconvertor/tests/sv_test/std2017/p295.sv
should_fail: 0
tags: hdlconv
incdirs: 
top_module: 
rc: -11

--------------
Odin has decided you MAY fail ... :

WARNING (1)::ARG_ERROR Permissive flag is ON. Undefined behaviour may occur

WARNING (2)::ARG_ERROR /home/travis/build/SymbiFlow/sv-tests/third_party/tests/hdlconvertor/tests/sv_test/std2017/p295.sv::1 File (/home/travis/build/SymbiFlow/sv-tests/third_party/tests/hdlconvertor/tests/sv_test/std2017/p295.sv) has an unsupported extension (.sv), Odin only supports {  .v .vh }

PARSE_ERROR /home/travis/build/SymbiFlow/sv-tests/third_party/tests/hdlconvertor/tests/sv_test/std2017/p295.sv::2 error in parsing: (syntax error, unexpected ',', expecting '(')
  logic a, b;
PARSE_ERROR /home/travis/build/SymbiFlow/sv-tests/third_party/tests/hdlconvertor/tests/sv_test/std2017/p295.sv::3 error in parsing: (syntax error, unexpected '=', expecting '(')
  let x = a || b;
PARSE_ERROR /home/travis/build/SymbiFlow/sv-tests/third_party/tests/hdlconvertor/tests/sv_test/std2017/p295.sv::4 error in parsing: (syntax error, unexpected ';', expecting '(')
  sequence s;
PARSE_ERROR /home/travis/build/SymbiFlow/sv-tests/third_party/tests/hdlconvertor/tests/sv_test/std2017/p295.sv::5 error in parsing: (syntax error, unexpected vDELAY_ID, expecting '(')
    x ##1 b;
PARSE_ERROR /home/travis/build/SymbiFlow/sv-tests/third_party/tests/hdlconvertor/tests/sv_test/std2017/p295.sv::10 error in parsing: (syntax error, unexpected ',', expecting '(')
  logic a, b;
PARSE_ERROR /home/travis/build/SymbiFlow/sv-tests/third_party/tests/hdlconvertor/tests/sv_test/std2017/p295.sv::12 error in parsing: (syntax error, unexpected ';', expecting '(')
  sequence s;
PARSE_ERROR /home/travis/build/SymbiFlow/sv-tests/third_party/tests/hdlconvertor/tests/sv_test/std2017/p295.sv::23 error in parsing: (syntax error, unexpected vGENVAR, expecting vSYMBOL_ID or vNUMBER or '{')
  for (genvar i = 0; i < 3; i++) begin : L0
PARSE_ERROR /home/travis/build/SymbiFlow/sv-tests/third_party/tests/hdlconvertor/tests/sv_test/std2017/p295.sv::27 error in parsing: (syntax error, unexpected vEND)
    end : L1
PARSE_ERROR /home/travis/build/SymbiFlow/sv-tests/third_party/tests/hdlconvertor/tests/sv_test/std2017/p295.sv::34 error in parsing: (syntax error, unexpected ',', expecting '(')
  logic c, d;
PARSE_ERROR /home/travis/build/SymbiFlow/sv-tests/third_party/tests/hdlconvertor/tests/sv_test/std2017/p295.sv::35 error in parsing: (syntax error, unexpected '[', expecting '(')
  typedef bit [15:0] bits;
PARSE_ERROR /home/travis/build/SymbiFlow/sv-tests/third_party/tests/hdlconvertor/tests/sv_test/std2017/p295.sv::36 error in parsing: (syntax error, unexpected vSYMBOL_ID, expecting ')' or ',')
  let ones_match(bits x, y) = x == y;
PARSE_ERROR /home/travis/build/SymbiFlow/sv-tests/third_party/tests/hdlconvertor/tests/sv_test/std2017/p295.sv::37 error in parsing: (syntax error, unexpected vSYMBOL_ID, expecting ')' or ',')
  let same(logic x, y) = x === y;
PARSE_ERROR /home/travis/build/SymbiFlow/sv-tests/third_party/tests/hdlconvertor/tests/sv_test/std2017/p295.sv::39 error in parsing: (syntax error, unexpected ':', expecting '(')
    a1: assert(ones_match(a, b));
PARSE_ERROR /home/travis/build/SymbiFlow/sv-tests/third_party/tests/hdlconvertor/tests/sv_test/std2017/p295.sv::41 error in parsing: (syntax error, unexpected vSYMBOL_ID, expecting ')' or ',')
  property toggles(bit x, y);
PARSE_ERROR /home/travis/build/SymbiFlow/sv-tests/third_party/tests/hdlconvertor/tests/sv_test/std2017/p295.sv::44 error in parsing: (syntax error, unexpected ':', expecting '(')
  a2: assert property (@(posedge clock) toggles(c, d));
