name: hdlconvertor_p91
description: Tests imported from hdlconv
files: /home/travis/build/SymbiFlow/sv-tests/third_party/tests/hdlconvertor/tests/sv_test/std2012/p91.sv
should_fail: 0
tags: hdlconv
incdirs: 
top_module: 
rc: -6

--------------
Odin has decided you MAY fail ... :

WARNING (1)::ARG_ERROR Permissive flag is ON. Undefined behaviour may occur

WARNING (2)::ARG_ERROR /home/travis/build/SymbiFlow/sv-tests/third_party/tests/hdlconvertor/tests/sv_test/std2012/p91.sv::1 File (/home/travis/build/SymbiFlow/sv-tests/third_party/tests/hdlconvertor/tests/sv_test/std2012/p91.sv) has an unsupported extension (.sv), Odin only supports {  .v .vh }

PARSE_ERROR /home/travis/build/SymbiFlow/sv-tests/third_party/tests/hdlconvertor/tests/sv_test/std2012/p91.sv::2 error in parsing: (syntax error, unexpected '=', expecting '(')
    int svar1 = 1; // static keyword optional
PARSE_ERROR /home/travis/build/SymbiFlow/sv-tests/third_party/tests/hdlconvertor/tests/sv_test/std2012/p91.sv::4 error in parsing: (syntax error, unexpected vSYMBOL_ID, expecting '=')
        for (int i=0; i<3; i++) begin
PARSE_ERROR /home/travis/build/SymbiFlow/sv-tests/third_party/tests/hdlconvertor/tests/sv_test/std2012/p91.sv::6 error in parsing: (syntax error, unexpected vSYMBOL_ID, expecting '=')
            for (int j=0; j<3; j++) begin
PARSE_ERROR /home/travis/build/SymbiFlow/sv-tests/third_party/tests/hdlconvertor/tests/sv_test/std2012/p91.sv::9 error in parsing: (syntax error, unexpected vEND)
            end
PARSE_ERROR /home/travis/build/SymbiFlow/sv-tests/third_party/tests/hdlconvertor/tests/sv_test/std2012/p91.sv::14 error in parsing: (syntax error, unexpected vSYMBOL_ID, expecting '=')
            for (int j=0; j<3; j++) begin
PARSE_ERROR /home/travis/build/SymbiFlow/sv-tests/third_party/tests/hdlconvertor/tests/sv_test/std2012/p91.sv::17 error in parsing: (syntax error, unexpected vEND)
            end
ERROR (9)::NETLIST_ERROR Could not find a top level module

Assertion failed()@[/home/travis/build/SymbiFlow/sv-tests/third_party/tools/odin_ii/ODIN_II/SRC/netlist_create_from_ast.cpp]find_top_module::295 
