name: hdlconvertor_p168
description: Tests imported from hdlconv
files: /home/travis/build/SymbiFlow/sv-tests/third_party/tests/hdlconvertor/tests/sv_test/std2017/p168.sv
should_fail: 0
tags: hdlconv
incdirs: 
top_module: 
rc: -6

--------------
Odin has decided you MAY fail ... :

WARNING (1)::ARG_ERROR Permissive flag is ON. Undefined behaviour may occur

WARNING (2)::ARG_ERROR /home/travis/build/SymbiFlow/sv-tests/third_party/tests/hdlconvertor/tests/sv_test/std2017/p168.sv::1 File (/home/travis/build/SymbiFlow/sv-tests/third_party/tests/hdlconvertor/tests/sv_test/std2017/p168.sv) has an unsupported extension (.sv), Odin only supports {  .v .vh }

PARSE_ERROR /home/travis/build/SymbiFlow/sv-tests/third_party/tests/hdlconvertor/tests/sv_test/std2017/p168.sv::3 error in parsing: (syntax error, unexpected vSYMBOL_ID, expecting '(' or ';')
function void fn0;
PARSE_ERROR /home/travis/build/SymbiFlow/sv-tests/third_party/tests/hdlconvertor/tests/sv_test/std2017/p168.sv::4 error in parsing: (syntax error, unexpected '[', expecting '(')
	byte b[] = { 1, 2, 3, 4 };
PARSE_ERROR /home/travis/build/SymbiFlow/sv-tests/third_party/tests/hdlconvertor/tests/sv_test/std2017/p168.sv::5 error in parsing: (syntax error, unexpected ';', expecting '(')
	int y;
PARSE_ERROR /home/travis/build/SymbiFlow/sv-tests/third_party/tests/hdlconvertor/tests/sv_test/std2017/p168.sv::13 error in parsing: (syntax error, unexpected ';', expecting '(')
	int y;
PARSE_ERROR /home/travis/build/SymbiFlow/sv-tests/third_party/tests/hdlconvertor/tests/sv_test/std2017/p168.sv::18 error in parsing: (syntax error, unexpected '[', expecting '(')
	logic bit_arr [1024];
PARSE_ERROR /home/travis/build/SymbiFlow/sv-tests/third_party/tests/hdlconvertor/tests/sv_test/std2017/p168.sv::19 error in parsing: (syntax error, unexpected ';', expecting '(')
	int y;
ERROR (9)::NETLIST_ERROR Could not find a top level module

Assertion failed()@[/home/travis/build/SymbiFlow/sv-tests/third_party/tools/odin_ii/ODIN_II/SRC/netlist_create_from_ast.cpp]find_top_module::295 
