name: hdlconvertor_p612
description: Tests imported from hdlconv
files: /home/travis/build/SymbiFlow/sv-tests/third_party/tests/hdlconvertor/tests/sv_test/std2017/p612.sv
should_fail: 0
tags: hdlconv
incdirs: 
top_module: 
rc: -6

--------------
Odin has decided you MAY fail ... :

WARNING (1)::ARG_ERROR Permissive flag is ON. Undefined behaviour may occur

WARNING (2)::ARG_ERROR /home/travis/build/SymbiFlow/sv-tests/third_party/tests/hdlconvertor/tests/sv_test/std2017/p612.sv::1 File (/home/travis/build/SymbiFlow/sv-tests/third_party/tests/hdlconvertor/tests/sv_test/std2017/p612.sv) has an unsupported extension (.sv), Odin only supports {  .v .vh }

PARSE_ERROR /home/travis/build/SymbiFlow/sv-tests/third_party/tests/hdlconvertor/tests/sv_test/std2017/p612.sv::2 error in parsing: (syntax error, unexpected ';', expecting '(')
  logic clk;
PARSE_ERROR /home/travis/build/SymbiFlow/sv-tests/third_party/tests/hdlconvertor/tests/sv_test/std2017/p612.sv::3 error in parsing: (syntax error, unexpected ',', expecting '(')
  logic a, b;
PARSE_ERROR /home/travis/build/SymbiFlow/sv-tests/third_party/tests/hdlconvertor/tests/sv_test/std2017/p612.sv::4 error in parsing: (syntax error, unexpected ',', expecting '(')
  logic c, d;
PARSE_ERROR /home/travis/build/SymbiFlow/sv-tests/third_party/tests/hdlconvertor/tests/sv_test/std2017/p612.sv::6 error in parsing: (syntax error, unexpected '=', expecting '(')
  let LOCK = 1;
PARSE_ERROR /home/travis/build/SymbiFlow/sv-tests/third_party/tests/hdlconvertor/tests/sv_test/std2017/p612.sv::7 error in parsing: (syntax error, unexpected '=', expecting '(')
  let UNLOCK = 2;
PARSE_ERROR /home/travis/build/SymbiFlow/sv-tests/third_party/tests/hdlconvertor/tests/sv_test/std2017/p612.sv::8 error in parsing: (syntax error, unexpected '=', expecting '(')
  let ON = 3;
PARSE_ERROR /home/travis/build/SymbiFlow/sv-tests/third_party/tests/hdlconvertor/tests/sv_test/std2017/p612.sv::9 error in parsing: (syntax error, unexpected '=', expecting '(')
  let OFF = 4;
PARSE_ERROR /home/travis/build/SymbiFlow/sv-tests/third_party/tests/hdlconvertor/tests/sv_test/std2017/p612.sv::10 error in parsing: (syntax error, unexpected '=', expecting '(')
  let KILL = 5;
PARSE_ERROR /home/travis/build/SymbiFlow/sv-tests/third_party/tests/hdlconvertor/tests/sv_test/std2017/p612.sv::11 error in parsing: (syntax error, unexpected '=', expecting '(')
  let CONCURRENT = 1;
PARSE_ERROR /home/travis/build/SymbiFlow/sv-tests/third_party/tests/hdlconvertor/tests/sv_test/std2017/p612.sv::12 error in parsing: (syntax error, unexpected '=', expecting '(')
  let S_IMMEDIATE = 2; // simple immediate
PARSE_ERROR /home/travis/build/SymbiFlow/sv-tests/third_party/tests/hdlconvertor/tests/sv_test/std2017/p612.sv::13 error in parsing: (syntax error, unexpected '=', expecting '(')
  let D_IMMEDIATE = 12; // Final and Observed deferred immediate
PARSE_ERROR /home/travis/build/SymbiFlow/sv-tests/third_party/tests/hdlconvertor/tests/sv_test/std2017/p612.sv::14 error in parsing: (syntax error, unexpected '=', expecting '(')
  let EXPECT = 16;
PARSE_ERROR /home/travis/build/SymbiFlow/sv-tests/third_party/tests/hdlconvertor/tests/sv_test/std2017/p612.sv::15 error in parsing: (syntax error, unexpected '=', expecting '(')
  let UNIQUE = 32; // unique if and case violation
PARSE_ERROR /home/travis/build/SymbiFlow/sv-tests/third_party/tests/hdlconvertor/tests/sv_test/std2017/p612.sv::16 error in parsing: (syntax error, unexpected '=', expecting '(')
  let UNIQUE0 = 64; // unique0 if and case violation
PARSE_ERROR /home/travis/build/SymbiFlow/sv-tests/third_party/tests/hdlconvertor/tests/sv_test/std2017/p612.sv::17 error in parsing: (syntax error, unexpected '=', expecting '(')
  let PRIORITY = 128; // priority if and case violation
PARSE_ERROR /home/travis/build/SymbiFlow/sv-tests/third_party/tests/hdlconvertor/tests/sv_test/std2017/p612.sv::18 error in parsing: (syntax error, unexpected '=', expecting '(')
  let ASSERT = 1;
PARSE_ERROR /home/travis/build/SymbiFlow/sv-tests/third_party/tests/hdlconvertor/tests/sv_test/std2017/p612.sv::19 error in parsing: (syntax error, unexpected '=', expecting '(')
  let COVER = 2;
PARSE_ERROR /home/travis/build/SymbiFlow/sv-tests/third_party/tests/hdlconvertor/tests/sv_test/std2017/p612.sv::20 error in parsing: (syntax error, unexpected '=', expecting '(')
  let ASSUME = 4;
PARSE_ERROR /home/travis/build/SymbiFlow/sv-tests/third_party/tests/hdlconvertor/tests/sv_test/std2017/p612.sv::21 error in parsing: (syntax error, unexpected '=', expecting '(')
  let ALL_DIRECTIVES = (ASSERT|COVER|ASSUME);
PARSE_ERROR /home/travis/build/SymbiFlow/sv-tests/third_party/tests/hdlconvertor/tests/sv_test/std2017/p612.sv::22 error in parsing: (syntax error, unexpected '=', expecting '(')
  let ALL_ASSERTS = (CONCURRENT|S_IMMEDIATE|D_IMMEDIATE|EXPECT);
PARSE_ERROR /home/travis/build/SymbiFlow/sv-tests/third_party/tests/hdlconvertor/tests/sv_test/std2017/p612.sv::23 error in parsing: (syntax error, unexpected '=', expecting '(')
  let VACUOUSOFF = 11;
PARSE_ERROR /home/travis/build/SymbiFlow/sv-tests/third_party/tests/hdlconvertor/tests/sv_test/std2017/p612.sv::31 error in parsing: (syntax error, unexpected ':', expecting voLTE or '=')
    ia1: assert (a);
PARSE_ERROR /home/travis/build/SymbiFlow/sv-tests/third_party/tests/hdlconvertor/tests/sv_test/std2017/p612.sv::60 error in parsing: (syntax error, unexpected vDELAY_ID)
  #20 $assertcontrol(ON, CONCURRENT|S_IMMEDIATE|D_IMMEDIATE,
PARSE_ERROR /home/travis/build/SymbiFlow/sv-tests/third_party/tests/hdlconvertor/tests/sv_test/std2017/p612.sv::80 error in parsing: (syntax error, unexpected vEND)
  end
ERROR (27)::NETLIST_ERROR Could not find a top level module

Assertion failed()@[/home/travis/build/SymbiFlow/sv-tests/third_party/tools/odin_ii/ODIN_II/SRC/netlist_create_from_ast.cpp]find_top_module::295 
