name: hdlconvertor_p499
description: Tests imported from hdlconv
files: /home/travis/build/SymbiFlow/sv-tests/third_party/tests/hdlconvertor/tests/sv_test/std2017/p499.sv
should_fail: 0
tags: hdlconv
incdirs: 
top_module: 
rc: -11

--------------
Odin has decided you MAY fail ... :

WARNING (1)::ARG_ERROR Permissive flag is ON. Undefined behaviour may occur

WARNING (2)::ARG_ERROR /home/travis/build/SymbiFlow/sv-tests/third_party/tests/hdlconvertor/tests/sv_test/std2017/p499.sv::1 File (/home/travis/build/SymbiFlow/sv-tests/third_party/tests/hdlconvertor/tests/sv_test/std2017/p499.sv) has an unsupported extension (.sv), Odin only supports {  .v .vh }

PARSE_ERROR /home/travis/build/SymbiFlow/sv-tests/third_party/tests/hdlconvertor/tests/sv_test/std2017/p499.sv::2 error in parsing: (syntax error, unexpected ',', expecting '(')
bit mclk, v1, v2;
PARSE_ERROR /home/travis/build/SymbiFlow/sv-tests/third_party/tests/hdlconvertor/tests/sv_test/std2017/p499.sv::3 error in parsing: (syntax error, unexpected vSYMBOL_ID, expecting ')' or ',')
checker c1(bit fclk, bit a, bit b);
PARSE_ERROR /home/travis/build/SymbiFlow/sv-tests/third_party/tests/hdlconvertor/tests/sv_test/std2017/p499.sv::5 error in parsing: (syntax error, unexpected vSYMBOL_ID, expecting '(')
checker c2(bit bclk, bit x, bit y);
PARSE_ERROR /home/travis/build/SymbiFlow/sv-tests/third_party/tests/hdlconvertor/tests/sv_test/std2017/p499.sv::7 error in parsing: (syntax error, unexpected vSYMBOL_ID, expecting '(')
rand bit m, n;
PARSE_ERROR /home/travis/build/SymbiFlow/sv-tests/third_party/tests/hdlconvertor/tests/sv_test/std2017/p499.sv::11 error in parsing: (syntax error, unexpected vSYMBOL_ID, expecting '(')
rand bit q, r;
PARSE_ERROR /home/travis/build/SymbiFlow/sv-tests/third_party/tests/hdlconvertor/tests/sv_test/std2017/p499.sv::13 error in parsing: (syntax error, unexpected '@', expecting vSYMBOL_ID or '#')
always_ff @ (posedge fclk)
PARSE_ERROR /home/travis/build/SymbiFlow/sv-tests/third_party/tests/hdlconvertor/tests/sv_test/std2017/p499.sv::19 error in parsing: (syntax error, unexpected vSYMBOL_ID, expecting '(')
c1 F1(mclk, v1, const'(v2));
