name: hdlconvertor_p537
description: Tests imported from hdlconv
files: /home/travis/build/SymbiFlow/sv-tests/third_party/tests/hdlconvertor/tests/sv_test/std2017/p537.sv
should_fail: 0
tags: hdlconv
incdirs: 
top_module: 
rc: -6

--------------
Odin has decided you MAY fail ... :

WARNING (1)::ARG_ERROR Permissive flag is ON. Undefined behaviour may occur

WARNING (2)::ARG_ERROR /home/travis/build/SymbiFlow/sv-tests/third_party/tests/hdlconvertor/tests/sv_test/std2017/p537.sv::1 File (/home/travis/build/SymbiFlow/sv-tests/third_party/tests/hdlconvertor/tests/sv_test/std2017/p537.sv) has an unsupported extension (.sv), Odin only supports {  .v .vh }

PARSE_ERROR /home/travis/build/SymbiFlow/sv-tests/third_party/tests/hdlconvertor/tests/sv_test/std2017/p537.sv::2 error in parsing: (syntax error, unexpected '[', expecting vSYMBOL_ID or '#')
bit [15:0] addr;
PARSE_ERROR /home/travis/build/SymbiFlow/sv-tests/third_party/tests/hdlconvertor/tests/sv_test/std2017/p537.sv::4 error in parsing: (syntax error, unexpected vSYMBOL_ID, expecting '(' or ';')
function bit gen_stim();
PARSE_ERROR /home/travis/build/SymbiFlow/sv-tests/third_party/tests/hdlconvertor/tests/sv_test/std2017/p537.sv::5 error in parsing: (syntax error, unexpected ',', expecting '(')
bit success, rd_wr;
PARSE_ERROR /home/travis/build/SymbiFlow/sv-tests/third_party/tests/hdlconvertor/tests/sv_test/std2017/p537.sv::7 error in parsing: (syntax error, unexpected ';', expecting '(')
return rd_wr ;
PARSE_ERROR /home/travis/build/SymbiFlow/sv-tests/third_party/tests/hdlconvertor/tests/sv_test/std2017/p537.sv::15 error in parsing: (syntax error, unexpected '[', expecting '(')
rand bit [15:0] addr;
PARSE_ERROR /home/travis/build/SymbiFlow/sv-tests/third_party/tests/hdlconvertor/tests/sv_test/std2017/p537.sv::16 error in parsing: (syntax error, unexpected '[', expecting '(')
rand bit [31:0] data;
PARSE_ERROR /home/travis/build/SymbiFlow/sv-tests/third_party/tests/hdlconvertor/tests/sv_test/std2017/p537.sv::17 error in parsing: (syntax error, unexpected vSYMBOL_ID, expecting '(')
rand bit rd_wr;
PARSE_ERROR /home/travis/build/SymbiFlow/sv-tests/third_party/tests/hdlconvertor/tests/sv_test/std2017/p537.sv::22 error in parsing: (syntax error, unexpected ';', expecting '(')
bit success;
PARSE_ERROR /home/travis/build/SymbiFlow/sv-tests/third_party/tests/hdlconvertor/tests/sv_test/std2017/p537.sv::26 error in parsing: (syntax error, unexpected ';', expecting '(')
return p.rd_wr;
ERROR (12)::NETLIST_ERROR Could not find a top level module

Assertion failed()@[/home/travis/build/SymbiFlow/sv-tests/third_party/tools/odin_ii/ODIN_II/SRC/netlist_create_from_ast.cpp]find_top_module::295 
