name: hdlconvertor_p322
description: Tests imported from hdlconv
files: /home/travis/build/SymbiFlow/sv-tests/third_party/tests/hdlconvertor/tests/sv_test/std2017/p322.sv
should_fail: 0
tags: hdlconv
incdirs: 
top_module: 
rc: -6

--------------
Odin has decided you MAY fail ... :

WARNING (1)::ARG_ERROR Permissive flag is ON. Undefined behaviour may occur

WARNING (2)::ARG_ERROR /home/travis/build/SymbiFlow/sv-tests/third_party/tests/hdlconvertor/tests/sv_test/std2017/p322.sv::1 File (/home/travis/build/SymbiFlow/sv-tests/third_party/tests/hdlconvertor/tests/sv_test/std2017/p322.sv) has an unsupported extension (.sv), Odin only supports {  .v .vh }

PARSE_ERROR /home/travis/build/SymbiFlow/sv-tests/third_party/tests/hdlconvertor/tests/sv_test/std2017/p322.sv::2 error in parsing: (syntax error, unexpected ',', expecting '(')
  logic clock, red, amber, green;
PARSE_ERROR /home/travis/build/SymbiFlow/sv-tests/third_party/tests/hdlconvertor/tests/sv_test/std2017/p322.sv::20 Unsuported token
    repeat (tics) @ (posedge clock);
    ^~~~
PARSE_ERROR /home/travis/build/SymbiFlow/sv-tests/third_party/tests/hdlconvertor/tests/sv_test/std2017/p322.sv::20 error in parsing: (syntax error, unexpected '(')
    repeat (tics) @ (posedge clock);
ERROR (6)::PARSE_ERROR Parser found (1) errors in your syntax, exiting
Assertion failed()@[/home/travis/build/SymbiFlow/sv-tests/third_party/tools/odin_ii/ODIN_II/SRC/odin_error.cpp]verify_delayed_error::30 
