name: hdlconvertor_p801
description: Tests imported from hdlconv
files: /home/travis/build/SymbiFlow/sv-tests/third_party/tests/hdlconvertor/tests/sv_test/std2017/p801.sv
should_fail: 0
tags: hdlconv
incdirs: 
top_module: 
rc: -6

--------------
Odin has decided you MAY fail ... :

WARNING (1)::ARG_ERROR Permissive flag is ON. Undefined behaviour may occur

WARNING (2)::ARG_ERROR /home/travis/build/SymbiFlow/sv-tests/third_party/tests/hdlconvertor/tests/sv_test/std2017/p801.sv::1 File (/home/travis/build/SymbiFlow/sv-tests/third_party/tests/hdlconvertor/tests/sv_test/std2017/p801.sv) has an unsupported extension (.sv), Odin only supports {  .v .vh }

PARSE_ERROR /home/travis/build/SymbiFlow/sv-tests/third_party/tests/hdlconvertor/tests/sv_test/std2017/p801.sv::6 Unsuported token
bufif0 ar[3:0] (out, in, en); // array of three-state buffers
 ^~~~
PARSE_ERROR /home/travis/build/SymbiFlow/sv-tests/third_party/tests/hdlconvertor/tests/sv_test/std2017/p801.sv::6 error in parsing: (syntax error, unexpected '[', expecting vSYMBOL_ID or '#')
bufif0 ar[3:0] (out, in, en); // array of three-state buffers
PARSE_ERROR /home/travis/build/SymbiFlow/sv-tests/third_party/tests/hdlconvertor/tests/sv_test/std2017/p801.sv::13 Unsuported token
bufif0 ar3 (out[3],in[3],en); 
 ^~~~
PARSE_ERROR /home/travis/build/SymbiFlow/sv-tests/third_party/tests/hdlconvertor/tests/sv_test/std2017/p801.sv::13 error in parsing: (syntax error, unexpected '(', expecting vSYMBOL_ID or '#')
bufif0 ar3 (out[3],in[3],en); 
PARSE_ERROR /home/travis/build/SymbiFlow/sv-tests/third_party/tests/hdlconvertor/tests/sv_test/std2017/p801.sv::14 Unsuported token
bufif0 ar2 (out[2],in[2],en);
 ^~~~
PARSE_ERROR /home/travis/build/SymbiFlow/sv-tests/third_party/tests/hdlconvertor/tests/sv_test/std2017/p801.sv::15 Unsuported token
bufif0 ar1 (out[1],in[1],en);
 ^~~~
PARSE_ERROR /home/travis/build/SymbiFlow/sv-tests/third_party/tests/hdlconvertor/tests/sv_test/std2017/p801.sv::16 Unsuported token
bufif0 ar0 (out[0],in[0],en);
 ^~~~
ERROR (10)::PARSE_ERROR Parser found (5) errors in your syntax, exiting
Assertion failed()@[/home/travis/build/SymbiFlow/sv-tests/third_party/tools/odin_ii/ODIN_II/SRC/odin_error.cpp]verify_delayed_error::30 
