name: hdlconvertor_p482
description: Tests imported from hdlconv
files: /home/travis/build/SymbiFlow/sv-tests/third_party/tests/hdlconvertor/tests/sv_test/std2017/p482.sv
should_fail: 0
tags: hdlconv
incdirs: 
top_module: 
rc: -11

--------------
Odin has decided you MAY fail ... :

WARNING (1)::ARG_ERROR Permissive flag is ON. Undefined behaviour may occur

WARNING (2)::ARG_ERROR /home/travis/build/SymbiFlow/sv-tests/third_party/tests/hdlconvertor/tests/sv_test/std2017/p482.sv::1 File (/home/travis/build/SymbiFlow/sv-tests/third_party/tests/hdlconvertor/tests/sv_test/std2017/p482.sv) has an unsupported extension (.sv), Odin only supports {  .v .vh }

PARSE_ERROR /home/travis/build/SymbiFlow/sv-tests/third_party/tests/hdlconvertor/tests/sv_test/std2017/p482.sv::2 error in parsing: (syntax error, unexpected ',', expecting '(')
  logic a, clk;
PARSE_ERROR /home/travis/build/SymbiFlow/sv-tests/third_party/tests/hdlconvertor/tests/sv_test/std2017/p482.sv::3 error in parsing: (syntax error, unexpected '@', expecting '(')
  clocking cb_with_input @(posedge clk);
PARSE_ERROR /home/travis/build/SymbiFlow/sv-tests/third_party/tests/hdlconvertor/tests/sv_test/std2017/p482.sv::5 error in parsing: (syntax error, unexpected ';', expecting '(')
    property p1;
PARSE_ERROR /home/travis/build/SymbiFlow/sv-tests/third_party/tests/hdlconvertor/tests/sv_test/std2017/p482.sv::10 error in parsing: (syntax error, unexpected vSYMBOL_ID, expecting '(')
  clocking cb_without_input @(posedge clk);
PARSE_ERROR /home/travis/build/SymbiFlow/sv-tests/third_party/tests/hdlconvertor/tests/sv_test/std2017/p482.sv::11 error in parsing: (syntax error, unexpected ';', expecting '(')
    property p1;
PARSE_ERROR /home/travis/build/SymbiFlow/sv-tests/third_party/tests/hdlconvertor/tests/sv_test/std2017/p482.sv::16 error in parsing: (syntax error, unexpected vSYMBOL_ID, expecting '(')
  property p1;
PARSE_ERROR /home/travis/build/SymbiFlow/sv-tests/third_party/tests/hdlconvertor/tests/sv_test/std2017/p482.sv::20 error in parsing: (syntax error, unexpected vSYMBOL_ID, expecting '(')
  property p2;
PARSE_ERROR /home/travis/build/SymbiFlow/sv-tests/third_party/tests/hdlconvertor/tests/sv_test/std2017/p482.sv::24 error in parsing: (syntax error, unexpected ':', expecting '(')
  a1: assert property (p1);
