name: hdlconvertor_p577
description: Tests imported from hdlconv
files: /home/travis/build/SymbiFlow/sv-tests/third_party/tests/hdlconvertor/tests/sv_test/std2017/p577.sv
should_fail: 0
tags: hdlconv
incdirs: 
top_module: 
rc: -6

--------------
Odin has decided you MAY fail ... :

WARNING (1)::ARG_ERROR Permissive flag is ON. Undefined behaviour may occur

WARNING (2)::ARG_ERROR /home/travis/build/SymbiFlow/sv-tests/third_party/tests/hdlconvertor/tests/sv_test/std2017/p577.sv::1 File (/home/travis/build/SymbiFlow/sv-tests/third_party/tests/hdlconvertor/tests/sv_test/std2017/p577.sv) has an unsupported extension (.sv), Odin only supports {  .v .vh }

PARSE_ERROR /home/travis/build/SymbiFlow/sv-tests/third_party/tests/hdlconvertor/tests/sv_test/std2017/p577.sv::2 error in parsing: (syntax error, unexpected '[', expecting vSYMBOL_ID or '#')
	logic [31:0] a, b;
PARSE_ERROR /home/travis/build/SymbiFlow/sv-tests/third_party/tests/hdlconvertor/tests/sv_test/std2017/p577.sv::3 error in parsing: (syntax error, unexpected vSYMBOL_ID, expecting ')' or ',')
	covergroup cg(int cg_lim);
PARSE_ERROR /home/travis/build/SymbiFlow/sv-tests/third_party/tests/hdlconvertor/tests/sv_test/std2017/p577.sv::4 error in parsing: (syntax error, unexpected ';', expecting '(')
	coverpoint a;
PARSE_ERROR /home/travis/build/SymbiFlow/sv-tests/third_party/tests/hdlconvertor/tests/sv_test/std2017/p577.sv::5 error in parsing: (syntax error, unexpected ';', expecting '(')
	coverpoint b;
PARSE_ERROR /home/travis/build/SymbiFlow/sv-tests/third_party/tests/hdlconvertor/tests/sv_test/std2017/p577.sv::9 error in parsing: (syntax error, unexpected vSYMBOL_ID, expecting '=')
			for (int i = 0; i < f_lim; ++i)
PARSE_ERROR /home/travis/build/SymbiFlow/sv-tests/third_party/tests/hdlconvertor/tests/sv_test/std2017/p577.sv::13 error in parsing: (syntax error, unexpected '=', expecting '(')
		bins two = myFunc2(cg_lim);
PARSE_ERROR /home/travis/build/SymbiFlow/sv-tests/third_party/tests/hdlconvertor/tests/sv_test/std2017/p577.sv::14 error in parsing: (syntax error, unexpected vSYMBOL_ID, expecting '(' or ';')
		function CrossQueueType myFunc2(logic [31:0] f_lim);
PARSE_ERROR /home/travis/build/SymbiFlow/sv-tests/third_party/tests/hdlconvertor/tests/sv_test/std2017/p577.sv::15 error in parsing: (syntax error, unexpected vSYMBOL_ID, expecting '=')
			for (logic [31:0] i = 0; i < f_lim; ++i)
PARSE_ERROR /home/travis/build/SymbiFlow/sv-tests/third_party/tests/hdlconvertor/tests/sv_test/std2017/p577.sv::22 error in parsing: (syntax error, unexpected ';', expecting '(')
	covergroup yy;
PARSE_ERROR /home/travis/build/SymbiFlow/sv-tests/third_party/tests/hdlconvertor/tests/sv_test/std2017/p577.sv::23 error in parsing: (syntax error, unexpected ',', expecting '(')
	cross a, b
ERROR (13)::NETLIST_ERROR Could not find a top level module

Assertion failed()@[/home/travis/build/SymbiFlow/sv-tests/third_party/tools/odin_ii/ODIN_II/SRC/netlist_create_from_ast.cpp]find_top_module::295 
