name: hdlconvertor_p723
description: Tests imported from hdlconv
files: /home/travis/build/SymbiFlow/sv-tests/third_party/tests/hdlconvertor/tests/sv_test/std2017/p723.sv
should_fail: 0
tags: hdlconv
incdirs: 
top_module: 
rc: -6

--------------
Odin has decided you MAY fail ... :

WARNING (1)::ARG_ERROR Permissive flag is ON. Undefined behaviour may occur

WARNING (2)::ARG_ERROR /home/travis/build/SymbiFlow/sv-tests/third_party/tests/hdlconvertor/tests/sv_test/std2017/p723.sv::1 File (/home/travis/build/SymbiFlow/sv-tests/third_party/tests/hdlconvertor/tests/sv_test/std2017/p723.sv) has an unsupported extension (.sv), Odin only supports {  .v .vh }

PARSE_ERROR /home/travis/build/SymbiFlow/sv-tests/third_party/tests/hdlconvertor/tests/sv_test/std2017/p723.sv::10 error in parsing: (syntax error, unexpected vSYMBOL_ID, expecting voLTE or '=')
logic hold;
PARSE_ERROR /home/travis/build/SymbiFlow/sv-tests/third_party/tests/hdlconvertor/tests/sv_test/std2017/p723.sv::15 error in parsing: (syntax error, unexpected ',', expecting '(')
logic stim1, stim2;
PARSE_ERROR /home/travis/build/SymbiFlow/sv-tests/third_party/tests/hdlconvertor/tests/sv_test/std2017/p723.sv::18 error in parsing: (syntax error, unexpected vDELAY_ID)
#100
PARSE_ERROR /home/travis/build/SymbiFlow/sv-tests/third_party/tests/hdlconvertor/tests/sv_test/std2017/p723.sv::19 Unsuported token
fork :innerwave
 ^~~~
PARSE_ERROR /home/travis/build/SymbiFlow/sv-tests/third_party/tests/hdlconvertor/tests/sv_test/std2017/p723.sv::21 Unsuported token
join
 ^~~~
ERROR (8)::PARSE_ERROR Parser found (2) errors in your syntax, exiting
Assertion failed()@[/home/travis/build/SymbiFlow/sv-tests/third_party/tools/odin_ii/ODIN_II/SRC/odin_error.cpp]verify_delayed_error::30 
