name: hdlconvertor_p294
description: Tests imported from hdlconv
files: /home/travis/build/SymbiFlow/sv-tests/third_party/tests/hdlconvertor/tests/sv_test/std2017/p294.sv
should_fail: 0
tags: hdlconv
incdirs: 
top_module: 
rc: -6

--------------
Odin has decided you MAY fail ... :

WARNING (1)::ARG_ERROR Permissive flag is ON. Undefined behaviour may occur

WARNING (2)::ARG_ERROR /home/travis/build/SymbiFlow/sv-tests/third_party/tests/hdlconvertor/tests/sv_test/std2017/p294.sv::1 File (/home/travis/build/SymbiFlow/sv-tests/third_party/tests/hdlconvertor/tests/sv_test/std2017/p294.sv) has an unsupported extension (.sv), Odin only supports {  .v .vh }

PARSE_ERROR /home/travis/build/SymbiFlow/sv-tests/third_party/tests/hdlconvertor/tests/sv_test/std2017/p294.sv::2 error in parsing: (syntax error, unexpected ',', expecting '(')
logic clk, a, b;
PARSE_ERROR /home/travis/build/SymbiFlow/sv-tests/third_party/tests/hdlconvertor/tests/sv_test/std2017/p294.sv::3 error in parsing: (syntax error, unexpected ',', expecting '(')
logic p, q, r;
PARSE_ERROR /home/travis/build/SymbiFlow/sv-tests/third_party/tests/hdlconvertor/tests/sv_test/std2017/p294.sv::5 error in parsing: (syntax error, unexpected '=', expecting ')' or ',')
let eq(x, y = b) = x == y;
PARSE_ERROR /home/travis/build/SymbiFlow/sv-tests/third_party/tests/hdlconvertor/tests/sv_test/std2017/p294.sv::7 error in parsing: (syntax error, unexpected '=', expecting '(')
let tmp = a && b;
PARSE_ERROR /home/travis/build/SymbiFlow/sv-tests/third_party/tests/hdlconvertor/tests/sv_test/std2017/p294.sv::17 error in parsing: (syntax error, unexpected ',', expecting '(')
bit clk, a, b;
PARSE_ERROR /home/travis/build/SymbiFlow/sv-tests/third_party/tests/hdlconvertor/tests/sv_test/std2017/p294.sv::18 error in parsing: (syntax error, unexpected ',', expecting '(')
logic p, q, r;
PARSE_ERROR /home/travis/build/SymbiFlow/sv-tests/third_party/tests/hdlconvertor/tests/sv_test/std2017/p294.sv::30 error in parsing: (syntax error, unexpected '=', expecting '(')
logic x = 1'b1;
PARSE_ERROR /home/travis/build/SymbiFlow/sv-tests/third_party/tests/hdlconvertor/tests/sv_test/std2017/p294.sv::31 error in parsing: (syntax error, unexpected ',', expecting '(')
logic a, b;
PARSE_ERROR /home/travis/build/SymbiFlow/sv-tests/third_party/tests/hdlconvertor/tests/sv_test/std2017/p294.sv::32 error in parsing: (syntax error, unexpected '=', expecting '(')
let y = x;
PARSE_ERROR /home/travis/build/SymbiFlow/sv-tests/third_party/tests/hdlconvertor/tests/sv_test/std2017/p294.sv::42 error in parsing: (syntax error, unexpected '=', expecting '(')
bit x = 1'b1;
PARSE_ERROR /home/travis/build/SymbiFlow/sv-tests/third_party/tests/hdlconvertor/tests/sv_test/std2017/p294.sv::43 error in parsing: (syntax error, unexpected ';', expecting '(')
bit a;
ERROR (14)::NETLIST_ERROR Could not find a top level module

Assertion failed()@[/home/travis/build/SymbiFlow/sv-tests/third_party/tools/odin_ii/ODIN_II/SRC/netlist_create_from_ast.cpp]find_top_module::295 
