name: binary_op_log_equiv
description: <-> operator test
should_fail: 0
tags: 11.4.7
files: /home/travis/build/SymbiFlow/sv-tests/tests/generated/binary_op/11.4.7--binary_op_log_equiv.sv
incdirs: 
top_module: 
rc: -6

--------------
Odin has decided you MAY fail ... :

WARNING (1)::ARG_ERROR Permissive flag is ON. Undefined behaviour may occur

WARNING (2)::ARG_ERROR /home/travis/build/SymbiFlow/sv-tests/tests/generated/binary_op/11.4.7--binary_op_log_equiv.sv::1 File (/home/travis/build/SymbiFlow/sv-tests/tests/generated/binary_op/11.4.7--binary_op_log_equiv.sv) has an unsupported extension (.sv), Odin only supports {  .v .vh }

PARSE_ERROR /home/travis/build/SymbiFlow/sv-tests/tests/generated/binary_op/11.4.7--binary_op_log_equiv.sv::8 error in parsing: (syntax error, unexpected '=', expecting '(')
int a = 12;
PARSE_ERROR /home/travis/build/SymbiFlow/sv-tests/tests/generated/binary_op/11.4.7--binary_op_log_equiv.sv::9 error in parsing: (syntax error, unexpected '=', expecting '(')
int b = 5;
PARSE_ERROR /home/travis/build/SymbiFlow/sv-tests/tests/generated/binary_op/11.4.7--binary_op_log_equiv.sv::10 error in parsing: (syntax error, unexpected ';', expecting '(')
int c;
PARSE_ERROR /home/travis/build/SymbiFlow/sv-tests/tests/generated/binary_op/11.4.7--binary_op_log_equiv.sv::12 error in parsing: (syntax error, unexpected '>')
    c = a <-> b;
ERROR (7)::NETLIST_ERROR Could not find a top level module

Assertion failed()@[/home/travis/build/SymbiFlow/sv-tests/third_party/tools/odin_ii/ODIN_II/SRC/netlist_create_from_ast.cpp]find_top_module::295 
