name: asicworld_code_hdl_models_full_subtracter_gates
description: Tests imported from yosys
files: /home/travis/build/SymbiFlow/sv-tests/third_party/tools/yosys/tests/asicworld/code_hdl_models_full_subtracter_gates.v
should_fail: 0
tags: yosys
incdirs: 
top_module: 
rc: 0

module full_subtracter_gates (
	x,
	y,
	z,
	difference,
	borrow
);
	input x;
	input y;
	input z;
	output difference;
	output borrow;
	wire inv_x;
	wire borrow1;
	wire borrow2;
	wire borrow3;
	not (inv_x, x);
	and U_borrow1 (borrow1, inv_x, y);
	and U_borrow2 (borrow2, inv_x, z);
	and U_borrow3 (borrow3, y, z);
	xor U_diff (difference, borrow1, borrow2, borrows);
endmodule
