name: asicworld_code_hdl_models_one_hot_cnt
description: Tests imported from yosys
files: /home/travis/build/SymbiFlow/sv-tests/third_party/tools/yosys/tests/asicworld/code_hdl_models_one_hot_cnt.v
should_fail: 0
tags: yosys
incdirs: 
top_module: 
rc: 0

module one_hot_cnt (
	out,
	enable,
	clk,
	reset
);
	output [7:0] out;
	input enable;
	input clk;
	input reset;
	reg [7:0] out;
	always @(posedge clk) if (reset) begin
		out <= 8'b0000_0001;
	end
	else if (enable) begin
		out <= {out[6], out[5], out[4], out[3], out[2], out[1], out[0], out[7]};
	end
endmodule
