name: memories_issue00710
description: Tests imported from yosys
files: /home/travis/build/SymbiFlow/sv-tests/third_party/tools/yosys/tests/memories/issue00710.v
should_fail: 0
tags: yosys
incdirs: 
top_module: 
rc: 0

module top (
	clk,
	we,
	re,
	reset,
	addr,
	wdata,
	rdata
);
	input clk;
	input we;
	input re;
	input reset;
	input [7:0] addr;
	input [7:0] wdata;
	output reg [7:0] rdata;
	reg [2047:0] bram;
	(* keep *) reg dummy;
	always @(posedge clk) if (reset) dummy <= 1'b0;
	else if (re) rdata <= bram[((255 - addr) * 8)+:8];
	else if (we) bram[((255 - addr) * 8)+:8] <= wdata;
endmodule
