name: inherited_prot_from_outside
description: encapsulation test
should_fail: 1
tags: 8.18
files: /home/travis/build/SymbiFlow/sv-tests/tests/generated/encapsulation/8.18--inherited_prot_from_outside.sv
incdirs: 
top_module: 
rc: -11

--------------
Odin has decided you MAY fail ... :

WARNING (1)::ARG_ERROR Permissive flag is ON. Undefined behaviour may occur

WARNING (2)::ARG_ERROR /home/travis/build/SymbiFlow/sv-tests/tests/generated/encapsulation/8.18--inherited_prot_from_outside.sv::1 File (/home/travis/build/SymbiFlow/sv-tests/tests/generated/encapsulation/8.18--inherited_prot_from_outside.sv) has an unsupported extension (.sv), Odin only supports {  .v .vh }

PARSE_ERROR /home/travis/build/SymbiFlow/sv-tests/tests/generated/encapsulation/8.18--inherited_prot_from_outside.sv::8 error in parsing: (syntax error, unexpected ';', expecting '(')
class a_cls;
PARSE_ERROR /home/travis/build/SymbiFlow/sv-tests/tests/generated/encapsulation/8.18--inherited_prot_from_outside.sv::9 error in parsing: (syntax error, unexpected vSYMBOL_ID, expecting '(')
    local int a_loc = 21;
PARSE_ERROR /home/travis/build/SymbiFlow/sv-tests/tests/generated/encapsulation/8.18--inherited_prot_from_outside.sv::10 error in parsing: (syntax error, unexpected vSYMBOL_ID, expecting '(')
    protected int a_prot = 22;
PARSE_ERROR /home/travis/build/SymbiFlow/sv-tests/tests/generated/encapsulation/8.18--inherited_prot_from_outside.sv::11 error in parsing: (syntax error, unexpected '=', expecting '(')
    int a = 23;
PARSE_ERROR /home/travis/build/SymbiFlow/sv-tests/tests/generated/encapsulation/8.18--inherited_prot_from_outside.sv::13 error in parsing: (syntax error, unexpected vSYMBOL_ID, expecting '(')
class b_cls extends a_cls;
PARSE_ERROR /home/travis/build/SymbiFlow/sv-tests/tests/generated/encapsulation/8.18--inherited_prot_from_outside.sv::14 error in parsing: (syntax error, unexpected vSYMBOL_ID, expecting '(')
    local int b_loc = 31;
PARSE_ERROR /home/travis/build/SymbiFlow/sv-tests/tests/generated/encapsulation/8.18--inherited_prot_from_outside.sv::15 error in parsing: (syntax error, unexpected vSYMBOL_ID, expecting '(')
    protected int b_prot = 32;
PARSE_ERROR /home/travis/build/SymbiFlow/sv-tests/tests/generated/encapsulation/8.18--inherited_prot_from_outside.sv::16 error in parsing: (syntax error, unexpected '=', expecting '(')
    int b = 33;
PARSE_ERROR /home/travis/build/SymbiFlow/sv-tests/tests/generated/encapsulation/8.18--inherited_prot_from_outside.sv::17 error in parsing: (syntax error, unexpected vSYMBOL_ID, expecting '(' or ';')
    function void fun();
PARSE_ERROR /home/travis/build/SymbiFlow/sv-tests/tests/generated/encapsulation/8.18--inherited_prot_from_outside.sv::19 error in parsing: (syntax error, unexpected vENDFUNCTION)
    endfunction
