name: keyword_package
description: The 'package' keyword should be reserved
should_fail: 1
tags: 5.6.2
files: /home/travis/build/SymbiFlow/sv-tests/tests/generated/keywords/5.6.2--keyword_package.sv
incdirs: 
top_module: 
rc: 1

../../home/travis/build/SymbiFlow/sv-tests/tests/generated/keywords/5.6.2--keyword_package.sv:8:8: error: expected declarator
    bit package;
       ^
../../home/travis/build/SymbiFlow/sv-tests/tests/generated/keywords/5.6.2--keyword_package.sv:8:16: error: expected identifier
    bit package;
               ^
../../home/travis/build/SymbiFlow/sv-tests/tests/generated/keywords/5.6.2--keyword_package.sv:9:1: error: expected member
endmodule
^~~~~~~~~
../../home/travis/build/SymbiFlow/sv-tests/tests/generated/keywords/5.6.2--keyword_package.sv:9:10: error: expected 'endpackage'
endmodule
         ^
