name: subarrays
description: Test multidimensional subarrays assignments
should_fail: 0
tags: 7.4.5
files: /home/travis/build/SymbiFlow/sv-tests/tests/chapter-7/arrays/multidimensional/subarrays.sv
incdirs: 
top_module: 
rc: -6

--------------
Odin has decided you MAY fail ... :

WARNING (1)::ARG_ERROR Permissive flag is ON. Undefined behaviour may occur

WARNING (2)::ARG_ERROR /home/travis/build/SymbiFlow/sv-tests/tests/chapter-7/arrays/multidimensional/subarrays.sv::1 File (/home/travis/build/SymbiFlow/sv-tests/tests/chapter-7/arrays/multidimensional/subarrays.sv) has an unsupported extension (.sv), Odin only supports {  .v .vh }

PARSE_ERROR /home/travis/build/SymbiFlow/sv-tests/tests/chapter-7/arrays/multidimensional/subarrays.sv::10 error in parsing: (syntax error, unexpected '[', expecting '(')
int A[2][3][4], B[2][3][4];
PARSE_ERROR /home/travis/build/SymbiFlow/sv-tests/tests/chapter-7/arrays/multidimensional/subarrays.sv::13 error in parsing: (syntax error, unexpected '[', expecting voLTE or '=')
	A[0][2][0] = 5;
PARSE_ERROR /home/travis/build/SymbiFlow/sv-tests/tests/chapter-7/arrays/multidimensional/subarrays.sv::20 error in parsing: (syntax error, unexpected '[', expecting ')')
		B[1][1][0], B[1][1][1], B[1][1][2], B[1][1][3]);
ERROR (6)::NETLIST_ERROR Could not find a top level module

Assertion failed()@[/home/travis/build/SymbiFlow/sv-tests/third_party/tools/odin_ii/ODIN_II/SRC/netlist_create_from_ast.cpp]find_top_module::295 
