name: conditional_pattern
description: A module testing pattern matching in conditional expressions
should_fail: 0
tags: 12.6.3
files: /home/travis/build/SymbiFlow/sv-tests/tests/chapter-12/12.6.3--conditional_pattern.sv
incdirs: 
top_module: 
rc: -6

--------------
Odin has decided you MAY fail ... :

WARNING (1)::ARG_ERROR Permissive flag is ON. Undefined behaviour may occur

WARNING (2)::ARG_ERROR /home/travis/build/SymbiFlow/sv-tests/tests/chapter-12/12.6.3--conditional_pattern.sv::1 File (/home/travis/build/SymbiFlow/sv-tests/tests/chapter-12/12.6.3--conditional_pattern.sv) has an unsupported extension (.sv), Odin only supports {  .v .vh }

PARSE_ERROR /home/travis/build/SymbiFlow/sv-tests/tests/chapter-12/12.6.3--conditional_pattern.sv::9 error in parsing: (syntax error, unexpected vSYMBOL_ID, expecting '(')
	typedef union tagged {
PARSE_ERROR /home/travis/build/SymbiFlow/sv-tests/tests/chapter-12/12.6.3--conditional_pattern.sv::21 error in parsing: (syntax error, unexpected ';', expecting '(')
	u tmp;
PARSE_ERROR /home/travis/build/SymbiFlow/sv-tests/tests/chapter-12/12.6.3--conditional_pattern.sv::26 error in parsing: (syntax error, unexpected vSYMBOL_ID)
          val = (tmp matches tagged a '{4'b01zx, .v}) ? 1 : 2;
ERROR (6)::NETLIST_ERROR Could not find a top level module

Assertion failed()@[/home/travis/build/SymbiFlow/sv-tests/third_party/tools/odin_ii/ODIN_II/SRC/netlist_create_from_ast.cpp]find_top_module::295 
