name: casez_pattern
description: A module testing pattern matching in casez statements
should_fail: 0
tags: 12.6.1
files: /home/travis/build/SymbiFlow/sv-tests/tests/chapter-12/12.6.1--casez_pattern.sv
incdirs: 
top_module: 
rc: -6

--------------
Odin has decided you MAY fail ... :

WARNING (1)::ARG_ERROR Permissive flag is ON. Undefined behaviour may occur

WARNING (2)::ARG_ERROR /home/travis/build/SymbiFlow/sv-tests/tests/chapter-12/12.6.1--casez_pattern.sv::1 File (/home/travis/build/SymbiFlow/sv-tests/tests/chapter-12/12.6.1--casez_pattern.sv) has an unsupported extension (.sv), Odin only supports {  .v .vh }

PARSE_ERROR /home/travis/build/SymbiFlow/sv-tests/tests/chapter-12/12.6.1--casez_pattern.sv::9 error in parsing: (syntax error, unexpected vSYMBOL_ID, expecting '(')
	typedef union tagged {
PARSE_ERROR /home/travis/build/SymbiFlow/sv-tests/tests/chapter-12/12.6.1--casez_pattern.sv::21 error in parsing: (syntax error, unexpected ';', expecting '(')
	u tmp;
PARSE_ERROR /home/travis/build/SymbiFlow/sv-tests/tests/chapter-12/12.6.1--casez_pattern.sv::23 Unsuported token
	initial casez (v) matches
	^~~~
PARSE_ERROR /home/travis/build/SymbiFlow/sv-tests/tests/chapter-12/12.6.1--casez_pattern.sv::25 error in parsing: (syntax error, unexpected '{', expecting '(')
		tagged a '{.v1, .v2} : $display("a %d %d", v1, v2);
PARSE_ERROR /home/travis/build/SymbiFlow/sv-tests/tests/chapter-12/12.6.1--casez_pattern.sv::26 error in parsing: (syntax error, unexpected '{', expecting '(')
		tagged b '{.v1, .v2} : $display("b %d %d", v1, v2);
PARSE_ERROR /home/travis/build/SymbiFlow/sv-tests/tests/chapter-12/12.6.1--casez_pattern.sv::27 error in parsing: (syntax error, unexpected '{', expecting '(')
		tagged c '{4'hz00?, .v} : $display("c %d", v);
ERROR (9)::PARSE_ERROR Parser found (1) errors in your syntax, exiting
Assertion failed()@[/home/travis/build/SymbiFlow/sv-tests/third_party/tools/odin_ii/ODIN_II/SRC/odin_error.cpp]verify_delayed_error::30 
