name: forever_loop
description: A module testing forever loop
should_fail: 0
tags: 12.7.6
files: /home/travis/build/SymbiFlow/sv-tests/tests/chapter-12/12.7.6--forever.sv
incdirs: 
top_module: 
rc: -6

--------------
Odin has decided you MAY fail ... :

WARNING (1)::ARG_ERROR Permissive flag is ON. Undefined behaviour may occur

WARNING (2)::ARG_ERROR /home/travis/build/SymbiFlow/sv-tests/tests/chapter-12/12.7.6--forever.sv::1 File (/home/travis/build/SymbiFlow/sv-tests/tests/chapter-12/12.7.6--forever.sv) has an unsupported extension (.sv), Odin only supports {  .v .vh }

PARSE_ERROR /home/travis/build/SymbiFlow/sv-tests/tests/chapter-12/12.7.6--forever.sv::9 Unsuported token
		fork
		^~~~
PARSE_ERROR /home/travis/build/SymbiFlow/sv-tests/tests/chapter-12/12.7.6--forever.sv::10 Unsuported token
			forever begin : loop
			^~~~
PARSE_ERROR /home/travis/build/SymbiFlow/sv-tests/tests/chapter-12/12.7.6--forever.sv::12 error in parsing: (syntax error, unexpected ':')
			end : loop
PARSE_ERROR /home/travis/build/SymbiFlow/sv-tests/tests/chapter-12/12.7.6--forever.sv::13 Unsuported token
			#100 disable loop;
	^~~~
PARSE_ERROR /home/travis/build/SymbiFlow/sv-tests/tests/chapter-12/12.7.6--forever.sv::14 Unsuported token
		join
		^~~~
ERROR (8)::PARSE_ERROR Parser found (4) errors in your syntax, exiting
Assertion failed()@[/home/travis/build/SymbiFlow/sv-tests/third_party/tools/odin_ii/ODIN_II/SRC/odin_error.cpp]verify_delayed_error::30 
