name: jump_return
description: A module testing return statement
should_fail: 0
tags: 12.8
files: /home/travis/build/SymbiFlow/sv-tests/tests/chapter-12/12.8--return.sv
incdirs: 
top_module: 
rc: -6

--------------
Odin has decided you MAY fail ... :

WARNING (1)::ARG_ERROR Permissive flag is ON. Undefined behaviour may occur

WARNING (2)::ARG_ERROR /home/travis/build/SymbiFlow/sv-tests/tests/chapter-12/12.8--return.sv::1 File (/home/travis/build/SymbiFlow/sv-tests/tests/chapter-12/12.8--return.sv) has an unsupported extension (.sv), Odin only supports {  .v .vh }

PARSE_ERROR /home/travis/build/SymbiFlow/sv-tests/tests/chapter-12/12.8--return.sv::8 error in parsing: (syntax error, unexpected vSYMBOL_ID, expecting '(' or ';')
	function void fun(input int a);
PARSE_ERROR /home/travis/build/SymbiFlow/sv-tests/tests/chapter-12/12.8--return.sv::11 error in parsing: (syntax error, unexpected ';', expecting vSYMBOL_ID or '#')
			return;
PARSE_ERROR /home/travis/build/SymbiFlow/sv-tests/tests/chapter-12/12.8--return.sv::13 error in parsing: (syntax error, unexpected ';', expecting vSYMBOL_ID or '#')
		return;
ERROR (6)::NETLIST_ERROR Could not find a top level module

Assertion failed()@[/home/travis/build/SymbiFlow/sv-tests/third_party/tools/odin_ii/ODIN_II/SRC/netlist_create_from_ast.cpp]find_top_module::295 
