name: simple_partsel
description: Tests imported from yosys
files: /home/travis/build/SymbiFlow/sv-tests/third_party/tools/yosys/tests/simple/partsel.v
should_fail: 0
tags: yosys
incdirs: 
top_module: 
rc: 1

(0, 0) source_file
(6, 0) module_declaration
(36, 0) module_or_generate_item
(36, 0) always_construct
(36, 6) statement
(36, 6) statement_item
(36, 6) procedural_timing_control_statement
(36, 21) statement_or_null
(36, 21) statement
(36, 21) statement_item
(36, 21) seq_block
(36, 27) statement_or_null
(36, 27) statement
(36, 27) statement_item
(36, 27) conditional_statement
(37, 9) statement_or_null
(37, 9) statement
(37, 9) statement_item
(37, 9) seq_block
(37, 15) ERROR
(38, 27) block_item_declaration
(38, 27) data_declaration
(38, 31) ERROR
