name: simple_fsm
description: Tests imported from yosys
files: /home/travis/build/SymbiFlow/sv-tests/third_party/tools/yosys/tests/simple/fsm.v
should_fail: 0
tags: yosys
incdirs: 
top_module: 
rc: 1

(1, 0) source_file
(3, 0) module_declaration
(15, 0) module_or_generate_item
(15, 0) always_construct
(15, 6) statement
(15, 6) statement_item
(15, 6) procedural_timing_control_statement
(15, 36) ERROR
(17, 6) statement_or_null
(17, 6) statement
(17, 6) statement_item
(17, 6) procedural_timing_control_statement
(17, 21) ERROR
