name: simple_multiplier
description: Tests imported from yosys
files: /home/travis/build/SymbiFlow/sv-tests/third_party/tools/yosys/tests/simple/multiplier.v
should_fail: 0
tags: yosys
incdirs: 
top_module: 
rc: 1

/home/travis/build/SymbiFlow/sv-tests/third_party/tools/yosys/tests/simple/multiplier.v:27:6: error: node type: ERROR
/home/travis/build/SymbiFlow/sv-tests/third_party/tools/yosys/tests/simple/multiplier.v:28:10: error: node type: ERROR
/home/travis/build/SymbiFlow/sv-tests/third_party/tools/yosys/tests/simple/multiplier.v:29:14: error: node type: ERROR
/home/travis/build/SymbiFlow/sv-tests/third_party/tools/yosys/tests/simple/multiplier.v:32:15: error: node type: ERROR
/home/travis/build/SymbiFlow/sv-tests/third_party/tools/yosys/tests/simple/multiplier.v:38:15: error: node type: ERROR
/home/travis/build/SymbiFlow/sv-tests/third_party/tools/yosys/tests/simple/multiplier.v:51:4: error: node type: ERROR
/home/travis/build/SymbiFlow/sv-tests/third_party/tools/yosys/tests/simple/multiplier.v:52:11: error: node type: ERROR
/home/travis/build/SymbiFlow/sv-tests/third_party/tools/yosys/tests/simple/multiplier.v:52:19: error: node type: ERROR
/home/travis/build/SymbiFlow/sv-tests/third_party/tools/yosys/tests/simple/multiplier.v:53:14: error: node type: ERROR
/home/travis/build/SymbiFlow/sv-tests/third_party/tools/yosys/tests/simple/multiplier.v:54:4: error: node type: ERROR
/home/travis/build/SymbiFlow/sv-tests/third_party/tools/yosys/tests/simple/multiplier.v:55:11: error: node type: ERROR
/home/travis/build/SymbiFlow/sv-tests/third_party/tools/yosys/tests/simple/multiplier.v:57:4: error: node type: ERROR
/home/travis/build/SymbiFlow/sv-tests/third_party/tools/yosys/tests/simple/multiplier.v:58:20: error: node type: ERROR
/home/travis/build/SymbiFlow/sv-tests/third_party/tools/yosys/tests/simple/multiplier.v:59:19: error: node type: ERROR
/home/travis/build/SymbiFlow/sv-tests/third_party/tools/yosys/tests/simple/multiplier.v:60:20: error: node type: ERROR
/home/travis/build/SymbiFlow/sv-tests/third_party/tools/yosys/tests/simple/multiplier.v:63:4: error: node type: ERROR
/home/travis/build/SymbiFlow/sv-tests/third_party/tools/yosys/tests/simple/multiplier.v:95:29: error: node type: ERROR
