name: sva_basic00
description: Tests imported from yosys
files: /home/travis/build/SymbiFlow/sv-tests/third_party/tools/yosys/tests/sva/basic00.sv
should_fail: 0
tags: yosys
incdirs: 
top_module: 
rc: 1

(0, 0) source_file
(0, 0) module_declaration
(5, 1) module_or_generate_item
(5, 1) concurrent_assertion_item
(5, 14) assert_property_statement
(5, 31) ERROR
(5, 33) primary
(5, 42) ERROR
(8, 1) module_or_generate_item
(8, 1) concurrent_assertion_item
(8, 14) assert_property_statement
(8, 31) ERROR
(8, 33) primary
(8, 42) ERROR
