name: sva_basic01
description: Tests imported from yosys
files: /home/travis/build/SymbiFlow/sv-tests/third_party/tools/yosys/tests/sva/basic01.sv
should_fail: 0
tags: yosys
incdirs: 
top_module: 
rc: 1

(0, 0) source_file
(0, 0) module_declaration
(9, 1) module_or_generate_item
(9, 1) concurrent_assertion_item
(9, 7) assert_property_statement
(9, 24) ERROR
(9, 26) primary
(9, 35) ERROR
(11, 1) module_or_generate_item
(11, 1) concurrent_assertion_item
(11, 7) assert_property_statement
(11, 24) ERROR
(11, 26) primary
(11, 35) ERROR
(13, 1) module_or_generate_item
(13, 1) concurrent_assertion_item
(13, 7) assert_property_statement
(13, 24) ERROR
(13, 26) primary
(13, 35) ERROR
