name: sva_counter
description: Tests imported from yosys
files: /home/travis/build/SymbiFlow/sv-tests/third_party/tools/yosys/tests/sva/counter.sv
should_fail: 0
tags: yosys
incdirs: 
top_module: 
rc: 1

(0, 0) source_file
(0, 0) module_declaration
(10, 1) module_or_generate_item
(10, 1) program_instantiation
(10, 9) hierarchical_instance
(10, 18) ERROR
(10, 28) ERROR
(10, 34) module_or_generate_item
(10, 34) program_instantiation
(11, 1) hierarchical_instance
(11, 9) ERROR
(15, 1) module_or_generate_item
(15, 1) concurrent_assertion_item
(15, 1) assert_property_statement
(15, 18) ERROR
(20, 1) module_or_generate_item
(20, 1) concurrent_assertion_item
(20, 1) assert_property_statement
(20, 18) ERROR
(23, 1) module_or_generate_item
(23, 1) property_declaration
(23, 17) ERROR
