name: svinterfaces_svinterface_at_top
description: Tests imported from yosys
files: /home/travis/build/SymbiFlow/sv-tests/third_party/tools/yosys/tests/svinterfaces/svinterface_at_top.sv
should_fail: 0
tags: yosys
incdirs: 
top_module: 
rc: 1

(2, 0) source_file
(60, 0) module_declaration
(71, 2) module_or_generate_item
(71, 2) always_construct
(71, 11) statement
(71, 11) statement_item
(71, 11) procedural_timing_control_statement
(71, 41) statement_or_null
(71, 41) statement
(71, 41) statement_item
(71, 41) conditional_statement
(72, 11) statement_or_null
(72, 11) statement
(72, 11) statement_item
(72, 11) subroutine_call_statement
(73, 30) ERROR
(74, 8) statement_or_null
(74, 8) statement
(74, 8) statement_item
(74, 8) seq_block
(74, 14) statement_or_null
(74, 14) statement
(74, 14) statement_item
(74, 14) conditional_statement
(75, 31) statement_or_null
(75, 31) statement
(75, 31) statement_item
(75, 31) subroutine_call_statement
(76, 32) ERROR
(77, 10) statement_or_null
(77, 10) statement
(77, 10) statement_item
(77, 10) subroutine_call_statement
(78, 32) ERROR
(98, 0) module_declaration
(110, 3) module_or_generate_item
(110, 3) always_construct
(110, 14) statement
(110, 14) statement_item
(110, 14) seq_block
(110, 20) statement_or_null
(110, 20) statement
(110, 20) statement_item
(110, 20) conditional_statement
(111, 49) statement_or_null
(111, 49) statement
(111, 49) statement_item
(111, 49) subroutine_call_statement
(112, 41) ERROR
(113, 10) statement_or_null
(113, 10) statement
(113, 10) statement_item
(113, 10) conditional_statement
(113, 54) statement_or_null
(113, 54) statement
(113, 54) statement_item
(113, 54) subroutine_call_statement
(114, 41) ERROR
(115, 10) statement_or_null
(115, 10) statement
(115, 10) statement_item
(115, 10) conditional_statement
(115, 54) statement_or_null
(115, 54) statement
(115, 54) statement_item
(115, 54) subroutine_call_statement
(116, 41) ERROR
(117, 10) statement_or_null
(117, 10) statement
(117, 10) statement_item
(117, 10) subroutine_call_statement
(118, 41) ERROR
