name: implements
description: implements keyword test
should_fail: 0
tags: 8.26.2
files: /home/travis/build/SymbiFlow/sv-tests/tests/chapter-8/8.26.2--implements.sv
incdirs: 
top_module: 
rc: 12

/home/travis/build/SymbiFlow/sv-tests/tests/chapter-8/8.26.2--implements.sv:8: syntax error
/home/travis/build/SymbiFlow/sv-tests/tests/chapter-8/8.26.2--implements.sv:8: error: invalid module item.
/home/travis/build/SymbiFlow/sv-tests/tests/chapter-8/8.26.2--implements.sv:9: syntax error
/home/travis/build/SymbiFlow/sv-tests/tests/chapter-8/8.26.2--implements.sv:9: error: invalid module item.
/home/travis/build/SymbiFlow/sv-tests/tests/chapter-8/8.26.2--implements.sv:10: syntax error
/home/travis/build/SymbiFlow/sv-tests/tests/chapter-8/8.26.2--implements.sv:12: error: invalid module item.
/home/travis/build/SymbiFlow/sv-tests/tests/chapter-8/8.26.2--implements.sv:13: syntax error
/home/travis/build/SymbiFlow/sv-tests/tests/chapter-8/8.26.2--implements.sv:13: error: invalid module item.
/home/travis/build/SymbiFlow/sv-tests/tests/chapter-8/8.26.2--implements.sv:14: syntax error
/home/travis/build/SymbiFlow/sv-tests/tests/chapter-8/8.26.2--implements.sv:14: error: invalid module item.
/home/travis/build/SymbiFlow/sv-tests/tests/chapter-8/8.26.2--implements.sv:15: syntax error
/home/travis/build/SymbiFlow/sv-tests/tests/chapter-8/8.26.2--implements.sv:18: error: invalid module item.
