name: type_access_implements
description: access interface class type with scope resolution operator
should_fail: 0
tags: 8.26.3
files: /home/travis/build/SymbiFlow/sv-tests/tests/chapter-8/8.26.3--type_access_implements.sv
incdirs: 
top_module: 
rc: 12

/home/travis/build/SymbiFlow/sv-tests/tests/chapter-8/8.26.3--type_access_implements.sv:8: syntax error
/home/travis/build/SymbiFlow/sv-tests/tests/chapter-8/8.26.3--type_access_implements.sv:8: error: invalid module item.
/home/travis/build/SymbiFlow/sv-tests/tests/chapter-8/8.26.3--type_access_implements.sv:10: syntax error
/home/travis/build/SymbiFlow/sv-tests/tests/chapter-8/8.26.3--type_access_implements.sv:10: error: invalid module item.
/home/travis/build/SymbiFlow/sv-tests/tests/chapter-8/8.26.3--type_access_implements.sv:11: syntax error
/home/travis/build/SymbiFlow/sv-tests/tests/chapter-8/8.26.3--type_access_implements.sv:13: error: invalid module item.
/home/travis/build/SymbiFlow/sv-tests/tests/chapter-8/8.26.3--type_access_implements.sv:14: syntax error
/home/travis/build/SymbiFlow/sv-tests/tests/chapter-8/8.26.3--type_access_implements.sv:14: error: invalid module item.
/home/travis/build/SymbiFlow/sv-tests/tests/chapter-8/8.26.3--type_access_implements.sv:15: syntax error
/home/travis/build/SymbiFlow/sv-tests/tests/chapter-8/8.26.3--type_access_implements.sv:15: error: invalid module item.
/home/travis/build/SymbiFlow/sv-tests/tests/chapter-8/8.26.3--type_access_implements.sv:16: syntax error
/home/travis/build/SymbiFlow/sv-tests/tests/chapter-8/8.26.3--type_access_implements.sv:19: error: invalid module item.
