name: string-special-chars
description: Special characters in strings
should_fail: 0
tags: 5.9.1
files: /home/travis/build/SymbiFlow/sv-tests/tests/chapter-5/5.9.1-string-special-chars.sv
incdirs: 
top_module: 
rc: 0


-- Executing script file `scr.ys' --

1. Executing Verilog-2005 frontend.
Parsing SystemVerilog input from `/home/travis/build/SymbiFlow/sv-tests/tests/chapter-5/5.9.1-string-special-chars.sv' to AST representation.
Generating RTLIL representation for module `\top'.
newline 

tab 	
backslash \
quote "
vertical tab v
form feed f
bell a
octal S
hex x12
Successfully finished Verilog frontend.
