name: structure-replication
description: Structure replication assignment tests
should_fail: 0
tags: 5.10
files: /home/travis/build/SymbiFlow/sv-tests/tests/chapter-5/5.10-structure-replication.sv
incdirs: 
top_module: 
rc: -6

--------------
Odin has decided you MAY fail ... :

WARNING (1)::ARG_ERROR Permissive flag is ON. Undefined behaviour may occur

WARNING (2)::ARG_ERROR /home/travis/build/SymbiFlow/sv-tests/tests/chapter-5/5.10-structure-replication.sv::1 File (/home/travis/build/SymbiFlow/sv-tests/tests/chapter-5/5.10-structure-replication.sv) has an unsupported extension (.sv), Odin only supports {  .v .vh }

PARSE_ERROR /home/travis/build/SymbiFlow/sv-tests/tests/chapter-5/5.10-structure-replication.sv::8 error in parsing: (syntax error, unexpected '{', expecting vSYMBOL_ID or '#')
  struct {int X,Y,Z;} XYZ = '{3{1}};
PARSE_ERROR /home/travis/build/SymbiFlow/sv-tests/tests/chapter-5/5.10-structure-replication.sv::9 error in parsing: (syntax error, unexpected '{', expecting '(')
  typedef struct {int a,b[4];} ab_t;
PARSE_ERROR /home/travis/build/SymbiFlow/sv-tests/tests/chapter-5/5.10-structure-replication.sv::10 error in parsing: (syntax error, unexpected ',', expecting '(')
  int a,b,c;
PARSE_ERROR /home/travis/build/SymbiFlow/sv-tests/tests/chapter-5/5.10-structure-replication.sv::13 error in parsing: (syntax error, unexpected vSYMBOL_ID, expecting voLTE or '=')
    ab_t v1[1:0] [2:0];
ERROR (7)::NETLIST_ERROR Could not find a top level module

Assertion failed()@[/home/travis/build/SymbiFlow/sv-tests/third_party/tools/odin_ii/ODIN_II/SRC/netlist_create_from_ast.cpp]find_top_module::295 
