name: asicworld_code_verilog_tutorial_n_out_primitive
description: Tests imported from yosys
files: /home/travis/build/SymbiFlow/sv-tests/third_party/tools/yosys/tests/asicworld/code_verilog_tutorial_n_out_primitive.v
should_fail: 0
tags: yosys
incdirs: 
top_module: 
rc: -11

--------------
Odin has decided you MAY fail ... :

WARNING (1)::ARG_ERROR Permissive flag is ON. Undefined behaviour may occur

PARSE_ERROR /home/travis/build/SymbiFlow/sv-tests/third_party/tools/yosys/tests/asicworld/code_verilog_tutorial_n_out_primitive.v::7 Unsuported token
buf u_buf0 (out,in);
 ^~~~
PARSE_ERROR /home/travis/build/SymbiFlow/sv-tests/third_party/tools/yosys/tests/asicworld/code_verilog_tutorial_n_out_primitive.v::7 error in parsing: (syntax error, unexpected '(', expecting vSYMBOL_ID or '#')
buf u_buf0 (out,in);
PARSE_ERROR /home/travis/build/SymbiFlow/sv-tests/third_party/tools/yosys/tests/asicworld/code_verilog_tutorial_n_out_primitive.v::9 Unsuported token
buf u_buf1 (out_0, out_1, out_2, out_3, in);
 ^~~~
PARSE_ERROR /home/travis/build/SymbiFlow/sv-tests/third_party/tools/yosys/tests/asicworld/code_verilog_tutorial_n_out_primitive.v::11 error in parsing: (syntax error, unexpected ',')
not u_not0 (out_a, out_b, out_c, in);
