name: asicworld_code_verilog_tutorial_good_code
description: Tests imported from yosys
files: /home/travis/build/SymbiFlow/sv-tests/third_party/tools/yosys/tests/asicworld/code_verilog_tutorial_good_code.v
should_fail: 0
tags: yosys
incdirs: 
top_module: 
rc: 0

--------------
Odin has decided you MAY fail ... :

WARNING (1)::ARG_ERROR Permissive flag is ON. Undefined behaviour may occur

WARNING (2)::NETLIST_ERROR /home/travis/build/SymbiFlow/sv-tests/third_party/tools/yosys/tests/asicworld/code_verilog_tutorial_good_code.v::10 This output is undriven (addbit^sum) and will be removed
      output         sum;
WARNING (3)::NETLIST_ERROR /home/travis/build/SymbiFlow/sv-tests/third_party/tools/yosys/tests/asicworld/code_verilog_tutorial_good_code.v::11 This output is undriven (addbit^co) and will be removed
      output         co;
WARNING (4)::NETLIST_ERROR Net addbit^sum driving node addbit^sum is itself undriven.
WARNING (5)::NETLIST_ERROR Net addbit^co driving node addbit^co is itself undriven.
--------------------------------------------------------------------
Welcome to ODIN II version 0.1 - the better High level synthesis tools++ targetting FPGAs (mainly VPR)
Email: jamieson.peter@gmail.com and ken@unb.ca for support issues

--------------------------------------------------------------------
High-level synthesis Begin
Parser starting - we'll create an abstract syntax tree. Note this tree can be viewed using Grap Viz (see documentation)
Adding file /home/travis/build/SymbiFlow/sv-tests/third_party/tools/yosys/tests/asicworld/code_verilog_tutorial_good_code.v to parse list
Optimizing module by AST based optimizations
Converting AST into a Netlist. Note this netlist can be viewed using GraphViz (see documentation)
==========================
Detected Top Level Module: 	addbit
==========================
Performing Optimizations of the Netlist
Performing Partial Map to target device
Outputting the netlist to the specified output format
Successful High-level synthesis by Odin
	Blif file available at  odin.blif
	Ran in 0.5ms
--------------------------------------------------------------------
--------------------------------------------------------------------
Odin ran with exit status: 0
Odin II took 0.00 seconds (max_rss 7.1 MiB)
