name: simple_hierdefparam
description: Tests imported from yosys
files: /home/travis/build/SymbiFlow/sv-tests/third_party/tools/yosys/tests/simple/hierdefparam.v
should_fail: 0
tags: yosys
incdirs: 
top_module: 
rc: -6

--------------
Odin has decided you MAY fail ... :

WARNING (1)::ARG_ERROR Permissive flag is ON. Undefined behaviour may occur

PARSE_ERROR /home/travis/build/SymbiFlow/sv-tests/third_party/tools/yosys/tests/simple/hierdefparam.v::4 error in parsing: (syntax error, unexpected vBEGIN)
  generate begin:foo
PARSE_ERROR /home/travis/build/SymbiFlow/sv-tests/third_party/tools/yosys/tests/simple/hierdefparam.v::8 error in parsing: (syntax error, unexpected '[', expecting '=')
  defparam foo.mod_a.bar[1].mod_b.addvalue = 43;
PARSE_ERROR /home/travis/build/SymbiFlow/sv-tests/third_party/tools/yosys/tests/simple/hierdefparam.v::19 error in parsing: (syntax error, unexpected '.', expecting '=')
  assign bar[0].a = A, bar[1].a = bar[0].y, Y = bar[1].y;
ERROR (5)::NETLIST_ERROR Found multiple top level modules
	hierdefparam_top	hierdefparam_a

Assertion failed()@[/home/travis/build/SymbiFlow/sv-tests/third_party/tools/odin_ii/ODIN_II/SRC/netlist_create_from_ast.cpp]find_top_module::299 
