name: simple_realexpr
description: Tests imported from yosys
files: /home/travis/build/SymbiFlow/sv-tests/third_party/tools/yosys/tests/simple/realexpr.v
should_fail: 0
tags: yosys
incdirs: 
top_module: 
rc: -6

--------------
Odin has decided you MAY fail ... :

WARNING (1)::ARG_ERROR Permissive flag is ON. Undefined behaviour may occur

PARSE_ERROR /home/travis/build/SymbiFlow/sv-tests/third_party/tools/yosys/tests/simple/realexpr.v::4 error in parsing: (syntax error, unexpected '.', expecting ';' or ',')
	localparam [7:0] p1 = 123.45;
PARSE_ERROR /home/travis/build/SymbiFlow/sv-tests/third_party/tools/yosys/tests/simple/realexpr.v::5 error in parsing: (syntax error, unexpected vSYMBOL_ID, expecting ';' or ',')
	localparam real p2 = 123.45;
PARSE_ERROR /home/travis/build/SymbiFlow/sv-tests/third_party/tools/yosys/tests/simple/realexpr.v::6 error in parsing: (syntax error, unexpected vSYMBOL_ID, expecting ';' or ',')
	localparam real p3 = 123;
PARSE_ERROR /home/travis/build/SymbiFlow/sv-tests/third_party/tools/yosys/tests/simple/realexpr.v::7 error in parsing: (syntax error, unexpected '.', expecting ';' or ',')
	localparam p4 = 123.45;
PARSE_ERROR /home/travis/build/SymbiFlow/sv-tests/third_party/tools/yosys/tests/simple/realexpr.v::9 error in parsing: (syntax error, unexpected '.', expecting ';' or ',')
	assign y1 = p1 + 0.2;
PARSE_ERROR /home/travis/build/SymbiFlow/sv-tests/third_party/tools/yosys/tests/simple/realexpr.v::10 error in parsing: (syntax error, unexpected '.', expecting ';' or ',')
	assign y2 = p2 + 0.2;
PARSE_ERROR /home/travis/build/SymbiFlow/sv-tests/third_party/tools/yosys/tests/simple/realexpr.v::11 error in parsing: (syntax error, unexpected '.', expecting ';' or ',')
	assign y3 = p3 + 0.2;
PARSE_ERROR /home/travis/build/SymbiFlow/sv-tests/third_party/tools/yosys/tests/simple/realexpr.v::12 error in parsing: (syntax error, unexpected '.', expecting ';' or ',')
	assign y4 = p4 + 0.2;
PARSE_ERROR /home/travis/build/SymbiFlow/sv-tests/third_party/tools/yosys/tests/simple/realexpr.v::18 error in parsing: (syntax error, unexpected '.')
	assign y0 = 1'bx >= (-1 * -1.17);
PARSE_ERROR /home/travis/build/SymbiFlow/sv-tests/third_party/tools/yosys/tests/simple/realexpr.v::19 error in parsing: (syntax error, unexpected '.', expecting ';' or ',')
	assign y1 = 1 ?  1 ?  -1 : 'd0 : 0.0;
PARSE_ERROR /home/travis/build/SymbiFlow/sv-tests/third_party/tools/yosys/tests/simple/realexpr.v::20 error in parsing: (syntax error, unexpected '.', expecting ';' or ',')
	assign y2 = 1 ? -1 :   1 ? 'd0 : 0.0;
PARSE_ERROR /home/travis/build/SymbiFlow/sv-tests/third_party/tools/yosys/tests/simple/realexpr.v::25 error in parsing: (syntax error, unexpected vSYMBOL_ID, expecting ';' or ',')
	parameter real p = 0;
PARSE_ERROR /home/travis/build/SymbiFlow/sv-tests/third_party/tools/yosys/tests/simple/realexpr.v::26 error in parsing: (syntax error, unexpected '.')
	assign A = (p==1.0);
PARSE_ERROR /home/travis/build/SymbiFlow/sv-tests/third_party/tools/yosys/tests/simple/realexpr.v::31 error in parsing: (syntax error, unexpected '.', expecting ')' or ',')
	demo_003 #(1.0) demo_real (A, B);
ERROR (16)::NETLIST_ERROR Found multiple top level modules
	demo_001	demo_002
	demo_004

Assertion failed()@[/home/travis/build/SymbiFlow/sv-tests/third_party/tools/odin_ii/ODIN_II/SRC/netlist_create_from_ast.cpp]find_top_module::299 
