name: sva_counter
description: Tests imported from yosys
files: /home/travis/build/SymbiFlow/sv-tests/third_party/tools/yosys/tests/sva/counter.sv
should_fail: 0
tags: yosys
incdirs: 
top_module: 
rc: -6

--------------
Odin has decided you MAY fail ... :

WARNING (1)::ARG_ERROR Permissive flag is ON. Undefined behaviour may occur

WARNING (2)::ARG_ERROR /home/travis/build/SymbiFlow/sv-tests/third_party/tools/yosys/tests/sva/counter.sv::1 File (/home/travis/build/SymbiFlow/sv-tests/third_party/tools/yosys/tests/sva/counter.sv) has an unsupported extension (.sv), Odin only supports {  .v .vh }

PARSE_ERROR /home/travis/build/SymbiFlow/sv-tests/third_party/tools/yosys/tests/sva/counter.sv::11 error in parsing: (syntax error, unexpected vDEFAULT)
	default clocking @(posedge clk); endclocking
PARSE_ERROR /home/travis/build/SymbiFlow/sv-tests/third_party/tools/yosys/tests/sva/counter.sv::12 Unsuported token
	default disable iff (reset);
	^~~~
PARSE_ERROR /home/travis/build/SymbiFlow/sv-tests/third_party/tools/yosys/tests/sva/counter.sv::14 error in parsing: (syntax error, unexpected voPAL)
	assert property (up |=> cnt == $past(cnt) + 8'd 1);
PARSE_ERROR /home/travis/build/SymbiFlow/sv-tests/third_party/tools/yosys/tests/sva/counter.sv::15 error in parsing: (syntax error, unexpected '*')
	assert property (up [*2] |=> cnt == $past(cnt, 2) + 8'd 2);
PARSE_ERROR /home/travis/build/SymbiFlow/sv-tests/third_party/tools/yosys/tests/sva/counter.sv::16 error in parsing: (syntax error, unexpected '#', expecting ')' or ',')
	assert property (up ##1 up |=> cnt == $past(cnt, 2) + 8'd 2);
PARSE_ERROR /home/travis/build/SymbiFlow/sv-tests/third_party/tools/yosys/tests/sva/counter.sv::19 error in parsing: (syntax error, unexpected '>')
	assume property (down |-> !up);
PARSE_ERROR /home/travis/build/SymbiFlow/sv-tests/third_party/tools/yosys/tests/sva/counter.sv::21 error in parsing: (syntax error, unexpected '#', expecting ')' or ',')
	assert property (up ##1 down |=> cnt == $past(cnt, 2));
PARSE_ERROR /home/travis/build/SymbiFlow/sv-tests/third_party/tools/yosys/tests/sva/counter.sv::22 error in parsing: (syntax error, unexpected voPAL)
	assert property (down |=> cnt == $past(cnt) - 8'd 1);
PARSE_ERROR /home/travis/build/SymbiFlow/sv-tests/third_party/tools/yosys/tests/sva/counter.sv::25 error in parsing: (syntax error, unexpected '[', expecting vSYMBOL_ID or '#')
		down [*n] |=> cnt == $past(cnt, n) - n;
PARSE_ERROR /home/travis/build/SymbiFlow/sv-tests/third_party/tools/yosys/tests/sva/counter.sv::28 error in parsing: (syntax error, unexpected vSYMBOL_ID, expecting '(')
	assert property (down_n(8'd 3));
PARSE_ERROR /home/travis/build/SymbiFlow/sv-tests/third_party/tools/yosys/tests/sva/counter.sv::29 error in parsing: (syntax error, unexpected vSYMBOL_ID, expecting ')' or ',')
	assert property (down_n(8'd 5));
ERROR (14)::PARSE_ERROR Parser found (1) errors in your syntax, exiting
Assertion failed()@[/home/travis/build/SymbiFlow/sv-tests/third_party/tools/odin_ii/ODIN_II/SRC/odin_error.cpp]verify_delayed_error::30 
