name: block_start_finish
description: block start finish check
should_fail: 0
tags: 9.3.3
files: /home/travis/build/SymbiFlow/sv-tests/tests/chapter-9/9.3.3--block_start_finish.sv
incdirs: 
top_module: 
rc: -6

--------------
Odin has decided you MAY fail ... :

WARNING (1)::ARG_ERROR Permissive flag is ON. Undefined behaviour may occur

WARNING (2)::ARG_ERROR /home/travis/build/SymbiFlow/sv-tests/tests/chapter-9/9.3.3--block_start_finish.sv::1 File (/home/travis/build/SymbiFlow/sv-tests/tests/chapter-9/9.3.3--block_start_finish.sv) has an unsupported extension (.sv), Odin only supports {  .v .vh }

PARSE_ERROR /home/travis/build/SymbiFlow/sv-tests/tests/chapter-9/9.3.3--block_start_finish.sv::10 Unsuported token
		fork
		^~~~
PARSE_ERROR /home/travis/build/SymbiFlow/sv-tests/tests/chapter-9/9.3.3--block_start_finish.sv::11 error in parsing: (syntax error, unexpected vDELAY_ID)
			#200 a = 'h1;
PARSE_ERROR /home/travis/build/SymbiFlow/sv-tests/tests/chapter-9/9.3.3--block_start_finish.sv::15 Unsuported token
		join
		^~~~
PARSE_ERROR /home/travis/build/SymbiFlow/sv-tests/tests/chapter-9/9.3.3--block_start_finish.sv::17 Unsuported token
		fork
		^~~~
PARSE_ERROR /home/travis/build/SymbiFlow/sv-tests/tests/chapter-9/9.3.3--block_start_finish.sv::22 Unsuported token
		join
		^~~~
ERROR (8)::PARSE_ERROR Parser found (4) errors in your syntax, exiting
Assertion failed()@[/home/travis/build/SymbiFlow/sv-tests/third_party/tools/odin_ii/ODIN_II/SRC/odin_error.cpp]verify_delayed_error::30 
