name: parallel_block_join
description: parallel block check
should_fail: 0
tags: 9.3.2
files: /home/travis/build/SymbiFlow/sv-tests/tests/chapter-9/9.3.2--parallel_block_join.sv
incdirs: 
top_module: 
rc: -11

--------------
Odin has decided you MAY fail ... :

WARNING (1)::ARG_ERROR Permissive flag is ON. Undefined behaviour may occur

WARNING (2)::ARG_ERROR /home/travis/build/SymbiFlow/sv-tests/tests/chapter-9/9.3.2--parallel_block_join.sv::1 File (/home/travis/build/SymbiFlow/sv-tests/tests/chapter-9/9.3.2--parallel_block_join.sv) has an unsupported extension (.sv), Odin only supports {  .v .vh }

PARSE_ERROR /home/travis/build/SymbiFlow/sv-tests/tests/chapter-9/9.3.2--parallel_block_join.sv::12 Unsuported token
		fork
		^~~~
PARSE_ERROR /home/travis/build/SymbiFlow/sv-tests/tests/chapter-9/9.3.2--parallel_block_join.sv::14 error in parsing: (syntax error, unexpected '=', expecting vSYMBOL_ID or '#')
			b = 0;
PARSE_ERROR /home/travis/build/SymbiFlow/sv-tests/tests/chapter-9/9.3.2--parallel_block_join.sv::16 Unsuported token
		join
		^~~~
