name: statement_labels_par
description: parallel block labels check
should_fail: 0
tags: 9.3.5
files: /home/travis/build/SymbiFlow/sv-tests/tests/chapter-9/9.3.5--statement_labels_par.sv
incdirs: 
top_module: 
rc: -6

--------------
Odin has decided you MAY fail ... :

WARNING (1)::ARG_ERROR Permissive flag is ON. Undefined behaviour may occur

WARNING (2)::ARG_ERROR /home/travis/build/SymbiFlow/sv-tests/tests/chapter-9/9.3.5--statement_labels_par.sv::1 File (/home/travis/build/SymbiFlow/sv-tests/tests/chapter-9/9.3.5--statement_labels_par.sv) has an unsupported extension (.sv), Odin only supports {  .v .vh }

PARSE_ERROR /home/travis/build/SymbiFlow/sv-tests/tests/chapter-9/9.3.5--statement_labels_par.sv::12 error in parsing: (syntax error, unexpected ':', expecting voLTE or '=')
		name: fork
PARSE_ERROR /home/travis/build/SymbiFlow/sv-tests/tests/chapter-9/9.3.5--statement_labels_par.sv::12 Unsuported token
		name: fork
	^~~~
PARSE_ERROR /home/travis/build/SymbiFlow/sv-tests/tests/chapter-9/9.3.5--statement_labels_par.sv::16 Unsuported token
		join: name
		^~~~
ERROR (6)::PARSE_ERROR Parser found (2) errors in your syntax, exiting
Assertion failed()@[/home/travis/build/SymbiFlow/sv-tests/third_party/tools/odin_ii/ODIN_II/SRC/odin_error.cpp]verify_delayed_error::30 
