name: event_order
description: event order test
should_fail: 0
tags: 9.3.3
files: /home/travis/build/SymbiFlow/sv-tests/tests/chapter-9/9.3.3--event.sv
incdirs: 
top_module: 
rc: -6

--------------
Odin has decided you MAY fail ... :

WARNING (1)::ARG_ERROR Permissive flag is ON. Undefined behaviour may occur

WARNING (2)::ARG_ERROR /home/travis/build/SymbiFlow/sv-tests/tests/chapter-9/9.3.3--event.sv::1 File (/home/travis/build/SymbiFlow/sv-tests/tests/chapter-9/9.3.3--event.sv) has an unsupported extension (.sv), Odin only supports {  .v .vh }

PARSE_ERROR /home/travis/build/SymbiFlow/sv-tests/tests/chapter-9/9.3.3--event.sv::8 Unsuported token
	event ev;
	^~~~
PARSE_ERROR /home/travis/build/SymbiFlow/sv-tests/tests/chapter-9/9.3.3--event.sv::8 error in parsing: (syntax error, unexpected ';', expecting vSYMBOL_ID or '#')
	event ev;
PARSE_ERROR /home/travis/build/SymbiFlow/sv-tests/tests/chapter-9/9.3.3--event.sv::10 Unsuported token
	initial fork
	^~~~
PARSE_ERROR /home/travis/build/SymbiFlow/sv-tests/tests/chapter-9/9.3.3--event.sv::13 error in parsing: (syntax error, unexpected vDELAY_ID)
			#20;
PARSE_ERROR /home/travis/build/SymbiFlow/sv-tests/tests/chapter-9/9.3.3--event.sv::20 Unsuported token
	join
	^~~~
ERROR (8)::PARSE_ERROR Parser found (3) errors in your syntax, exiting
Assertion failed()@[/home/travis/build/SymbiFlow/sv-tests/third_party/tools/odin_ii/ODIN_II/SRC/odin_error.cpp]verify_delayed_error::30 
