name: event_nonblocking_assignment_repeat
description: event non blk assignment repeat
should_fail: 0
tags: 9.4.5
files: /home/travis/build/SymbiFlow/sv-tests/tests/chapter-9/9.4.5--event_nonblocking_assignment_repeat_int.sv
incdirs: 
top_module: 
rc: -6

--------------
Odin has decided you MAY fail ... :

WARNING (1)::ARG_ERROR Permissive flag is ON. Undefined behaviour may occur

WARNING (2)::ARG_ERROR /home/travis/build/SymbiFlow/sv-tests/tests/chapter-9/9.4.5--event_nonblocking_assignment_repeat_int.sv::1 File (/home/travis/build/SymbiFlow/sv-tests/tests/chapter-9/9.4.5--event_nonblocking_assignment_repeat_int.sv) has an unsupported extension (.sv), Odin only supports {  .v .vh }

PARSE_ERROR /home/travis/build/SymbiFlow/sv-tests/tests/chapter-9/9.4.5--event_nonblocking_assignment_repeat_int.sv::12 error in parsing: (syntax error, unexpected '=', expecting '(')
	int i = 3;
PARSE_ERROR /home/travis/build/SymbiFlow/sv-tests/tests/chapter-9/9.4.5--event_nonblocking_assignment_repeat_int.sv::15 Unsuported token
		a = repeat(i) @(posedge clk) b;
	^~~~
PARSE_ERROR /home/travis/build/SymbiFlow/sv-tests/tests/chapter-9/9.4.5--event_nonblocking_assignment_repeat_int.sv::15 error in parsing: (syntax error, unexpected '@', expecting ';')
		a = repeat(i) @(posedge clk) b;
ERROR (6)::PARSE_ERROR Parser found (1) errors in your syntax, exiting
Assertion failed()@[/home/travis/build/SymbiFlow/sv-tests/third_party/tools/odin_ii/ODIN_II/SRC/odin_error.cpp]verify_delayed_error::30 
