name: disable_other
description: disable other task
should_fail: 0
tags: 9.6.2
files: /home/travis/build/SymbiFlow/sv-tests/tests/chapter-9/9.6.2--disable_other.sv
incdirs: 
top_module: 
rc: -11

--------------
Odin has decided you MAY fail ... :

WARNING (1)::ARG_ERROR Permissive flag is ON. Undefined behaviour may occur

WARNING (2)::ARG_ERROR /home/travis/build/SymbiFlow/sv-tests/tests/chapter-9/9.6.2--disable_other.sv::1 File (/home/travis/build/SymbiFlow/sv-tests/tests/chapter-9/9.6.2--disable_other.sv) has an unsupported extension (.sv), Odin only supports {  .v .vh }

PARSE_ERROR /home/travis/build/SymbiFlow/sv-tests/tests/chapter-9/9.6.2--disable_other.sv::11 Unsuported token
	initial fork
	^~~~
PARSE_ERROR /home/travis/build/SymbiFlow/sv-tests/tests/chapter-9/9.6.2--disable_other.sv::13 error in parsing: (syntax error, unexpected vDELAY_ID)
			#10 a = 1;
PARSE_ERROR /home/travis/build/SymbiFlow/sv-tests/tests/chapter-9/9.6.2--disable_other.sv::16 Unsuported token
		#15 disable block;
	^~~~
PARSE_ERROR /home/travis/build/SymbiFlow/sv-tests/tests/chapter-9/9.6.2--disable_other.sv::17 Unsuported token
	join
	^~~~
