name: disable_fork
description: disable fork
should_fail: 0
tags: 9.6.3
files: /home/travis/build/SymbiFlow/sv-tests/tests/chapter-9/9.6.3--disable_fork.sv
incdirs: 
top_module: 
rc: -6

--------------
Odin has decided you MAY fail ... :

WARNING (1)::ARG_ERROR Permissive flag is ON. Undefined behaviour may occur

WARNING (2)::ARG_ERROR /home/travis/build/SymbiFlow/sv-tests/tests/chapter-9/9.6.3--disable_fork.sv::1 File (/home/travis/build/SymbiFlow/sv-tests/tests/chapter-9/9.6.3--disable_fork.sv) has an unsupported extension (.sv), Odin only supports {  .v .vh }

PARSE_ERROR /home/travis/build/SymbiFlow/sv-tests/tests/chapter-9/9.6.3--disable_fork.sv::12 Unsuported token
		fork
		^~~~
PARSE_ERROR /home/travis/build/SymbiFlow/sv-tests/tests/chapter-9/9.6.3--disable_fork.sv::13 error in parsing: (syntax error, unexpected vDELAY_ID)
			#50 a = 1;
PARSE_ERROR /home/travis/build/SymbiFlow/sv-tests/tests/chapter-9/9.6.3--disable_fork.sv::17 Unsuported token
		disable fork;
		^~~~
PARSE_ERROR /home/travis/build/SymbiFlow/sv-tests/tests/chapter-9/9.6.3--disable_fork.sv::17 Unsuported token
		disable fork;
	^~~~
ERROR (7)::PARSE_ERROR Parser found (3) errors in your syntax, exiting
Assertion failed()@[/home/travis/build/SymbiFlow/sv-tests/third_party/tools/odin_ii/ODIN_II/SRC/odin_error.cpp]verify_delayed_error::30 
