name: process_cls_kill
description: process class kill method
should_fail: 0
tags: 9.7
files: /home/travis/build/SymbiFlow/sv-tests/tests/chapter-9/9.7--process_cls_kill.sv
incdirs: 
top_module: 
rc: -6

--------------
Odin has decided you MAY fail ... :

WARNING (1)::ARG_ERROR Permissive flag is ON. Undefined behaviour may occur

WARNING (2)::ARG_ERROR /home/travis/build/SymbiFlow/sv-tests/tests/chapter-9/9.7--process_cls_kill.sv::1 File (/home/travis/build/SymbiFlow/sv-tests/tests/chapter-9/9.7--process_cls_kill.sv) has an unsupported extension (.sv), Odin only supports {  .v .vh }

PARSE_ERROR /home/travis/build/SymbiFlow/sv-tests/tests/chapter-9/9.7--process_cls_kill.sv::8 error in parsing: (syntax error, unexpected vSYMBOL_ID, expecting ')' or ',')
	task automatic test (int N);
PARSE_ERROR /home/travis/build/SymbiFlow/sv-tests/tests/chapter-9/9.7--process_cls_kill.sv::9 error in parsing: (syntax error, unexpected '[', expecting '(')
		process job[] = new [N];
PARSE_ERROR /home/travis/build/SymbiFlow/sv-tests/tests/chapter-9/9.7--process_cls_kill.sv::12 Unsuported token
			fork
			^~~~
PARSE_ERROR /home/travis/build/SymbiFlow/sv-tests/tests/chapter-9/9.7--process_cls_kill.sv::17 error in parsing: (syntax error, unexpected vEND)
				end
PARSE_ERROR /home/travis/build/SymbiFlow/sv-tests/tests/chapter-9/9.7--process_cls_kill.sv::21 Unsuported token
			wait(job[i] != null);
			^~~~
ERROR (8)::PARSE_ERROR Parser found (2) errors in your syntax, exiting
Assertion failed()@[/home/travis/build/SymbiFlow/sv-tests/third_party/tools/odin_ii/ODIN_II/SRC/odin_error.cpp]verify_delayed_error::30 
