name: ibex
description: Full ibex core test
files: /home/travis/build/SymbiFlow/sv-tests/third_party/cores/ibex/examples/sim/rtl/prim_clock_gating.sv /home/travis/build/SymbiFlow/sv-tests/third_party/cores/ibex/rtl/ibex_pkg.sv /home/travis/build/SymbiFlow/sv-tests/third_party/cores/ibex/rtl/ibex_alu.sv /home/travis/build/SymbiFlow/sv-tests/third_party/cores/ibex/rtl/ibex_compressed_decoder.sv /home/travis/build/SymbiFlow/sv-tests/third_party/cores/ibex/rtl/ibex_controller.sv /home/travis/build/SymbiFlow/sv-tests/third_party/cores/ibex/rtl/ibex_cs_registers.sv /home/travis/build/SymbiFlow/sv-tests/third_party/cores/ibex/rtl/ibex_decoder.sv /home/travis/build/SymbiFlow/sv-tests/third_party/cores/ibex/rtl/ibex_ex_block.sv /home/travis/build/SymbiFlow/sv-tests/third_party/cores/ibex/rtl/ibex_id_stage.sv /home/travis/build/SymbiFlow/sv-tests/third_party/cores/ibex/rtl/ibex_if_stage.sv /home/travis/build/SymbiFlow/sv-tests/third_party/cores/ibex/rtl/ibex_load_store_unit.sv /home/travis/build/SymbiFlow/sv-tests/third_party/cores/ibex/rtl/ibex_multdiv_slow.sv /home/travis/build/SymbiFlow/sv-tests/third_party/cores/ibex/rtl/ibex_multdiv_fast.sv /home/travis/build/SymbiFlow/sv-tests/third_party/cores/ibex/rtl/ibex_prefetch_buffer.sv /home/travis/build/SymbiFlow/sv-tests/third_party/cores/ibex/rtl/ibex_fetch_fifo.sv /home/travis/build/SymbiFlow/sv-tests/third_party/cores/ibex/rtl/ibex_pmp.sv /home/travis/build/SymbiFlow/sv-tests/third_party/cores/ibex/rtl/ibex_core.sv /home/travis/build/SymbiFlow/sv-tests/third_party/cores/ibex/rtl/ibex_register_file_ff.sv
incdirs: /home/travis/build/SymbiFlow/sv-tests/third_party/cores/ibex/rtl
should_fail: 0
tags: ibex
top_module: 
rc: -6

--------------
Odin has decided you MAY fail ... :

WARNING (1)::ARG_ERROR Permissive flag is ON. Undefined behaviour may occur

WARNING (2)::ARG_ERROR /home/travis/build/SymbiFlow/sv-tests/third_party/cores/ibex/rtl/ibex_register_file_ff.sv::1 File (/home/travis/build/SymbiFlow/sv-tests/third_party/cores/ibex/rtl/ibex_register_file_ff.sv) has an unsupported extension (.sv), Odin only supports {  .v .vh }

WARNING (3)::ARG_ERROR /home/travis/build/SymbiFlow/sv-tests/third_party/cores/ibex/rtl/ibex_core.sv::1 File (/home/travis/build/SymbiFlow/sv-tests/third_party/cores/ibex/rtl/ibex_core.sv) has an unsupported extension (.sv), Odin only supports {  .v .vh }

WARNING (4)::ARG_ERROR /home/travis/build/SymbiFlow/sv-tests/third_party/cores/ibex/rtl/ibex_pmp.sv::1 File (/home/travis/build/SymbiFlow/sv-tests/third_party/cores/ibex/rtl/ibex_pmp.sv) has an unsupported extension (.sv), Odin only supports {  .v .vh }

WARNING (5)::ARG_ERROR /home/travis/build/SymbiFlow/sv-tests/third_party/cores/ibex/rtl/ibex_fetch_fifo.sv::1 File (/home/travis/build/SymbiFlow/sv-tests/third_party/cores/ibex/rtl/ibex_fetch_fifo.sv) has an unsupported extension (.sv), Odin only supports {  .v .vh }

WARNING (6)::ARG_ERROR /home/travis/build/SymbiFlow/sv-tests/third_party/cores/ibex/rtl/ibex_prefetch_buffer.sv::1 File (/home/travis/build/SymbiFlow/sv-tests/third_party/cores/ibex/rtl/ibex_prefetch_buffer.sv) has an unsupported extension (.sv), Odin only supports {  .v .vh }

WARNING (7)::ARG_ERROR /home/travis/build/SymbiFlow/sv-tests/third_party/cores/ibex/rtl/ibex_multdiv_fast.sv::1 File (/home/travis/build/SymbiFlow/sv-tests/third_party/cores/ibex/rtl/ibex_multdiv_fast.sv) has an unsupported extension (.sv), Odin only supports {  .v .vh }

WARNING (8)::ARG_ERROR /home/travis/build/SymbiFlow/sv-tests/third_party/cores/ibex/rtl/ibex_multdiv_slow.sv::1 File (/home/travis/build/SymbiFlow/sv-tests/third_party/cores/ibex/rtl/ibex_multdiv_slow.sv) has an unsupported extension (.sv), Odin only supports {  .v .vh }

WARNING (9)::ARG_ERROR /home/travis/build/SymbiFlow/sv-tests/third_party/cores/ibex/rtl/ibex_load_store_unit.sv::1 File (/home/travis/build/SymbiFlow/sv-tests/third_party/cores/ibex/rtl/ibex_load_store_unit.sv) has an unsupported extension (.sv), Odin only supports {  .v .vh }

WARNING (10)::ARG_ERROR /home/travis/build/SymbiFlow/sv-tests/third_party/cores/ibex/rtl/ibex_if_stage.sv::1 File (/home/travis/build/SymbiFlow/sv-tests/third_party/cores/ibex/rtl/ibex_if_stage.sv) has an unsupported extension (.sv), Odin only supports {  .v .vh }

WARNING (11)::ARG_ERROR /home/travis/build/SymbiFlow/sv-tests/third_party/cores/ibex/rtl/ibex_id_stage.sv::1 File (/home/travis/build/SymbiFlow/sv-tests/third_party/cores/ibex/rtl/ibex_id_stage.sv) has an unsupported extension (.sv), Odin only supports {  .v .vh }

--------------------------------------------------------------------
Welcome to ODIN II version 0.1 - the better High level synthesis tools++ targetting FPGAs (mainly VPR)
Email: jamieson.peter@gmail.com and ken@unb.ca for support issues

--------------------------------------------------------------------
High-level synthesis Begin
Parser starting - we'll create an abstract syntax tree. Note this tree can be viewed using Grap Viz (see documentation)
Adding file /home/travis/build/SymbiFlow/sv-tests/third_party/cores/ibex/rtl/ibex_register_file_ff.sv to parse list
Adding file /home/travis/build/SymbiFlow/sv-tests/third_party/cores/ibex/rtl/ibex_core.sv to parse list
Unable to open /home/travis/build/SymbiFlow/sv-tests/third_party/cores/ibex/rtl//home/travis/build/SymbiFlow/sv-tests/third_party/cores/ibex/rtl/ibex_core.sv, trying /home/travis/build/SymbiFlow/sv-tests/third_party/cores/ibex/rtl/ibex_core.sv
Adding file /home/travis/build/SymbiFlow/sv-tests/third_party/cores/ibex/rtl/ibex_pmp.sv to parse list
Unable to open /home/travis/build/SymbiFlow/sv-tests/third_party/cores/ibex/rtl//home/travis/build/SymbiFlow/sv-tests/third_party/cores/ibex/rtl/ibex_pmp.sv, trying /home/travis/build/SymbiFlow/sv-tests/third_party/cores/ibex/rtl/ibex_pmp.sv
Adding file /home/travis/build/SymbiFlow/sv-tests/third_party/cores/ibex/rtl/ibex_fetch_fifo.sv to parse list
Unable to open /home/travis/build/SymbiFlow/sv-tests/third_party/cores/ibex/rtl//home/travis/build/SymbiFlow/sv-tests/third_party/cores/ibex/rtl/ibex_fetch_fifo.sv, trying /home/travis/build/SymbiFlow/sv-tests/third_party/cores/ibex/rtl/ibex_fetch_fifo.sv
Adding file /home/travis/build/SymbiFlow/sv-tests/third_party/cores/ibex/rtl/ibex_prefetch_buffer.sv to parse list
Unable to open /home/travis/build/SymbiFlow/sv-tests/third_party/cores/ibex/rtl//home/travis/build/SymbiFlow/sv-tests/third_party/cores/ibex/rtl/ibex_prefetch_buffer.sv, trying /home/travis/build/SymbiFlow/sv-tests/third_party/cores/ibex/rtl/ibex_prefetch_buffer.sv
Adding file /home/travis/build/SymbiFlow/sv-tests/third_party/cores/ibex/rtl/ibex_multdiv_fast.sv to parse list
Unable to open /home/travis/build/SymbiFlow/sv-tests/third_party/cores/ibex/rtl//home/travis/build/SymbiFlow/sv-tests/third_party/cores/ibex/rtl/ibex_multdiv_fast.sv, trying /home/travis/build/SymbiFlow/sv-tests/third_party/cores/ibex/rtl/ibex_multdiv_fast.sv
Adding file /home/travis/build/SymbiFlow/sv-tests/third_party/cores/ibex/rtl/ibex_multdiv_slow.sv to parse list
Unable to open /home/travis/build/SymbiFlow/sv-tests/third_party/cores/ibex/rtl//home/travis/build/SymbiFlow/sv-tests/third_party/cores/ibex/rtl/ibex_multdiv_slow.sv, trying /home/travis/build/SymbiFlow/sv-tests/third_party/cores/ibex/rtl/ibex_multdiv_slow.sv
Adding file /home/travis/build/SymbiFlow/sv-tests/third_party/cores/ibex/rtl/ibex_load_store_unit.sv to parse list
Unable to open /home/travis/build/SymbiFlow/sv-tests/third_party/cores/ibex/rtl//home/travis/build/SymbiFlow/sv-tests/third_party/cores/ibex/rtl/ibex_load_store_unit.sv, trying /home/travis/build/SymbiFlow/sv-tests/third_party/cores/ibex/rtl/ibex_load_store_unit.sv
Adding file /home/travis/build/SymbiFlow/sv-tests/third_party/cores/ibex/rtl/ibex_if_stage.sv to parse list
Unable to open /home/travis/build/SymbiFlow/sv-tests/third_party/cores/ibex/rtl//home/travis/build/SymbiFlow/sv-tests/third_party/cores/ibex/rtl/ibex_if_stage.sv, trying /home/travis/build/SymbiFlow/sv-tests/third_party/cores/ibex/rtl/ibex_if_stage.sv
Adding file /home/travis/build/SymbiFlow/sv-tests/third_party/cores/ibex/rtl/ibex_id_stage.sv to parse list
Unable to open /home/travis/build/SymbiFlow/sv-tests/third_party/cores/ibex/rtl//home/travis/build/SymbiFlow/sv-tests/third_party/cores/ibex/rtl/ibex_id_stage.sv, trying /home/travis/build/SymbiFlow/sv-tests/third_party/cores/ibex/rtl/ibex_id_stage.sv
Adding file /home/travis/build/SymbiFlow/sv-tests/third_party/cores/ibex/rtl/ibex_ex_block.sv to parse list
Unable to open /home/travis/build/SymbiFlow/sv-tests/third_party/cores/ibex/rtl//home/travis/build/SymbiFlow/sv-tests/third_party/coWARNING (12)::ARG_ERROR /home/travis/build/SymbiFlow/sv-tests/third_party/cores/ibex/rtl/ibex_ex_block.sv::1 File (/home/travis/build/SymbiFlow/sv-tests/third_party/cores/ibex/rtl/ibex_ex_block.sv) has an unsupported extension (.sv), Odin only supports {  .v .vh }

WARNING (13)::ARG_ERROR /home/travis/build/SymbiFlow/sv-tests/third_party/cores/ibex/rtl/ibex_decoder.sv::1 File (/home/travis/build/SymbiFlow/sv-tests/third_party/cores/ibex/rtl/ibex_decoder.sv) has an unsupported extension (.sv), Odin only supports {  .v .vh }

WARNING (14)::ARG_ERROR /home/travis/build/SymbiFlow/sv-tests/third_party/cores/ibex/rtl/ibex_cs_registers.sv::1 File (/home/travis/build/SymbiFlow/sv-tests/third_party/cores/ibex/rtl/ibex_cs_registers.sv) has an unsupported extension (.sv), Odin only supports {  .v .vh }

WARNING (15)::ARG_ERROR /home/travis/build/SymbiFlow/sv-tests/third_party/cores/ibex/rtl/ibex_controller.sv::1 File (/home/travis/build/SymbiFlow/sv-tests/third_party/cores/ibex/rtl/ibex_controller.sv) has an unsupported extension (.sv), Odin only supports {  .v .vh }

WARNING (16)::ARG_ERROR /home/travis/build/SymbiFlow/sv-tests/third_party/cores/ibex/rtl/ibex_compressed_decoder.sv::1 File (/home/travis/build/SymbiFlow/sv-tests/third_party/cores/ibex/rtl/ibex_compressed_decoder.sv) has an unsupported extension (.sv), Odin only supports {  .v .vh }

WARNING (17)::ARG_ERROR /home/travis/build/SymbiFlow/sv-tests/third_party/cores/ibex/rtl/ibex_alu.sv::1 File (/home/travis/build/SymbiFlow/sv-tests/third_party/cores/ibex/rtl/ibex_alu.sv) has an unsupported extension (.sv), Odin only supports {  .v .vh }

WARNING (18)::ARG_ERROR /home/travis/build/SymbiFlow/sv-tests/third_party/cores/ibex/rtl/ibex_pkg.sv::1 File (/home/travis/build/SymbiFlow/sv-tests/third_party/cores/ibex/rtl/ibex_pkg.sv) has an unsupported extension (.sv), Odin only supports {  .v .vh }

WARNING (19)::ARG_ERROR /home/travis/build/SymbiFlow/sv-tests/third_party/cores/ibex/examples/sim/rtl/prim_clock_gating.sv::1 File (/home/travis/build/SymbiFlow/sv-tests/third_party/cores/ibex/examples/sim/rtl/prim_clock_gating.sv) has an unsupported extension (.sv), Odin only supports {  .v .vh }

PARSE_ERROR /home/travis/build/SymbiFlow/sv-tests/third_party/cores/ibex/rtl/ibex_register_file_ff.sv::11 error in parsing: (syntax error, unexpected vSYMBOL_ID, expecting ')' or ',')
 * targeting FPGA synthesis or Verilator simulation.
ERROR (21)::NETLIST_ERROR Could not find a top level module

Assertion failed()@[/home/travis/build/SymbiFlow/sv-tests/third_party/tools/odin_ii/ODIN_II/SRC/netlist_create_from_ast.cpp]find_top_module::295 
