name: simple_operators
description: Tests imported from yosys
files: /home/travis/build/SymbiFlow/sv-tests/third_party/tools/yosys/tests/simple/operators.v
should_fail: 0
tags: yosys
incdirs: 
top_module: 
rc: 0

%Warning-WIDTH: /home/travis/build/SymbiFlow/sv-tests/third_party/tools/yosys/tests/simple/operators.v:14: Operator SHIFTL expects 8 bits on the LHS, but LHS's VARREF 'u1' generates 4 bits.
%Warning-WIDTH: Use "/* verilator lint_off WIDTH */" and lint_on around source to disable this message.
%Warning-WIDTH: /home/travis/build/SymbiFlow/sv-tests/third_party/tools/yosys/tests/simple/operators.v:15: Operator SHIFTL expects 8 bits on the LHS, but LHS's VARREF 'u1' generates 4 bits.
%Warning-WIDTH: /home/travis/build/SymbiFlow/sv-tests/third_party/tools/yosys/tests/simple/operators.v:16: Operator SHIFTL expects 8 bits on the LHS, but LHS's VARREF 's1' generates 4 bits.
%Warning-WIDTH: /home/travis/build/SymbiFlow/sv-tests/third_party/tools/yosys/tests/simple/operators.v:17: Operator SHIFTL expects 8 bits on the LHS, but LHS's VARREF 's1' generates 4 bits.
%Warning-WIDTH: /home/travis/build/SymbiFlow/sv-tests/third_party/tools/yosys/tests/simple/operators.v:19: Operator SHIFTR expects 8 bits on the LHS, but LHS's VARREF 'u1' generates 4 bits.
%Warning-WIDTH: /home/travis/build/SymbiFlow/sv-tests/third_party/tools/yosys/tests/simple/operators.v:20: Operator SHIFTR expects 8 bits on the LHS, but LHS's VARREF 'u1' generates 4 bits.
%Warning-WIDTH: /home/travis/build/SymbiFlow/sv-tests/third_party/tools/yosys/tests/simple/operators.v:21: Operator SHIFTR expects 8 bits on the LHS, but LHS's VARREF 's1' generates 4 bits.
%Warning-WIDTH: /home/travis/build/SymbiFlow/sv-tests/third_party/tools/yosys/tests/simple/operators.v:22: Operator SHIFTR expects 8 bits on the LHS, but LHS's VARREF 's1' generates 4 bits.
%Warning-WIDTH: /home/travis/build/SymbiFlow/sv-tests/third_party/tools/yosys/tests/simple/operators.v:24: Operator SHIFTL expects 8 bits on the LHS, but LHS's VARREF 'u1' generates 4 bits.
%Warning-WIDTH: /home/travis/build/SymbiFlow/sv-tests/third_party/tools/yosys/tests/simple/operators.v:25: Operator SHIFTL expects 8 bits on the LHS, but LHS's VARREF 'u1' generates 4 bits.
%Warning-WIDTH: /home/travis/build/SymbiFlow/sv-tests/third_party/tools/yosys/tests/simple/operators.v:26: Operator SHIFTL expects 8 bits on the LHS, but LHS's VARREF 's1' generates 4 bits.
%Warning-WIDTH: /home/travis/build/SymbiFlow/sv-tests/third_party/tools/yosys/tests/simple/operators.v:27: Operator SHIFTL expects 8 bits on the LHS, but LHS's VARREF 's1' generates 4 bits.
%Warning-WIDTH: /home/travis/build/SymbiFlow/sv-tests/third_party/tools/yosys/tests/simple/operators.v:29: Operator SHIFTR expects 8 bits on the LHS, but LHS's VARREF 'u1' generates 4 bits.
%Warning-WIDTH: /home/travis/build/SymbiFlow/sv-tests/third_party/tools/yosys/tests/simple/operators.v:30: Operator SHIFTR expects 8 bits on the LHS, but LHS's VARREF 'u1' generates 4 bits.
%Warning-WIDTH: /home/travis/build/SymbiFlow/sv-tests/third_party/tools/yosys/tests/simple/operators.v:31: Operator SHIFTRS expects 8 bits on the LHS, but LHS's VARREF 's1' generates 4 bits.
%Warning-WIDTH: /home/travis/build/SymbiFlow/sv-tests/third_party/tools/yosys/tests/simple/operators.v:32: Operator SHIFTRS expects 8 bits on the LHS, but LHS's VARREF 's1' generates 4 bits.
%Warning-WIDTH: /home/travis/build/SymbiFlow/sv-tests/third_party/tools/yosys/tests/simple/operators.v:34: Operator ASSIGNDLY expects 8 bits on the Assign RHS, but Assign RHS's LT generates 1 bits.
%Warning-WIDTH: /home/travis/build/SymbiFlow/sv-tests/third_party/tools/yosys/tests/simple/operators.v:35: Operator ASSIGNDLY expects 8 bits on the Assign RHS, but Assign RHS's LT generates 1 bits.
%Warning-WIDTH: /home/travis/build/SymbiFlow/sv-tests/third_party/tools/yosys/tests/simple/operators.v:36: Operator ASSIGNDLY expects 8 bits on the Assign RHS, but Assign RHS's LT generates 1 bits.
%Warning-WIDTH: /home/travis/build/SymbiFlow/sv-tests/third_party/tools/yosys/tests/simple/operators.v:37: Operator ASSIGNDLY expects 8 bits on the Assign RHS, but Assign RHS's LTS generates 1 bits.
%Warning-WIDTH: /home/travis/build/SymbiFlow/sv-tests/third_party/tools/yosys/tests/simple/operators.v:39: Operator ASSIGNDLY expects 8 bits on the Assign RHS, but Assign RHS's LTE generates 1 bits.
%Warning-WIDTH: /home/travis/build/SymbiFlow/sv-tests/third_party/tools/yosys/tests/simple/operators.v:40: Operator ASSIGNDLY expects 8 bits on the Assign RHS, but Assign RHS's LTE generates 1 bits.
%Warning-WIDTH: /home/travis/build/SymbiFlow/sv-tests/third_party/tools/yosys/tests/simple/operators.v:41: Operator ASSIGNDLY expects 8 bits on the Assign RHS, but Assign RHS's LTE generates 1 bits.
%Warning-WIDTH: /home/travis/build/SymbiFlow/sv-tests/third_party/tools/yosys/tests/simple/operators.v:42: Operator ASSIGNDLY expects 8 bits on the Assign RHS, but Assign RHS's LTES generates 1 bits.
%Warning-WIDTH: /home/travis/build/SymbiFlow/sv-tests/third_party/tools/yosys/tests/simple/operators.v:44: Operator ASSIGNDLY expects 8 bits on the Assign RHS, but Assign RHS's EQ generates 1 bits.
%Warning-WIDTH: /home/travis/build/SymbiFlow/sv-tests/third_party/tools/yosys/tests/simple/operators.v:45: Operator ASSIGNDLY expects 8 bits on the Assign RHS, but Assign RHS's EQ generates 1 bits.
%Warning-WIDTH: /home/travis/build/SymbiFlow/sv-tests/third_party/tools/yosys/tests/simple/operators.v:46: Operator ASSIGNDLY expects 8 bits on the Assign RHS, but Assign RHS's EQ generates 1 bits.
%Warning-WIDTH: /home/travis/build/SymbiFlow/sv-tests/third_party/tools/yosys/tests/simple/operators.v:47: Operator ASSIGNDLY expects 8 bits on the Assign RHS, but Assign RHS's EQ generates 1 bits.
%Warning-WIDTH: /home/travis/build/SymbiFlow/sv-tests/third_party/tools/yosys/tests/simple/operators.v:49: Operator ASSIGNDLY expects 8 bits on the Assign RHS, but Assign RHS's NEQ generates 1 bits.
%Warning-WIDTH: /home/travis/build/SymbiFlow/sv-tests/third_party/tools/yosys/tests/simple/operators.v:50: Operator ASSIGNDLY expects 8 bits on the Assign RHS, but Assign RHS's NEQ generates 1 bits.
%Warning-WIDTH: /home/travis/build/SymbiFlow/sv-tests/third_party/tools/yosys/tests/simple/operators.v:51: Operator ASSIGNDLY expects 8 bits on the Assign RHS, but Assign RHS's NEQ generates 1 bits.
%Warning-WIDTH: /home/travis/build/SymbiFlow/sv-tests/third_party/tools/yosys/tests/simple/operators.v:52: Operator ASSIGNDLY expects 8 bits on the Assign RHS, but Assign RHS's NEQ generates 1 bits.
%Warning-WIDTH: /home/travis/build/SymbiFlow/sv-tests/third_party/tools/yosys/tests/simple/operators.v:54: Operator ASSIGNDLY expects 8 bits on the Assign RHS, but Assign RHS's GTE generates 1 bits.
%Warning-WIDTH: /home/travis/build/SymbiFlow/sv-tests/third_party/tools/yosys/tests/simple/operators.v:55: Operator ASSIGNDLY expects 8 bits on the Assign RHS, but Assign RHS's GTE generates 1 bits.
%Warning-WIDTH: /home/travis/build/SymbiFlow/sv-tests/third_party/tools/yosys/tests/simple/operators.v:56: Operator ASSIGNDLY expects 8 bits on the Assign RHS, but Assign RHS's GTE generates 1 bits.
%Warning-WIDTH: /home/travis/build/SymbiFlow/sv-tests/third_party/tools/yosys/tests/simple/operators.v:57: Operator ASSIGNDLY expects 8 bits on the Assign RHS, but Assign RHS's GTES generates 1 bits.
%Warning-WIDTH: /home/travis/build/SymbiFlow/sv-tests/third_party/tools/yosys/tests/simple/operators.v:59: Operator ASSIGNDLY expects 8 bits on the Assign RHS, but Assign RHS's GT generates 1 bits.
%Warning-WIDTH: /home/travis/build/SymbiFlow/sv-tests/third_party/tools/yosys/tests/simple/operators.v:60: Operator ASSIGNDLY expects 8 bits on the Assign RHS, but Assign RHS's GT generates 1 bits.
%Warning-WIDTH: /home/travis/build/SymbiFlow/sv-tests/third_party/tools/yosys/tests/simple/operators.v:61: Operator ASSIGNDLY expects 8 bits on the Assign RHS, but Assign RHS's GT generates 1 bits.
%Warning-WIDTH: /home/travis/build/SymbiFlow/sv-tests/third_party/tools/yosys/tests/simple/operators.v:62: Operator ASSIGNDLY expects 8 bits on the Assign RHS, but Assign RHS's GTS generates 1 bits.
%Warning-WIDTH: /home/travis/build/SymbiFlow/sv-tests/third_party/tools/yosys/tests/simple/operators.v:64: Operator ADD expects 8 bits on the LHS, but LHS's VARREF 'u1' generates 4 bits.
%Warning-WIDTH: /home/travis/build/SymbiFlow/sv-tests/third_party/tools/yosys/tests/simple/operators.v:64: Operator ADD expects 8 bits on the RHS, but RHS's VARREF 'u2' generates 4 bits.
%Warning-WIDTH: /home/travis/build/SymbiFlow/sv-tests/third_party/tools/yosys/tests/simple/operators.v:65: Operator ADD expects 8 bits on the LHS, but LHS's VARREF 'u1' generates 4 bits.
%Warning-WIDTH: /home/travis/build/SymbiFlow/sv-tests/third_party/tools/yosys/tests/simple/operators.v:65: Operator ADD expects 8 bits on the RHS, but RHS's VARREF 's2' generates 4 bits.
%Warning-WIDTH: /home/travis/build/SymbiFlow/sv-tests/third_party/tools/yosys/tests/simple/operators.v:66: Operator ADD expects 8 bits on the LHS, but LHS's VARREF 's1' generates 4 bits.
%Warning-WIDTH: /home/travis/build/SymbiFlow/sv-tests/third_party/tools/yosys/tests/simple/operators.v:66: Operator ADD expects 8 bits on the RHS, but RHS's VARREF 'u2' generates 4 bits.
%Warning-WIDTH: /home/travis/build/SymbiFlow/sv-tests/third_party/tools/yosys/tests/simple/operators.v:67: Operator ADD expects 8 bits on the LHS, but LHS's VARREF 's1' generates 4 bits.
%Warning-WIDTH: /home/travis/build/SymbiFlow/sv-tests/third_party/tools/yosys/tests/simple/operators.v:67: Operator ADD expects 8 bits on the RHS, but RHS's VARREF 's2' generates 4 bits.
%Warning-WIDTH: /home/travis/build/SymbiFlow/sv-tests/third_party/tools/yosys/tests/simple/operators.v:69: Operator SUB expects 8 bits on the LHS, but LHS's VARREF 'u1' generates 4 bits.
%Warning-WIDTH: /home/travis/build/SymbiFlow/sv-tests/third_party/tools/yosys/tests/simple/operators.v:69: Operator SUB expects 8 bits on the RHS, but RHS's VARREF 'u2' generates 4 bits.
%Warning-WIDTH: /home/travis/build/SymbiFlow/sv-tests/third_party/tools/yosys/tests/simple/operators.v:70: Operator SUB expects 8 bits on the LHS, but LHS's VARREF 'u1' generates 4 bits.
%Warning-WIDTH: /home/travis/build/SymbiFlow/sv-tests/third_party/tools/yosys/tests/simple/operators.v:70: Operator SUB expects 8 bits on the RHS, but RHS's VARREF 's2' generates 4 bits.
%Warning-WIDTH: /home/travis/build/SymbiFlow/sv-tests/third_party/tools/yosys/tests/simple/operators.v:71: Operator SUB expects 8 bits on the LHS, but LHS's VARREF 's1' generates 4 bits.
%Warning-WIDTH: /home/travis/build/SymbiFlow/sv-tests/third_party/tools/yosys/tests/simple/operators.v:71: Operator SUB expects 8 bits on the RHS, but RHS's VARREF 'u2' generates 4 bits.
%Warning-WIDTH: /home/travis/build/SymbiFlow/sv-tests/third_party/tools/yosys/tests/simple/operators.v:72: Operator SUB expects 8 bits on the LHS, but LHS's VARREF 's1' generates 4 bits.
%Warning-WIDTH: /home/travis/build/SymbiFlow/sv-tests/third_party/tools/yosys/tests/simple/operators.v:72: Operator SUB expects 8 bits on the RHS, but RHS's VARREF 's2' generates 4 bits.
%Warning-WIDTH: /home/travis/build/SymbiFlow/sv-tests/third_party/tools/yosys/tests/simple/operators.v:79: Operator DIV expects 8 bits on the LHS, but LHS's VARREF 'u1' generates 4 bits.
%Warning-WIDTH: /home/travis/build/SymbiFlow/sv-tests/third_party/tools/yosys/tests/simple/operators.v:79: Operator DIV expects 8 bits on the RHS, but RHS's VARREF 'u2' generates 4 bits.
%Warning-WIDTH: /home/travis/build/SymbiFlow/sv-tests/third_party/tools/yosys/tests/simple/operators.v:80: Operator DIV expects 8 bits on the LHS, but LHS's VARREF 'u1' generates 4 bits.
%Warning-WIDTH: /home/travis/build/SymbiFlow/sv-tests/third_party/tools/yosys/tests/simple/operators.v:80: Operator DIV expects 8 bits on the RHS, but RHS's VARREF 's2' generates 4 bits.
%Warning-WIDTH: /home/travis/build/SymbiFlow/sv-tests/third_party/tools/yosys/tests/simple/operators.v:81: Operator DIV expects 8 bits on the LHS, but LHS's VARREF 's1' generates 4 bits.
%Warning-WIDTH: /home/travis/build/SymbiFlow/sv-tests/third_party/tools/yosys/tests/simple/operators.v:81: Operator DIV expects 8 bits on the RHS, but RHS's VARREF 'u2' generates 4 bits.
%Warning-WIDTH: /home/travis/build/SymbiFlow/sv-tests/third_party/tools/yosys/tests/simple/operators.v:82: Operator DIVS expects 8 bits on the LHS, but LHS's VARREF 's1' generates 4 bits.
%Warning-WIDTH: /home/travis/build/SymbiFlow/sv-tests/third_party/tools/yosys/tests/simple/operators.v:82: Operator DIVS expects 8 bits on the RHS, but RHS's VARREF 's2' generates 4 bits.
%Warning-WIDTH: /home/travis/build/SymbiFlow/sv-tests/third_party/tools/yosys/tests/simple/operators.v:84: Operator MODDIV expects 8 bits on the LHS, but LHS's VARREF 'u1' generates 4 bits.
%Warning-WIDTH: /home/travis/build/SymbiFlow/sv-tests/third_party/tools/yosys/tests/simple/operators.v:84: Operator MODDIV expects 8 bits on the RHS, but RHS's VARREF 'u2' generates 4 bits.
%Warning-WIDTH: /home/travis/build/SymbiFlow/sv-tests/third_party/tools/yosys/tests/simple/operators.v:85: Operator MODDIV expects 8 bits on the LHS, but LHS's VARREF 'u1' generates 4 bits.
%Warning-WIDTH: /home/travis/build/SymbiFlow/sv-tests/third_party/tools/yosys/tests/simple/operators.v:85: Operator MODDIV expects 8 bits on the RHS, but RHS's VARREF 's2' generates 4 bits.
%Warning-WIDTH: /home/travis/build/SymbiFlow/sv-tests/third_party/tools/yosys/tests/simple/operators.v:86: Operator MODDIV expects 8 bits on the LHS, but LHS's VARREF 's1' generates 4 bits.
%Warning-WIDTH: /home/travis/build/SymbiFlow/sv-tests/third_party/tools/yosys/tests/simple/operators.v:86: Operator MODDIV expects 8 bits on the RHS, but RHS's VARREF 'u2' generates 4 bits.
%Warning-WIDTH: /home/travis/build/SymbiFlow/sv-tests/third_party/tools/yosys/tests/simple/operators.v:87: Operator MODDIVS expects 8 bits on the LHS, but LHS's VARREF 's1' generates 4 bits.
%Warning-WIDTH: /home/travis/build/SymbiFlow/sv-tests/third_party/tools/yosys/tests/simple/operators.v:87: Operator MODDIVS expects 8 bits on the RHS, but RHS's VARREF 's2' generates 4 bits.
%Warning-WIDTH: /home/travis/build/SymbiFlow/sv-tests/third_party/tools/yosys/tests/simple/operators.v:89: Operator POW expects 8 bits on the LHS, but LHS's CONST '4'h2' generates 4 bits.
%Warning-WIDTH: /home/travis/build/SymbiFlow/sv-tests/third_party/tools/yosys/tests/simple/operators.v:90: Operator POW expects 8 bits on the LHS, but LHS's CONST '4'h2' generates 4 bits.
%Warning-WIDTH: /home/travis/build/SymbiFlow/sv-tests/third_party/tools/yosys/tests/simple/operators.v:91: Operator POW expects 8 bits on the LHS, but LHS's CONST '4'sh2' generates 4 bits.
%Warning-WIDTH: /home/travis/build/SymbiFlow/sv-tests/third_party/tools/yosys/tests/simple/operators.v:92: Operator POW expects 8 bits on the LHS, but LHS's CONST '4'sh2' generates 4 bits.
%Warning-WIDTH: /home/travis/build/SymbiFlow/sv-tests/third_party/tools/yosys/tests/simple/operators.v:94: Operator ASSIGNDLY expects 8 bits on the Assign RHS, but Assign RHS's VARREF 'u1' generates 4 bits.
%Warning-WIDTH: /home/travis/build/SymbiFlow/sv-tests/third_party/tools/yosys/tests/simple/operators.v:95: Operator NEGATE expects 8 bits on the LHS, but LHS's VARREF 'u1' generates 4 bits.
%Warning-WIDTH: /home/travis/build/SymbiFlow/sv-tests/third_party/tools/yosys/tests/simple/operators.v:96: Operator NOT expects 8 bits on the LHS, but LHS's VARREF 'u1' generates 4 bits.
%Warning-WIDTH: /home/travis/build/SymbiFlow/sv-tests/third_party/tools/yosys/tests/simple/operators.v:97: Logical Operator LOGNOT expects 1 bit on the LHS, but LHS's VARREF 'u1' generates 4 bits.
%Warning-WIDTH: /home/travis/build/SymbiFlow/sv-tests/third_party/tools/yosys/tests/simple/operators.v:97: Operator ASSIGNDLY expects 8 bits on the Assign RHS, but Assign RHS's LOGNOT generates 1 bits.
%Warning-WIDTH: /home/travis/build/SymbiFlow/sv-tests/third_party/tools/yosys/tests/simple/operators.v:99: Operator ASSIGNDLY expects 8 bits on the Assign RHS, but Assign RHS's VARREF 's1' generates 4 bits.
%Warning-WIDTH: /home/travis/build/SymbiFlow/sv-tests/third_party/tools/yosys/tests/simple/operators.v:100: Operator NEGATE expects 8 bits on the LHS, but LHS's VARREF 's1' generates 4 bits.
%Warning-WIDTH: /home/travis/build/SymbiFlow/sv-tests/third_party/tools/yosys/tests/simple/operators.v:101: Operator NOT expects 8 bits on the LHS, but LHS's VARREF 's1' generates 4 bits.
%Warning-WIDTH: /home/travis/build/SymbiFlow/sv-tests/third_party/tools/yosys/tests/simple/operators.v:102: Logical Operator LOGNOT expects 1 bit on the LHS, but LHS's VARREF 's1' generates 4 bits.
%Warning-WIDTH: /home/travis/build/SymbiFlow/sv-tests/third_party/tools/yosys/tests/simple/operators.v:102: Operator ASSIGNDLY expects 8 bits on the Assign RHS, but Assign RHS's LOGNOT generates 1 bits.
%Warning-WIDTH: /home/travis/build/SymbiFlow/sv-tests/third_party/tools/yosys/tests/simple/operators.v:104: Operator ASSIGNDLY expects 8 bits on the Assign RHS, but Assign RHS's REPLICATE generates 7 bits.
%Warning-WIDTH: /home/travis/build/SymbiFlow/sv-tests/third_party/tools/yosys/tests/simple/operators.v:105: Operator ASSIGNDLY expects 8 bits on the Assign RHS, but Assign RHS's REPLICATE generates 7 bits.
%Warning-WIDTH: /home/travis/build/SymbiFlow/sv-tests/third_party/tools/yosys/tests/simple/operators.v:106: Operator ASSIGNDLY expects 8 bits on the Assign RHS, but Assign RHS's REPLICATE generates 7 bits.
%Warning-WIDTH: /home/travis/build/SymbiFlow/sv-tests/third_party/tools/yosys/tests/simple/operators.v:107: Operator ASSIGNDLY expects 8 bits on the Assign RHS, but Assign RHS's REPLICATE generates 7 bits.
%Warning-WIDTH: /home/travis/build/SymbiFlow/sv-tests/third_party/tools/yosys/tests/simple/operators.v:109: Logical Operator LOGAND expects 1 bit on the LHS, but LHS's SEL generates 2 bits.
%Warning-WIDTH: /home/travis/build/SymbiFlow/sv-tests/third_party/tools/yosys/tests/simple/operators.v:109: Logical Operator LOGAND expects 1 bit on the RHS, but RHS's SEL generates 2 bits.
%Warning-WIDTH: /home/travis/build/SymbiFlow/sv-tests/third_party/tools/yosys/tests/simple/operators.v:109: Logical Operator LOGNOT expects 1 bit on the LHS, but LHS's SEL generates 2 bits.
%Warning-WIDTH: /home/travis/build/SymbiFlow/sv-tests/third_party/tools/yosys/tests/simple/operators.v:109: Operator ASSIGNDLY expects 8 bits on the Assign RHS, but Assign RHS's REPLICATE generates 3 bits.
%Warning-WIDTH: /home/travis/build/SymbiFlow/sv-tests/third_party/tools/yosys/tests/simple/operators.v:114: Operator COND expects 8 bits on the Conditional True, but Conditional True's VARREF 'u1' generates 4 bits.
%Warning-WIDTH: /home/travis/build/SymbiFlow/sv-tests/third_party/tools/yosys/tests/simple/operators.v:114: Operator COND expects 8 bits on the Conditional False, but Conditional False's VARREF 'u2' generates 4 bits.
%Warning-WIDTH: /home/travis/build/SymbiFlow/sv-tests/third_party/tools/yosys/tests/simple/operators.v:115: Operator COND expects 8 bits on the Conditional True, but Conditional True's VARREF 'u1' generates 4 bits.
%Warning-WIDTH: /home/travis/build/SymbiFlow/sv-tests/third_party/tools/yosys/tests/simple/operators.v:115: Operator COND expects 8 bits on the Conditional False, but Conditional False's VARREF 's2' generates 4 bits.
%Warning-WIDTH: /home/travis/build/SymbiFlow/sv-tests/third_party/tools/yosys/tests/simple/operators.v:116: Operator COND expects 8 bits on the Conditional True, but Conditional True's VARREF 's1' generates 4 bits.
%Warning-WIDTH: /home/travis/build/SymbiFlow/sv-tests/third_party/tools/yosys/tests/simple/operators.v:116: Operator COND expects 8 bits on the Conditional False, but Conditional False's VARREF 'u2' generates 4 bits.
%Warning-WIDTH: /home/travis/build/SymbiFlow/sv-tests/third_party/tools/yosys/tests/simple/operators.v:117: Operator COND expects 8 bits on the Conditional True, but Conditional True's VARREF 's1' generates 4 bits.
%Warning-WIDTH: /home/travis/build/SymbiFlow/sv-tests/third_party/tools/yosys/tests/simple/operators.v:117: Operator COND expects 8 bits on the Conditional False, but Conditional False's VARREF 's2' generates 4 bits.
