name: simple_constpower
description: Tests imported from yosys
files: /home/travis/build/SymbiFlow/sv-tests/third_party/tools/yosys/tests/simple/constpower.v
should_fail: 0
tags: yosys
incdirs: 
top_module: 
rc: 1

../../home/travis/build/SymbiFlow/sv-tests/third_party/tools/yosys/tests/simple/constpower.v:10:44: error: use of undeclared identifier '$signed'
		assign ys[i*8 + j*64 + 7 : i*8 + j*64] = $signed(i-4) ** $signed(j-4);
		                                         ^~~~~~~
../../home/travis/build/SymbiFlow/sv-tests/third_party/tools/yosys/tests/simple/constpower.v:10:60: error: use of undeclared identifier '$signed'
		assign ys[i*8 + j*64 + 7 : i*8 + j*64] = $signed(i-4) ** $signed(j-4);
		                                                         ^~~~~~~
../../home/travis/build/SymbiFlow/sv-tests/third_party/tools/yosys/tests/simple/constpower.v:11:44: error: use of undeclared identifier '$unsigned'
		assign yu[i*8 + j*64 + 7 : i*8 + j*64] = $unsigned(i) ** $unsigned(j);
		                                         ^~~~~~~~~
../../home/travis/build/SymbiFlow/sv-tests/third_party/tools/yosys/tests/simple/constpower.v:11:60: error: use of undeclared identifier '$unsigned'
		assign yu[i*8 + j*64 + 7 : i*8 + j*64] = $unsigned(i) ** $unsigned(j);
		                                                         ^~~~~~~~~
