name: hdlconvertor_p295
description: Tests imported from hdlconv
files: /home/travis/build/SymbiFlow/sv-tests/third_party/tests/hdlconvertor/tests/sv_test/std2017/p295.sv
should_fail: 0
tags: hdlconv
incdirs: 
top_module: 
rc: 10

%Error: /home/travis/build/SymbiFlow/sv-tests/third_party/tests/hdlconvertor/tests/sv_test/std2017/p295.sv:3: Unsupported: SystemVerilog 2009 reserved word not implemented: let
%Error: /home/travis/build/SymbiFlow/sv-tests/third_party/tests/hdlconvertor/tests/sv_test/std2017/p295.sv:3: syntax error, unexpected '=', expecting IDENTIFIER
%Error: /home/travis/build/SymbiFlow/sv-tests/third_party/tests/hdlconvertor/tests/sv_test/std2017/p295.sv:4: Unsupported: SystemVerilog 2005 reserved word not implemented: sequence
%Error: /home/travis/build/SymbiFlow/sv-tests/third_party/tests/hdlconvertor/tests/sv_test/std2017/p295.sv:6: Unsupported: SystemVerilog 2005 reserved word not implemented: endsequence
%Error: /home/travis/build/SymbiFlow/sv-tests/third_party/tests/hdlconvertor/tests/sv_test/std2017/p295.sv:12: Unsupported: SystemVerilog 2005 reserved word not implemented: sequence
%Error: /home/travis/build/SymbiFlow/sv-tests/third_party/tests/hdlconvertor/tests/sv_test/std2017/p295.sv:12: syntax error, unexpected ';', expecting IDENTIFIER
%Error: /home/travis/build/SymbiFlow/sv-tests/third_party/tests/hdlconvertor/tests/sv_test/std2017/p295.sv:14: Unsupported: SystemVerilog 2005 reserved word not implemented: endsequence
%Error: /home/travis/build/SymbiFlow/sv-tests/third_party/tests/hdlconvertor/tests/sv_test/std2017/p295.sv:25: Unsupported: SystemVerilog 2009 reserved word not implemented: let
%Error: /home/travis/build/SymbiFlow/sv-tests/third_party/tests/hdlconvertor/tests/sv_test/std2017/p295.sv:25: syntax error, unexpected '(', expecting IDENTIFIER
%Warning-ENDLABEL: /home/travis/build/SymbiFlow/sv-tests/third_party/tests/hdlconvertor/tests/sv_test/std2017/p295.sv:29: End label 'm' does not match begin label 'top'
%Warning-ENDLABEL: Use "/* verilator lint_off ENDLABEL */" and lint_on around source to disable this message.
%Error: /home/travis/build/SymbiFlow/sv-tests/third_party/tests/hdlconvertor/tests/sv_test/std2017/p295.sv:36: Unsupported: SystemVerilog 2009 reserved word not implemented: let
%Error: /home/travis/build/SymbiFlow/sv-tests/third_party/tests/hdlconvertor/tests/sv_test/std2017/p295.sv:36: syntax error, unexpected '(', expecting IDENTIFIER
%Error: /home/travis/build/SymbiFlow/sv-tests/third_party/tests/hdlconvertor/tests/sv_test/std2017/p295.sv:37: Unsupported: SystemVerilog 2009 reserved word not implemented: let
%Error: /home/travis/build/SymbiFlow/sv-tests/third_party/tests/hdlconvertor/tests/sv_test/std2017/p295.sv:41: syntax error, unexpected property
%Error: Exiting due to 13 error(s)
%Error: See the manual and http://www.veripool.org/verilator for more assistance.
%Error: Command Failed /usr/bin/verilator_bin -Wno-fatal --cc /home/travis/build/SymbiFlow/sv-tests/third_party/tests/hdlconvertor/tests/sv_test/std2017/p295.sv
