name: hdlconvertor_p502
description: Tests imported from hdlconv
files: /home/travis/build/SymbiFlow/sv-tests/third_party/tests/hdlconvertor/tests/sv_test/std2017/p502.sv
should_fail: 0
tags: hdlconv
incdirs: 
top_module: 
rc: 10

%Error: /home/travis/build/SymbiFlow/sv-tests/third_party/tests/hdlconvertor/tests/sv_test/std2017/p502.sv:2: Unsupported: SystemVerilog 2009 reserved word not implemented: checker
%Error: /home/travis/build/SymbiFlow/sv-tests/third_party/tests/hdlconvertor/tests/sv_test/std2017/p502.sv:2: syntax error, unexpected IDENTIFIER
%Error: /home/travis/build/SymbiFlow/sv-tests/third_party/tests/hdlconvertor/tests/sv_test/std2017/p502.sv:5: Unsupported: SystemVerilog 2005 reserved word not implemented: sequence
%Error: /home/travis/build/SymbiFlow/sv-tests/third_party/tests/hdlconvertor/tests/sv_test/std2017/p502.sv:6: Unsupported: SystemVerilog 2005 reserved word not implemented: sequence
%Error: /home/travis/build/SymbiFlow/sv-tests/third_party/tests/hdlconvertor/tests/sv_test/std2017/p502.sv:8: Unsupported: Verilog 1995 reserved word not implemented: event
%Error: /home/travis/build/SymbiFlow/sv-tests/third_party/tests/hdlconvertor/tests/sv_test/std2017/p502.sv:8: Unsupported or unknown PLI call: $inferred_clock
%Error: /home/travis/build/SymbiFlow/sv-tests/third_party/tests/hdlconvertor/tests/sv_test/std2017/p502.sv:9: syntax error, unexpected logic, expecting IDENTIFIER or do or final
%Error: /home/travis/build/SymbiFlow/sv-tests/third_party/tests/hdlconvertor/tests/sv_test/std2017/p502.sv:9: Unsupported or unknown PLI call: $inferred_disable
%Error: /home/travis/build/SymbiFlow/sv-tests/third_party/tests/hdlconvertor/tests/sv_test/std2017/p502.sv:10: syntax error, unexpected string, expecting IDENTIFIER or do or final
%Error: /home/travis/build/SymbiFlow/sv-tests/third_party/tests/hdlconvertor/tests/sv_test/std2017/p502.sv:11: syntax error, unexpected TYPE-IDENTIFIER, expecting IDENTIFIER or do or final
%Error: /home/travis/build/SymbiFlow/sv-tests/third_party/tests/hdlconvertor/tests/sv_test/std2017/p502.sv:13: syntax error, unexpected ')', expecting ',' or ';'
%Error: /home/travis/build/SymbiFlow/sv-tests/third_party/tests/hdlconvertor/tests/sv_test/std2017/p502.sv:17: Unsupported: SystemVerilog 2009 reserved word not implemented: let
%Error: /home/travis/build/SymbiFlow/sv-tests/third_party/tests/hdlconvertor/tests/sv_test/std2017/p502.sv:17: syntax error, unexpected IDENTIFIER
%Error: /home/travis/build/SymbiFlow/sv-tests/third_party/tests/hdlconvertor/tests/sv_test/std2017/p502.sv:18: Unsupported: SystemVerilog 2009 reserved word not implemented: let
%Error: /home/travis/build/SymbiFlow/sv-tests/third_party/tests/hdlconvertor/tests/sv_test/std2017/p502.sv:27: syntax error, unexpected always_ff
%Error: /home/travis/build/SymbiFlow/sv-tests/third_party/tests/hdlconvertor/tests/sv_test/std2017/p502.sv:43: Unsupported: SystemVerilog 2009 reserved word not implemented: endchecker
%Error: Exiting due to 16 error(s)
%Error: See the manual and http://www.veripool.org/verilator for more assistance.
%Error: Command Failed /usr/bin/verilator_bin -Wno-fatal --cc /home/travis/build/SymbiFlow/sv-tests/third_party/tests/hdlconvertor/tests/sv_test/std2017/p502.sv
