name: hdlconvertor_p594
description: Tests imported from hdlconv
files: /home/travis/build/SymbiFlow/sv-tests/third_party/tests/hdlconvertor/tests/sv_test/std2017/p594.sv
should_fail: 0
tags: hdlconv
incdirs: 
top_module: 
rc: 10

%Error: /home/travis/build/SymbiFlow/sv-tests/third_party/tests/hdlconvertor/tests/sv_test/std2017/p594.sv:5: Unsupported or unknown PLI call: $monitor
%Error: /home/travis/build/SymbiFlow/sv-tests/third_party/tests/hdlconvertor/tests/sv_test/std2017/p594.sv:5: syntax error, unexpected ',', expecting TYPE-IDENTIFIER
%Warning-STMTDLY: /home/travis/build/SymbiFlow/sv-tests/third_party/tests/hdlconvertor/tests/sv_test/std2017/p594.sv:6: Unsupported: Ignoring delay on this delayed statement.
%Warning-STMTDLY: Use "/* verilator lint_off STMTDLY */" and lint_on around source to disable this message.
%Warning-STMTDLY: /home/travis/build/SymbiFlow/sv-tests/third_party/tests/hdlconvertor/tests/sv_test/std2017/p594.sv:7: Unsupported: Ignoring delay on this delayed statement.
%Error: /home/travis/build/SymbiFlow/sv-tests/third_party/tests/hdlconvertor/tests/sv_test/std2017/p594.sv:16: Unsupported or unknown PLI call: $monitor
%Error: /home/travis/build/SymbiFlow/sv-tests/third_party/tests/hdlconvertor/tests/sv_test/std2017/p594.sv:16: syntax error, unexpected ',', expecting TYPE-IDENTIFIER
%Warning-STMTDLY: /home/travis/build/SymbiFlow/sv-tests/third_party/tests/hdlconvertor/tests/sv_test/std2017/p594.sv:17: Unsupported: Ignoring delay on this delayed statement.
%Warning-STMTDLY: /home/travis/build/SymbiFlow/sv-tests/third_party/tests/hdlconvertor/tests/sv_test/std2017/p594.sv:18: Unsupported: Ignoring delay on this delayed statement.
%Error: /home/travis/build/SymbiFlow/sv-tests/third_party/tests/hdlconvertor/tests/sv_test/std2017/p594.sv:25: Unsupported or unknown PLI call: $printtimescale
%Error: Exiting due to 5 error(s)
%Error: See the manual and http://www.veripool.org/verilator for more assistance.
%Error: Command Failed /usr/bin/verilator_bin -Wno-fatal --cc /home/travis/build/SymbiFlow/sv-tests/third_party/tests/hdlconvertor/tests/sv_test/std2017/p594.sv
