name: hdlconvertor_p253
description: Tests imported from hdlconv
files: /home/travis/build/SymbiFlow/sv-tests/third_party/tests/hdlconvertor/tests/sv_test/std2017/p253.sv
should_fail: 0
tags: hdlconv
incdirs: 
top_module: 
rc: 10

%Error: /home/travis/build/SymbiFlow/sv-tests/third_party/tests/hdlconvertor/tests/sv_test/std2017/p253.sv:4: Unsupported: SystemVerilog 2005 reserved word not implemented: alias
%Error: /home/travis/build/SymbiFlow/sv-tests/third_party/tests/hdlconvertor/tests/sv_test/std2017/p253.sv:4: syntax error, unexpected '[', expecting IDENTIFIER
%Error: /home/travis/build/SymbiFlow/sv-tests/third_party/tests/hdlconvertor/tests/sv_test/std2017/p253.sv:5: Unsupported: SystemVerilog 2005 reserved word not implemented: alias
%Error: /home/travis/build/SymbiFlow/sv-tests/third_party/tests/hdlconvertor/tests/sv_test/std2017/p253.sv:8: Unsupported: SystemVerilog 2005 reserved word not implemented: alias
%Error: /home/travis/build/SymbiFlow/sv-tests/third_party/tests/hdlconvertor/tests/sv_test/std2017/p253.sv:8: syntax error, unexpected '=', expecting IDENTIFIER
%Error: /home/travis/build/SymbiFlow/sv-tests/third_party/tests/hdlconvertor/tests/sv_test/std2017/p253.sv:9: Unsupported: SystemVerilog 2005 reserved word not implemented: alias
%Error: /home/travis/build/SymbiFlow/sv-tests/third_party/tests/hdlconvertor/tests/sv_test/std2017/p253.sv:15: Unsupported: SystemVerilog 2005 reserved word not implemented: alias
%Error: /home/travis/build/SymbiFlow/sv-tests/third_party/tests/hdlconvertor/tests/sv_test/std2017/p253.sv:15: syntax error, unexpected '=', expecting IDENTIFIER
%Error: /home/travis/build/SymbiFlow/sv-tests/third_party/tests/hdlconvertor/tests/sv_test/std2017/p253.sv:16: Unsupported: SystemVerilog 2005 reserved word not implemented: alias
%Error: /home/travis/build/SymbiFlow/sv-tests/third_party/tests/hdlconvertor/tests/sv_test/std2017/p253.sv:17: Unsupported: SystemVerilog 2005 reserved word not implemented: alias
%Error: /home/travis/build/SymbiFlow/sv-tests/third_party/tests/hdlconvertor/tests/sv_test/std2017/p253.sv:18: Unsupported: SystemVerilog 2005 reserved word not implemented: alias
%Error: /home/travis/build/SymbiFlow/sv-tests/third_party/tests/hdlconvertor/tests/sv_test/std2017/p253.sv:19: Unsupported: SystemVerilog 2005 reserved word not implemented: alias
%Error: Exiting due to 12 error(s)
%Error: See the manual and http://www.veripool.org/verilator for more assistance.
%Error: Command Failed /usr/bin/verilator_bin -Wno-fatal --cc /home/travis/build/SymbiFlow/sv-tests/third_party/tests/hdlconvertor/tests/sv_test/std2017/p253.sv
