name: hdlconvertor_p194
description: Tests imported from hdlconv
files: /home/travis/build/SymbiFlow/sv-tests/third_party/tests/hdlconvertor/tests/sv_test/std2017/p194.sv
should_fail: 0
tags: hdlconv
incdirs: 
top_module: 
rc: 10

%Error: /home/travis/build/SymbiFlow/sv-tests/third_party/tests/hdlconvertor/tests/sv_test/std2017/p194.sv:1: Unsupported: SystemVerilog 2005 reserved word not implemented: class
%Error: /home/travis/build/SymbiFlow/sv-tests/third_party/tests/hdlconvertor/tests/sv_test/std2017/p194.sv:2: Unsupported: SystemVerilog 2005 reserved word not implemented: endclass
%Error: /home/travis/build/SymbiFlow/sv-tests/third_party/tests/hdlconvertor/tests/sv_test/std2017/p194.sv:4: Unsupported: SystemVerilog 2005 reserved word not implemented: class
%Error: /home/travis/build/SymbiFlow/sv-tests/third_party/tests/hdlconvertor/tests/sv_test/std2017/p194.sv:4: Unsupported: SystemVerilog 2012 reserved word not implemented: implements
%Error: /home/travis/build/SymbiFlow/sv-tests/third_party/tests/hdlconvertor/tests/sv_test/std2017/p194.sv:5: Unsupported: SystemVerilog 2005 reserved word not implemented: endclass
%Error: /home/travis/build/SymbiFlow/sv-tests/third_party/tests/hdlconvertor/tests/sv_test/std2017/p194.sv:7: Unsupported: SystemVerilog 2005 reserved word not implemented: class
%Error: /home/travis/build/SymbiFlow/sv-tests/third_party/tests/hdlconvertor/tests/sv_test/std2017/p194.sv:7: Unsupported: SystemVerilog 2005 reserved word not implemented: extends
%Error: /home/travis/build/SymbiFlow/sv-tests/third_party/tests/hdlconvertor/tests/sv_test/std2017/p194.sv:8: Unsupported: SystemVerilog 2005 reserved word not implemented: endclass
%Error: /home/travis/build/SymbiFlow/sv-tests/third_party/tests/hdlconvertor/tests/sv_test/std2017/p194.sv:10: syntax error, unexpected interface
%Error: /home/travis/build/SymbiFlow/sv-tests/third_party/tests/hdlconvertor/tests/sv_test/std2017/p194.sv:10: Unsupported: SystemVerilog 2005 reserved word not implemented: class
%Error: /home/travis/build/SymbiFlow/sv-tests/third_party/tests/hdlconvertor/tests/sv_test/std2017/p194.sv:11: Unsupported: SystemVerilog 2005 reserved word not implemented: virtual
%Error: /home/travis/build/SymbiFlow/sv-tests/third_party/tests/hdlconvertor/tests/sv_test/std2017/p194.sv:12: Unsupported: SystemVerilog 2005 reserved word not implemented: endclass
%Error: /home/travis/build/SymbiFlow/sv-tests/third_party/tests/hdlconvertor/tests/sv_test/std2017/p194.sv:14: Unsupported: SystemVerilog 2005 reserved word not implemented: class
%Error: /home/travis/build/SymbiFlow/sv-tests/third_party/tests/hdlconvertor/tests/sv_test/std2017/p194.sv:15: Unsupported: SystemVerilog 2005 reserved word not implemented: virtual
%Error: /home/travis/build/SymbiFlow/sv-tests/third_party/tests/hdlconvertor/tests/sv_test/std2017/p194.sv:16: Unsupported: SystemVerilog 2005 reserved word not implemented: endclass
%Error: /home/travis/build/SymbiFlow/sv-tests/third_party/tests/hdlconvertor/tests/sv_test/std2017/p194.sv:18: Unsupported: SystemVerilog 2005 reserved word not implemented: class
%Error: /home/travis/build/SymbiFlow/sv-tests/third_party/tests/hdlconvertor/tests/sv_test/std2017/p194.sv:18: syntax error, unexpected type, expecting ')'
%Error: /home/travis/build/SymbiFlow/sv-tests/third_party/tests/hdlconvertor/tests/sv_test/std2017/p194.sv:18: Unsupported: SystemVerilog 2012 reserved word not implemented: implements
%Error: /home/travis/build/SymbiFlow/sv-tests/third_party/tests/hdlconvertor/tests/sv_test/std2017/p194.sv:19: syntax error, unexpected $undefined, expecting TYPE-IDENTIFIER
%Error: /home/travis/build/SymbiFlow/sv-tests/third_party/tests/hdlconvertor/tests/sv_test/std2017/p194.sv:20: Unsupported: SystemVerilog 2005 reserved word not implemented: virtual
%Error: /home/travis/build/SymbiFlow/sv-tests/third_party/tests/hdlconvertor/tests/sv_test/std2017/p194.sv:20: syntax error, unexpected IDENTIFIER, expecting ')'
%Error: /home/travis/build/SymbiFlow/sv-tests/third_party/tests/hdlconvertor/tests/sv_test/std2017/p194.sv:21: syntax error, unexpected '(', expecting IDENTIFIER
%Error: /home/travis/build/SymbiFlow/sv-tests/third_party/tests/hdlconvertor/tests/sv_test/std2017/p194.sv:24: Unsupported: SystemVerilog 2005 reserved word not implemented: virtual
%Error: /home/travis/build/SymbiFlow/sv-tests/third_party/tests/hdlconvertor/tests/sv_test/std2017/p194.sv:27: Unsupported: SystemVerilog 2005 reserved word not implemented: endclass
%Error: /home/travis/build/SymbiFlow/sv-tests/third_party/tests/hdlconvertor/tests/sv_test/std2017/p194.sv:29: Unsupported: SystemVerilog 2005 reserved word not implemented: class
%Error: /home/travis/build/SymbiFlow/sv-tests/third_party/tests/hdlconvertor/tests/sv_test/std2017/p194.sv:29: Unsupported: SystemVerilog 2012 reserved word not implemented: implements
%Error: /home/travis/build/SymbiFlow/sv-tests/third_party/tests/hdlconvertor/tests/sv_test/std2017/p194.sv:30: syntax error, unexpected $undefined, expecting TYPE-IDENTIFIER
%Error: /home/travis/build/SymbiFlow/sv-tests/third_party/tests/hdlconvertor/tests/sv_test/std2017/p194.sv:32: Unsupported: SystemVerilog 2005 reserved word not implemented: virtual
%Error: /home/travis/build/SymbiFlow/sv-tests/third_party/tests/hdlconvertor/tests/sv_test/std2017/p194.sv:32: syntax error, unexpected IDENTIFIER, expecting ')'
%Error: /home/travis/build/SymbiFlow/sv-tests/third_party/tests/hdlconvertor/tests/sv_test/std2017/p194.sv:33: syntax error, unexpected '(', expecting IDENTIFIER
%Error: /home/travis/build/SymbiFlow/sv-tests/third_party/tests/hdlconvertor/tests/sv_test/std2017/p194.sv:36: Unsupported: SystemVerilog 2005 reserved word not implemented: virtual
%Error: /home/travis/build/SymbiFlow/sv-tests/third_party/tests/hdlconvertor/tests/sv_test/std2017/p194.sv:39: Unsupported: SystemVerilog 2005 reserved word not implemented: endclass
%Error: Cannot continue
%Error: See the manual and http://www.veripool.org/verilator for more assistance.
%Error: Command Failed /usr/bin/verilator_bin -Wno-fatal --cc /home/travis/build/SymbiFlow/sv-tests/third_party/tests/hdlconvertor/tests/sv_test/std2017/p194.sv
