name: hdlconvertor_p576
description: Tests imported from hdlconv
files: /home/travis/build/SymbiFlow/sv-tests/third_party/tests/hdlconvertor/tests/sv_test/std2017/p576.sv
should_fail: 0
tags: hdlconv
incdirs: 
top_module: 
rc: 10

%Error: /home/travis/build/SymbiFlow/sv-tests/third_party/tests/hdlconvertor/tests/sv_test/std2017/p576.sv:1: Unsupported: SystemVerilog 2005 reserved word not implemented: class
%Error: /home/travis/build/SymbiFlow/sv-tests/third_party/tests/hdlconvertor/tests/sv_test/std2017/p576.sv:1: syntax error, unexpected IDENTIFIER
%Error: /home/travis/build/SymbiFlow/sv-tests/third_party/tests/hdlconvertor/tests/sv_test/std2017/p576.sv:3: Unsupported: SystemVerilog 2005 reserved word not implemented: covergroup
%Error: /home/travis/build/SymbiFlow/sv-tests/third_party/tests/hdlconvertor/tests/sv_test/std2017/p576.sv:3: Unsupported: SystemVerilog 2005 reserved word not implemented: ref
%Error: /home/travis/build/SymbiFlow/sv-tests/third_party/tests/hdlconvertor/tests/sv_test/std2017/p576.sv:3: syntax error, unexpected logic, expecting IDENTIFIER or do or final
%Error: /home/travis/build/SymbiFlow/sv-tests/third_party/tests/hdlconvertor/tests/sv_test/std2017/p576.sv:3: syntax error, unexpected ')', expecting ',' or ';'
%Error: /home/travis/build/SymbiFlow/sv-tests/third_party/tests/hdlconvertor/tests/sv_test/std2017/p576.sv:4: Unsupported: SystemVerilog 2005 reserved word not implemented: coverpoint
%Error: /home/travis/build/SymbiFlow/sv-tests/third_party/tests/hdlconvertor/tests/sv_test/std2017/p576.sv:5: Unsupported: SystemVerilog 2005 reserved word not implemented: coverpoint
%Error: /home/travis/build/SymbiFlow/sv-tests/third_party/tests/hdlconvertor/tests/sv_test/std2017/p576.sv:6: Unsupported: SystemVerilog 2005 reserved word not implemented: cross
%Error: /home/travis/build/SymbiFlow/sv-tests/third_party/tests/hdlconvertor/tests/sv_test/std2017/p576.sv:12: Unsupported: SystemVerilog 2005 reserved word not implemented: endgroup
%Error: /home/travis/build/SymbiFlow/sv-tests/third_party/tests/hdlconvertor/tests/sv_test/std2017/p576.sv:14: Unsupported: SystemVerilog 2005 reserved word not implemented: covergroup
%Error: /home/travis/build/SymbiFlow/sv-tests/third_party/tests/hdlconvertor/tests/sv_test/std2017/p576.sv:15: Unsupported: SystemVerilog 2005 reserved word not implemented: coverpoint
%Error: /home/travis/build/SymbiFlow/sv-tests/third_party/tests/hdlconvertor/tests/sv_test/std2017/p576.sv:15: Unsupported: SystemVerilog 2005 reserved word not implemented: bins
%Error: /home/travis/build/SymbiFlow/sv-tests/third_party/tests/hdlconvertor/tests/sv_test/std2017/p576.sv:16: Unsupported: SystemVerilog 2005 reserved word not implemented: coverpoint
%Error: /home/travis/build/SymbiFlow/sv-tests/third_party/tests/hdlconvertor/tests/sv_test/std2017/p576.sv:16: Unsupported: SystemVerilog 2005 reserved word not implemented: bins
%Error: /home/travis/build/SymbiFlow/sv-tests/third_party/tests/hdlconvertor/tests/sv_test/std2017/p576.sv:17: Unsupported: SystemVerilog 2005 reserved word not implemented: cross
%Error: /home/travis/build/SymbiFlow/sv-tests/third_party/tests/hdlconvertor/tests/sv_test/std2017/p576.sv:19: Unsupported: SystemVerilog 2005 reserved word not implemented: bins
%Error: /home/travis/build/SymbiFlow/sv-tests/third_party/tests/hdlconvertor/tests/sv_test/std2017/p576.sv:21: Unsupported: SystemVerilog 2005 reserved word not implemented: endgroup
%Error: /home/travis/build/SymbiFlow/sv-tests/third_party/tests/hdlconvertor/tests/sv_test/std2017/p576.sv:23: Unsupported: SystemVerilog 2005 reserved word not implemented: endclass
%Error: Exiting due to 19 error(s)
%Error: See the manual and http://www.veripool.org/verilator for more assistance.
%Error: Command Failed /usr/bin/verilator_bin -Wno-fatal --cc /home/travis/build/SymbiFlow/sv-tests/third_party/tests/hdlconvertor/tests/sv_test/std2017/p576.sv
