name: hdlconvertor_p794
description: Tests imported from hdlconv
files: /home/travis/build/SymbiFlow/sv-tests/third_party/tests/hdlconvertor/tests/sv_test/std2017/p794.sv
should_fail: 0
tags: hdlconv
incdirs: 
top_module: 
rc: 10

%Error: /home/travis/build/SymbiFlow/sv-tests/third_party/tests/hdlconvertor/tests/sv_test/std2017/p794.sv:24: Can't find definition of scope/variable: word
%Error: /home/travis/build/SymbiFlow/sv-tests/third_party/tests/hdlconvertor/tests/sv_test/std2017/p794.sv:24: Can't find definition of 'p' in dotted scope/variable: __BRA__??__KET__.p
%Error:      Known scopes under '[??]': <no cells found>
%Error: /home/travis/build/SymbiFlow/sv-tests/third_party/tests/hdlconvertor/tests/sv_test/std2017/p794.sv:25: Can't find definition of scope/variable: word
%Error: /home/travis/build/SymbiFlow/sv-tests/third_party/tests/hdlconvertor/tests/sv_test/std2017/p794.sv:25: Can't find definition of 'p' in dotted scope/variable: __BRA__??__KET__.p
%Error:      Known scopes under '[??]': <no cells found>
%Error: /home/travis/build/SymbiFlow/sv-tests/third_party/tests/hdlconvertor/tests/sv_test/std2017/p794.sv:26: Can't find definition of scope/variable: word
%Error: /home/travis/build/SymbiFlow/sv-tests/third_party/tests/hdlconvertor/tests/sv_test/std2017/p794.sv:26: Can't find definition of 'p' in dotted scope/variable: __BRA__??__KET__.p
%Error:      Known scopes under '[??]': <no cells found>
%Error: /home/travis/build/SymbiFlow/sv-tests/third_party/tests/hdlconvertor/tests/sv_test/std2017/p794.sv:27: Can't find definition of scope/variable: word
%Error: /home/travis/build/SymbiFlow/sv-tests/third_party/tests/hdlconvertor/tests/sv_test/std2017/p794.sv:27: Can't find definition of 'p' in dotted scope/variable: __BRA__??__KET__.p
%Error:      Known scopes under '[??]': <no cells found>
%Error: /home/travis/build/SymbiFlow/sv-tests/third_party/tests/hdlconvertor/tests/sv_test/std2017/p794.sv:44: Can't find definition of scope/variable: mbyte
%Error: /home/travis/build/SymbiFlow/sv-tests/third_party/tests/hdlconvertor/tests/sv_test/std2017/p794.sv:44: Can't find definition of 'p' in dotted scope/variable: __BRA__??__KET__.p
%Error:      Known scopes under '[??]': <no cells found>
%Error: /home/travis/build/SymbiFlow/sv-tests/third_party/tests/hdlconvertor/tests/sv_test/std2017/p794.sv:45: Can't find definition of scope/variable: mbyte
%Error: /home/travis/build/SymbiFlow/sv-tests/third_party/tests/hdlconvertor/tests/sv_test/std2017/p794.sv:45: Can't find definition of 'p' in dotted scope/variable: __BRA__??__KET__.p
%Error:      Known scopes under '[??]': <no cells found>
%Error: /home/travis/build/SymbiFlow/sv-tests/third_party/tests/hdlconvertor/tests/sv_test/std2017/p794.sv:46: Can't find definition of scope/variable: mbyte
%Error: /home/travis/build/SymbiFlow/sv-tests/third_party/tests/hdlconvertor/tests/sv_test/std2017/p794.sv:46: Can't find definition of 'p' in dotted scope/variable: __BRA__??__KET__.p
%Error:      Known scopes under '[??]': <no cells found>
%Error: /home/travis/build/SymbiFlow/sv-tests/third_party/tests/hdlconvertor/tests/sv_test/std2017/p794.sv:47: Can't find definition of scope/variable: mbyte
%Error: /home/travis/build/SymbiFlow/sv-tests/third_party/tests/hdlconvertor/tests/sv_test/std2017/p794.sv:47: Can't find definition of 'p' in dotted scope/variable: __BRA__??__KET__.p
%Error:      Known scopes under '[??]': <no cells found>
%Error: /home/travis/build/SymbiFlow/sv-tests/third_party/tests/hdlconvertor/tests/sv_test/std2017/p794.sv:48: Can't find definition of scope/variable: mbyte
%Error: /home/travis/build/SymbiFlow/sv-tests/third_party/tests/hdlconvertor/tests/sv_test/std2017/p794.sv:48: Can't find definition of 'p' in dotted scope/variable: __BRA__??__KET__.p
%Error:      Known scopes under '[??]': <no cells found>
%Error: /home/travis/build/SymbiFlow/sv-tests/third_party/tests/hdlconvertor/tests/sv_test/std2017/p794.sv:49: Can't find definition of scope/variable: mbyte
%Error: /home/travis/build/SymbiFlow/sv-tests/third_party/tests/hdlconvertor/tests/sv_test/std2017/p794.sv:49: Can't find definition of 'p' in dotted scope/variable: __BRA__??__KET__.p
%Error:      Known scopes under '[??]': <no cells found>
%Error: /home/travis/build/SymbiFlow/sv-tests/third_party/tests/hdlconvertor/tests/sv_test/std2017/p794.sv:50: Can't find definition of scope/variable: mbyte
%Error: /home/travis/build/SymbiFlow/sv-tests/third_party/tests/hdlconvertor/tests/sv_test/std2017/p794.sv:50: Can't find definition of 'p' in dotted scope/variable: __BRA__??__KET__.p
%Error:      Known scopes under '[??]': <no cells found>
%Error: /home/travis/build/SymbiFlow/sv-tests/third_party/tests/hdlconvertor/tests/sv_test/std2017/p794.sv:51: Can't find definition of scope/variable: mbyte
%Error: /home/travis/build/SymbiFlow/sv-tests/third_party/tests/hdlconvertor/tests/sv_test/std2017/p794.sv:51: Can't find definition of 'p' in dotted scope/variable: __BRA__??__KET__.p
%Error:      Known scopes under '[??]': <no cells found>
%Error: Exiting due to 24 error(s)
%Error: Command Failed /usr/bin/verilator_bin -Wno-fatal --cc /home/travis/build/SymbiFlow/sv-tests/third_party/tests/hdlconvertor/tests/sv_test/std2017/p794.sv
