name: hdlconvertor_p560
description: Tests imported from hdlconv
files: /home/travis/build/SymbiFlow/sv-tests/third_party/tests/hdlconvertor/tests/sv_test/std2017/p560.sv
should_fail: 0
tags: hdlconv
incdirs: 
top_module: 
rc: 10

%Error: /home/travis/build/SymbiFlow/sv-tests/third_party/tests/hdlconvertor/tests/sv_test/std2017/p560.sv:1: Unsupported: SystemVerilog 2005 reserved word not implemented: covergroup
%Error: /home/travis/build/SymbiFlow/sv-tests/third_party/tests/hdlconvertor/tests/sv_test/std2017/p560.sv:1: syntax error, unexpected IDENTIFIER
%Error: /home/travis/build/SymbiFlow/sv-tests/third_party/tests/hdlconvertor/tests/sv_test/std2017/p560.sv:1: Unsupported: SystemVerilog 2005 reserved word not implemented: ref
%Error: /home/travis/build/SymbiFlow/sv-tests/third_party/tests/hdlconvertor/tests/sv_test/std2017/p560.sv:1: syntax error, unexpected int, expecting IDENTIFIER or do or final
%Error: /home/travis/build/SymbiFlow/sv-tests/third_party/tests/hdlconvertor/tests/sv_test/std2017/p560.sv:1: syntax error, unexpected input, expecting IDENTIFIER or do or final
%Error: /home/travis/build/SymbiFlow/sv-tests/third_party/tests/hdlconvertor/tests/sv_test/std2017/p560.sv:2: Unsupported: SystemVerilog 2005 reserved word not implemented: coverpoint
%Error: /home/travis/build/SymbiFlow/sv-tests/third_party/tests/hdlconvertor/tests/sv_test/std2017/p560.sv:3: Unsupported: SystemVerilog 2005 reserved word not implemented: coverpoint
%Error: /home/travis/build/SymbiFlow/sv-tests/third_party/tests/hdlconvertor/tests/sv_test/std2017/p560.sv:4: Unsupported: SystemVerilog 2005 reserved word not implemented: coverpoint
%Error: /home/travis/build/SymbiFlow/sv-tests/third_party/tests/hdlconvertor/tests/sv_test/std2017/p560.sv:6: syntax error, unexpected ':', expecting ',' or ';'
%Error: /home/travis/build/SymbiFlow/sv-tests/third_party/tests/hdlconvertor/tests/sv_test/std2017/p560.sv:6: Unsupported: SystemVerilog 2005 reserved word not implemented: coverpoint
%Error: /home/travis/build/SymbiFlow/sv-tests/third_party/tests/hdlconvertor/tests/sv_test/std2017/p560.sv:8: Unsupported: SystemVerilog 2005 reserved word not implemented: coverpoint
%Error: /home/travis/build/SymbiFlow/sv-tests/third_party/tests/hdlconvertor/tests/sv_test/std2017/p560.sv:12: Unsupported: SystemVerilog 2005 reserved word not implemented: cross
%Error: /home/travis/build/SymbiFlow/sv-tests/third_party/tests/hdlconvertor/tests/sv_test/std2017/p560.sv:15: Unsupported: SystemVerilog 2005 reserved word not implemented: endgroup
%Error: /home/travis/build/SymbiFlow/sv-tests/third_party/tests/hdlconvertor/tests/sv_test/std2017/p560.sv:18: Unsupported: SystemVerilog 2005 reserved word not implemented: covergroup
%Error: /home/travis/build/SymbiFlow/sv-tests/third_party/tests/hdlconvertor/tests/sv_test/std2017/p560.sv:19: Unsupported: SystemVerilog 2005 reserved word not implemented: coverpoint
%Error: /home/travis/build/SymbiFlow/sv-tests/third_party/tests/hdlconvertor/tests/sv_test/std2017/p560.sv:20: Unsupported: SystemVerilog 2005 reserved word not implemented: endgroup
%Error: Exiting due to 16 error(s)
%Error: See the manual and http://www.veripool.org/verilator for more assistance.
%Error: Command Failed /usr/bin/verilator_bin -Wno-fatal --cc /home/travis/build/SymbiFlow/sv-tests/third_party/tests/hdlconvertor/tests/sv_test/std2017/p560.sv
