name: hdlconvertor_p478
description: Tests imported from hdlconv
files: /home/travis/build/SymbiFlow/sv-tests/third_party/tests/hdlconvertor/tests/sv_test/std2017/p478.sv
should_fail: 0
tags: hdlconv
incdirs: 
top_module: 
rc: 10

%Error: /home/travis/build/SymbiFlow/sv-tests/third_party/tests/hdlconvertor/tests/sv_test/std2017/p478.sv:2: syntax error, unexpected property
%Error: /home/travis/build/SymbiFlow/sv-tests/third_party/tests/hdlconvertor/tests/sv_test/std2017/p478.sv:3: Unsupported or unknown PLI call: $rose
%Error: /home/travis/build/SymbiFlow/sv-tests/third_party/tests/hdlconvertor/tests/sv_test/std2017/p478.sv:13: syntax error, unexpected assert, expecting cover
%Error: /home/travis/build/SymbiFlow/sv-tests/third_party/tests/hdlconvertor/tests/sv_test/std2017/p478.sv:13: Unsupported or unknown PLI call: $fell
%Error: /home/travis/build/SymbiFlow/sv-tests/third_party/tests/hdlconvertor/tests/sv_test/std2017/p478.sv:15: Unsupported: SystemVerilog 2005 reserved word not implemented: sequence
%Error: /home/travis/build/SymbiFlow/sv-tests/third_party/tests/hdlconvertor/tests/sv_test/std2017/p478.sv:16: Unsupported or unknown PLI call: $rose
%Error: /home/travis/build/SymbiFlow/sv-tests/third_party/tests/hdlconvertor/tests/sv_test/std2017/p478.sv:17: Unsupported: SystemVerilog 2005 reserved word not implemented: endsequence
%Error: /home/travis/build/SymbiFlow/sv-tests/third_party/tests/hdlconvertor/tests/sv_test/std2017/p478.sv:22: Unsupported: SystemVerilog 2005 reserved word not implemented: sequence
%Error: /home/travis/build/SymbiFlow/sv-tests/third_party/tests/hdlconvertor/tests/sv_test/std2017/p478.sv:22: syntax error, unexpected ';', expecting IDENTIFIER
%Error: /home/travis/build/SymbiFlow/sv-tests/third_party/tests/hdlconvertor/tests/sv_test/std2017/p478.sv:24: Unsupported: SystemVerilog 2005 reserved word not implemented: endsequence
%Error: /home/travis/build/SymbiFlow/sv-tests/third_party/tests/hdlconvertor/tests/sv_test/std2017/p478.sv:28: syntax error, unexpected ##, expecting ')'
%Error: Exiting due to 11 error(s)
%Error: Command Failed /usr/bin/verilator_bin -Wno-fatal --cc /home/travis/build/SymbiFlow/sv-tests/third_party/tests/hdlconvertor/tests/sv_test/std2017/p478.sv
