name: hdlconvertor_p347
description: Tests imported from hdlconv
files: /home/travis/build/SymbiFlow/sv-tests/third_party/tests/hdlconvertor/tests/sv_test/std2017/p347.sv
should_fail: 0
tags: hdlconv
incdirs: 
top_module: 
rc: 10

%Error: /home/travis/build/SymbiFlow/sv-tests/third_party/tests/hdlconvertor/tests/sv_test/std2017/p347.sv:7: syntax error, unexpected global-then-clocking
%Error: /home/travis/build/SymbiFlow/sv-tests/third_party/tests/hdlconvertor/tests/sv_test/std2017/p347.sv:13: syntax error, unexpected global-then-clocking
%Error: /home/travis/build/SymbiFlow/sv-tests/third_party/tests/hdlconvertor/tests/sv_test/std2017/p347.sv:19: syntax error, unexpected global-then-clocking
%Error: /home/travis/build/SymbiFlow/sv-tests/third_party/tests/hdlconvertor/tests/sv_test/std2017/p347.sv:22: Unsupported or unknown PLI call: $global_clock
%Error: /home/travis/build/SymbiFlow/sv-tests/third_party/tests/hdlconvertor/tests/sv_test/std2017/p347.sv:25: Unsupported: SystemVerilog 2009 reserved word not implemented: checker
%Error: /home/travis/build/SymbiFlow/sv-tests/third_party/tests/hdlconvertor/tests/sv_test/std2017/p347.sv:27: Unsupported: SystemVerilog 2009 reserved word not implemented: endchecker
%Error: /home/travis/build/SymbiFlow/sv-tests/third_party/tests/hdlconvertor/tests/sv_test/std2017/p347.sv:35: syntax error, unexpected global-then-clocking
%Error: /home/travis/build/SymbiFlow/sv-tests/third_party/tests/hdlconvertor/tests/sv_test/std2017/p347.sv:41: syntax error, unexpected global-then-clocking
%Error: /home/travis/build/SymbiFlow/sv-tests/third_party/tests/hdlconvertor/tests/sv_test/std2017/p347.sv:47: syntax error, unexpected global-then-clocking
%Error: /home/travis/build/SymbiFlow/sv-tests/third_party/tests/hdlconvertor/tests/sv_test/std2017/p347.sv:49: Unsupported or unknown PLI call: $global_clock
%Error: Cannot continue
%Error: Command Failed /usr/bin/verilator_bin -Wno-fatal --cc /home/travis/build/SymbiFlow/sv-tests/third_party/tests/hdlconvertor/tests/sv_test/std2017/p347.sv
