name: hdlconvertor_p836
description: Tests imported from hdlconv
files: /home/travis/build/SymbiFlow/sv-tests/third_party/tests/hdlconvertor/tests/sv_test/std2017/p836.sv
should_fail: 0
tags: hdlconv
incdirs: 
top_module: 
rc: 10

%Warning-STMTDLY: /home/travis/build/SymbiFlow/sv-tests/third_party/tests/hdlconvertor/tests/sv_test/std2017/p836.sv:10: Unsupported: Ignoring delay on this delayed statement.
%Warning-STMTDLY: Use "/* verilator lint_off STMTDLY */" and lint_on around source to disable this message.
%Warning-STMTDLY: /home/travis/build/SymbiFlow/sv-tests/third_party/tests/hdlconvertor/tests/sv_test/std2017/p836.sv:12: Unsupported: Ignoring delay on this delayed statement.
%Warning-STMTDLY: /home/travis/build/SymbiFlow/sv-tests/third_party/tests/hdlconvertor/tests/sv_test/std2017/p836.sv:13: Unsupported: Ignoring delay on this delayed statement.
%Error: /home/travis/build/SymbiFlow/sv-tests/third_party/tests/hdlconvertor/tests/sv_test/std2017/p836.sv:6: Cannot find file containing module: d_edge_ff
%Error: /home/travis/build/SymbiFlow/sv-tests/third_party/tests/hdlconvertor/tests/sv_test/std2017/p836.sv:6: This may be because there's no search path specified with -I<dir>.
%Error: /home/travis/build/SymbiFlow/sv-tests/third_party/tests/hdlconvertor/tests/sv_test/std2017/p836.sv:6: Looked in:
%Error: /home/travis/build/SymbiFlow/sv-tests/third_party/tests/hdlconvertor/tests/sv_test/std2017/p836.sv:6:       d_edge_ff
%Error: /home/travis/build/SymbiFlow/sv-tests/third_party/tests/hdlconvertor/tests/sv_test/std2017/p836.sv:6:       d_edge_ff.v
%Error: /home/travis/build/SymbiFlow/sv-tests/third_party/tests/hdlconvertor/tests/sv_test/std2017/p836.sv:6:       d_edge_ff.sv
%Error: /home/travis/build/SymbiFlow/sv-tests/third_party/tests/hdlconvertor/tests/sv_test/std2017/p836.sv:6:       obj_dir/d_edge_ff
%Error: /home/travis/build/SymbiFlow/sv-tests/third_party/tests/hdlconvertor/tests/sv_test/std2017/p836.sv:6:       obj_dir/d_edge_ff.v
%Error: /home/travis/build/SymbiFlow/sv-tests/third_party/tests/hdlconvertor/tests/sv_test/std2017/p836.sv:6:       obj_dir/d_edge_ff.sv
%Error: Exiting due to 9 error(s)
%Error: See the manual and http://www.veripool.org/verilator for more assistance.
%Error: Command Failed /usr/bin/verilator_bin -Wno-fatal --cc /home/travis/build/SymbiFlow/sv-tests/third_party/tests/hdlconvertor/tests/sv_test/std2017/p836.sv
