name: hdlconvertor_p185_2
description: Tests imported from hdlconv
files: /home/travis/build/SymbiFlow/sv-tests/third_party/tests/hdlconvertor/tests/sv_test/std2017/p185_2.sv
should_fail: 0
tags: hdlconv
incdirs: 
top_module: 
rc: 10

%Error: /home/travis/build/SymbiFlow/sv-tests/third_party/tests/hdlconvertor/tests/sv_test/std2017/p185_2.sv:3: Unsupported: SystemVerilog 2005 reserved word not implemented: class
%Error: /home/travis/build/SymbiFlow/sv-tests/third_party/tests/hdlconvertor/tests/sv_test/std2017/p185_2.sv:3: syntax error, unexpected IDENTIFIER
%Error: /home/travis/build/SymbiFlow/sv-tests/third_party/tests/hdlconvertor/tests/sv_test/std2017/p185_2.sv:4: Unsupported: SystemVerilog 2005 reserved word not implemented: virtual
%Error: /home/travis/build/SymbiFlow/sv-tests/third_party/tests/hdlconvertor/tests/sv_test/std2017/p185_2.sv:4: syntax error, unexpected IDENTIFIER, expecting '(' or ';'
%Error: /home/travis/build/SymbiFlow/sv-tests/third_party/tests/hdlconvertor/tests/sv_test/std2017/p185_2.sv:5: Unsupported: SystemVerilog 2005 reserved word not implemented: endclass
%Error: /home/travis/build/SymbiFlow/sv-tests/third_party/tests/hdlconvertor/tests/sv_test/std2017/p185_2.sv:6: Unsupported: SystemVerilog 2005 reserved word not implemented: class
%Error: /home/travis/build/SymbiFlow/sv-tests/third_party/tests/hdlconvertor/tests/sv_test/std2017/p185_2.sv:6: Unsupported: SystemVerilog 2005 reserved word not implemented: extends
%Error: /home/travis/build/SymbiFlow/sv-tests/third_party/tests/hdlconvertor/tests/sv_test/std2017/p185_2.sv:7: Unsupported: SystemVerilog 2005 reserved word not implemented: virtual
%Error: /home/travis/build/SymbiFlow/sv-tests/third_party/tests/hdlconvertor/tests/sv_test/std2017/p185_2.sv:7: syntax error, unexpected IDENTIFIER, expecting '(' or ';'
%Error: /home/travis/build/SymbiFlow/sv-tests/third_party/tests/hdlconvertor/tests/sv_test/std2017/p185_2.sv:8: Unsupported: SystemVerilog 2005 reserved word not implemented: endclass
%Error: /home/travis/build/SymbiFlow/sv-tests/third_party/tests/hdlconvertor/tests/sv_test/std2017/p185_2.sv:9: Unsupported: SystemVerilog 2005 reserved word not implemented: class
%Error: /home/travis/build/SymbiFlow/sv-tests/third_party/tests/hdlconvertor/tests/sv_test/std2017/p185_2.sv:9: Unsupported: SystemVerilog 2005 reserved word not implemented: extends
%Error: /home/travis/build/SymbiFlow/sv-tests/third_party/tests/hdlconvertor/tests/sv_test/std2017/p185_2.sv:10: Unsupported: SystemVerilog 2005 reserved word not implemented: virtual
%Error: /home/travis/build/SymbiFlow/sv-tests/third_party/tests/hdlconvertor/tests/sv_test/std2017/p185_2.sv:10: syntax error, unexpected IDENTIFIER, expecting '(' or ';'
%Error: /home/travis/build/SymbiFlow/sv-tests/third_party/tests/hdlconvertor/tests/sv_test/std2017/p185_2.sv:11: Unsupported: SystemVerilog 2005 reserved word not implemented: endclass
%Error: Exiting due to 15 error(s)
%Error: See the manual and http://www.veripool.org/verilator for more assistance.
%Error: Command Failed /usr/bin/verilator_bin -Wno-fatal --cc /home/travis/build/SymbiFlow/sv-tests/third_party/tests/hdlconvertor/tests/sv_test/std2017/p185_2.sv
