name: hdlconvertor_p573
description: Tests imported from hdlconv
files: /home/travis/build/SymbiFlow/sv-tests/third_party/tests/hdlconvertor/tests/sv_test/std2017/p573.sv
should_fail: 0
tags: hdlconv
incdirs: 
top_module: 
rc: 10

%Error: /home/travis/build/SymbiFlow/sv-tests/third_party/tests/hdlconvertor/tests/sv_test/std2017/p573.sv:3: Unsupported: SystemVerilog 2005 reserved word not implemented: covergroup
%Error: /home/travis/build/SymbiFlow/sv-tests/third_party/tests/hdlconvertor/tests/sv_test/std2017/p573.sv:3: syntax error, unexpected '@', expecting IDENTIFIER
%Error: /home/travis/build/SymbiFlow/sv-tests/third_party/tests/hdlconvertor/tests/sv_test/std2017/p573.sv:4: Unsupported: SystemVerilog 2005 reserved word not implemented: coverpoint
%Error: /home/travis/build/SymbiFlow/sv-tests/third_party/tests/hdlconvertor/tests/sv_test/std2017/p573.sv:4: syntax error, unexpected IDENTIFIER, expecting cover
%Error: /home/travis/build/SymbiFlow/sv-tests/third_party/tests/hdlconvertor/tests/sv_test/std2017/p573.sv:6: Unsupported: SystemVerilog 2005 reserved word not implemented: bins
%Error: /home/travis/build/SymbiFlow/sv-tests/third_party/tests/hdlconvertor/tests/sv_test/std2017/p573.sv:7: Unsupported: SystemVerilog 2005 reserved word not implemented: bins
%Error: /home/travis/build/SymbiFlow/sv-tests/third_party/tests/hdlconvertor/tests/sv_test/std2017/p573.sv:8: Unsupported: SystemVerilog 2005 reserved word not implemented: bins
%Error: /home/travis/build/SymbiFlow/sv-tests/third_party/tests/hdlconvertor/tests/sv_test/std2017/p573.sv:9: Unsupported: SystemVerilog 2005 reserved word not implemented: bins
%Error: /home/travis/build/SymbiFlow/sv-tests/third_party/tests/hdlconvertor/tests/sv_test/std2017/p573.sv:11: Unsupported: SystemVerilog 2005 reserved word not implemented: coverpoint
%Error: /home/travis/build/SymbiFlow/sv-tests/third_party/tests/hdlconvertor/tests/sv_test/std2017/p573.sv:13: Unsupported: SystemVerilog 2005 reserved word not implemented: bins
%Error: /home/travis/build/SymbiFlow/sv-tests/third_party/tests/hdlconvertor/tests/sv_test/std2017/p573.sv:14: Unsupported: SystemVerilog 2005 reserved word not implemented: bins
%Error: /home/travis/build/SymbiFlow/sv-tests/third_party/tests/hdlconvertor/tests/sv_test/std2017/p573.sv:15: Unsupported: SystemVerilog 2005 reserved word not implemented: bins
%Error: /home/travis/build/SymbiFlow/sv-tests/third_party/tests/hdlconvertor/tests/sv_test/std2017/p573.sv:16: Unsupported: SystemVerilog 2005 reserved word not implemented: bins
%Error: /home/travis/build/SymbiFlow/sv-tests/third_party/tests/hdlconvertor/tests/sv_test/std2017/p573.sv:18: Unsupported: SystemVerilog 2005 reserved word not implemented: cross
%Error: /home/travis/build/SymbiFlow/sv-tests/third_party/tests/hdlconvertor/tests/sv_test/std2017/p573.sv:20: Unsupported: SystemVerilog 2005 reserved word not implemented: bins
%Error: /home/travis/build/SymbiFlow/sv-tests/third_party/tests/hdlconvertor/tests/sv_test/std2017/p573.sv:20: Unsupported: SystemVerilog 2005 reserved word not implemented: binsof
%Error: /home/travis/build/SymbiFlow/sv-tests/third_party/tests/hdlconvertor/tests/sv_test/std2017/p573.sv:20: Unsupported: SystemVerilog 2005 reserved word not implemented: intersect
%Error: /home/travis/build/SymbiFlow/sv-tests/third_party/tests/hdlconvertor/tests/sv_test/std2017/p573.sv:21: Unsupported: SystemVerilog 2005 reserved word not implemented: bins
%Error: /home/travis/build/SymbiFlow/sv-tests/third_party/tests/hdlconvertor/tests/sv_test/std2017/p573.sv:21: Unsupported: SystemVerilog 2005 reserved word not implemented: binsof
%Error: /home/travis/build/SymbiFlow/sv-tests/third_party/tests/hdlconvertor/tests/sv_test/std2017/p573.sv:22: Unsupported: SystemVerilog 2005 reserved word not implemented: bins
%Error: /home/travis/build/SymbiFlow/sv-tests/third_party/tests/hdlconvertor/tests/sv_test/std2017/p573.sv:22: Unsupported: SystemVerilog 2005 reserved word not implemented: binsof
%Error: /home/travis/build/SymbiFlow/sv-tests/third_party/tests/hdlconvertor/tests/sv_test/std2017/p573.sv:24: Unsupported: SystemVerilog 2005 reserved word not implemented: endgroup
%Error: Cannot continue
%Error: See the manual and http://www.veripool.org/verilator for more assistance.
%Error: Command Failed /usr/bin/verilator_bin -Wno-fatal --cc /home/travis/build/SymbiFlow/sv-tests/third_party/tests/hdlconvertor/tests/sv_test/std2017/p573.sv
