name: array-locator-methods-find-last-index
description: Test support of array locator methods
should_fail: 0
tags: 7.12.1 7.12 7.10
files: /home/travis/build/SymbiFlow/sv-tests/tests/chapter-7/arrays/associative/locator-methods/find-last-index.sv
incdirs: 
top_module: 
rc: -6

--------------
Odin has decided you MAY fail ... :

WARNING (1)::ARG_ERROR Permissive flag is ON. Undefined behaviour may occur

WARNING (2)::ARG_ERROR /home/travis/build/SymbiFlow/sv-tests/tests/chapter-7/arrays/associative/locator-methods/find-last-index.sv::1 File (/home/travis/build/SymbiFlow/sv-tests/tests/chapter-7/arrays/associative/locator-methods/find-last-index.sv) has an unsupported extension (.sv), Odin only supports {  .v .vh }

PARSE_ERROR /home/travis/build/SymbiFlow/sv-tests/tests/chapter-7/arrays/associative/locator-methods/find-last-index.sv::9 error in parsing: (syntax error, unexpected '[', expecting '(')
string s[] = { "hello", "sad", "hello", "world" };
PARSE_ERROR /home/travis/build/SymbiFlow/sv-tests/tests/chapter-7/arrays/associative/locator-methods/find-last-index.sv::10 error in parsing: (syntax error, unexpected '[', expecting '(')
int qi[$];
PARSE_ERROR /home/travis/build/SymbiFlow/sv-tests/tests/chapter-7/arrays/associative/locator-methods/find-last-index.sv::13 error in parsing: (syntax error, unexpected vSYMBOL_ID, expecting ';')
	qi = s.find_last_index with ( item == "hello" );
PARSE_ERROR /home/travis/build/SymbiFlow/sv-tests/tests/chapter-7/arrays/associative/locator-methods/find-last-index.sv::16 error in parsing: (syntax error, unexpected vEND)
end
ERROR (7)::NETLIST_ERROR Could not find a top level module

Assertion failed()@[/home/travis/build/SymbiFlow/sv-tests/third_party/tools/odin_ii/ODIN_II/SRC/netlist_create_from_ast.cpp]find_top_module::295 
